[5.040s] Invoking command in '/home/jose/TCC/build/ros2trace': AMENT_PREFIX_PATH=/home/jose/TCC/install/tracetools_trace:/home/jose/TCC/install/ament_xmllint:/home/jose/TCC/install/ament_copyright:/home/jose/TCC/install/ament_pep257:/home/jose/TCC/install/ament_mypy:/home/jose/TCC/install/ament_flake8:/home/jose/TCC/install/ament_lint:${AMENT_PREFIX_PATH} PATH=/home/jose/TCC/install/ament_xmllint/bin:/home/jose/TCC/install/ament_copyright/bin:/home/jose/TCC/install/ament_pep257/bin:/home/jose/TCC/install/ament_mypy/bin:/home/jose/TCC/install/ament_flake8/bin:${PATH} PYTHONPATH=/home/jose/TCC/build/ros2trace/prefix_override:/usr/lib/python3/dist-packages/colcon_core/task/python/colcon_distutils_commands:/home/jose/TCC/install/ros2trace/lib/python3.10/site-packages:/home/jose/TCC/build/tracetools_trace:/home/jose/TCC/install/tracetools_trace/lib/python3.10/site-packages:/home/jose/TCC/build/ament_xmllint:/home/jose/TCC/install/ament_xmllint/lib/python3.10/site-packages:/home/jose/TCC/build/ament_copyright:/home/jose/TCC/install/ament_copyright/lib/python3.10/site-packages:/home/jose/TCC/build/ament_pep257:/home/jose/TCC/install/ament_pep257/lib/python3.10/site-packages:/home/jose/TCC/build/ament_mypy:/home/jose/TCC/install/ament_mypy/lib/python3.10/site-packages:/home/jose/TCC/build/ament_flake8:/home/jose/TCC/install/ament_flake8/lib/python3.10/site-packages:/home/jose/TCC/build/ament_lint:/home/jose/TCC/install/ament_lint/lib/python3.10/site-packages:${PYTHONPATH} /usr/bin/python3 -W ignore:setup.py install is deprecated -W ignore:easy_install command is deprecated setup.py develop --editable --build-directory /home/jose/TCC/build/ros2trace/build --no-deps symlink_data
[6.405s] running develop
[6.881s] running egg_info
[6.881s] creating ros2trace.egg-info
[6.881s] writing ros2trace.egg-info/PKG-INFO
[6.881s] writing dependency_links to ros2trace.egg-info/dependency_links.txt
[6.881s] writing entry points to ros2trace.egg-info/entry_points.txt
[6.881s] writing requirements to ros2trace.egg-info/requires.txt
[6.881s] writing top-level names to ros2trace.egg-info/top_level.txt
[6.881s] writing manifest file 'ros2trace.egg-info/SOURCES.txt'
[6.889s] reading manifest file 'ros2trace.egg-info/SOURCES.txt'
[6.889s] writing manifest file 'ros2trace.egg-info/SOURCES.txt'
[6.904s] running build_ext
[6.904s] Creating /home/jose/TCC/install/ros2trace/lib/python3.10/site-packages/ros2trace.egg-link (link to .)
[6.904s] 
[6.904s] Installed /home/jose/TCC/build/ros2trace
[6.904s] running symlink_data
[6.904s] symbolically linking /home/jose/TCC/build/ros2trace/package.xml -> /home/jose/TCC/install/ros2trace/share/ros2trace
[6.904s] creating /home/jose/TCC/install/ros2trace/share/ament_index
[6.904s] creating /home/jose/TCC/install/ros2trace/share/ament_index/resource_index
[6.904s] creating /home/jose/TCC/install/ros2trace/share/ament_index/resource_index/packages
[6.905s] symbolically linking /home/jose/TCC/build/ros2trace/resource/ros2trace -> /home/jose/TCC/install/ros2trace/share/ament_index/resource_index/packages
[7.288s] Invoked command in '/home/jose/TCC/build/ros2trace' returned '0': AMENT_PREFIX_PATH=/home/jose/TCC/install/tracetools_trace:/home/jose/TCC/install/ament_xmllint:/home/jose/TCC/install/ament_copyright:/home/jose/TCC/install/ament_pep257:/home/jose/TCC/install/ament_mypy:/home/jose/TCC/install/ament_flake8:/home/jose/TCC/install/ament_lint:${AMENT_PREFIX_PATH} PATH=/home/jose/TCC/install/ament_xmllint/bin:/home/jose/TCC/install/ament_copyright/bin:/home/jose/TCC/install/ament_pep257/bin:/home/jose/TCC/install/ament_mypy/bin:/home/jose/TCC/install/ament_flake8/bin:${PATH} PYTHONPATH=/home/jose/TCC/build/ros2trace/prefix_override:/usr/lib/python3/dist-packages/colcon_core/task/python/colcon_distutils_commands:/home/jose/TCC/install/ros2trace/lib/python3.10/site-packages:/home/jose/TCC/build/tracetools_trace:/home/jose/TCC/install/tracetools_trace/lib/python3.10/site-packages:/home/jose/TCC/build/ament_xmllint:/home/jose/TCC/install/ament_xmllint/lib/python3.10/site-packages:/home/jose/TCC/build/ament_copyright:/home/jose/TCC/install/ament_copyright/lib/python3.10/site-packages:/home/jose/TCC/build/ament_pep257:/home/jose/TCC/install/ament_pep257/lib/python3.10/site-packages:/home/jose/TCC/build/ament_mypy:/home/jose/TCC/install/ament_mypy/lib/python3.10/site-packages:/home/jose/TCC/build/ament_flake8:/home/jose/TCC/install/ament_flake8/lib/python3.10/site-packages:/home/jose/TCC/build/ament_lint:/home/jose/TCC/install/ament_lint/lib/python3.10/site-packages:${PYTHONPATH} /usr/bin/python3 -W ignore:setup.py install is deprecated -W ignore:easy_install command is deprecated setup.py develop --editable --build-directory /home/jose/TCC/build/ros2trace/build --no-deps symlink_data
