[1.375s] Invoking command in '/home/jose/TCC/build/ament_pyflakes': AMENT_PREFIX_PATH=/home/jose/TCC/install/ament_pycodestyle:${AMENT_PREFIX_PATH} PATH=/home/jose/TCC/install/ament_pycodestyle/bin:${PATH} PYTHONPATH=/home/jose/TCC/build/ament_pyflakes/prefix_override:/usr/lib/python3/dist-packages/colcon_core/task/python/colcon_distutils_commands:/home/jose/TCC/install/ament_pyflakes/lib/python3.10/site-packages:/home/jose/TCC/build/ament_pycodestyle:/home/jose/TCC/install/ament_pycodestyle/lib/python3.10/site-packages:${PYTHONPATH} /usr/bin/python3 -W ignore:setup.py install is deprecated -W ignore:easy_install command is deprecated setup.py develop --editable --build-directory /home/jose/TCC/build/ament_pyflakes/build --no-deps symlink_data
[1.851s] running develop
[2.098s] running egg_info
[2.098s] creating ament_pyflakes.egg-info
[2.098s] writing ament_pyflakes.egg-info/PKG-INFO
[2.098s] writing dependency_links to ament_pyflakes.egg-info/dependency_links.txt
[2.098s] writing entry points to ament_pyflakes.egg-info/entry_points.txt
[2.099s] writing requirements to ament_pyflakes.egg-info/requires.txt
[2.099s] writing top-level names to ament_pyflakes.egg-info/top_level.txt
[2.099s] writing manifest file 'ament_pyflakes.egg-info/SOURCES.txt'
[2.100s] reading manifest file 'ament_pyflakes.egg-info/SOURCES.txt'
[2.101s] writing manifest file 'ament_pyflakes.egg-info/SOURCES.txt'
[2.104s] running build_ext
[2.105s] Creating /home/jose/TCC/install/ament_pyflakes/lib/python3.10/site-packages/ament-pyflakes.egg-link (link to .)
[2.105s] Installing ament_pyflakes script to /home/jose/TCC/install/ament_pyflakes/bin
[2.105s] 
[2.105s] Installed /home/jose/TCC/build/ament_pyflakes
[2.106s] running symlink_data
[2.106s] symbolically linking /home/jose/TCC/build/ament_pyflakes/package.xml -> /home/jose/TCC/install/ament_pyflakes/share/ament_pyflakes
[2.106s] creating /home/jose/TCC/install/ament_pyflakes/share/ament_index
[2.106s] creating /home/jose/TCC/install/ament_pyflakes/share/ament_index/resource_index
[2.106s] creating /home/jose/TCC/install/ament_pyflakes/share/ament_index/resource_index/packages
[2.106s] symbolically linking /home/jose/TCC/build/ament_pyflakes/resource/ament_pyflakes -> /home/jose/TCC/install/ament_pyflakes/share/ament_index/resource_index/packages
[2.421s] Invoked command in '/home/jose/TCC/build/ament_pyflakes' returned '0': AMENT_PREFIX_PATH=/home/jose/TCC/install/ament_pycodestyle:${AMENT_PREFIX_PATH} PATH=/home/jose/TCC/install/ament_pycodestyle/bin:${PATH} PYTHONPATH=/home/jose/TCC/build/ament_pyflakes/prefix_override:/usr/lib/python3/dist-packages/colcon_core/task/python/colcon_distutils_commands:/home/jose/TCC/install/ament_pyflakes/lib/python3.10/site-packages:/home/jose/TCC/build/ament_pycodestyle:/home/jose/TCC/install/ament_pycodestyle/lib/python3.10/site-packages:${PYTHONPATH} /usr/bin/python3 -W ignore:setup.py install is deprecated -W ignore:easy_install command is deprecated setup.py develop --editable --build-directory /home/jose/TCC/build/ament_pyflakes/build --no-deps symlink_data
