[2.711s] Invoking command in '/home/jose/TCC/build/ament_cppcheck': PYTHONPATH=/home/jose/TCC/build/ament_cppcheck/prefix_override:/usr/lib/python3/dist-packages/colcon_core/task/python/colcon_distutils_commands:/home/jose/TCC/install/ament_cppcheck/lib/python3.10/site-packages:${PYTHONPATH} /usr/bin/python3 -W ignore:setup.py install is deprecated -W ignore:easy_install command is deprecated setup.py develop --editable --build-directory /home/jose/TCC/build/ament_cppcheck/build --no-deps symlink_data
[3.133s] running develop
[3.382s] running egg_info
[3.383s] creating ament_cppcheck.egg-info
[3.383s] writing ament_cppcheck.egg-info/PKG-INFO
[3.383s] writing dependency_links to ament_cppcheck.egg-info/dependency_links.txt
[3.383s] writing entry points to ament_cppcheck.egg-info/entry_points.txt
[3.383s] writing requirements to ament_cppcheck.egg-info/requires.txt
[3.383s] writing top-level names to ament_cppcheck.egg-info/top_level.txt
[3.383s] writing manifest file 'ament_cppcheck.egg-info/SOURCES.txt'
[3.385s] reading manifest file 'ament_cppcheck.egg-info/SOURCES.txt'
[3.385s] writing manifest file 'ament_cppcheck.egg-info/SOURCES.txt'
[3.389s] running build_ext
[3.389s] Creating /home/jose/TCC/install/ament_cppcheck/lib/python3.10/site-packages/ament-cppcheck.egg-link (link to .)
[3.390s] Installing ament_cppcheck script to /home/jose/TCC/install/ament_cppcheck/bin
[3.390s] 
[3.390s] Installed /home/jose/TCC/build/ament_cppcheck
[3.390s] running symlink_data
[3.390s] symbolically linking /home/jose/TCC/build/ament_cppcheck/package.xml -> /home/jose/TCC/install/ament_cppcheck/share/ament_cppcheck
[3.390s] creating /home/jose/TCC/install/ament_cppcheck/share/ament_index
[3.390s] creating /home/jose/TCC/install/ament_cppcheck/share/ament_index/resource_index
[3.390s] creating /home/jose/TCC/install/ament_cppcheck/share/ament_index/resource_index/packages
[3.390s] symbolically linking /home/jose/TCC/build/ament_cppcheck/resource/ament_cppcheck -> /home/jose/TCC/install/ament_cppcheck/share/ament_index/resource_index/packages
[3.450s] Invoked command in '/home/jose/TCC/build/ament_cppcheck' returned '0': PYTHONPATH=/home/jose/TCC/build/ament_cppcheck/prefix_override:/usr/lib/python3/dist-packages/colcon_core/task/python/colcon_distutils_commands:/home/jose/TCC/install/ament_cppcheck/lib/python3.10/site-packages:${PYTHONPATH} /usr/bin/python3 -W ignore:setup.py install is deprecated -W ignore:easy_install command is deprecated setup.py develop --editable --build-directory /home/jose/TCC/build/ament_cppcheck/build --no-deps symlink_data
