[2.725s] Invoking command in '/home/jose/TCC/build/osrf_pycommon': PYTHONPATH=/home/jose/TCC/build/osrf_pycommon/prefix_override:/usr/lib/python3/dist-packages/colcon_core/task/python/colcon_distutils_commands:/home/jose/TCC/install/osrf_pycommon/lib/python3.10/site-packages:${PYTHONPATH} /usr/bin/python3 -W ignore:setup.py install is deprecated -W ignore:easy_install command is deprecated setup.py develop --editable --build-directory /home/jose/TCC/build/osrf_pycommon/build --no-deps symlink_data
[3.145s] running develop
[3.391s] running egg_info
[3.392s] creating osrf_pycommon.egg-info
[3.392s] writing osrf_pycommon.egg-info/PKG-INFO
[3.392s] writing dependency_links to osrf_pycommon.egg-info/dependency_links.txt
[3.392s] writing requirements to osrf_pycommon.egg-info/requires.txt
[3.392s] writing top-level names to osrf_pycommon.egg-info/top_level.txt
[3.392s] writing manifest file 'osrf_pycommon.egg-info/SOURCES.txt'
[3.394s] reading manifest file 'osrf_pycommon.egg-info/SOURCES.txt'
[3.394s] writing manifest file 'osrf_pycommon.egg-info/SOURCES.txt'
[3.399s] running build_ext
[3.399s] Creating /home/jose/TCC/install/osrf_pycommon/lib/python3.10/site-packages/osrf-pycommon.egg-link (link to .)
[3.399s] 
[3.399s] Installed /home/jose/TCC/build/osrf_pycommon
[3.399s] running symlink_data
[3.399s] symbolically linking /home/jose/TCC/build/osrf_pycommon/package.xml -> /home/jose/TCC/install/osrf_pycommon/share/osrf_pycommon
[3.400s] creating /home/jose/TCC/install/osrf_pycommon/share/ament_index
[3.400s] creating /home/jose/TCC/install/osrf_pycommon/share/ament_index/resource_index
[3.400s] creating /home/jose/TCC/install/osrf_pycommon/share/ament_index/resource_index/packages
[3.400s] symbolically linking /home/jose/TCC/build/osrf_pycommon/resource/osrf_pycommon -> /home/jose/TCC/install/osrf_pycommon/share/ament_index/resource_index/packages
[3.446s] Invoked command in '/home/jose/TCC/build/osrf_pycommon' returned '0': PYTHONPATH=/home/jose/TCC/build/osrf_pycommon/prefix_override:/usr/lib/python3/dist-packages/colcon_core/task/python/colcon_distutils_commands:/home/jose/TCC/install/osrf_pycommon/lib/python3.10/site-packages:${PYTHONPATH} /usr/bin/python3 -W ignore:setup.py install is deprecated -W ignore:easy_install command is deprecated setup.py develop --editable --build-directory /home/jose/TCC/build/osrf_pycommon/build --no-deps symlink_data
