running develop
running egg_info
creating ament_pycodestyle.egg-info
writing ament_pycodestyle.egg-info/PKG-INFO
writing dependency_links to ament_pycodestyle.egg-info/dependency_links.txt
writing entry points to ament_pycodestyle.egg-info/entry_points.txt
writing requirements to ament_pycodestyle.egg-info/requires.txt
writing top-level names to ament_pycodestyle.egg-info/top_level.txt
writing manifest file 'ament_pycodestyle.egg-info/SOURCES.txt'
reading manifest file 'ament_pycodestyle.egg-info/SOURCES.txt'
writing manifest file 'ament_pycodestyle.egg-info/SOURCES.txt'
running build_ext
Creating /home/jose/TCC/install/ament_pycodestyle/lib/python3.10/site-packages/ament-pycodestyle.egg-link (link to .)
Installing ament_pycodestyle script to /home/jose/TCC/install/ament_pycodestyle/bin

Installed /home/jose/TCC/build/ament_pycodestyle
running symlink_data
symbolically linking /home/jose/TCC/build/ament_pycodestyle/package.xml -> /home/jose/TCC/install/ament_pycodestyle/share/ament_pycodestyle
creating /home/jose/TCC/install/ament_pycodestyle/share/ament_index
creating /home/jose/TCC/install/ament_pycodestyle/share/ament_index/resource_index
creating /home/jose/TCC/install/ament_pycodestyle/share/ament_index/resource_index/packages
symbolically linking /home/jose/TCC/build/ament_pycodestyle/resource/ament_pycodestyle -> /home/jose/TCC/install/ament_pycodestyle/share/ament_index/resource_index/packages
