[1.430s] Invoking command in '/home/jose/TCC/src/wind_turbine': PS1=(pytorch_env) \[\e]0;\u@\h: \w\a\]${debian_chroot:+($debian_chroot)}\[\033[01;32m\]\u@\h\[\033[00m\]:\[\033[01;34m\]\w\[\033[00m\]\$ PYTHONPATH=/home/jose/TCC/build/wind_turbine/prefix_override:/usr/lib/python3/dist-packages/colcon_core/task/python/colcon_distutils_commands:/home/jose/TCC/install/wind_turbine/lib/python3.10/site-packages:${PYTHONPATH} VIRTUAL_ENV_PROMPT=(pytorch_env) /usr/bin/python3 -W ignore:setup.py install is deprecated -W ignore:easy_install command is deprecated setup.py egg_info --egg-base ../../build/wind_turbine build --build-base /home/jose/TCC/build/wind_turbine/build install --record /home/jose/TCC/build/wind_turbine/install.log --single-version-externally-managed install_data
[1.805s] running egg_info
[1.805s] writing ../../build/wind_turbine/wind_turbine.egg-info/PKG-INFO
[1.806s] writing dependency_links to ../../build/wind_turbine/wind_turbine.egg-info/dependency_links.txt
[1.806s] writing entry points to ../../build/wind_turbine/wind_turbine.egg-info/entry_points.txt
[1.806s] writing requirements to ../../build/wind_turbine/wind_turbine.egg-info/requires.txt
[1.806s] writing top-level names to ../../build/wind_turbine/wind_turbine.egg-info/top_level.txt
[1.808s] reading manifest file '../../build/wind_turbine/wind_turbine.egg-info/SOURCES.txt'
[1.809s] writing manifest file '../../build/wind_turbine/wind_turbine.egg-info/SOURCES.txt'
[1.809s] running build
[1.809s] running build_py
[1.809s] running install
[1.809s] running install_lib
[1.812s] running install_data
[1.812s] running install_egg_info
[1.815s] removing '/home/jose/TCC/install/wind_turbine/lib/python3.10/site-packages/wind_turbine-0.0.0-py3.10.egg-info' (and everything under it)
[1.816s] Copying ../../build/wind_turbine/wind_turbine.egg-info to /home/jose/TCC/install/wind_turbine/lib/python3.10/site-packages/wind_turbine-0.0.0-py3.10.egg-info
[1.817s] running install_scripts
[1.846s] writing list of installed files to '/home/jose/TCC/build/wind_turbine/install.log'
[1.872s] Invoked command in '/home/jose/TCC/src/wind_turbine' returned '0': PS1=(pytorch_env) \[\e]0;\u@\h: \w\a\]${debian_chroot:+($debian_chroot)}\[\033[01;32m\]\u@\h\[\033[00m\]:\[\033[01;34m\]\w\[\033[00m\]\$ PYTHONPATH=/home/jose/TCC/build/wind_turbine/prefix_override:/usr/lib/python3/dist-packages/colcon_core/task/python/colcon_distutils_commands:/home/jose/TCC/install/wind_turbine/lib/python3.10/site-packages:${PYTHONPATH} VIRTUAL_ENV_PROMPT=(pytorch_env) /usr/bin/python3 -W ignore:setup.py install is deprecated -W ignore:easy_install command is deprecated setup.py egg_info --egg-base ../../build/wind_turbine build --build-base /home/jose/TCC/build/wind_turbine/build install --record /home/jose/TCC/build/wind_turbine/install.log --single-version-externally-managed install_data
