[7.165s] Invoking command in '/home/jose/TCC/build/tracetools_trace': AMENT_PREFIX_PATH=/home/jose/TCC/install/ament_xmllint:/home/jose/TCC/install/ament_copyright:/home/jose/TCC/install/ament_pep257:/home/jose/TCC/install/ament_mypy:/home/jose/TCC/install/ament_flake8:/home/jose/TCC/install/ament_lint:${AMENT_PREFIX_PATH} PATH=/home/jose/TCC/install/ament_xmllint/bin:/home/jose/TCC/install/ament_copyright/bin:/home/jose/TCC/install/ament_pep257/bin:/home/jose/TCC/install/ament_mypy/bin:/home/jose/TCC/install/ament_flake8/bin:${PATH} PYTHONPATH=/home/jose/TCC/build/tracetools_trace/prefix_override:/usr/lib/python3/dist-packages/colcon_core/task/python/colcon_distutils_commands:/home/jose/TCC/install/tracetools_trace/lib/python3.10/site-packages:/home/jose/TCC/build/ament_xmllint:/home/jose/TCC/install/ament_xmllint/lib/python3.10/site-packages:/home/jose/TCC/build/ament_copyright:/home/jose/TCC/install/ament_copyright/lib/python3.10/site-packages:/home/jose/TCC/build/ament_pep257:/home/jose/TCC/install/ament_pep257/lib/python3.10/site-packages:/home/jose/TCC/build/ament_mypy:/home/jose/TCC/install/ament_mypy/lib/python3.10/site-packages:/home/jose/TCC/build/ament_flake8:/home/jose/TCC/install/ament_flake8/lib/python3.10/site-packages:/home/jose/TCC/build/ament_lint:/home/jose/TCC/install/ament_lint/lib/python3.10/site-packages:${PYTHONPATH} /usr/bin/python3 -W ignore:setup.py install is deprecated -W ignore:easy_install command is deprecated setup.py develop --editable --build-directory /home/jose/TCC/build/tracetools_trace/build --no-deps symlink_data
[8.457s] running develop
[9.519s] running egg_info
[9.519s] creating tracetools_trace.egg-info
[9.519s] writing tracetools_trace.egg-info/PKG-INFO
[9.519s] writing dependency_links to tracetools_trace.egg-info/dependency_links.txt
[9.519s] writing entry points to tracetools_trace.egg-info/entry_points.txt
[9.519s] writing requirements to tracetools_trace.egg-info/requires.txt
[9.520s] writing top-level names to tracetools_trace.egg-info/top_level.txt
[9.524s] writing manifest file 'tracetools_trace.egg-info/SOURCES.txt'
[9.527s] reading manifest file 'tracetools_trace.egg-info/SOURCES.txt'
[9.528s] writing manifest file 'tracetools_trace.egg-info/SOURCES.txt'
[9.551s] running build_ext
[9.551s] Creating /home/jose/TCC/install/tracetools_trace/lib/python3.10/site-packages/tracetools-trace.egg-link (link to .)
[9.552s] Installing trace script to /home/jose/TCC/install/tracetools_trace/lib/tracetools_trace
[9.552s] 
[9.552s] Installed /home/jose/TCC/build/tracetools_trace
[9.552s] running symlink_data
[9.552s] symbolically linking /home/jose/TCC/build/tracetools_trace/package.xml -> /home/jose/TCC/install/tracetools_trace/share/tracetools_trace
[9.554s] creating /home/jose/TCC/install/tracetools_trace/share/ament_index
[9.554s] creating /home/jose/TCC/install/tracetools_trace/share/ament_index/resource_index
[9.554s] creating /home/jose/TCC/install/tracetools_trace/share/ament_index/resource_index/packages
[9.554s] symbolically linking /home/jose/TCC/build/tracetools_trace/resource/tracetools_trace -> /home/jose/TCC/install/tracetools_trace/share/ament_index/resource_index/packages
[9.672s] Invoked command in '/home/jose/TCC/build/tracetools_trace' returned '0': AMENT_PREFIX_PATH=/home/jose/TCC/install/ament_xmllint:/home/jose/TCC/install/ament_copyright:/home/jose/TCC/install/ament_pep257:/home/jose/TCC/install/ament_mypy:/home/jose/TCC/install/ament_flake8:/home/jose/TCC/install/ament_lint:${AMENT_PREFIX_PATH} PATH=/home/jose/TCC/install/ament_xmllint/bin:/home/jose/TCC/install/ament_copyright/bin:/home/jose/TCC/install/ament_pep257/bin:/home/jose/TCC/install/ament_mypy/bin:/home/jose/TCC/install/ament_flake8/bin:${PATH} PYTHONPATH=/home/jose/TCC/build/tracetools_trace/prefix_override:/usr/lib/python3/dist-packages/colcon_core/task/python/colcon_distutils_commands:/home/jose/TCC/install/tracetools_trace/lib/python3.10/site-packages:/home/jose/TCC/build/ament_xmllint:/home/jose/TCC/install/ament_xmllint/lib/python3.10/site-packages:/home/jose/TCC/build/ament_copyright:/home/jose/TCC/install/ament_copyright/lib/python3.10/site-packages:/home/jose/TCC/build/ament_pep257:/home/jose/TCC/install/ament_pep257/lib/python3.10/site-packages:/home/jose/TCC/build/ament_mypy:/home/jose/TCC/install/ament_mypy/lib/python3.10/site-packages:/home/jose/TCC/build/ament_flake8:/home/jose/TCC/install/ament_flake8/lib/python3.10/site-packages:/home/jose/TCC/build/ament_lint:/home/jose/TCC/install/ament_lint/lib/python3.10/site-packages:${PYTHONPATH} /usr/bin/python3 -W ignore:setup.py install is deprecated -W ignore:easy_install command is deprecated setup.py develop --editable --build-directory /home/jose/TCC/build/tracetools_trace/build --no-deps symlink_data
