running develop
running egg_info
creating ament_uncrustify.egg-info
writing ament_uncrustify.egg-info/PKG-INFO
writing dependency_links to ament_uncrustify.egg-info/dependency_links.txt
writing entry points to ament_uncrustify.egg-info/entry_points.txt
writing requirements to ament_uncrustify.egg-info/requires.txt
writing top-level names to ament_uncrustify.egg-info/top_level.txt
writing manifest file 'ament_uncrustify.egg-info/SOURCES.txt'
reading manifest file 'ament_uncrustify.egg-info/SOURCES.txt'
writing manifest file 'ament_uncrustify.egg-info/SOURCES.txt'
running build_ext
Creating /home/jose/TCC/install/ament_uncrustify/lib/python3.10/site-packages/ament-uncrustify.egg-link (link to .)
Installing ament_uncrustify script to /home/jose/TCC/install/ament_uncrustify/bin

Installed /home/jose/TCC/build/ament_uncrustify
running symlink_data
symbolically linking /home/jose/TCC/build/ament_uncrustify/package.xml -> /home/jose/TCC/install/ament_uncrustify/share/ament_uncrustify
creating /home/jose/TCC/install/ament_uncrustify/share/ament_index
creating /home/jose/TCC/install/ament_uncrustify/share/ament_index/resource_index
creating /home/jose/TCC/install/ament_uncrustify/share/ament_index/resource_index/packages
symbolically linking /home/jose/TCC/build/ament_uncrustify/resource/ament_uncrustify -> /home/jose/TCC/install/ament_uncrustify/share/ament_index/resource_index/packages
