[4.929s] Invoking command in '/home/jose/TCC/build/launch': AMENT_PREFIX_PATH=/home/jose/TCC/install/ament_index_python:/home/jose/TCC/install/ament_copyright:/home/jose/TCC/install/ament_pep257:/home/jose/TCC/install/ament_flake8:/home/jose/TCC/install/osrf_pycommon:/home/jose/TCC/install/ament_lint:${AMENT_PREFIX_PATH} PATH=/home/jose/TCC/install/ament_index_python/bin:/home/jose/TCC/install/ament_copyright/bin:/home/jose/TCC/install/ament_pep257/bin:/home/jose/TCC/install/ament_flake8/bin:${PATH} PYTHONPATH=/home/jose/TCC/build/launch/prefix_override:/usr/lib/python3/dist-packages/colcon_core/task/python/colcon_distutils_commands:/home/jose/TCC/install/launch/lib/python3.10/site-packages:/home/jose/TCC/build/ament_index_python:/home/jose/TCC/install/ament_index_python/lib/python3.10/site-packages:/home/jose/TCC/build/ament_copyright:/home/jose/TCC/install/ament_copyright/lib/python3.10/site-packages:/home/jose/TCC/build/ament_pep257:/home/jose/TCC/install/ament_pep257/lib/python3.10/site-packages:/home/jose/TCC/build/ament_flake8:/home/jose/TCC/install/ament_flake8/lib/python3.10/site-packages:/home/jose/TCC/build/osrf_pycommon:/home/jose/TCC/install/osrf_pycommon/lib/python3.10/site-packages:/home/jose/TCC/build/ament_lint:/home/jose/TCC/install/ament_lint/lib/python3.10/site-packages:${PYTHONPATH} /usr/bin/python3 -W ignore:setup.py install is deprecated -W ignore:easy_install command is deprecated setup.py develop --editable --build-directory /home/jose/TCC/build/launch/build --no-deps symlink_data
[6.885s] running develop
[7.580s] running egg_info
[7.580s] creating launch.egg-info
[7.580s] writing launch.egg-info/PKG-INFO
[7.581s] writing dependency_links to launch.egg-info/dependency_links.txt
[7.581s] writing requirements to launch.egg-info/requires.txt
[7.581s] writing top-level names to launch.egg-info/top_level.txt
[7.581s] writing manifest file 'launch.egg-info/SOURCES.txt'
[7.591s] reading manifest file 'launch.egg-info/SOURCES.txt'
[7.593s] writing manifest file 'launch.egg-info/SOURCES.txt'
[7.608s] running build_ext
[7.608s] Creating /home/jose/TCC/install/launch/lib/python3.10/site-packages/launch.egg-link (link to .)
[7.614s] 
[7.615s] Installed /home/jose/TCC/build/launch
[7.615s] running symlink_data
[7.615s] symbolically linking /home/jose/TCC/build/launch/package.xml -> /home/jose/TCC/install/launch/share/launch
[7.615s] creating /home/jose/TCC/install/launch/share/ament_index
[7.615s] creating /home/jose/TCC/install/launch/share/ament_index/resource_index
[7.615s] creating /home/jose/TCC/install/launch/share/ament_index/resource_index/packages
[7.615s] symbolically linking /home/jose/TCC/build/launch/resource/launch -> /home/jose/TCC/install/launch/share/ament_index/resource_index/packages
[7.615s] creating /home/jose/TCC/install/launch/share/launch/frontend
[7.615s] symbolically linking /home/jose/TCC/build/launch/share/launch/frontend/grammar.lark -> /home/jose/TCC/install/launch/share/launch/frontend
[7.736s] Invoked command in '/home/jose/TCC/build/launch' returned '0': AMENT_PREFIX_PATH=/home/jose/TCC/install/ament_index_python:/home/jose/TCC/install/ament_copyright:/home/jose/TCC/install/ament_pep257:/home/jose/TCC/install/ament_flake8:/home/jose/TCC/install/osrf_pycommon:/home/jose/TCC/install/ament_lint:${AMENT_PREFIX_PATH} PATH=/home/jose/TCC/install/ament_index_python/bin:/home/jose/TCC/install/ament_copyright/bin:/home/jose/TCC/install/ament_pep257/bin:/home/jose/TCC/install/ament_flake8/bin:${PATH} PYTHONPATH=/home/jose/TCC/build/launch/prefix_override:/usr/lib/python3/dist-packages/colcon_core/task/python/colcon_distutils_commands:/home/jose/TCC/install/launch/lib/python3.10/site-packages:/home/jose/TCC/build/ament_index_python:/home/jose/TCC/install/ament_index_python/lib/python3.10/site-packages:/home/jose/TCC/build/ament_copyright:/home/jose/TCC/install/ament_copyright/lib/python3.10/site-packages:/home/jose/TCC/build/ament_pep257:/home/jose/TCC/install/ament_pep257/lib/python3.10/site-packages:/home/jose/TCC/build/ament_flake8:/home/jose/TCC/install/ament_flake8/lib/python3.10/site-packages:/home/jose/TCC/build/osrf_pycommon:/home/jose/TCC/install/osrf_pycommon/lib/python3.10/site-packages:/home/jose/TCC/build/ament_lint:/home/jose/TCC/install/ament_lint/lib/python3.10/site-packages:${PYTHONPATH} /usr/bin/python3 -W ignore:setup.py install is deprecated -W ignore:easy_install command is deprecated setup.py develop --editable --build-directory /home/jose/TCC/build/launch/build --no-deps symlink_data
