[35m[1mConsolidate compiler generated dependencies of target mavros_msgs__rosidl_generator_c[0m
[  0%] Built target mavros_msgs__cpp
[  0%] Built target ament_cmake_python_symlink_mavros_msgs
[ 12%] Built target mavros_msgs__rosidl_generator_c
[35m[1mConsolidate compiler generated dependencies of target mavros_msgs__rosidl_typesupport_cpp[0m
[35m[1mConsolidate compiler generated dependencies of target mavros_msgs__rosidl_typesupport_fastrtps_cpp[0m
[35m[1mConsolidate compiler generated dependencies of target mavros_msgs__rosidl_typesupport_introspection_cpp[0m
[35m[1mConsolidate compiler generated dependencies of target mavros_msgs__rosidl_typesupport_c[0m
[35m[1mConsolidate compiler generated dependencies of target mavros_msgs__rosidl_typesupport_introspection_c[0m
[35m[1mConsolidate compiler generated dependencies of target mavros_msgs__rosidl_typesupport_fastrtps_c[0m
[ 25%] Built target mavros_msgs__rosidl_typesupport_c
[ 37%] Built target mavros_msgs__rosidl_typesupport_cpp
[ 50%] Built target mavros_msgs__rosidl_typesupport_introspection_c
[ 62%] Built target mavros_msgs__rosidl_typesupport_fastrtps_cpp
[ 88%] Built target mavros_msgs__rosidl_typesupport_introspection_cpp
[ 88%] Built target mavros_msgs__rosidl_typesupport_fastrtps_c
[ 88%] Built target mavros_msgs
[ 88%] Built target mavros_msgs__py
[35m[1mConsolidate compiler generated dependencies of target mavros_msgs__rosidl_generator_py[0m
[100%] Built target mavros_msgs__rosidl_generator_py
running egg_info
writing mavros_msgs.egg-info/PKG-INFO
writing dependency_links to mavros_msgs.egg-info/dependency_links.txt
writing top-level names to mavros_msgs.egg-info/top_level.txt
reading manifest file 'mavros_msgs.egg-info/SOURCES.txt'
writing manifest file 'mavros_msgs.egg-info/SOURCES.txt'
[35m[1mConsolidate compiler generated dependencies of target mavros_msgs__rosidl_typesupport_fastrtps_c__pyext[0m
[35m[1mConsolidate compiler generated dependencies of target mavros_msgs__rosidl_typesupport_introspection_c__pyext[0m
[35m[1mConsolidate compiler generated dependencies of target mavros_msgs__rosidl_typesupport_c__pyext[0m
[100%] Built target mavros_msgs__rosidl_typesupport_fastrtps_c__pyext
[100%] Built target ament_cmake_python_build_mavros_msgs_egg
[100%] Built target mavros_msgs__rosidl_typesupport_c__pyext
[100%] Built target mavros_msgs__rosidl_typesupport_introspection_c__pyext
