[0.037s] Invoking command in '/home/jose/TCC/build/mavros_msgs': CMAKE_PREFIX_PATH=${CMAKE_PREFIX_PATH}:/home/jose/TCC/install/windwind_description:/home/jose/TCC/install/wind_turbine:/home/jose/ros2_humble/install/rqt_bag_plugins:/home/jose/ros2_humble/install/rqt_bag:/home/jose/ros2_humble/install/launch_testing_examples:/home/jose/ros2_humble/install/ros2bag:/home/jose/ros2_humble/install/tracetools_test:/home/jose/ros2_humble/install/tracetools_launch:/home/jose/ros2_humble/install/topic_monitor:/home/jose/ros2_humble/install/tf2_tools:/home/jose/ros2_humble/install/examples_tf2_py:/home/jose/ros2_humble/install/tf2_ros_py:/home/jose/ros2_humble/install/sros2:/home/jose/ros2_humble/install/rqt_topic:/home/jose/ros2_humble/install/rqt_srv:/home/jose/ros2_humble/install/rqt_shell:/home/jose/ros2_humble/install/rqt_service_caller:/home/jose/ros2_humble/install/rqt_reconfigure:/home/jose/ros2_humble/install/rqt_py_console:/home/jose/ros2_humble/install/rqt_publisher:/home/jose/ros2_humble/install/rqt_plot:/home/jose/ros2_humble/install/rqt_action:/home/jose/ros2_humble/install/rqt_msg:/home/jose/ros2_humble/install/rqt_console:/home/jose/ros2_humble/install/rqt:/home/jose/ros2_humble/install/rqt_graph:/home/jose/ros2_humble/install/rqt_gui_py:/home/jose/ros2_humble/install/rqt_gui:/home/jose/ros2_humble/install/ros2trace:/home/jose/ros2_humble/install/ros2topic:/home/jose/ros2_humble/install/ros2test:/home/jose/ros2_humble/install/ros2component:/home/jose/ros2_humble/install/ros2param:/home/jose/ros2_humble/install/ros2lifecycle:/home/jose/ros2_humble/install/ros2service:/home/jose/ros2_humble/install/ros2run:/home/jose/ros2_humble/install/ros2launch:/home/jose/ros2_humble/install/ros2pkg:/home/jose/ros2_humble/install/ros2node:/home/jose/ros2_humble/install/ros2multicast:/home/jose/ros2_humble/install/ros2interface:/home/jose/ros2_humble/install/ros2doctor:/home/jose/ros2_humble/install/ros2action:/home/jose/ros2_humble/install/ros2cli:/home/jose/ros2_humble/install/quality_of_service_demo_py:/home/jose/ros2_humble/install/lifecycle_py:/home/jose/ros2_humble/install/launch_testing_ros:/home/jose/ros2_humble/install/launch_ros:/home/jose/ros2_humble/install/examples_rclpy_pointcloud_publisher:/home/jose/ros2_humble/install/examples_rclpy_minimal_subscriber:/home/jose/ros2_humble/install/examples_rclpy_minimal_service:/home/jose/ros2_humble/install/examples_rclpy_minimal_publisher:/home/jose/ros2_humble/install/examples_rclpy_minimal_client:/home/jose/ros2_humble/install/examples_rclpy_minimal_action_server:/home/jose/ros2_humble/install/examples_rclpy_minimal_action_client:/home/jose/ros2_humble/install/examples_rclpy_guard_conditions:/home/jose/ros2_humble/install/examples_rclpy_executors:/home/jose/ros2_humble/install/demo_nodes_py:/home/jose/ros2_humble/install/camera_info_manager_py:/home/jose/ros2_humble/install/action_tutorials_py:/home/jose/ros2_humble/install/ament_uncrustify:/home/jose/ros2_humble/install/tracetools_trace:/home/jose/ros2_humble/install/tracetools_read:/home/jose/ros2_humble/install/test_tracetools_launch:/home/jose/ros2_humble/install/test_launch_ros:/home/jose/ros2_humble/install/sensor_msgs_py:/home/jose/ros2_humble/install/rpyutils:/home/jose/ros2_humble/install/rosidl_runtime_py:/home/jose/ros2_humble/install/rosidl_cli:/home/jose/ros2_humble/install/launch_pytest:/home/jose/ros2_humble/install/launch_testing:/home/jose/ros2_humble/install/launch_yaml:/home/jose/ros2_humble/install/launch_xml:/home/jose/ros2_humble/install/launch:/home/jose/ros2_humble/install/osrf_pycommon:/home/jose/ros2_humble/install/domain_coordinator:/home/jose/ros2_humble/install/ament_xmllint:/home/jose/ros2_humble/install/ament_pyflakes:/home/jose/ros2_humble/install/ament_pycodestyle:/home/jose/ros2_humble/install/ament_pep257:/home/jose/ros2_humble/install/ament_pclint:/home/jose/ros2_humble/install/ament_package:/home/jose/ros2_humble/install/ament_mypy:/home/jose/ros2_humble/install/ament_lint_cmake:/home/jose/ros2_humble/install/ament_flake8:/home/jose/ros2_humble/install/ament_copyright:/home/jose/ros2_humble/install/ament_lint:/home/jose/ros2_humble/install/ament_index_python:/home/jose/ros2_humble/install/ament_cpplint:/home/jose/ros2_humble/install/ament_cppcheck:/home/jose/ros2_humble/install/ament_clang_tidy:/home/jose/ros2_humble/install/ament_clang_format:/opt/ros/humble /usr/bin/cmake --build /home/jose/TCC/build/mavros_msgs -- -j16 -l16
[0.237s] [35m[1mConsolidate compiler generated dependencies of target mavros_msgs__rosidl_generator_c[0m
[0.256s] [  0%] Built target mavros_msgs__cpp
[0.266s] [  0%] Built target ament_cmake_python_symlink_mavros_msgs
[0.286s] [ 12%] Built target mavros_msgs__rosidl_generator_c
[0.301s] [35m[1mConsolidate compiler generated dependencies of target mavros_msgs__rosidl_typesupport_cpp[0m
[0.310s] [35m[1mConsolidate compiler generated dependencies of target mavros_msgs__rosidl_typesupport_fastrtps_cpp[0m
[0.324s] [35m[1mConsolidate compiler generated dependencies of target mavros_msgs__rosidl_typesupport_introspection_cpp[0m
[0.326s] [35m[1mConsolidate compiler generated dependencies of target mavros_msgs__rosidl_typesupport_c[0m
[0.330s] [35m[1mConsolidate compiler generated dependencies of target mavros_msgs__rosidl_typesupport_introspection_c[0m
[0.342s] [35m[1mConsolidate compiler generated dependencies of target mavros_msgs__rosidl_typesupport_fastrtps_c[0m
[0.368s] [ 25%] Built target mavros_msgs__rosidl_typesupport_c
[0.376s] [ 37%] Built target mavros_msgs__rosidl_typesupport_cpp
[0.380s] [ 50%] Built target mavros_msgs__rosidl_typesupport_introspection_c
[0.403s] [ 62%] Built target mavros_msgs__rosidl_typesupport_fastrtps_cpp
[0.431s] [ 88%] Built target mavros_msgs__rosidl_typesupport_introspection_cpp
[0.431s] [ 88%] Built target mavros_msgs__rosidl_typesupport_fastrtps_c
[0.480s] [ 88%] Built target mavros_msgs
[0.533s] [ 88%] Built target mavros_msgs__py
[0.575s] [35m[1mConsolidate compiler generated dependencies of target mavros_msgs__rosidl_generator_py[0m
[0.655s] [100%] Built target mavros_msgs__rosidl_generator_py
[0.672s] running egg_info
[0.672s] writing mavros_msgs.egg-info/PKG-INFO
[0.673s] writing dependency_links to mavros_msgs.egg-info/dependency_links.txt
[0.673s] writing top-level names to mavros_msgs.egg-info/top_level.txt
[0.675s] reading manifest file 'mavros_msgs.egg-info/SOURCES.txt'
[0.676s] writing manifest file 'mavros_msgs.egg-info/SOURCES.txt'
[0.678s] [35m[1mConsolidate compiler generated dependencies of target mavros_msgs__rosidl_typesupport_fastrtps_c__pyext[0m
[0.678s] [35m[1mConsolidate compiler generated dependencies of target mavros_msgs__rosidl_typesupport_introspection_c__pyext[0m
[0.678s] [35m[1mConsolidate compiler generated dependencies of target mavros_msgs__rosidl_typesupport_c__pyext[0m
[0.707s] [100%] Built target mavros_msgs__rosidl_typesupport_fastrtps_c__pyext
[0.707s] [100%] Built target ament_cmake_python_build_mavros_msgs_egg
[0.707s] [100%] Built target mavros_msgs__rosidl_typesupport_c__pyext
[0.707s] [100%] Built target mavros_msgs__rosidl_typesupport_introspection_c__pyext
