/home/jose/TCC/install/WindTURBINE_description/lib/python3.10/site-packages/WindTURBINE_description/__init__.py
/home/jose/TCC/install/WindTURBINE_description/lib/python3.10/site-packages/WindTURBINE_description/__pycache__/__init__.cpython-310.pyc
/home/jose/TCC/install/WindTURBINE_description/share/ament_index/resource_index/packages/WindTURBINE_description
/home/jose/TCC/install/WindTURBINE_description/share/WindTURBINE_description/package.xml
/home/jose/TCC/install/WindTURBINE_description/share/WindTURBINE_description/launch/gazebo.launch.py
/home/jose/TCC/install/WindTURBINE_description/share/WindTURBINE_description/launch/display.launch.py
/home/jose/TCC/install/WindTURBINE_description/share/WindTURBINE_description/urdf/WindTURBINE.xacro
/home/jose/TCC/install/WindTURBINE_description/share/WindTURBINE_description/urdf/WindTURBINE.trans
/home/jose/TCC/install/WindTURBINE_description/share/WindTURBINE_description/urdf/materials.xacro
/home/jose/TCC/install/WindTURBINE_description/share/WindTURBINE_description/urdf/WindTURBINE.gazebo
/home/jose/TCC/install/WindTURBINE_description/share/WindTURBINE_description/meshes/HUB2_1.stl
/home/jose/TCC/install/WindTURBINE_description/share/WindTURBINE_description/meshes/base_link.stl
/home/jose/TCC/install/WindTURBINE_description/share/WindTURBINE_description/config/display.rviz
/home/jose/TCC/install/WindTURBINE_description/lib/python3.10/site-packages/WindTURBINE_description-0.0.0-py3.10.egg-info/dependency_links.txt
/home/jose/TCC/install/WindTURBINE_description/lib/python3.10/site-packages/WindTURBINE_description-0.0.0-py3.10.egg-info/SOURCES.txt
/home/jose/TCC/install/WindTURBINE_description/lib/python3.10/site-packages/WindTURBINE_description-0.0.0-py3.10.egg-info/requires.txt
/home/jose/TCC/install/WindTURBINE_description/lib/python3.10/site-packages/WindTURBINE_description-0.0.0-py3.10.egg-info/PKG-INFO
/home/jose/TCC/install/WindTURBINE_description/lib/python3.10/site-packages/WindTURBINE_description-0.0.0-py3.10.egg-info/top_level.txt
/home/jose/TCC/install/WindTURBINE_description/lib/python3.10/site-packages/WindTURBINE_description-0.0.0-py3.10.egg-info/entry_points.txt
/home/jose/TCC/install/WindTURBINE_description/lib/python3.10/site-packages/WindTURBINE_description-0.0.0-py3.10.egg-info/zip-safe
