[0.061s] Invoking command in '/home/jose/TCC/build/mavlink': /usr/bin/cmake --build /home/jose/TCC/build/mavlink -- -j16 -l16
[0.474s] [100%] Built target generate_c_headers
[0.878s] Invoked command in '/home/jose/TCC/build/mavlink' returned '0': /usr/bin/cmake --build /home/jose/TCC/build/mavlink -- -j16 -l16
[0.897s] Invoking command in '/home/jose/TCC/build/mavlink': /usr/bin/cmake --install /home/jose/TCC/build/mavlink
[0.913s] -- Install configuration: ""
[0.913s] -- Up-to-date: /home/jose/TCC/install/mavlink/include/mavlink
[0.913s] -- Up-to-date: /home/jose/TCC/install/mavlink/include/mavlink/mavlink_get_info.h
[0.913s] -- Up-to-date: /home/jose/TCC/install/mavlink/include/mavlink/mavlink_sha256.h
[0.913s] -- Up-to-date: /home/jose/TCC/install/mavlink/include/mavlink/mavlink_helpers.h
[0.913s] -- Up-to-date: /home/jose/TCC/install/mavlink/include/mavlink/checksum.h
[0.913s] -- Up-to-date: /home/jose/TCC/install/mavlink/include/mavlink/common
[0.913s] -- Up-to-date: /home/jose/TCC/install/mavlink/include/mavlink/common/mavlink_msg_smart_battery_info.h
[0.913s] -- Up-to-date: /home/jose/TCC/install/mavlink/include/mavlink/common/mavlink_msg_mission_clear_all.h
[0.913s] -- Up-to-date: /home/jose/TCC/install/mavlink/include/mavlink/common/mavlink_msg_mission_request_partial_list.h
[0.913s] -- Up-to-date: /home/jose/TCC/install/mavlink/include/mavlink/common/mavlink_msg_gimbal_manager_set_manual_control.h
[0.914s] -- Up-to-date: /home/jose/TCC/install/mavlink/include/mavlink/common/mavlink_msg_tunnel.h
[0.914s] -- Up-to-date: /home/jose/TCC/install/mavlink/include/mavlink/common/mavlink_msg_debug_vect.h
[0.914s] -- Up-to-date: /home/jose/TCC/install/mavlink/include/mavlink/common/mavlink_msg_camera_capture_status.h
[0.914s] -- Up-to-date: /home/jose/TCC/install/mavlink/include/mavlink/common/mavlink_msg_onboard_computer_status.h
[0.914s] -- Up-to-date: /home/jose/TCC/install/mavlink/include/mavlink/common/mavlink_msg_message_interval.h
[0.914s] -- Up-to-date: /home/jose/TCC/install/mavlink/include/mavlink/common/mavlink_msg_gps_inject_data.h
[0.914s] -- Up-to-date: /home/jose/TCC/install/mavlink/include/mavlink/common/mavlink_msg_hil_controls.h
[0.914s] -- Up-to-date: /home/jose/TCC/install/mavlink/include/mavlink/common/mavlink_msg_terrain_report.h
[0.914s] -- Up-to-date: /home/jose/TCC/install/mavlink/include/mavlink/common/mavlink_msg_cellular_status.h
[0.914s] -- Up-to-date: /home/jose/TCC/install/mavlink/include/mavlink/common/mavlink_msg_global_vision_position_estimate.h
[0.914s] -- Up-to-date: /home/jose/TCC/install/mavlink/include/mavlink/common/mavlink_msg_adsb_vehicle.h
[0.914s] -- Up-to-date: /home/jose/TCC/install/mavlink/include/mavlink/common/mavlink_msg_video_stream_status.h
[0.914s] -- Up-to-date: /home/jose/TCC/install/mavlink/include/mavlink/common/mavlink_msg_open_drone_id_system.h
[0.915s] -- Up-to-date: /home/jose/TCC/install/mavlink/include/mavlink/common/mavlink.h
[0.915s] -- Up-to-date: /home/jose/TCC/install/mavlink/include/mavlink/common/mavlink_msg_power_status.h
[0.915s] -- Up-to-date: /home/jose/TCC/install/mavlink/include/mavlink/common/mavlink_msg_autopilot_version.h
[0.915s] -- Up-to-date: /home/jose/TCC/install/mavlink/include/mavlink/common/mavlink_msg_canfd_frame.h
[0.915s] -- Up-to-date: /home/jose/TCC/install/mavlink/include/mavlink/common/mavlink_msg_attitude.h
[0.915s] -- Up-to-date: /home/jose/TCC/install/mavlink/include/mavlink/common/mavlink_msg_mission_set_current.h
[0.915s] -- Up-to-date: /home/jose/TCC/install/mavlink/include/mavlink/common/mavlink_msg_set_position_target_local_ned.h
[0.915s] -- Up-to-date: /home/jose/TCC/install/mavlink/include/mavlink/common/mavlink_msg_set_attitude_target.h
[0.915s] -- Up-to-date: /home/jose/TCC/install/mavlink/include/mavlink/common/mavlink_msg_param_request_read.h
[0.915s] -- Up-to-date: /home/jose/TCC/install/mavlink/include/mavlink/common/mavlink_msg_hil_sensor.h
[0.915s] -- Up-to-date: /home/jose/TCC/install/mavlink/include/mavlink/common/mavlink_msg_component_metadata.h
[0.915s] -- Up-to-date: /home/jose/TCC/install/mavlink/include/mavlink/common/mavlink_msg_request_data_stream.h
[0.915s] -- Up-to-date: /home/jose/TCC/install/mavlink/include/mavlink/common/mavlink_msg_response_event_error.h
[0.916s] -- Up-to-date: /home/jose/TCC/install/mavlink/include/mavlink/common/mavlink_msg_home_position.h
[0.916s] -- Up-to-date: /home/jose/TCC/install/mavlink/include/mavlink/common/mavlink_msg_open_drone_id_location.h
[0.916s] -- Up-to-date: /home/jose/TCC/install/mavlink/include/mavlink/common/mavlink_msg_global_position_int_cov.h
[0.916s] -- Up-to-date: /home/jose/TCC/install/mavlink/include/mavlink/common/mavlink_msg_change_operator_control_ack.h
[0.916s] -- Up-to-date: /home/jose/TCC/install/mavlink/include/mavlink/common/mavlink_msg_resource_request.h
[0.916s] -- Up-to-date: /home/jose/TCC/install/mavlink/include/mavlink/common/mavlink_msg_log_request_end.h
[0.916s] -- Up-to-date: /home/jose/TCC/install/mavlink/include/mavlink/common/mavlink_msg_current_mode.h
[0.916s] -- Up-to-date: /home/jose/TCC/install/mavlink/include/mavlink/common/mavlink_msg_estimator_status.h
[0.916s] -- Up-to-date: /home/jose/TCC/install/mavlink/include/mavlink/common/mavlink_msg_hil_actuator_controls.h
[0.916s] -- Up-to-date: /home/jose/TCC/install/mavlink/include/mavlink/common/mavlink_msg_gps2_raw.h
[0.916s] -- Up-to-date: /home/jose/TCC/install/mavlink/include/mavlink/common/mavlink_msg_wind_cov.h
[0.916s] -- Up-to-date: /home/jose/TCC/install/mavlink/include/mavlink/common/mavlink_msg_button_change.h
[0.917s] -- Up-to-date: /home/jose/TCC/install/mavlink/include/mavlink/common/mavlink_msg_hil_state_quaternion.h
[0.917s] -- Up-to-date: /home/jose/TCC/install/mavlink/include/mavlink/common/mavlink_msg_mission_write_partial_list.h
[0.917s] -- Up-to-date: /home/jose/TCC/install/mavlink/include/mavlink/common/mavlink_msg_mission_count.h
[0.917s] -- Up-to-date: /home/jose/TCC/install/mavlink/include/mavlink/common/mavlink_msg_play_tune_v2.h
[0.917s] -- Up-to-date: /home/jose/TCC/install/mavlink/include/mavlink/common/mavlink_msg_mission_request_int.h
[0.917s] -- Up-to-date: /home/jose/TCC/install/mavlink/include/mavlink/common/mavlink_msg_data_stream.h
[0.917s] -- Up-to-date: /home/jose/TCC/install/mavlink/include/mavlink/common/mavlink_msg_high_latency2.h
[0.917s] -- Up-to-date: /home/jose/TCC/install/mavlink/include/mavlink/common/mavlink_msg_open_drone_id_operator_id.h
[0.917s] -- Up-to-date: /home/jose/TCC/install/mavlink/include/mavlink/common/mavlink_msg_attitude_target.h
[0.917s] -- Up-to-date: /home/jose/TCC/install/mavlink/include/mavlink/common/mavlink_msg_illuminator_status.h
[0.917s] -- Up-to-date: /home/jose/TCC/install/mavlink/include/mavlink/common/mavlink_msg_open_drone_id_self_id.h
[0.917s] -- Up-to-date: /home/jose/TCC/install/mavlink/include/mavlink/common/mavlink_msg_component_information_basic.h
[0.917s] -- Up-to-date: /home/jose/TCC/install/mavlink/include/mavlink/common/mavlink_msg_mission_item_reached.h
[0.917s] -- Up-to-date: /home/jose/TCC/install/mavlink/include/mavlink/common/mavlink_msg_wifi_config_ap.h
[0.917s] -- Up-to-date: /home/jose/TCC/install/mavlink/include/mavlink/common/mavlink_msg_follow_target.h
[0.918s] -- Up-to-date: /home/jose/TCC/install/mavlink/include/mavlink/common/mavlink_msg_fence_status.h
[0.918s] -- Up-to-date: /home/jose/TCC/install/mavlink/include/mavlink/common/mavlink_msg_terrain_data.h
[0.918s] -- Up-to-date: /home/jose/TCC/install/mavlink/include/mavlink/common/mavlink_msg_global_position_int.h
[0.918s] -- Up-to-date: /home/jose/TCC/install/mavlink/include/mavlink/common/mavlink_msg_autopilot_state_for_gimbal_device.h
[0.918s] -- Up-to-date: /home/jose/TCC/install/mavlink/include/mavlink/common/mavlink_msg_flight_information.h
[0.918s] -- Up-to-date: /home/jose/TCC/install/mavlink/include/mavlink/common/mavlink_msg_terrain_request.h
[0.918s] -- Up-to-date: /home/jose/TCC/install/mavlink/include/mavlink/common/testsuite.h
[0.918s] -- Up-to-date: /home/jose/TCC/install/mavlink/include/mavlink/common/mavlink_msg_request_event.h
[0.918s] -- Up-to-date: /home/jose/TCC/install/mavlink/include/mavlink/common/mavlink_msg_gimbal_manager_set_attitude.h
[0.919s] -- Up-to-date: /home/jose/TCC/install/mavlink/include/mavlink/common/mavlink_msg_log_erase.h
[0.919s] -- Up-to-date: /home/jose/TCC/install/mavlink/include/mavlink/common/mavlink_msg_can_frame.h
[0.919s] -- Up-to-date: /home/jose/TCC/install/mavlink/include/mavlink/common/mavlink_msg_command_long.h
[0.919s] -- Up-to-date: /home/jose/TCC/install/mavlink/include/mavlink/common/mavlink_msg_supported_tunes.h
[0.919s] -- Up-to-date: /home/jose/TCC/install/mavlink/include/mavlink/common/mavlink_msg_uavcan_node_status.h
[0.919s] -- Up-to-date: /home/jose/TCC/install/mavlink/include/mavlink/common/mavlink_msg_landing_target.h
[0.922s] -- Up-to-date: /home/jose/TCC/install/mavlink/include/mavlink/common/mavlink_msg_hil_state.h
[0.922s] -- Up-to-date: /home/jose/TCC/install/mavlink/include/mavlink/common/mavlink_msg_gimbal_device_attitude_status.h
[0.922s] -- Up-to-date: /home/jose/TCC/install/mavlink/include/mavlink/common/mavlink_msg_hil_gps.h
[0.922s] -- Up-to-date: /home/jose/TCC/install/mavlink/include/mavlink/common/mavlink_msg_scaled_imu2.h
[0.922s] -- Up-to-date: /home/jose/TCC/install/mavlink/include/mavlink/common/mavlink_msg_log_data.h
[0.922s] -- Up-to-date: /home/jose/TCC/install/mavlink/include/mavlink/common/mavlink_msg_system_time.h
[0.923s] -- Up-to-date: /home/jose/TCC/install/mavlink/include/mavlink/common/mavlink_msg_available_modes_monitor.h
[0.923s] -- Up-to-date: /home/jose/TCC/install/mavlink/include/mavlink/common/mavlink_msg_local_position_ned_system_global_offset.h
[0.923s] -- Up-to-date: /home/jose/TCC/install/mavlink/include/mavlink/common/mavlink_msg_gps_global_origin.h
[0.923s] -- Up-to-date: /home/jose/TCC/install/mavlink/include/mavlink/common/mavlink_msg_gimbal_device_information.h
[0.923s] -- Up-to-date: /home/jose/TCC/install/mavlink/include/mavlink/common/mavlink_msg_set_gps_global_origin.h
[0.923s] -- Up-to-date: /home/jose/TCC/install/mavlink/include/mavlink/common/mavlink_msg_scaled_pressure3.h
[0.923s] -- Up-to-date: /home/jose/TCC/install/mavlink/include/mavlink/common/common.h
[0.923s] -- Up-to-date: /home/jose/TCC/install/mavlink/include/mavlink/common/mavlink_msg_open_drone_id_arm_status.h
[0.923s] -- Up-to-date: /home/jose/TCC/install/mavlink/include/mavlink/common/mavlink_msg_actuator_output_status.h
[0.923s] -- Up-to-date: /home/jose/TCC/install/mavlink/include/mavlink/common/mavlink_msg_param_ext_request_list.h
[0.923s] -- Up-to-date: /home/jose/TCC/install/mavlink/include/mavlink/common/mavlink_msg_open_drone_id_message_pack.h
[0.923s] -- Up-to-date: /home/jose/TCC/install/mavlink/include/mavlink/common/mavlink_msg_attitude_quaternion_cov.h
[0.923s] -- Up-to-date: /home/jose/TCC/install/mavlink/include/mavlink/common/mavlink_msg_camera_tracking_geo_status.h
[0.923s] -- Up-to-date: /home/jose/TCC/install/mavlink/include/mavlink/common/mavlink_msg_vibration.h
[0.924s] -- Up-to-date: /home/jose/TCC/install/mavlink/include/mavlink/common/mavlink_msg_data_transmission_handshake.h
[0.924s] -- Up-to-date: /home/jose/TCC/install/mavlink/include/mavlink/common/mavlink_msg_memory_vect.h
[0.924s] -- Up-to-date: /home/jose/TCC/install/mavlink/include/mavlink/common/mavlink_msg_video_stream_information.h
[0.924s] -- Up-to-date: /home/jose/TCC/install/mavlink/include/mavlink/common/mavlink_msg_mission_request_list.h
[0.924s] -- Up-to-date: /home/jose/TCC/install/mavlink/include/mavlink/common/mavlink_msg_mission_ack.h
[0.924s] -- Up-to-date: /home/jose/TCC/install/mavlink/include/mavlink/common/mavlink_msg_raw_pressure.h
[0.924s] -- Up-to-date: /home/jose/TCC/install/mavlink/include/mavlink/common/mavlink_msg_v2_extension.h
[0.924s] -- Up-to-date: /home/jose/TCC/install/mavlink/include/mavlink/common/mavlink_msg_raw_imu.h
[0.924s] -- Up-to-date: /home/jose/TCC/install/mavlink/include/mavlink/common/mavlink_msg_open_drone_id_authentication.h
[0.924s] -- Up-to-date: /home/jose/TCC/install/mavlink/include/mavlink/common/mavlink_msg_serial_control.h
[0.924s] -- Up-to-date: /home/jose/TCC/install/mavlink/include/mavlink/common/mavlink_msg_logging_data.h
[0.924s] -- Up-to-date: /home/jose/TCC/install/mavlink/include/mavlink/common/mavlink_msg_set_mode.h
[0.925s] -- Up-to-date: /home/jose/TCC/install/mavlink/include/mavlink/common/mavlink_msg_camera_fov_status.h
[0.925s] -- Up-to-date: /home/jose/TCC/install/mavlink/include/mavlink/common/mavlink_msg_efi_status.h
[0.925s] -- Up-to-date: /home/jose/TCC/install/mavlink/include/mavlink/common/mavlink_msg_hygrometer_sensor.h
[0.925s] -- Up-to-date: /home/jose/TCC/install/mavlink/include/mavlink/common/mavlink_msg_uavcan_node_info.h
[0.925s] -- Up-to-date: /home/jose/TCC/install/mavlink/include/mavlink/common/mavlink_msg_named_value_float.h
[0.925s] -- Up-to-date: /home/jose/TCC/install/mavlink/include/mavlink/common/mavlink_msg_rc_channels_raw.h
[0.925s] -- Up-to-date: /home/jose/TCC/install/mavlink/include/mavlink/common/mavlink_msg_optical_flow_rad.h
[0.925s] -- Up-to-date: /home/jose/TCC/install/mavlink/include/mavlink/common/mavlink_msg_safety_allowed_area.h
[0.925s] -- Up-to-date: /home/jose/TCC/install/mavlink/include/mavlink/common/mavlink_msg_log_request_list.h
[0.925s] -- Up-to-date: /home/jose/TCC/install/mavlink/include/mavlink/common/mavlink_msg_obstacle_distance.h
[0.925s] -- Up-to-date: /home/jose/TCC/install/mavlink/include/mavlink/common/mavlink_msg_setup_signing.h
[0.925s] -- Up-to-date: /home/jose/TCC/install/mavlink/include/mavlink/common/mavlink_msg_esc_info.h
[0.925s] -- Up-to-date: /home/jose/TCC/install/mavlink/include/mavlink/common/mavlink_msg_battery_status.h
[0.925s] -- Up-to-date: /home/jose/TCC/install/mavlink/include/mavlink/common/mavlink_msg_wheel_distance.h
[0.926s] -- Up-to-date: /home/jose/TCC/install/mavlink/include/mavlink/common/mavlink_msg_trajectory_representation_waypoints.h
[0.926s] -- Up-to-date: /home/jose/TCC/install/mavlink/include/mavlink/common/mavlink_msg_debug_float_array.h
[0.926s] -- Up-to-date: /home/jose/TCC/install/mavlink/include/mavlink/common/mavlink_msg_link_node_status.h
[0.926s] -- Up-to-date: /home/jose/TCC/install/mavlink/include/mavlink/common/mavlink_msg_generator_status.h
[0.926s] -- Up-to-date: /home/jose/TCC/install/mavlink/include/mavlink/common/mavlink_msg_event.h
[0.926s] -- Up-to-date: /home/jose/TCC/install/mavlink/include/mavlink/common/mavlink_msg_collision.h
[0.926s] -- Up-to-date: /home/jose/TCC/install/mavlink/include/mavlink/common/mavlink_msg_sim_state.h
[0.926s] -- Up-to-date: /home/jose/TCC/install/mavlink/include/mavlink/common/mavlink_msg_debug.h
[0.926s] -- Up-to-date: /home/jose/TCC/install/mavlink/include/mavlink/common/mavlink_msg_gimbal_manager_set_pitchyaw.h
[0.926s] -- Up-to-date: /home/jose/TCC/install/mavlink/include/mavlink/common/mavlink_msg_scaled_pressure.h
[0.926s] -- Up-to-date: /home/jose/TCC/install/mavlink/include/mavlink/common/mavlink_msg_gimbal_device_set_attitude.h
[0.926s] -- Up-to-date: /home/jose/TCC/install/mavlink/include/mavlink/common/mavlink_msg_can_filter_modify.h
[0.926s] -- Up-to-date: /home/jose/TCC/install/mavlink/include/mavlink/common/mavlink_msg_vfr_hud.h
[0.927s] -- Up-to-date: /home/jose/TCC/install/mavlink/include/mavlink/common/mavlink_msg_gps_status.h
[0.927s] -- Up-to-date: /home/jose/TCC/install/mavlink/include/mavlink/common/mavlink_msg_logging_data_acked.h
[0.927s] -- Up-to-date: /home/jose/TCC/install/mavlink/include/mavlink/common/mavlink_msg_command_cancel.h
[0.927s] -- Up-to-date: /home/jose/TCC/install/mavlink/include/mavlink/common/mavlink_msg_vicon_position_estimate.h
[0.927s] -- Up-to-date: /home/jose/TCC/install/mavlink/include/mavlink/common/mavlink_msg_timesync.h
[0.927s] -- Up-to-date: /home/jose/TCC/install/mavlink/include/mavlink/common/mavlink_msg_vision_speed_estimate.h
[0.927s] -- Up-to-date: /home/jose/TCC/install/mavlink/include/mavlink/common/mavlink_msg_isbd_link_status.h
[0.927s] -- Up-to-date: /home/jose/TCC/install/mavlink/include/mavlink/common/mavlink_msg_nav_controller_output.h
[0.929s] -- Up-to-date: /home/jose/TCC/install/mavlink/include/mavlink/common/mavlink_msg_sys_status.h
[0.930s] -- Up-to-date: /home/jose/TCC/install/mavlink/include/mavlink/common/mavlink_msg_mission_request.h
[0.930s] -- Up-to-date: /home/jose/TCC/install/mavlink/include/mavlink/common/mavlink_msg_position_target_local_ned.h
[0.930s] -- Up-to-date: /home/jose/TCC/install/mavlink/include/mavlink/common/mavlink_msg_scaled_imu.h
[0.930s] -- Up-to-date: /home/jose/TCC/install/mavlink/include/mavlink/common/mavlink_msg_change_operator_control.h
[0.930s] -- Up-to-date: /home/jose/TCC/install/mavlink/include/mavlink/common/mavlink_msg_gps_rtcm_data.h
[0.930s] -- Up-to-date: /home/jose/TCC/install/mavlink/include/mavlink/common/mavlink_msg_param_set.h
[0.930s] -- Up-to-date: /home/jose/TCC/install/mavlink/include/mavlink/common/mavlink_msg_actuator_control_target.h
[0.930s] -- Up-to-date: /home/jose/TCC/install/mavlink/include/mavlink/common/mavlink_msg_winch_status.h
[0.930s] -- Up-to-date: /home/jose/TCC/install/mavlink/include/mavlink/common/mavlink_msg_param_value.h
[0.930s] -- Up-to-date: /home/jose/TCC/install/mavlink/include/mavlink/common/mavlink_msg_manual_setpoint.h
[0.930s] -- Up-to-date: /home/jose/TCC/install/mavlink/include/mavlink/common/mavlink_msg_logging_ack.h
[0.930s] -- Up-to-date: /home/jose/TCC/install/mavlink/include/mavlink/common/mavlink_msg_ais_vessel.h
[0.930s] -- Up-to-date: /home/jose/TCC/install/mavlink/include/mavlink/common/mavlink_msg_camera_information.h
[0.931s] -- Up-to-date: /home/jose/TCC/install/mavlink/include/mavlink/common/mavlink_msg_hil_rc_inputs_raw.h
[0.931s] -- Up-to-date: /home/jose/TCC/install/mavlink/include/mavlink/common/mavlink_msg_set_actuator_control_target.h
[0.931s] -- Up-to-date: /home/jose/TCC/install/mavlink/include/mavlink/common/mavlink_msg_local_position_ned_cov.h
[0.931s] -- Up-to-date: /home/jose/TCC/install/mavlink/include/mavlink/common/mavlink_msg_set_home_position.h
[0.931s] -- Up-to-date: /home/jose/TCC/install/mavlink/include/mavlink/common/mavlink_msg_open_drone_id_basic_id.h
[0.931s] -- Up-to-date: /home/jose/TCC/install/mavlink/include/mavlink/common/mavlink_msg_named_value_int.h
[0.931s] -- Up-to-date: /home/jose/TCC/install/mavlink/include/mavlink/common/mavlink_msg_utm_global_position.h
[0.931s] -- Up-to-date: /home/jose/TCC/install/mavlink/include/mavlink/common/mavlink_msg_param_ext_ack.h
[0.931s] -- Up-to-date: /home/jose/TCC/install/mavlink/include/mavlink/common/mavlink_msg_camera_trigger.h
[0.931s] -- Up-to-date: /home/jose/TCC/install/mavlink/include/mavlink/common/mavlink_msg_raw_rpm.h
[0.931s] -- Up-to-date: /home/jose/TCC/install/mavlink/include/mavlink/common/mavlink_msg_log_request_data.h
[0.931s] -- Up-to-date: /home/jose/TCC/install/mavlink/include/mavlink/common/mavlink_msg_rc_channels_override.h
[0.932s] -- Up-to-date: /home/jose/TCC/install/mavlink/include/mavlink/common/mavlink_msg_file_transfer_protocol.h
[0.932s] -- Up-to-date: /home/jose/TCC/install/mavlink/include/mavlink/common/mavlink_msg_odometry.h
[0.932s] -- Up-to-date: /home/jose/TCC/install/mavlink/include/mavlink/common/mavlink_msg_radio_status.h
[0.932s] -- Up-to-date: /home/jose/TCC/install/mavlink/include/mavlink/common/mavlink_msg_storage_information.h
[0.932s] -- Up-to-date: /home/jose/TCC/install/mavlink/include/mavlink/common/mavlink_msg_trajectory_representation_bezier.h
[0.932s] -- Up-to-date: /home/jose/TCC/install/mavlink/include/mavlink/common/mavlink_msg_fuel_status.h
[0.932s] -- Up-to-date: /home/jose/TCC/install/mavlink/include/mavlink/common/mavlink_msg_rc_channels_scaled.h
[0.932s] -- Up-to-date: /home/jose/TCC/install/mavlink/include/mavlink/common/mavlink_msg_param_ext_value.h
[0.932s] -- Up-to-date: /home/jose/TCC/install/mavlink/include/mavlink/common/mavlink_msg_scaled_pressure2.h
[0.932s] -- Up-to-date: /home/jose/TCC/install/mavlink/include/mavlink/common/mavlink_msg_attitude_quaternion.h
[0.932s] -- Up-to-date: /home/jose/TCC/install/mavlink/include/mavlink/common/mavlink_msg_rc_channels.h
[0.933s] -- Up-to-date: /home/jose/TCC/install/mavlink/include/mavlink/common/mavlink_msg_statustext.h
[0.933s] -- Up-to-date: /home/jose/TCC/install/mavlink/include/mavlink/common/mavlink_msg_highres_imu.h
[0.933s] -- Up-to-date: /home/jose/TCC/install/mavlink/include/mavlink/common/mavlink_msg_control_system_state.h
[0.933s] -- Up-to-date: /home/jose/TCC/install/mavlink/include/mavlink/common/mavlink_msg_gimbal_manager_status.h
[0.933s] -- Up-to-date: /home/jose/TCC/install/mavlink/include/mavlink/common/mavlink_msg_param_map_rc.h
[0.933s] -- Up-to-date: /home/jose/TCC/install/mavlink/include/mavlink/common/mavlink_msg_gps_raw_int.h
[0.933s] -- Up-to-date: /home/jose/TCC/install/mavlink/include/mavlink/common/mavlink_msg_open_drone_id_system_update.h
[0.933s] -- Up-to-date: /home/jose/TCC/install/mavlink/include/mavlink/common/mavlink_msg_altitude.h
[0.933s] -- Up-to-date: /home/jose/TCC/install/mavlink/include/mavlink/common/mavlink_msg_esc_status.h
[0.933s] -- Up-to-date: /home/jose/TCC/install/mavlink/include/mavlink/common/mavlink_msg_cellular_config.h
[0.933s] -- Up-to-date: /home/jose/TCC/install/mavlink/include/mavlink/common/mavlink_msg_ping.h
[0.933s] -- Up-to-date: /home/jose/TCC/install/mavlink/include/mavlink/common/mavlink_msg_auth_key.h
[0.934s] -- Up-to-date: /home/jose/TCC/install/mavlink/include/mavlink/common/mavlink_msg_camera_thermal_range.h
[0.934s] -- Up-to-date: /home/jose/TCC/install/mavlink/include/mavlink/common/mavlink_msg_hil_optical_flow.h
[0.935s] -- Up-to-date: /home/jose/TCC/install/mavlink/include/mavlink/common/mavlink_msg_camera_settings.h
[0.935s] -- Up-to-date: /home/jose/TCC/install/mavlink/include/mavlink/common/mavlink_msg_param_request_list.h
[0.935s] -- Up-to-date: /home/jose/TCC/install/mavlink/include/mavlink/common/mavlink_msg_play_tune.h
[0.935s] -- Up-to-date: /home/jose/TCC/install/mavlink/include/mavlink/common/mavlink_msg_battery_info.h
[0.935s] -- Up-to-date: /home/jose/TCC/install/mavlink/include/mavlink/common/mavlink_msg_mission_current.h
[0.935s] -- Up-to-date: /home/jose/TCC/install/mavlink/include/mavlink/common/mavlink_msg_servo_output_raw.h
[0.935s] -- Up-to-date: /home/jose/TCC/install/mavlink/include/mavlink/common/mavlink_msg_param_ext_request_read.h
[0.935s] -- Up-to-date: /home/jose/TCC/install/mavlink/include/mavlink/common/mavlink_msg_camera_image_captured.h
[0.936s] -- Up-to-date: /home/jose/TCC/install/mavlink/include/mavlink/common/mavlink_msg_mount_orientation.h
[0.936s] -- Up-to-date: /home/jose/TCC/install/mavlink/include/mavlink/common/mavlink_msg_distance_sensor.h
[0.936s] -- Up-to-date: /home/jose/TCC/install/mavlink/include/mavlink/common/mavlink_msg_component_information.h
[0.936s] -- Up-to-date: /home/jose/TCC/install/mavlink/include/mavlink/common/mavlink_msg_gps_rtk.h
[0.936s] -- Up-to-date: /home/jose/TCC/install/mavlink/include/mavlink/common/mavlink_msg_mag_cal_report.h
[0.936s] -- Up-to-date: /home/jose/TCC/install/mavlink/include/mavlink/common/mavlink_msg_vision_position_estimate.h
[0.936s] -- Up-to-date: /home/jose/TCC/install/mavlink/include/mavlink/common/mavlink_msg_optical_flow.h
[0.936s] -- Up-to-date: /home/jose/TCC/install/mavlink/include/mavlink/common/mavlink_msg_att_pos_mocap.h
[0.936s] -- Up-to-date: /home/jose/TCC/install/mavlink/include/mavlink/common/version.h
[0.936s] -- Up-to-date: /home/jose/TCC/install/mavlink/include/mavlink/common/mavlink_msg_mission_item_int.h
[0.936s] -- Up-to-date: /home/jose/TCC/install/mavlink/include/mavlink/common/mavlink_msg_time_estimate_to_target.h
[0.936s] -- Up-to-date: /home/jose/TCC/install/mavlink/include/mavlink/common/mavlink_msg_encapsulated_data.h
[0.937s] -- Up-to-date: /home/jose/TCC/install/mavlink/include/mavlink/common/mavlink_msg_terrain_check.h
[0.937s] -- Up-to-date: /home/jose/TCC/install/mavlink/include/mavlink/common/mavlink_msg_param_ext_set.h
[0.937s] -- Up-to-date: /home/jose/TCC/install/mavlink/include/mavlink/common/mavlink_msg_position_target_global_int.h
[0.937s] -- Up-to-date: /home/jose/TCC/install/mavlink/include/mavlink/common/mavlink_msg_extended_sys_state.h
[0.937s] -- Up-to-date: /home/jose/TCC/install/mavlink/include/mavlink/common/mavlink_msg_manual_control.h
[0.937s] -- Up-to-date: /home/jose/TCC/install/mavlink/include/mavlink/common/mavlink_msg_command_int.h
[0.937s] -- Up-to-date: /home/jose/TCC/install/mavlink/include/mavlink/common/mavlink_msg_command_ack.h
[0.937s] -- Up-to-date: /home/jose/TCC/install/mavlink/include/mavlink/common/mavlink_msg_scaled_imu3.h
[0.937s] -- Up-to-date: /home/jose/TCC/install/mavlink/include/mavlink/common/mavlink_msg_log_entry.h
[0.937s] -- Up-to-date: /home/jose/TCC/install/mavlink/include/mavlink/common/mavlink_msg_local_position_ned.h
[0.937s] -- Up-to-date: /home/jose/TCC/install/mavlink/include/mavlink/common/mavlink_msg_available_modes.h
[0.937s] -- Up-to-date: /home/jose/TCC/install/mavlink/include/mavlink/common/mavlink_msg_gps_input.h
[0.937s] -- Up-to-date: /home/jose/TCC/install/mavlink/include/mavlink/common/mavlink_msg_camera_tracking_image_status.h
[0.938s] -- Up-to-date: /home/jose/TCC/install/mavlink/include/mavlink/common/mavlink_msg_mission_item.h
[0.938s] -- Up-to-date: /home/jose/TCC/install/mavlink/include/mavlink/common/mavlink_msg_current_event_sequence.h
[0.938s] -- Up-to-date: /home/jose/TCC/install/mavlink/include/mavlink/common/mavlink_msg_safety_set_allowed_area.h
[0.938s] -- Up-to-date: /home/jose/TCC/install/mavlink/include/mavlink/common/mavlink_msg_orbit_execution_status.h
[0.938s] -- Up-to-date: /home/jose/TCC/install/mavlink/include/mavlink/common/mavlink_msg_gps2_rtk.h
[0.938s] -- Up-to-date: /home/jose/TCC/install/mavlink/include/mavlink/common/mavlink_msg_high_latency.h
[0.938s] -- Up-to-date: /home/jose/TCC/install/mavlink/include/mavlink/common/mavlink_msg_set_position_target_global_int.h
[0.938s] -- Up-to-date: /home/jose/TCC/install/mavlink/include/mavlink/common/mavlink_msg_gimbal_manager_information.h
[0.938s] -- Up-to-date: /home/jose/TCC/install/mavlink/include/mavlink/mavlink_conversions.h
[0.938s] -- Up-to-date: /home/jose/TCC/install/mavlink/include/mavlink/standard
[0.938s] -- Up-to-date: /home/jose/TCC/install/mavlink/include/mavlink/standard/mavlink.h
[0.938s] -- Up-to-date: /home/jose/TCC/install/mavlink/include/mavlink/standard/standard.h
[0.938s] -- Up-to-date: /home/jose/TCC/install/mavlink/include/mavlink/standard/testsuite.h
[0.938s] -- Up-to-date: /home/jose/TCC/install/mavlink/include/mavlink/standard/version.h
[0.939s] -- Up-to-date: /home/jose/TCC/install/mavlink/include/mavlink/protocol.h
[0.939s] -- Up-to-date: /home/jose/TCC/install/mavlink/include/mavlink/mavlink_types.h
[0.939s] -- Up-to-date: /home/jose/TCC/install/mavlink/include/mavlink/minimal
[0.939s] -- Up-to-date: /home/jose/TCC/install/mavlink/include/mavlink/minimal/mavlink.h
[0.939s] -- Up-to-date: /home/jose/TCC/install/mavlink/include/mavlink/minimal/mavlink_msg_protocol_version.h
[0.939s] -- Up-to-date: /home/jose/TCC/install/mavlink/include/mavlink/minimal/testsuite.h
[0.939s] -- Up-to-date: /home/jose/TCC/install/mavlink/include/mavlink/minimal/mavlink_msg_heartbeat.h
[0.939s] -- Up-to-date: /home/jose/TCC/install/mavlink/include/mavlink/minimal/version.h
[0.939s] -- Up-to-date: /home/jose/TCC/install/mavlink/include/mavlink/minimal/minimal.h
[0.939s] -- Up-to-date: /home/jose/TCC/install/mavlink/lib/cmake/MAVLink/MAVLinkTargets.cmake
[0.939s] -- Up-to-date: /home/jose/TCC/install/mavlink/lib/cmake/MAVLink/MAVLinkConfig.cmake
[0.941s] Invoked command in '/home/jose/TCC/build/mavlink' returned '0': /usr/bin/cmake --install /home/jose/TCC/build/mavlink
