[2.788s] Invoking command in '/home/jose/TCC/build/ament_package': PYTHONPATH=/home/jose/TCC/build/ament_package/prefix_override:/usr/lib/python3/dist-packages/colcon_core/task/python/colcon_distutils_commands:/home/jose/TCC/install/ament_package/lib/python3.10/site-packages:${PYTHONPATH} /usr/bin/python3 -W ignore:setup.py install is deprecated -W ignore:easy_install command is deprecated setup.py develop --editable --build-directory /home/jose/TCC/build/ament_package/build --no-deps symlink_data
[3.213s] running develop
[3.518s] running egg_info
[3.518s] creating ament_package.egg-info
[3.519s] writing ament_package.egg-info/PKG-INFO
[3.519s] writing dependency_links to ament_package.egg-info/dependency_links.txt
[3.519s] writing top-level names to ament_package.egg-info/top_level.txt
[3.519s] writing manifest file 'ament_package.egg-info/SOURCES.txt'
[3.520s] reading manifest file 'ament_package.egg-info/SOURCES.txt'
[3.521s] writing manifest file 'ament_package.egg-info/SOURCES.txt'
[3.525s] running build_ext
[3.525s] Creating /home/jose/TCC/install/ament_package/lib/python3.10/site-packages/ament-package.egg-link (link to .)
[3.525s] 
[3.525s] Installed /home/jose/TCC/build/ament_package
[3.526s] running symlink_data
[3.526s] symbolically linking /home/jose/TCC/build/ament_package/package.xml -> /home/jose/TCC/install/ament_package/share/ament_package
[3.526s] creating /home/jose/TCC/install/ament_package/share/ament_index
[3.526s] creating /home/jose/TCC/install/ament_package/share/ament_index/resource_index
[3.526s] creating /home/jose/TCC/install/ament_package/share/ament_index/resource_index/packages
[3.526s] symbolically linking /home/jose/TCC/build/ament_package/resource/ament_package -> /home/jose/TCC/install/ament_package/share/ament_index/resource_index/packages
[3.950s] Invoked command in '/home/jose/TCC/build/ament_package' returned '0': PYTHONPATH=/home/jose/TCC/build/ament_package/prefix_override:/usr/lib/python3/dist-packages/colcon_core/task/python/colcon_distutils_commands:/home/jose/TCC/install/ament_package/lib/python3.10/site-packages:${PYTHONPATH} /usr/bin/python3 -W ignore:setup.py install is deprecated -W ignore:easy_install command is deprecated setup.py develop --editable --build-directory /home/jose/TCC/build/ament_package/build --no-deps symlink_data
