running develop
Removing /home/jose/TCC/install/wind_turbine/lib/python3.10/site-packages/wind-turbine.egg-link (link to .)
running egg_info
writing ../../build/wind_turbine/wind_turbine.egg-info/PKG-INFO
writing dependency_links to ../../build/wind_turbine/wind_turbine.egg-info/dependency_links.txt
writing entry points to ../../build/wind_turbine/wind_turbine.egg-info/entry_points.txt
writing requirements to ../../build/wind_turbine/wind_turbine.egg-info/requires.txt
writing top-level names to ../../build/wind_turbine/wind_turbine.egg-info/top_level.txt
reading manifest file '../../build/wind_turbine/wind_turbine.egg-info/SOURCES.txt'
writing manifest file '../../build/wind_turbine/wind_turbine.egg-info/SOURCES.txt'
running build
running build_py
running install
running install_lib
creating /home/jose/TCC/install/wind_turbine/lib/python3.10/site-packages/wind_turbine
copying /home/jose/TCC/build/wind_turbine/build/lib/wind_turbine/__init__.py -> /home/jose/TCC/install/wind_turbine/lib/python3.10/site-packages/wind_turbine
byte-compiling /home/jose/TCC/install/wind_turbine/lib/python3.10/site-packages/wind_turbine/__init__.py to __init__.cpython-310.pyc
running install_data
copying package.xml -> /home/jose/TCC/install/wind_turbine/share/wind_turbine
copying launch/wind_launch.py -> /home/jose/TCC/install/wind_turbine/share/wind_turbine/launch
copying worlds/wind_world.sdf -> /home/jose/TCC/install/wind_turbine/share/wind_turbine/worlds
running install_egg_info
Copying ../../build/wind_turbine/wind_turbine.egg-info to /home/jose/TCC/install/wind_turbine/lib/python3.10/site-packages/wind_turbine-0.0.0-py3.10.egg-info
running install_scripts
Installing teleop_cmd_vel script to /home/jose/TCC/install/wind_turbine/lib/wind_turbine
writing list of installed files to '/home/jose/TCC/build/wind_turbine/install.log'
