[1.227s] Invoking command in '/home/jose/TCC/src/windwind': PYTHONPATH=/home/jose/TCC/build/windwind/prefix_override:/usr/lib/python3/dist-packages/colcon_core/task/python/colcon_distutils_commands:/home/jose/TCC/install/windwind/lib/python3.10/site-packages:${PYTHONPATH} /usr/bin/python3 -W ignore:setup.py install is deprecated -W ignore:easy_install command is deprecated setup.py egg_info --egg-base ../../build/windwind build --build-base /home/jose/TCC/build/windwind/build install --record /home/jose/TCC/build/windwind/install.log --install-scripts $base/lib/WindTURBINE_description --single-version-externally-managed install_data
[1.560s] /usr/lib/python3/dist-packages/setuptools/dist.py:723: UserWarning: Usage of dash-separated 'script-dir' will not be supported in future versions. Please use the underscore name 'script_dir' instead
[1.560s]   warnings.warn(
[1.567s] running egg_info
[1.567s] writing ../../build/windwind/windwind.egg-info/PKG-INFO
[1.567s] writing dependency_links to ../../build/windwind/windwind.egg-info/dependency_links.txt
[1.567s] writing entry points to ../../build/windwind/windwind.egg-info/entry_points.txt
[1.567s] writing requirements to ../../build/windwind/windwind.egg-info/requires.txt
[1.567s] writing top-level names to ../../build/windwind/windwind.egg-info/top_level.txt
[1.568s] reading manifest file '../../build/windwind/windwind.egg-info/SOURCES.txt'
[1.569s] writing manifest file '../../build/windwind/windwind.egg-info/SOURCES.txt'
[1.569s] running build
[1.569s] running build_py
[1.569s] running install
[1.569s] running install_lib
[1.571s] running install_data
[1.571s] copying launch/gazebo.launch.py -> /home/jose/TCC/install/windwind/share/windwind/launch
[1.572s] running install_egg_info
[1.574s] removing '/home/jose/TCC/install/windwind/lib/python3.10/site-packages/windwind-0.0.0-py3.10.egg-info' (and everything under it)
[1.574s] Copying ../../build/windwind/windwind.egg-info to /home/jose/TCC/install/windwind/lib/python3.10/site-packages/windwind-0.0.0-py3.10.egg-info
[1.575s] running install_scripts
[1.602s] writing list of installed files to '/home/jose/TCC/build/windwind/install.log'
[1.632s] Invoked command in '/home/jose/TCC/src/windwind' returned '0': PYTHONPATH=/home/jose/TCC/build/windwind/prefix_override:/usr/lib/python3/dist-packages/colcon_core/task/python/colcon_distutils_commands:/home/jose/TCC/install/windwind/lib/python3.10/site-packages:${PYTHONPATH} /usr/bin/python3 -W ignore:setup.py install is deprecated -W ignore:easy_install command is deprecated setup.py egg_info --egg-base ../../build/windwind build --build-base /home/jose/TCC/build/windwind/build install --record /home/jose/TCC/build/windwind/install.log --install-scripts $base/lib/WindTURBINE_description --single-version-externally-managed install_data
