[1.279s] Invoking command in '/home/jose/TCC/src/windwind_description': PYTHONPATH=/home/jose/TCC/build/windwind_description/prefix_override:/usr/lib/python3/dist-packages/colcon_core/task/python/colcon_distutils_commands:/home/jose/TCC/install/windwind_description/lib/python3.10/site-packages:${PYTHONPATH} /usr/bin/python3 -W ignore:setup.py install is deprecated -W ignore:easy_install command is deprecated setup.py egg_info --egg-base ../../build/windwind_description build --build-base /home/jose/TCC/build/windwind_description/build install --record /home/jose/TCC/build/windwind_description/install.log --install-scripts $base/lib/windwind_description --single-version-externally-managed install_data
[1.621s] /usr/lib/python3/dist-packages/setuptools/dist.py:723: UserWarning: Usage of dash-separated 'script-dir' will not be supported in future versions. Please use the underscore name 'script_dir' instead
[1.621s]   warnings.warn(
[1.627s] running egg_info
[1.628s] writing ../../build/windwind_description/windwind_description.egg-info/PKG-INFO
[1.628s] writing dependency_links to ../../build/windwind_description/windwind_description.egg-info/dependency_links.txt
[1.628s] writing entry points to ../../build/windwind_description/windwind_description.egg-info/entry_points.txt
[1.628s] writing requirements to ../../build/windwind_description/windwind_description.egg-info/requires.txt
[1.628s] writing top-level names to ../../build/windwind_description/windwind_description.egg-info/top_level.txt
[1.629s] reading manifest file '../../build/windwind_description/windwind_description.egg-info/SOURCES.txt'
[1.630s] writing manifest file '../../build/windwind_description/windwind_description.egg-info/SOURCES.txt'
[1.630s] running build
[1.630s] running build_py
[1.631s] running install
[1.631s] running install_lib
[1.632s] running install_data
[1.633s] running install_egg_info
[1.635s] removing '/home/jose/TCC/install/windwind_description/lib/python3.10/site-packages/windwind_description-0.0.0-py3.10.egg-info' (and everything under it)
[1.635s] Copying ../../build/windwind_description/windwind_description.egg-info to /home/jose/TCC/install/windwind_description/lib/python3.10/site-packages/windwind_description-0.0.0-py3.10.egg-info
[1.636s] running install_scripts
[1.663s] writing list of installed files to '/home/jose/TCC/build/windwind_description/install.log'
[1.678s] Invoked command in '/home/jose/TCC/src/windwind_description' returned '0': PYTHONPATH=/home/jose/TCC/build/windwind_description/prefix_override:/usr/lib/python3/dist-packages/colcon_core/task/python/colcon_distutils_commands:/home/jose/TCC/install/windwind_description/lib/python3.10/site-packages:${PYTHONPATH} /usr/bin/python3 -W ignore:setup.py install is deprecated -W ignore:easy_install command is deprecated setup.py egg_info --egg-base ../../build/windwind_description build --build-base /home/jose/TCC/build/windwind_description/build install --record /home/jose/TCC/build/windwind_description/install.log --install-scripts $base/lib/windwind_description --single-version-externally-managed install_data
