[35m[1mConsolidate compiler generated dependencies of target gtest_main[0m
[35m[1mConsolidate compiler generated dependencies of target gtest[0m
[35m[1mConsolidate compiler generated dependencies of target geographic_msgs__rosidl_generator_c[0m
[  0%] Built target geographic_msgs__cpp
[  1%] Built target gtest_main
[  2%] Built target gtest
[ 13%] Built target geographic_msgs__rosidl_generator_c
[ 13%] Built target ament_cmake_python_symlink_geographic_msgs
[35m[1mConsolidate compiler generated dependencies of target geographic_msgs__rosidl_typesupport_cpp[0m
[35m[1mConsolidate compiler generated dependencies of target geographic_msgs__rosidl_typesupport_introspection_cpp[0m
[35m[1mConsolidate compiler generated dependencies of target geographic_msgs__rosidl_typesupport_fastrtps_cpp[0m
[35m[1mConsolidate compiler generated dependencies of target geographic_msgs__rosidl_typesupport_introspection_c[0m
[35m[1mConsolidate compiler generated dependencies of target geographic_msgs__rosidl_typesupport_c[0m
[35m[1mConsolidate compiler generated dependencies of target geographic_msgs__rosidl_typesupport_fastrtps_c[0m
[ 47%] Built target geographic_msgs__rosidl_typesupport_c
[ 47%] Built target geographic_msgs__rosidl_typesupport_introspection_cpp
[ 48%] Built target geographic_msgs__rosidl_typesupport_cpp
[ 60%] Built target geographic_msgs__rosidl_typesupport_introspection_c
[ 72%] Built target geographic_msgs__rosidl_typesupport_fastrtps_cpp
[ 83%] Built target geographic_msgs__rosidl_typesupport_fastrtps_c
[35m[1mConsolidate compiler generated dependencies of target validation_test[0m
[ 85%] Built target validation_test
[ 85%] Built target geographic_msgs
[ 86%] Built target geographic_msgs__py
[35m[1mConsolidate compiler generated dependencies of target geographic_msgs__rosidl_generator_py[0m
[ 97%] Built target geographic_msgs__rosidl_generator_py
[35m[1mConsolidate compiler generated dependencies of target geographic_msgs__rosidl_typesupport_fastrtps_c__pyext[0m
[35m[1mConsolidate compiler generated dependencies of target geographic_msgs__rosidl_typesupport_c__pyext[0m
[35m[1mConsolidate compiler generated dependencies of target geographic_msgs__rosidl_typesupport_introspection_c__pyext[0m
[100%] Built target geographic_msgs__rosidl_typesupport_c__pyext
[100%] Built target geographic_msgs__rosidl_typesupport_fastrtps_c__pyext
[100%] Built target geographic_msgs__rosidl_typesupport_introspection_c__pyext
running egg_info
writing geographic_msgs.egg-info/PKG-INFO
writing dependency_links to geographic_msgs.egg-info/dependency_links.txt
writing top-level names to geographic_msgs.egg-info/top_level.txt
reading manifest file 'geographic_msgs.egg-info/SOURCES.txt'
writing manifest file 'geographic_msgs.egg-info/SOURCES.txt'
[100%] Built target ament_cmake_python_build_geographic_msgs_egg
-- Install configuration: ""
-- Execute custom install script
-- Symlinking: /home/jose/TCC/install/geographic_msgs/share/ament_index/resource_index/rosidl_interfaces/geographic_msgs
-- Symlinking: /home/jose/TCC/install/geographic_msgs/include/geographic_msgs/geographic_msgs/msg/bounding_box.h
-- Symlinking: /home/jose/TCC/install/geographic_msgs/include/geographic_msgs/geographic_msgs/msg/detail/bounding_box__functions.h
-- Symlinking: /home/jose/TCC/install/geographic_msgs/include/geographic_msgs/geographic_msgs/msg/detail/bounding_box__struct.h
-- Symlinking: /home/jose/TCC/install/geographic_msgs/include/geographic_msgs/geographic_msgs/msg/detail/bounding_box__type_support.h
-- Symlinking: /home/jose/TCC/install/geographic_msgs/include/geographic_msgs/geographic_msgs/msg/detail/geo_path__functions.h
-- Symlinking: /home/jose/TCC/install/geographic_msgs/include/geographic_msgs/geographic_msgs/msg/detail/geo_path__struct.h
-- Symlinking: /home/jose/TCC/install/geographic_msgs/include/geographic_msgs/geographic_msgs/msg/detail/geo_path__type_support.h
-- Symlinking: /home/jose/TCC/install/geographic_msgs/include/geographic_msgs/geographic_msgs/msg/detail/geo_point__functions.h
-- Symlinking: /home/jose/TCC/install/geographic_msgs/include/geographic_msgs/geographic_msgs/msg/detail/geo_point__struct.h
-- Symlinking: /home/jose/TCC/install/geographic_msgs/include/geographic_msgs/geographic_msgs/msg/detail/geo_point__type_support.h
-- Symlinking: /home/jose/TCC/install/geographic_msgs/include/geographic_msgs/geographic_msgs/msg/detail/geo_point_stamped__functions.h
-- Symlinking: /home/jose/TCC/install/geographic_msgs/include/geographic_msgs/geographic_msgs/msg/detail/geo_point_stamped__struct.h
-- Symlinking: /home/jose/TCC/install/geographic_msgs/include/geographic_msgs/geographic_msgs/msg/detail/geo_point_stamped__type_support.h
-- Symlinking: /home/jose/TCC/install/geographic_msgs/include/geographic_msgs/geographic_msgs/msg/detail/geo_pose__functions.h
-- Symlinking: /home/jose/TCC/install/geographic_msgs/include/geographic_msgs/geographic_msgs/msg/detail/geo_pose__struct.h
-- Symlinking: /home/jose/TCC/install/geographic_msgs/include/geographic_msgs/geographic_msgs/msg/detail/geo_pose__type_support.h
-- Symlinking: /home/jose/TCC/install/geographic_msgs/include/geographic_msgs/geographic_msgs/msg/detail/geo_pose_stamped__functions.h
-- Symlinking: /home/jose/TCC/install/geographic_msgs/include/geographic_msgs/geographic_msgs/msg/detail/geo_pose_stamped__struct.h
-- Symlinking: /home/jose/TCC/install/geographic_msgs/include/geographic_msgs/geographic_msgs/msg/detail/geo_pose_stamped__type_support.h
-- Symlinking: /home/jose/TCC/install/geographic_msgs/include/geographic_msgs/geographic_msgs/msg/detail/geo_pose_with_covariance__functions.h
-- Symlinking: /home/jose/TCC/install/geographic_msgs/include/geographic_msgs/geographic_msgs/msg/detail/geo_pose_with_covariance__struct.h
-- Symlinking: /home/jose/TCC/install/geographic_msgs/include/geographic_msgs/geographic_msgs/msg/detail/geo_pose_with_covariance__type_support.h
-- Symlinking: /home/jose/TCC/install/geographic_msgs/include/geographic_msgs/geographic_msgs/msg/detail/geo_pose_with_covariance_stamped__functions.h
-- Symlinking: /home/jose/TCC/install/geographic_msgs/include/geographic_msgs/geographic_msgs/msg/detail/geo_pose_with_covariance_stamped__struct.h
-- Symlinking: /home/jose/TCC/install/geographic_msgs/include/geographic_msgs/geographic_msgs/msg/detail/geo_pose_with_covariance_stamped__type_support.h
-- Symlinking: /home/jose/TCC/install/geographic_msgs/include/geographic_msgs/geographic_msgs/msg/detail/geographic_map__functions.h
-- Symlinking: /home/jose/TCC/install/geographic_msgs/include/geographic_msgs/geographic_msgs/msg/detail/geographic_map__struct.h
-- Symlinking: /home/jose/TCC/install/geographic_msgs/include/geographic_msgs/geographic_msgs/msg/detail/geographic_map__type_support.h
-- Symlinking: /home/jose/TCC/install/geographic_msgs/include/geographic_msgs/geographic_msgs/msg/detail/geographic_map_changes__functions.h
-- Symlinking: /home/jose/TCC/install/geographic_msgs/include/geographic_msgs/geographic_msgs/msg/detail/geographic_map_changes__struct.h
-- Symlinking: /home/jose/TCC/install/geographic_msgs/include/geographic_msgs/geographic_msgs/msg/detail/geographic_map_changes__type_support.h
-- Symlinking: /home/jose/TCC/install/geographic_msgs/include/geographic_msgs/geographic_msgs/msg/detail/key_value__functions.h
-- Symlinking: /home/jose/TCC/install/geographic_msgs/include/geographic_msgs/geographic_msgs/msg/detail/key_value__struct.h
-- Symlinking: /home/jose/TCC/install/geographic_msgs/include/geographic_msgs/geographic_msgs/msg/detail/key_value__type_support.h
-- Symlinking: /home/jose/TCC/install/geographic_msgs/include/geographic_msgs/geographic_msgs/msg/detail/map_feature__functions.h
-- Symlinking: /home/jose/TCC/install/geographic_msgs/include/geographic_msgs/geographic_msgs/msg/detail/map_feature__struct.h
-- Symlinking: /home/jose/TCC/install/geographic_msgs/include/geographic_msgs/geographic_msgs/msg/detail/map_feature__type_support.h
-- Symlinking: /home/jose/TCC/install/geographic_msgs/include/geographic_msgs/geographic_msgs/msg/detail/route_network__functions.h
-- Symlinking: /home/jose/TCC/install/geographic_msgs/include/geographic_msgs/geographic_msgs/msg/detail/route_network__struct.h
-- Symlinking: /home/jose/TCC/install/geographic_msgs/include/geographic_msgs/geographic_msgs/msg/detail/route_network__type_support.h
-- Symlinking: /home/jose/TCC/install/geographic_msgs/include/geographic_msgs/geographic_msgs/msg/detail/route_path__functions.h
-- Symlinking: /home/jose/TCC/install/geographic_msgs/include/geographic_msgs/geographic_msgs/msg/detail/route_path__struct.h
-- Symlinking: /home/jose/TCC/install/geographic_msgs/include/geographic_msgs/geographic_msgs/msg/detail/route_path__type_support.h
-- Symlinking: /home/jose/TCC/install/geographic_msgs/include/geographic_msgs/geographic_msgs/msg/detail/route_segment__functions.h
-- Symlinking: /home/jose/TCC/install/geographic_msgs/include/geographic_msgs/geographic_msgs/msg/detail/route_segment__struct.h
-- Symlinking: /home/jose/TCC/install/geographic_msgs/include/geographic_msgs/geographic_msgs/msg/detail/route_segment__type_support.h
-- Symlinking: /home/jose/TCC/install/geographic_msgs/include/geographic_msgs/geographic_msgs/msg/detail/way_point__functions.h
-- Symlinking: /home/jose/TCC/install/geographic_msgs/include/geographic_msgs/geographic_msgs/msg/detail/way_point__struct.h
-- Symlinking: /home/jose/TCC/install/geographic_msgs/include/geographic_msgs/geographic_msgs/msg/detail/way_point__type_support.h
-- Symlinking: /home/jose/TCC/install/geographic_msgs/include/geographic_msgs/geographic_msgs/msg/geo_path.h
-- Symlinking: /home/jose/TCC/install/geographic_msgs/include/geographic_msgs/geographic_msgs/msg/geo_point.h
-- Symlinking: /home/jose/TCC/install/geographic_msgs/include/geographic_msgs/geographic_msgs/msg/geo_point_stamped.h
-- Symlinking: /home/jose/TCC/install/geographic_msgs/include/geographic_msgs/geographic_msgs/msg/geo_pose.h
-- Symlinking: /home/jose/TCC/install/geographic_msgs/include/geographic_msgs/geographic_msgs/msg/geo_pose_stamped.h
-- Symlinking: /home/jose/TCC/install/geographic_msgs/include/geographic_msgs/geographic_msgs/msg/geo_pose_with_covariance.h
-- Symlinking: /home/jose/TCC/install/geographic_msgs/include/geographic_msgs/geographic_msgs/msg/geo_pose_with_covariance_stamped.h
-- Symlinking: /home/jose/TCC/install/geographic_msgs/include/geographic_msgs/geographic_msgs/msg/geographic_map.h
-- Symlinking: /home/jose/TCC/install/geographic_msgs/include/geographic_msgs/geographic_msgs/msg/geographic_map_changes.h
-- Symlinking: /home/jose/TCC/install/geographic_msgs/include/geographic_msgs/geographic_msgs/msg/key_value.h
-- Symlinking: /home/jose/TCC/install/geographic_msgs/include/geographic_msgs/geographic_msgs/msg/map_feature.h
-- Symlinking: /home/jose/TCC/install/geographic_msgs/include/geographic_msgs/geographic_msgs/msg/rosidl_generator_c__visibility_control.h
-- Symlinking: /home/jose/TCC/install/geographic_msgs/include/geographic_msgs/geographic_msgs/msg/route_network.h
-- Symlinking: /home/jose/TCC/install/geographic_msgs/include/geographic_msgs/geographic_msgs/msg/route_path.h
-- Symlinking: /home/jose/TCC/install/geographic_msgs/include/geographic_msgs/geographic_msgs/msg/route_segment.h
-- Symlinking: /home/jose/TCC/install/geographic_msgs/include/geographic_msgs/geographic_msgs/msg/way_point.h
-- Symlinking: /home/jose/TCC/install/geographic_msgs/include/geographic_msgs/geographic_msgs/srv/detail/get_geo_path__functions.h
-- Symlinking: /home/jose/TCC/install/geographic_msgs/include/geographic_msgs/geographic_msgs/srv/detail/get_geo_path__struct.h
-- Symlinking: /home/jose/TCC/install/geographic_msgs/include/geographic_msgs/geographic_msgs/srv/detail/get_geo_path__type_support.h
-- Symlinking: /home/jose/TCC/install/geographic_msgs/include/geographic_msgs/geographic_msgs/srv/detail/get_geographic_map__functions.h
-- Symlinking: /home/jose/TCC/install/geographic_msgs/include/geographic_msgs/geographic_msgs/srv/detail/get_geographic_map__struct.h
-- Symlinking: /home/jose/TCC/install/geographic_msgs/include/geographic_msgs/geographic_msgs/srv/detail/get_geographic_map__type_support.h
-- Symlinking: /home/jose/TCC/install/geographic_msgs/include/geographic_msgs/geographic_msgs/srv/detail/get_route_plan__functions.h
-- Symlinking: /home/jose/TCC/install/geographic_msgs/include/geographic_msgs/geographic_msgs/srv/detail/get_route_plan__struct.h
-- Symlinking: /home/jose/TCC/install/geographic_msgs/include/geographic_msgs/geographic_msgs/srv/detail/get_route_plan__type_support.h
-- Symlinking: /home/jose/TCC/install/geographic_msgs/include/geographic_msgs/geographic_msgs/srv/detail/update_geographic_map__functions.h
-- Symlinking: /home/jose/TCC/install/geographic_msgs/include/geographic_msgs/geographic_msgs/srv/detail/update_geographic_map__struct.h
-- Symlinking: /home/jose/TCC/install/geographic_msgs/include/geographic_msgs/geographic_msgs/srv/detail/update_geographic_map__type_support.h
-- Symlinking: /home/jose/TCC/install/geographic_msgs/include/geographic_msgs/geographic_msgs/srv/get_geo_path.h
-- Symlinking: /home/jose/TCC/install/geographic_msgs/include/geographic_msgs/geographic_msgs/srv/get_geographic_map.h
-- Symlinking: /home/jose/TCC/install/geographic_msgs/include/geographic_msgs/geographic_msgs/srv/get_route_plan.h
-- Symlinking: /home/jose/TCC/install/geographic_msgs/include/geographic_msgs/geographic_msgs/srv/update_geographic_map.h
-- Symlinking: /home/jose/TCC/install/geographic_msgs/share/geographic_msgs/environment/library_path.sh
-- Symlinking: /home/jose/TCC/install/geographic_msgs/share/geographic_msgs/environment/library_path.dsv
-- Symlinking: /home/jose/TCC/install/geographic_msgs/include/geographic_msgs/geographic_msgs/msg/detail/bounding_box__rosidl_typesupport_fastrtps_c.h
-- Symlinking: /home/jose/TCC/install/geographic_msgs/include/geographic_msgs/geographic_msgs/msg/detail/geo_path__rosidl_typesupport_fastrtps_c.h
-- Symlinking: /home/jose/TCC/install/geographic_msgs/include/geographic_msgs/geographic_msgs/msg/detail/geo_point__rosidl_typesupport_fastrtps_c.h
-- Symlinking: /home/jose/TCC/install/geographic_msgs/include/geographic_msgs/geographic_msgs/msg/detail/geo_point_stamped__rosidl_typesupport_fastrtps_c.h
-- Symlinking: /home/jose/TCC/install/geographic_msgs/include/geographic_msgs/geographic_msgs/msg/detail/geo_pose__rosidl_typesupport_fastrtps_c.h
-- Symlinking: /home/jose/TCC/install/geographic_msgs/include/geographic_msgs/geographic_msgs/msg/detail/geo_pose_stamped__rosidl_typesupport_fastrtps_c.h
-- Symlinking: /home/jose/TCC/install/geographic_msgs/include/geographic_msgs/geographic_msgs/msg/detail/geo_pose_with_covariance__rosidl_typesupport_fastrtps_c.h
-- Symlinking: /home/jose/TCC/install/geographic_msgs/include/geographic_msgs/geographic_msgs/msg/detail/geo_pose_with_covariance_stamped__rosidl_typesupport_fastrtps_c.h
-- Symlinking: /home/jose/TCC/install/geographic_msgs/include/geographic_msgs/geographic_msgs/msg/detail/geographic_map__rosidl_typesupport_fastrtps_c.h
-- Symlinking: /home/jose/TCC/install/geographic_msgs/include/geographic_msgs/geographic_msgs/msg/detail/geographic_map_changes__rosidl_typesupport_fastrtps_c.h
-- Symlinking: /home/jose/TCC/install/geographic_msgs/include/geographic_msgs/geographic_msgs/msg/detail/key_value__rosidl_typesupport_fastrtps_c.h
-- Symlinking: /home/jose/TCC/install/geographic_msgs/include/geographic_msgs/geographic_msgs/msg/detail/map_feature__rosidl_typesupport_fastrtps_c.h
-- Symlinking: /home/jose/TCC/install/geographic_msgs/include/geographic_msgs/geographic_msgs/msg/detail/route_network__rosidl_typesupport_fastrtps_c.h
-- Symlinking: /home/jose/TCC/install/geographic_msgs/include/geographic_msgs/geographic_msgs/msg/detail/route_path__rosidl_typesupport_fastrtps_c.h
-- Symlinking: /home/jose/TCC/install/geographic_msgs/include/geographic_msgs/geographic_msgs/msg/detail/route_segment__rosidl_typesupport_fastrtps_c.h
-- Symlinking: /home/jose/TCC/install/geographic_msgs/include/geographic_msgs/geographic_msgs/msg/detail/way_point__rosidl_typesupport_fastrtps_c.h
-- Symlinking: /home/jose/TCC/install/geographic_msgs/include/geographic_msgs/geographic_msgs/msg/rosidl_typesupport_fastrtps_c__visibility_control.h
-- Symlinking: /home/jose/TCC/install/geographic_msgs/include/geographic_msgs/geographic_msgs/srv/detail/get_geo_path__rosidl_typesupport_fastrtps_c.h
-- Symlinking: /home/jose/TCC/install/geographic_msgs/include/geographic_msgs/geographic_msgs/srv/detail/get_geographic_map__rosidl_typesupport_fastrtps_c.h
-- Symlinking: /home/jose/TCC/install/geographic_msgs/include/geographic_msgs/geographic_msgs/srv/detail/get_route_plan__rosidl_typesupport_fastrtps_c.h
-- Symlinking: /home/jose/TCC/install/geographic_msgs/include/geographic_msgs/geographic_msgs/srv/detail/update_geographic_map__rosidl_typesupport_fastrtps_c.h
-- Symlinking: /home/jose/TCC/install/geographic_msgs/include/geographic_msgs/geographic_msgs/msg/bounding_box.hpp
-- Symlinking: /home/jose/TCC/install/geographic_msgs/include/geographic_msgs/geographic_msgs/msg/detail/bounding_box__builder.hpp
-- Symlinking: /home/jose/TCC/install/geographic_msgs/include/geographic_msgs/geographic_msgs/msg/detail/bounding_box__struct.hpp
-- Symlinking: /home/jose/TCC/install/geographic_msgs/include/geographic_msgs/geographic_msgs/msg/detail/bounding_box__traits.hpp
-- Symlinking: /home/jose/TCC/install/geographic_msgs/include/geographic_msgs/geographic_msgs/msg/detail/bounding_box__type_support.hpp
-- Symlinking: /home/jose/TCC/install/geographic_msgs/include/geographic_msgs/geographic_msgs/msg/detail/geo_path__builder.hpp
-- Symlinking: /home/jose/TCC/install/geographic_msgs/include/geographic_msgs/geographic_msgs/msg/detail/geo_path__struct.hpp
-- Symlinking: /home/jose/TCC/install/geographic_msgs/include/geographic_msgs/geographic_msgs/msg/detail/geo_path__traits.hpp
-- Symlinking: /home/jose/TCC/install/geographic_msgs/include/geographic_msgs/geographic_msgs/msg/detail/geo_path__type_support.hpp
-- Symlinking: /home/jose/TCC/install/geographic_msgs/include/geographic_msgs/geographic_msgs/msg/detail/geo_point__builder.hpp
-- Symlinking: /home/jose/TCC/install/geographic_msgs/include/geographic_msgs/geographic_msgs/msg/detail/geo_point__struct.hpp
-- Symlinking: /home/jose/TCC/install/geographic_msgs/include/geographic_msgs/geographic_msgs/msg/detail/geo_point__traits.hpp
-- Symlinking: /home/jose/TCC/install/geographic_msgs/include/geographic_msgs/geographic_msgs/msg/detail/geo_point__type_support.hpp
-- Symlinking: /home/jose/TCC/install/geographic_msgs/include/geographic_msgs/geographic_msgs/msg/detail/geo_point_stamped__builder.hpp
-- Symlinking: /home/jose/TCC/install/geographic_msgs/include/geographic_msgs/geographic_msgs/msg/detail/geo_point_stamped__struct.hpp
-- Symlinking: /home/jose/TCC/install/geographic_msgs/include/geographic_msgs/geographic_msgs/msg/detail/geo_point_stamped__traits.hpp
-- Symlinking: /home/jose/TCC/install/geographic_msgs/include/geographic_msgs/geographic_msgs/msg/detail/geo_point_stamped__type_support.hpp
-- Symlinking: /home/jose/TCC/install/geographic_msgs/include/geographic_msgs/geographic_msgs/msg/detail/geo_pose__builder.hpp
-- Symlinking: /home/jose/TCC/install/geographic_msgs/include/geographic_msgs/geographic_msgs/msg/detail/geo_pose__struct.hpp
-- Symlinking: /home/jose/TCC/install/geographic_msgs/include/geographic_msgs/geographic_msgs/msg/detail/geo_pose__traits.hpp
-- Symlinking: /home/jose/TCC/install/geographic_msgs/include/geographic_msgs/geographic_msgs/msg/detail/geo_pose__type_support.hpp
-- Symlinking: /home/jose/TCC/install/geographic_msgs/include/geographic_msgs/geographic_msgs/msg/detail/geo_pose_stamped__builder.hpp
-- Symlinking: /home/jose/TCC/install/geographic_msgs/include/geographic_msgs/geographic_msgs/msg/detail/geo_pose_stamped__struct.hpp
-- Symlinking: /home/jose/TCC/install/geographic_msgs/include/geographic_msgs/geographic_msgs/msg/detail/geo_pose_stamped__traits.hpp
-- Symlinking: /home/jose/TCC/install/geographic_msgs/include/geographic_msgs/geographic_msgs/msg/detail/geo_pose_stamped__type_support.hpp
-- Symlinking: /home/jose/TCC/install/geographic_msgs/include/geographic_msgs/geographic_msgs/msg/detail/geo_pose_with_covariance__builder.hpp
-- Symlinking: /home/jose/TCC/install/geographic_msgs/include/geographic_msgs/geographic_msgs/msg/detail/geo_pose_with_covariance__struct.hpp
-- Symlinking: /home/jose/TCC/install/geographic_msgs/include/geographic_msgs/geographic_msgs/msg/detail/geo_pose_with_covariance__traits.hpp
-- Symlinking: /home/jose/TCC/install/geographic_msgs/include/geographic_msgs/geographic_msgs/msg/detail/geo_pose_with_covariance__type_support.hpp
-- Symlinking: /home/jose/TCC/install/geographic_msgs/include/geographic_msgs/geographic_msgs/msg/detail/geo_pose_with_covariance_stamped__builder.hpp
-- Symlinking: /home/jose/TCC/install/geographic_msgs/include/geographic_msgs/geographic_msgs/msg/detail/geo_pose_with_covariance_stamped__struct.hpp
-- Symlinking: /home/jose/TCC/install/geographic_msgs/include/geographic_msgs/geographic_msgs/msg/detail/geo_pose_with_covariance_stamped__traits.hpp
-- Symlinking: /home/jose/TCC/install/geographic_msgs/include/geographic_msgs/geographic_msgs/msg/detail/geo_pose_with_covariance_stamped__type_support.hpp
-- Symlinking: /home/jose/TCC/install/geographic_msgs/include/geographic_msgs/geographic_msgs/msg/detail/geographic_map__builder.hpp
-- Symlinking: /home/jose/TCC/install/geographic_msgs/include/geographic_msgs/geographic_msgs/msg/detail/geographic_map__struct.hpp
-- Symlinking: /home/jose/TCC/install/geographic_msgs/include/geographic_msgs/geographic_msgs/msg/detail/geographic_map__traits.hpp
-- Symlinking: /home/jose/TCC/install/geographic_msgs/include/geographic_msgs/geographic_msgs/msg/detail/geographic_map__type_support.hpp
-- Symlinking: /home/jose/TCC/install/geographic_msgs/include/geographic_msgs/geographic_msgs/msg/detail/geographic_map_changes__builder.hpp
-- Symlinking: /home/jose/TCC/install/geographic_msgs/include/geographic_msgs/geographic_msgs/msg/detail/geographic_map_changes__struct.hpp
-- Symlinking: /home/jose/TCC/install/geographic_msgs/include/geographic_msgs/geographic_msgs/msg/detail/geographic_map_changes__traits.hpp
-- Symlinking: /home/jose/TCC/install/geographic_msgs/include/geographic_msgs/geographic_msgs/msg/detail/geographic_map_changes__type_support.hpp
-- Symlinking: /home/jose/TCC/install/geographic_msgs/include/geographic_msgs/geographic_msgs/msg/detail/key_value__builder.hpp
-- Symlinking: /home/jose/TCC/install/geographic_msgs/include/geographic_msgs/geographic_msgs/msg/detail/key_value__struct.hpp
-- Symlinking: /home/jose/TCC/install/geographic_msgs/include/geographic_msgs/geographic_msgs/msg/detail/key_value__traits.hpp
-- Symlinking: /home/jose/TCC/install/geographic_msgs/include/geographic_msgs/geographic_msgs/msg/detail/key_value__type_support.hpp
-- Symlinking: /home/jose/TCC/install/geographic_msgs/include/geographic_msgs/geographic_msgs/msg/detail/map_feature__builder.hpp
-- Symlinking: /home/jose/TCC/install/geographic_msgs/include/geographic_msgs/geographic_msgs/msg/detail/map_feature__struct.hpp
-- Symlinking: /home/jose/TCC/install/geographic_msgs/include/geographic_msgs/geographic_msgs/msg/detail/map_feature__traits.hpp
-- Symlinking: /home/jose/TCC/install/geographic_msgs/include/geographic_msgs/geographic_msgs/msg/detail/map_feature__type_support.hpp
-- Symlinking: /home/jose/TCC/install/geographic_msgs/include/geographic_msgs/geographic_msgs/msg/detail/route_network__builder.hpp
-- Symlinking: /home/jose/TCC/install/geographic_msgs/include/geographic_msgs/geographic_msgs/msg/detail/route_network__struct.hpp
-- Symlinking: /home/jose/TCC/install/geographic_msgs/include/geographic_msgs/geographic_msgs/msg/detail/route_network__traits.hpp
-- Symlinking: /home/jose/TCC/install/geographic_msgs/include/geographic_msgs/geographic_msgs/msg/detail/route_network__type_support.hpp
-- Symlinking: /home/jose/TCC/install/geographic_msgs/include/geographic_msgs/geographic_msgs/msg/detail/route_path__builder.hpp
-- Symlinking: /home/jose/TCC/install/geographic_msgs/include/geographic_msgs/geographic_msgs/msg/detail/route_path__struct.hpp
-- Symlinking: /home/jose/TCC/install/geographic_msgs/include/geographic_msgs/geographic_msgs/msg/detail/route_path__traits.hpp
-- Symlinking: /home/jose/TCC/install/geographic_msgs/include/geographic_msgs/geographic_msgs/msg/detail/route_path__type_support.hpp
-- Symlinking: /home/jose/TCC/install/geographic_msgs/include/geographic_msgs/geographic_msgs/msg/detail/route_segment__builder.hpp
-- Symlinking: /home/jose/TCC/install/geographic_msgs/include/geographic_msgs/geographic_msgs/msg/detail/route_segment__struct.hpp
-- Symlinking: /home/jose/TCC/install/geographic_msgs/include/geographic_msgs/geographic_msgs/msg/detail/route_segment__traits.hpp
-- Symlinking: /home/jose/TCC/install/geographic_msgs/include/geographic_msgs/geographic_msgs/msg/detail/route_segment__type_support.hpp
-- Symlinking: /home/jose/TCC/install/geographic_msgs/include/geographic_msgs/geographic_msgs/msg/detail/way_point__builder.hpp
-- Symlinking: /home/jose/TCC/install/geographic_msgs/include/geographic_msgs/geographic_msgs/msg/detail/way_point__struct.hpp
-- Symlinking: /home/jose/TCC/install/geographic_msgs/include/geographic_msgs/geographic_msgs/msg/detail/way_point__traits.hpp
-- Symlinking: /home/jose/TCC/install/geographic_msgs/include/geographic_msgs/geographic_msgs/msg/detail/way_point__type_support.hpp
-- Symlinking: /home/jose/TCC/install/geographic_msgs/include/geographic_msgs/geographic_msgs/msg/geo_path.hpp
-- Symlinking: /home/jose/TCC/install/geographic_msgs/include/geographic_msgs/geographic_msgs/msg/geo_point.hpp
-- Symlinking: /home/jose/TCC/install/geographic_msgs/include/geographic_msgs/geographic_msgs/msg/geo_point_stamped.hpp
-- Symlinking: /home/jose/TCC/install/geographic_msgs/include/geographic_msgs/geographic_msgs/msg/geo_pose.hpp
-- Symlinking: /home/jose/TCC/install/geographic_msgs/include/geographic_msgs/geographic_msgs/msg/geo_pose_stamped.hpp
-- Symlinking: /home/jose/TCC/install/geographic_msgs/include/geographic_msgs/geographic_msgs/msg/geo_pose_with_covariance.hpp
-- Symlinking: /home/jose/TCC/install/geographic_msgs/include/geographic_msgs/geographic_msgs/msg/geo_pose_with_covariance_stamped.hpp
-- Symlinking: /home/jose/TCC/install/geographic_msgs/include/geographic_msgs/geographic_msgs/msg/geographic_map.hpp
-- Symlinking: /home/jose/TCC/install/geographic_msgs/include/geographic_msgs/geographic_msgs/msg/geographic_map_changes.hpp
-- Symlinking: /home/jose/TCC/install/geographic_msgs/include/geographic_msgs/geographic_msgs/msg/key_value.hpp
-- Symlinking: /home/jose/TCC/install/geographic_msgs/include/geographic_msgs/geographic_msgs/msg/map_feature.hpp
-- Symlinking: /home/jose/TCC/install/geographic_msgs/include/geographic_msgs/geographic_msgs/msg/rosidl_generator_cpp__visibility_control.hpp
-- Symlinking: /home/jose/TCC/install/geographic_msgs/include/geographic_msgs/geographic_msgs/msg/route_network.hpp
-- Symlinking: /home/jose/TCC/install/geographic_msgs/include/geographic_msgs/geographic_msgs/msg/route_path.hpp
-- Symlinking: /home/jose/TCC/install/geographic_msgs/include/geographic_msgs/geographic_msgs/msg/route_segment.hpp
-- Symlinking: /home/jose/TCC/install/geographic_msgs/include/geographic_msgs/geographic_msgs/msg/way_point.hpp
-- Symlinking: /home/jose/TCC/install/geographic_msgs/include/geographic_msgs/geographic_msgs/srv/detail/get_geo_path__builder.hpp
-- Symlinking: /home/jose/TCC/install/geographic_msgs/include/geographic_msgs/geographic_msgs/srv/detail/get_geo_path__struct.hpp
-- Symlinking: /home/jose/TCC/install/geographic_msgs/include/geographic_msgs/geographic_msgs/srv/detail/get_geo_path__traits.hpp
-- Symlinking: /home/jose/TCC/install/geographic_msgs/include/geographic_msgs/geographic_msgs/srv/detail/get_geo_path__type_support.hpp
-- Symlinking: /home/jose/TCC/install/geographic_msgs/include/geographic_msgs/geographic_msgs/srv/detail/get_geographic_map__builder.hpp
-- Symlinking: /home/jose/TCC/install/geographic_msgs/include/geographic_msgs/geographic_msgs/srv/detail/get_geographic_map__struct.hpp
-- Symlinking: /home/jose/TCC/install/geographic_msgs/include/geographic_msgs/geographic_msgs/srv/detail/get_geographic_map__traits.hpp
-- Symlinking: /home/jose/TCC/install/geographic_msgs/include/geographic_msgs/geographic_msgs/srv/detail/get_geographic_map__type_support.hpp
-- Symlinking: /home/jose/TCC/install/geographic_msgs/include/geographic_msgs/geographic_msgs/srv/detail/get_route_plan__builder.hpp
-- Symlinking: /home/jose/TCC/install/geographic_msgs/include/geographic_msgs/geographic_msgs/srv/detail/get_route_plan__struct.hpp
-- Symlinking: /home/jose/TCC/install/geographic_msgs/include/geographic_msgs/geographic_msgs/srv/detail/get_route_plan__traits.hpp
-- Symlinking: /home/jose/TCC/install/geographic_msgs/include/geographic_msgs/geographic_msgs/srv/detail/get_route_plan__type_support.hpp
-- Symlinking: /home/jose/TCC/install/geographic_msgs/include/geographic_msgs/geographic_msgs/srv/detail/update_geographic_map__builder.hpp
-- Symlinking: /home/jose/TCC/install/geographic_msgs/include/geographic_msgs/geographic_msgs/srv/detail/update_geographic_map__struct.hpp
-- Symlinking: /home/jose/TCC/install/geographic_msgs/include/geographic_msgs/geographic_msgs/srv/detail/update_geographic_map__traits.hpp
-- Symlinking: /home/jose/TCC/install/geographic_msgs/include/geographic_msgs/geographic_msgs/srv/detail/update_geographic_map__type_support.hpp
-- Symlinking: /home/jose/TCC/install/geographic_msgs/include/geographic_msgs/geographic_msgs/srv/get_geo_path.hpp
-- Symlinking: /home/jose/TCC/install/geographic_msgs/include/geographic_msgs/geographic_msgs/srv/get_geographic_map.hpp
-- Symlinking: /home/jose/TCC/install/geographic_msgs/include/geographic_msgs/geographic_msgs/srv/get_route_plan.hpp
-- Symlinking: /home/jose/TCC/install/geographic_msgs/include/geographic_msgs/geographic_msgs/srv/update_geographic_map.hpp
-- Symlinking: /home/jose/TCC/install/geographic_msgs/include/geographic_msgs/geographic_msgs/msg/detail/bounding_box__rosidl_typesupport_fastrtps_cpp.hpp
-- Symlinking: /home/jose/TCC/install/geographic_msgs/include/geographic_msgs/geographic_msgs/msg/detail/geo_path__rosidl_typesupport_fastrtps_cpp.hpp
-- Symlinking: /home/jose/TCC/install/geographic_msgs/include/geographic_msgs/geographic_msgs/msg/detail/geo_point__rosidl_typesupport_fastrtps_cpp.hpp
-- Symlinking: /home/jose/TCC/install/geographic_msgs/include/geographic_msgs/geographic_msgs/msg/detail/geo_point_stamped__rosidl_typesupport_fastrtps_cpp.hpp
-- Symlinking: /home/jose/TCC/install/geographic_msgs/include/geographic_msgs/geographic_msgs/msg/detail/geo_pose__rosidl_typesupport_fastrtps_cpp.hpp
-- Symlinking: /home/jose/TCC/install/geographic_msgs/include/geographic_msgs/geographic_msgs/msg/detail/geo_pose_stamped__rosidl_typesupport_fastrtps_cpp.hpp
-- Symlinking: /home/jose/TCC/install/geographic_msgs/include/geographic_msgs/geographic_msgs/msg/detail/geo_pose_with_covariance__rosidl_typesupport_fastrtps_cpp.hpp
-- Symlinking: /home/jose/TCC/install/geographic_msgs/include/geographic_msgs/geographic_msgs/msg/detail/geo_pose_with_covariance_stamped__rosidl_typesupport_fastrtps_cpp.hpp
-- Symlinking: /home/jose/TCC/install/geographic_msgs/include/geographic_msgs/geographic_msgs/msg/detail/geographic_map__rosidl_typesupport_fastrtps_cpp.hpp
-- Symlinking: /home/jose/TCC/install/geographic_msgs/include/geographic_msgs/geographic_msgs/msg/detail/geographic_map_changes__rosidl_typesupport_fastrtps_cpp.hpp
-- Symlinking: /home/jose/TCC/install/geographic_msgs/include/geographic_msgs/geographic_msgs/msg/detail/key_value__rosidl_typesupport_fastrtps_cpp.hpp
-- Symlinking: /home/jose/TCC/install/geographic_msgs/include/geographic_msgs/geographic_msgs/msg/detail/map_feature__rosidl_typesupport_fastrtps_cpp.hpp
-- Symlinking: /home/jose/TCC/install/geographic_msgs/include/geographic_msgs/geographic_msgs/msg/detail/route_network__rosidl_typesupport_fastrtps_cpp.hpp
-- Symlinking: /home/jose/TCC/install/geographic_msgs/include/geographic_msgs/geographic_msgs/msg/detail/route_path__rosidl_typesupport_fastrtps_cpp.hpp
-- Symlinking: /home/jose/TCC/install/geographic_msgs/include/geographic_msgs/geographic_msgs/msg/detail/route_segment__rosidl_typesupport_fastrtps_cpp.hpp
-- Symlinking: /home/jose/TCC/install/geographic_msgs/include/geographic_msgs/geographic_msgs/msg/detail/way_point__rosidl_typesupport_fastrtps_cpp.hpp
-- Symlinking: /home/jose/TCC/install/geographic_msgs/include/geographic_msgs/geographic_msgs/msg/rosidl_typesupport_fastrtps_cpp__visibility_control.h
-- Symlinking: /home/jose/TCC/install/geographic_msgs/include/geographic_msgs/geographic_msgs/srv/detail/get_geo_path__rosidl_typesupport_fastrtps_cpp.hpp
-- Symlinking: /home/jose/TCC/install/geographic_msgs/include/geographic_msgs/geographic_msgs/srv/detail/get_geographic_map__rosidl_typesupport_fastrtps_cpp.hpp
-- Symlinking: /home/jose/TCC/install/geographic_msgs/include/geographic_msgs/geographic_msgs/srv/detail/get_route_plan__rosidl_typesupport_fastrtps_cpp.hpp
-- Symlinking: /home/jose/TCC/install/geographic_msgs/include/geographic_msgs/geographic_msgs/srv/detail/update_geographic_map__rosidl_typesupport_fastrtps_cpp.hpp
-- Symlinking: /home/jose/TCC/install/geographic_msgs/include/geographic_msgs/geographic_msgs/msg/detail/bounding_box__rosidl_typesupport_introspection_c.h
-- Symlinking: /home/jose/TCC/install/geographic_msgs/include/geographic_msgs/geographic_msgs/msg/detail/geo_path__rosidl_typesupport_introspection_c.h
-- Symlinking: /home/jose/TCC/install/geographic_msgs/include/geographic_msgs/geographic_msgs/msg/detail/geo_point__rosidl_typesupport_introspection_c.h
-- Symlinking: /home/jose/TCC/install/geographic_msgs/include/geographic_msgs/geographic_msgs/msg/detail/geo_point_stamped__rosidl_typesupport_introspection_c.h
-- Symlinking: /home/jose/TCC/install/geographic_msgs/include/geographic_msgs/geographic_msgs/msg/detail/geo_pose__rosidl_typesupport_introspection_c.h
-- Symlinking: /home/jose/TCC/install/geographic_msgs/include/geographic_msgs/geographic_msgs/msg/detail/geo_pose_stamped__rosidl_typesupport_introspection_c.h
-- Symlinking: /home/jose/TCC/install/geographic_msgs/include/geographic_msgs/geographic_msgs/msg/detail/geo_pose_with_covariance__rosidl_typesupport_introspection_c.h
-- Symlinking: /home/jose/TCC/install/geographic_msgs/include/geographic_msgs/geographic_msgs/msg/detail/geo_pose_with_covariance_stamped__rosidl_typesupport_introspection_c.h
-- Symlinking: /home/jose/TCC/install/geographic_msgs/include/geographic_msgs/geographic_msgs/msg/detail/geographic_map__rosidl_typesupport_introspection_c.h
-- Symlinking: /home/jose/TCC/install/geographic_msgs/include/geographic_msgs/geographic_msgs/msg/detail/geographic_map_changes__rosidl_typesupport_introspection_c.h
-- Symlinking: /home/jose/TCC/install/geographic_msgs/include/geographic_msgs/geographic_msgs/msg/detail/key_value__rosidl_typesupport_introspection_c.h
-- Symlinking: /home/jose/TCC/install/geographic_msgs/include/geographic_msgs/geographic_msgs/msg/detail/map_feature__rosidl_typesupport_introspection_c.h
-- Symlinking: /home/jose/TCC/install/geographic_msgs/include/geographic_msgs/geographic_msgs/msg/detail/route_network__rosidl_typesupport_introspection_c.h
-- Symlinking: /home/jose/TCC/install/geographic_msgs/include/geographic_msgs/geographic_msgs/msg/detail/route_path__rosidl_typesupport_introspection_c.h
-- Symlinking: /home/jose/TCC/install/geographic_msgs/include/geographic_msgs/geographic_msgs/msg/detail/route_segment__rosidl_typesupport_introspection_c.h
-- Symlinking: /home/jose/TCC/install/geographic_msgs/include/geographic_msgs/geographic_msgs/msg/detail/way_point__rosidl_typesupport_introspection_c.h
-- Symlinking: /home/jose/TCC/install/geographic_msgs/include/geographic_msgs/geographic_msgs/msg/rosidl_typesupport_introspection_c__visibility_control.h
-- Symlinking: /home/jose/TCC/install/geographic_msgs/include/geographic_msgs/geographic_msgs/srv/detail/get_geo_path__rosidl_typesupport_introspection_c.h
-- Symlinking: /home/jose/TCC/install/geographic_msgs/include/geographic_msgs/geographic_msgs/srv/detail/get_geographic_map__rosidl_typesupport_introspection_c.h
-- Symlinking: /home/jose/TCC/install/geographic_msgs/include/geographic_msgs/geographic_msgs/srv/detail/get_route_plan__rosidl_typesupport_introspection_c.h
-- Symlinking: /home/jose/TCC/install/geographic_msgs/include/geographic_msgs/geographic_msgs/srv/detail/update_geographic_map__rosidl_typesupport_introspection_c.h
-- Symlinking: /home/jose/TCC/install/geographic_msgs/include/geographic_msgs/geographic_msgs/msg/detail/bounding_box__rosidl_typesupport_introspection_cpp.hpp
-- Symlinking: /home/jose/TCC/install/geographic_msgs/include/geographic_msgs/geographic_msgs/msg/detail/geo_path__rosidl_typesupport_introspection_cpp.hpp
-- Symlinking: /home/jose/TCC/install/geographic_msgs/include/geographic_msgs/geographic_msgs/msg/detail/geo_point__rosidl_typesupport_introspection_cpp.hpp
-- Symlinking: /home/jose/TCC/install/geographic_msgs/include/geographic_msgs/geographic_msgs/msg/detail/geo_point_stamped__rosidl_typesupport_introspection_cpp.hpp
-- Symlinking: /home/jose/TCC/install/geographic_msgs/include/geographic_msgs/geographic_msgs/msg/detail/geo_pose__rosidl_typesupport_introspection_cpp.hpp
-- Symlinking: /home/jose/TCC/install/geographic_msgs/include/geographic_msgs/geographic_msgs/msg/detail/geo_pose_stamped__rosidl_typesupport_introspection_cpp.hpp
-- Symlinking: /home/jose/TCC/install/geographic_msgs/include/geographic_msgs/geographic_msgs/msg/detail/geo_pose_with_covariance__rosidl_typesupport_introspection_cpp.hpp
-- Symlinking: /home/jose/TCC/install/geographic_msgs/include/geographic_msgs/geographic_msgs/msg/detail/geo_pose_with_covariance_stamped__rosidl_typesupport_introspection_cpp.hpp
-- Symlinking: /home/jose/TCC/install/geographic_msgs/include/geographic_msgs/geographic_msgs/msg/detail/geographic_map__rosidl_typesupport_introspection_cpp.hpp
-- Symlinking: /home/jose/TCC/install/geographic_msgs/include/geographic_msgs/geographic_msgs/msg/detail/geographic_map_changes__rosidl_typesupport_introspection_cpp.hpp
-- Symlinking: /home/jose/TCC/install/geographic_msgs/include/geographic_msgs/geographic_msgs/msg/detail/key_value__rosidl_typesupport_introspection_cpp.hpp
-- Symlinking: /home/jose/TCC/install/geographic_msgs/include/geographic_msgs/geographic_msgs/msg/detail/map_feature__rosidl_typesupport_introspection_cpp.hpp
-- Symlinking: /home/jose/TCC/install/geographic_msgs/include/geographic_msgs/geographic_msgs/msg/detail/route_network__rosidl_typesupport_introspection_cpp.hpp
-- Symlinking: /home/jose/TCC/install/geographic_msgs/include/geographic_msgs/geographic_msgs/msg/detail/route_path__rosidl_typesupport_introspection_cpp.hpp
-- Symlinking: /home/jose/TCC/install/geographic_msgs/include/geographic_msgs/geographic_msgs/msg/detail/route_segment__rosidl_typesupport_introspection_cpp.hpp
-- Symlinking: /home/jose/TCC/install/geographic_msgs/include/geographic_msgs/geographic_msgs/msg/detail/way_point__rosidl_typesupport_introspection_cpp.hpp
-- Symlinking: /home/jose/TCC/install/geographic_msgs/include/geographic_msgs/geographic_msgs/srv/detail/get_geo_path__rosidl_typesupport_introspection_cpp.hpp
-- Symlinking: /home/jose/TCC/install/geographic_msgs/include/geographic_msgs/geographic_msgs/srv/detail/get_geographic_map__rosidl_typesupport_introspection_cpp.hpp
-- Symlinking: /home/jose/TCC/install/geographic_msgs/include/geographic_msgs/geographic_msgs/srv/detail/get_route_plan__rosidl_typesupport_introspection_cpp.hpp
-- Symlinking: /home/jose/TCC/install/geographic_msgs/include/geographic_msgs/geographic_msgs/srv/detail/update_geographic_map__rosidl_typesupport_introspection_cpp.hpp
-- Symlinking: /home/jose/TCC/install/geographic_msgs/share/geographic_msgs/environment/pythonpath.sh
-- Symlinking: /home/jose/TCC/install/geographic_msgs/share/geographic_msgs/environment/pythonpath.dsv
-- Symlinking: /home/jose/TCC/install/geographic_msgs/local/lib/python3.10/dist-packages/geographic_msgs-1.0.6-py3.10.egg-info/PKG-INFO
-- Symlinking: /home/jose/TCC/install/geographic_msgs/local/lib/python3.10/dist-packages/geographic_msgs-1.0.6-py3.10.egg-info/SOURCES.txt
-- Symlinking: /home/jose/TCC/install/geographic_msgs/local/lib/python3.10/dist-packages/geographic_msgs-1.0.6-py3.10.egg-info/dependency_links.txt
-- Symlinking: /home/jose/TCC/install/geographic_msgs/local/lib/python3.10/dist-packages/geographic_msgs-1.0.6-py3.10.egg-info/top_level.txt
-- Symlinking: /home/jose/TCC/install/geographic_msgs/local/lib/python3.10/dist-packages/geographic_msgs/__init__.py
-- Symlinking: /home/jose/TCC/install/geographic_msgs/local/lib/python3.10/dist-packages/geographic_msgs/_geographic_msgs_s.ep.rosidl_typesupport_c.c
-- Symlinking: /home/jose/TCC/install/geographic_msgs/local/lib/python3.10/dist-packages/geographic_msgs/_geographic_msgs_s.ep.rosidl_typesupport_fastrtps_c.c
-- Symlinking: /home/jose/TCC/install/geographic_msgs/local/lib/python3.10/dist-packages/geographic_msgs/_geographic_msgs_s.ep.rosidl_typesupport_introspection_c.c
-- Symlinking: /home/jose/TCC/install/geographic_msgs/local/lib/python3.10/dist-packages/geographic_msgs/geographic_msgs_s__rosidl_typesupport_c.cpython-310-x86_64-linux-gnu.so
-- Symlinking: /home/jose/TCC/install/geographic_msgs/local/lib/python3.10/dist-packages/geographic_msgs/geographic_msgs_s__rosidl_typesupport_fastrtps_c.cpython-310-x86_64-linux-gnu.so
-- Symlinking: /home/jose/TCC/install/geographic_msgs/local/lib/python3.10/dist-packages/geographic_msgs/geographic_msgs_s__rosidl_typesupport_introspection_c.cpython-310-x86_64-linux-gnu.so
-- Symlinking: /home/jose/TCC/install/geographic_msgs/local/lib/python3.10/dist-packages/geographic_msgs/libgeographic_msgs__rosidl_generator_py.so
-- Symlinking: /home/jose/TCC/install/geographic_msgs/local/lib/python3.10/dist-packages/geographic_msgs/msg/__init__.py
-- Symlinking: /home/jose/TCC/install/geographic_msgs/local/lib/python3.10/dist-packages/geographic_msgs/msg/_bounding_box.py
-- Symlinking: /home/jose/TCC/install/geographic_msgs/local/lib/python3.10/dist-packages/geographic_msgs/msg/_bounding_box_s.c
-- Symlinking: /home/jose/TCC/install/geographic_msgs/local/lib/python3.10/dist-packages/geographic_msgs/msg/_geo_path.py
-- Symlinking: /home/jose/TCC/install/geographic_msgs/local/lib/python3.10/dist-packages/geographic_msgs/msg/_geo_path_s.c
-- Symlinking: /home/jose/TCC/install/geographic_msgs/local/lib/python3.10/dist-packages/geographic_msgs/msg/_geo_point.py
-- Symlinking: /home/jose/TCC/install/geographic_msgs/local/lib/python3.10/dist-packages/geographic_msgs/msg/_geo_point_s.c
-- Symlinking: /home/jose/TCC/install/geographic_msgs/local/lib/python3.10/dist-packages/geographic_msgs/msg/_geo_point_stamped.py
-- Symlinking: /home/jose/TCC/install/geographic_msgs/local/lib/python3.10/dist-packages/geographic_msgs/msg/_geo_point_stamped_s.c
-- Symlinking: /home/jose/TCC/install/geographic_msgs/local/lib/python3.10/dist-packages/geographic_msgs/msg/_geo_pose.py
-- Symlinking: /home/jose/TCC/install/geographic_msgs/local/lib/python3.10/dist-packages/geographic_msgs/msg/_geo_pose_s.c
-- Symlinking: /home/jose/TCC/install/geographic_msgs/local/lib/python3.10/dist-packages/geographic_msgs/msg/_geo_pose_stamped.py
-- Symlinking: /home/jose/TCC/install/geographic_msgs/local/lib/python3.10/dist-packages/geographic_msgs/msg/_geo_pose_stamped_s.c
-- Symlinking: /home/jose/TCC/install/geographic_msgs/local/lib/python3.10/dist-packages/geographic_msgs/msg/_geo_pose_with_covariance.py
-- Symlinking: /home/jose/TCC/install/geographic_msgs/local/lib/python3.10/dist-packages/geographic_msgs/msg/_geo_pose_with_covariance_s.c
-- Symlinking: /home/jose/TCC/install/geographic_msgs/local/lib/python3.10/dist-packages/geographic_msgs/msg/_geo_pose_with_covariance_stamped.py
-- Symlinking: /home/jose/TCC/install/geographic_msgs/local/lib/python3.10/dist-packages/geographic_msgs/msg/_geo_pose_with_covariance_stamped_s.c
-- Symlinking: /home/jose/TCC/install/geographic_msgs/local/lib/python3.10/dist-packages/geographic_msgs/msg/_geographic_map.py
-- Symlinking: /home/jose/TCC/install/geographic_msgs/local/lib/python3.10/dist-packages/geographic_msgs/msg/_geographic_map_changes.py
-- Symlinking: /home/jose/TCC/install/geographic_msgs/local/lib/python3.10/dist-packages/geographic_msgs/msg/_geographic_map_changes_s.c
-- Symlinking: /home/jose/TCC/install/geographic_msgs/local/lib/python3.10/dist-packages/geographic_msgs/msg/_geographic_map_s.c
-- Symlinking: /home/jose/TCC/install/geographic_msgs/local/lib/python3.10/dist-packages/geographic_msgs/msg/_key_value.py
-- Symlinking: /home/jose/TCC/install/geographic_msgs/local/lib/python3.10/dist-packages/geographic_msgs/msg/_key_value_s.c
-- Symlinking: /home/jose/TCC/install/geographic_msgs/local/lib/python3.10/dist-packages/geographic_msgs/msg/_map_feature.py
-- Symlinking: /home/jose/TCC/install/geographic_msgs/local/lib/python3.10/dist-packages/geographic_msgs/msg/_map_feature_s.c
-- Symlinking: /home/jose/TCC/install/geographic_msgs/local/lib/python3.10/dist-packages/geographic_msgs/msg/_route_network.py
-- Symlinking: /home/jose/TCC/install/geographic_msgs/local/lib/python3.10/dist-packages/geographic_msgs/msg/_route_network_s.c
-- Symlinking: /home/jose/TCC/install/geographic_msgs/local/lib/python3.10/dist-packages/geographic_msgs/msg/_route_path.py
-- Symlinking: /home/jose/TCC/install/geographic_msgs/local/lib/python3.10/dist-packages/geographic_msgs/msg/_route_path_s.c
-- Symlinking: /home/jose/TCC/install/geographic_msgs/local/lib/python3.10/dist-packages/geographic_msgs/msg/_route_segment.py
-- Symlinking: /home/jose/TCC/install/geographic_msgs/local/lib/python3.10/dist-packages/geographic_msgs/msg/_route_segment_s.c
-- Symlinking: /home/jose/TCC/install/geographic_msgs/local/lib/python3.10/dist-packages/geographic_msgs/msg/_way_point.py
-- Symlinking: /home/jose/TCC/install/geographic_msgs/local/lib/python3.10/dist-packages/geographic_msgs/msg/_way_point_s.c
-- Symlinking: /home/jose/TCC/install/geographic_msgs/local/lib/python3.10/dist-packages/geographic_msgs/srv/__init__.py
-- Symlinking: /home/jose/TCC/install/geographic_msgs/local/lib/python3.10/dist-packages/geographic_msgs/srv/_get_geo_path.py
-- Symlinking: /home/jose/TCC/install/geographic_msgs/local/lib/python3.10/dist-packages/geographic_msgs/srv/_get_geo_path_s.c
-- Symlinking: /home/jose/TCC/install/geographic_msgs/local/lib/python3.10/dist-packages/geographic_msgs/srv/_get_geographic_map.py
-- Symlinking: /home/jose/TCC/install/geographic_msgs/local/lib/python3.10/dist-packages/geographic_msgs/srv/_get_geographic_map_s.c
-- Symlinking: /home/jose/TCC/install/geographic_msgs/local/lib/python3.10/dist-packages/geographic_msgs/srv/_get_route_plan.py
-- Symlinking: /home/jose/TCC/install/geographic_msgs/local/lib/python3.10/dist-packages/geographic_msgs/srv/_get_route_plan_s.c
-- Symlinking: /home/jose/TCC/install/geographic_msgs/local/lib/python3.10/dist-packages/geographic_msgs/srv/_update_geographic_map.py
-- Symlinking: /home/jose/TCC/install/geographic_msgs/local/lib/python3.10/dist-packages/geographic_msgs/srv/_update_geographic_map_s.c
-- Up-to-date symlink: /home/jose/TCC/install/geographic_msgs/local/lib/python3.10/dist-packages/geographic_msgs/geographic_msgs_s__rosidl_typesupport_introspection_c.cpython-310-x86_64-linux-gnu.so
-- Up-to-date symlink: /home/jose/TCC/install/geographic_msgs/local/lib/python3.10/dist-packages/geographic_msgs/geographic_msgs_s__rosidl_typesupport_fastrtps_c.cpython-310-x86_64-linux-gnu.so
-- Up-to-date symlink: /home/jose/TCC/install/geographic_msgs/local/lib/python3.10/dist-packages/geographic_msgs/geographic_msgs_s__rosidl_typesupport_c.cpython-310-x86_64-linux-gnu.so
-- Symlinking: /home/jose/TCC/install/geographic_msgs/share/geographic_msgs/msg/BoundingBox.idl
-- Symlinking: /home/jose/TCC/install/geographic_msgs/share/geographic_msgs/msg/GeographicMapChanges.idl
-- Symlinking: /home/jose/TCC/install/geographic_msgs/share/geographic_msgs/msg/GeographicMap.idl
-- Symlinking: /home/jose/TCC/install/geographic_msgs/share/geographic_msgs/msg/GeoPath.idl
-- Symlinking: /home/jose/TCC/install/geographic_msgs/share/geographic_msgs/msg/GeoPoint.idl
-- Symlinking: /home/jose/TCC/install/geographic_msgs/share/geographic_msgs/msg/GeoPointStamped.idl
-- Symlinking: /home/jose/TCC/install/geographic_msgs/share/geographic_msgs/msg/GeoPose.idl
-- Symlinking: /home/jose/TCC/install/geographic_msgs/share/geographic_msgs/msg/GeoPoseStamped.idl
-- Symlinking: /home/jose/TCC/install/geographic_msgs/share/geographic_msgs/msg/GeoPoseWithCovariance.idl
-- Symlinking: /home/jose/TCC/install/geographic_msgs/share/geographic_msgs/msg/GeoPoseWithCovarianceStamped.idl
-- Symlinking: /home/jose/TCC/install/geographic_msgs/share/geographic_msgs/msg/KeyValue.idl
-- Symlinking: /home/jose/TCC/install/geographic_msgs/share/geographic_msgs/msg/MapFeature.idl
-- Symlinking: /home/jose/TCC/install/geographic_msgs/share/geographic_msgs/msg/RouteNetwork.idl
-- Symlinking: /home/jose/TCC/install/geographic_msgs/share/geographic_msgs/msg/RoutePath.idl
-- Symlinking: /home/jose/TCC/install/geographic_msgs/share/geographic_msgs/msg/RouteSegment.idl
-- Symlinking: /home/jose/TCC/install/geographic_msgs/share/geographic_msgs/msg/WayPoint.idl
-- Symlinking: /home/jose/TCC/install/geographic_msgs/share/geographic_msgs/srv/GetGeographicMap.idl
-- Symlinking: /home/jose/TCC/install/geographic_msgs/share/geographic_msgs/srv/GetGeoPath.idl
-- Symlinking: /home/jose/TCC/install/geographic_msgs/share/geographic_msgs/srv/GetRoutePlan.idl
-- Symlinking: /home/jose/TCC/install/geographic_msgs/share/geographic_msgs/srv/UpdateGeographicMap.idl
-- Symlinking: /home/jose/TCC/install/geographic_msgs/share/geographic_msgs/msg/BoundingBox.msg
-- Symlinking: /home/jose/TCC/install/geographic_msgs/share/geographic_msgs/msg/GeographicMapChanges.msg
-- Symlinking: /home/jose/TCC/install/geographic_msgs/share/geographic_msgs/msg/GeographicMap.msg
-- Symlinking: /home/jose/TCC/install/geographic_msgs/share/geographic_msgs/msg/GeoPath.msg
-- Symlinking: /home/jose/TCC/install/geographic_msgs/share/geographic_msgs/msg/GeoPoint.msg
-- Symlinking: /home/jose/TCC/install/geographic_msgs/share/geographic_msgs/msg/GeoPointStamped.msg
-- Symlinking: /home/jose/TCC/install/geographic_msgs/share/geographic_msgs/msg/GeoPose.msg
-- Symlinking: /home/jose/TCC/install/geographic_msgs/share/geographic_msgs/msg/GeoPoseStamped.msg
-- Symlinking: /home/jose/TCC/install/geographic_msgs/share/geographic_msgs/msg/GeoPoseWithCovariance.msg
-- Symlinking: /home/jose/TCC/install/geographic_msgs/share/geographic_msgs/msg/GeoPoseWithCovarianceStamped.msg
-- Symlinking: /home/jose/TCC/install/geographic_msgs/share/geographic_msgs/msg/KeyValue.msg
-- Symlinking: /home/jose/TCC/install/geographic_msgs/share/geographic_msgs/msg/MapFeature.msg
-- Symlinking: /home/jose/TCC/install/geographic_msgs/share/geographic_msgs/msg/RouteNetwork.msg
-- Symlinking: /home/jose/TCC/install/geographic_msgs/share/geographic_msgs/msg/RoutePath.msg
-- Symlinking: /home/jose/TCC/install/geographic_msgs/share/geographic_msgs/msg/RouteSegment.msg
-- Symlinking: /home/jose/TCC/install/geographic_msgs/share/geographic_msgs/msg/WayPoint.msg
-- Symlinking: /home/jose/TCC/install/geographic_msgs/share/geographic_msgs/srv/GetGeographicMap.srv
-- Symlinking: /home/jose/TCC/install/geographic_msgs/share/geographic_msgs/srv/GetGeographicMap_Request.msg
-- Symlinking: /home/jose/TCC/install/geographic_msgs/share/geographic_msgs/srv/GetGeographicMap_Response.msg
-- Symlinking: /home/jose/TCC/install/geographic_msgs/share/geographic_msgs/srv/GetGeoPath.srv
-- Symlinking: /home/jose/TCC/install/geographic_msgs/share/geographic_msgs/srv/GetGeoPath_Request.msg
-- Symlinking: /home/jose/TCC/install/geographic_msgs/share/geographic_msgs/srv/GetGeoPath_Response.msg
-- Symlinking: /home/jose/TCC/install/geographic_msgs/share/geographic_msgs/srv/GetRoutePlan.srv
-- Symlinking: /home/jose/TCC/install/geographic_msgs/share/geographic_msgs/srv/GetRoutePlan_Request.msg
-- Symlinking: /home/jose/TCC/install/geographic_msgs/share/geographic_msgs/srv/GetRoutePlan_Response.msg
-- Symlinking: /home/jose/TCC/install/geographic_msgs/share/geographic_msgs/srv/UpdateGeographicMap.srv
-- Symlinking: /home/jose/TCC/install/geographic_msgs/share/geographic_msgs/srv/UpdateGeographicMap_Request.msg
-- Symlinking: /home/jose/TCC/install/geographic_msgs/share/geographic_msgs/srv/UpdateGeographicMap_Response.msg
-- Symlinking: /home/jose/TCC/install/geographic_msgs/share/geographic_msgs/geographic_msgs_mapping_rule.yaml
-- Symlinking: /home/jose/TCC/install/geographic_msgs/share/ament_index/resource_index/package_run_dependencies/geographic_msgs
-- Symlinking: /home/jose/TCC/install/geographic_msgs/share/ament_index/resource_index/parent_prefix_path/geographic_msgs
-- Symlinking: /home/jose/TCC/install/geographic_msgs/share/geographic_msgs/environment/ament_prefix_path.sh
-- Symlinking: /home/jose/TCC/install/geographic_msgs/share/geographic_msgs/environment/ament_prefix_path.dsv
-- Symlinking: /home/jose/TCC/install/geographic_msgs/share/geographic_msgs/environment/path.sh
-- Symlinking: /home/jose/TCC/install/geographic_msgs/share/geographic_msgs/environment/path.dsv
-- Symlinking: /home/jose/TCC/install/geographic_msgs/share/geographic_msgs/local_setup.bash
-- Symlinking: /home/jose/TCC/install/geographic_msgs/share/geographic_msgs/local_setup.sh
-- Symlinking: /home/jose/TCC/install/geographic_msgs/share/geographic_msgs/local_setup.zsh
-- Symlinking: /home/jose/TCC/install/geographic_msgs/share/geographic_msgs/local_setup.dsv
-- Symlinking: /home/jose/TCC/install/geographic_msgs/share/geographic_msgs/package.dsv
-- Symlinking: /home/jose/TCC/install/geographic_msgs/share/ament_index/resource_index/packages/geographic_msgs
-- Symlinking: /home/jose/TCC/install/geographic_msgs/share/geographic_msgs/cmake/rosidl_cmake-extras.cmake
-- Symlinking: /home/jose/TCC/install/geographic_msgs/share/geographic_msgs/cmake/ament_cmake_export_dependencies-extras.cmake
-- Symlinking: /home/jose/TCC/install/geographic_msgs/share/geographic_msgs/cmake/ament_cmake_export_include_directories-extras.cmake
-- Symlinking: /home/jose/TCC/install/geographic_msgs/share/geographic_msgs/cmake/ament_cmake_export_libraries-extras.cmake
-- Symlinking: /home/jose/TCC/install/geographic_msgs/share/geographic_msgs/cmake/ament_cmake_export_targets-extras.cmake
-- Symlinking: /home/jose/TCC/install/geographic_msgs/share/geographic_msgs/cmake/rosidl_cmake_export_typesupport_targets-extras.cmake
-- Symlinking: /home/jose/TCC/install/geographic_msgs/share/geographic_msgs/cmake/rosidl_cmake_export_typesupport_libraries-extras.cmake
-- Symlinking: /home/jose/TCC/install/geographic_msgs/share/geographic_msgs/cmake/geographic_msgsConfig.cmake
-- Symlinking: /home/jose/TCC/install/geographic_msgs/share/geographic_msgs/cmake/geographic_msgsConfig-version.cmake
-- Symlinking: /home/jose/TCC/install/geographic_msgs/share/geographic_msgs/package.xml
-- Installing: /home/jose/TCC/install/geographic_msgs/lib/libgeographic_msgs__rosidl_generator_c.so
-- Set runtime path of "/home/jose/TCC/install/geographic_msgs/lib/libgeographic_msgs__rosidl_generator_c.so" to ""
-- Installing: /home/jose/TCC/install/geographic_msgs/lib/libgeographic_msgs__rosidl_typesupport_fastrtps_c.so
-- Set runtime path of "/home/jose/TCC/install/geographic_msgs/lib/libgeographic_msgs__rosidl_typesupport_fastrtps_c.so" to ""
-- Installing: /home/jose/TCC/install/geographic_msgs/lib/libgeographic_msgs__rosidl_typesupport_fastrtps_cpp.so
-- Set runtime path of "/home/jose/TCC/install/geographic_msgs/lib/libgeographic_msgs__rosidl_typesupport_fastrtps_cpp.so" to ""
-- Installing: /home/jose/TCC/install/geographic_msgs/lib/libgeographic_msgs__rosidl_typesupport_introspection_c.so
-- Set runtime path of "/home/jose/TCC/install/geographic_msgs/lib/libgeographic_msgs__rosidl_typesupport_introspection_c.so" to ""
-- Installing: /home/jose/TCC/install/geographic_msgs/lib/libgeographic_msgs__rosidl_typesupport_c.so
-- Set runtime path of "/home/jose/TCC/install/geographic_msgs/lib/libgeographic_msgs__rosidl_typesupport_c.so" to ""
-- Installing: /home/jose/TCC/install/geographic_msgs/lib/libgeographic_msgs__rosidl_typesupport_introspection_cpp.so
-- Set runtime path of "/home/jose/TCC/install/geographic_msgs/lib/libgeographic_msgs__rosidl_typesupport_introspection_cpp.so" to ""
-- Installing: /home/jose/TCC/install/geographic_msgs/lib/libgeographic_msgs__rosidl_typesupport_cpp.so
-- Set runtime path of "/home/jose/TCC/install/geographic_msgs/lib/libgeographic_msgs__rosidl_typesupport_cpp.so" to ""
Listing '/home/jose/TCC/install/geographic_msgs/local/lib/python3.10/dist-packages/geographic_msgs'...
Compiling '/home/jose/TCC/install/geographic_msgs/local/lib/python3.10/dist-packages/geographic_msgs/__init__.py'...
Listing '/home/jose/TCC/install/geographic_msgs/local/lib/python3.10/dist-packages/geographic_msgs/msg'...
Compiling '/home/jose/TCC/install/geographic_msgs/local/lib/python3.10/dist-packages/geographic_msgs/msg/__init__.py'...
Compiling '/home/jose/TCC/install/geographic_msgs/local/lib/python3.10/dist-packages/geographic_msgs/msg/_bounding_box.py'...
Compiling '/home/jose/TCC/install/geographic_msgs/local/lib/python3.10/dist-packages/geographic_msgs/msg/_geo_path.py'...
Compiling '/home/jose/TCC/install/geographic_msgs/local/lib/python3.10/dist-packages/geographic_msgs/msg/_geo_point.py'...
Compiling '/home/jose/TCC/install/geographic_msgs/local/lib/python3.10/dist-packages/geographic_msgs/msg/_geo_point_stamped.py'...
Compiling '/home/jose/TCC/install/geographic_msgs/local/lib/python3.10/dist-packages/geographic_msgs/msg/_geo_pose.py'...
Compiling '/home/jose/TCC/install/geographic_msgs/local/lib/python3.10/dist-packages/geographic_msgs/msg/_geo_pose_stamped.py'...
Compiling '/home/jose/TCC/install/geographic_msgs/local/lib/python3.10/dist-packages/geographic_msgs/msg/_geo_pose_with_covariance.py'...
Compiling '/home/jose/TCC/install/geographic_msgs/local/lib/python3.10/dist-packages/geographic_msgs/msg/_geo_pose_with_covariance_stamped.py'...
Compiling '/home/jose/TCC/install/geographic_msgs/local/lib/python3.10/dist-packages/geographic_msgs/msg/_geographic_map.py'...
Compiling '/home/jose/TCC/install/geographic_msgs/local/lib/python3.10/dist-packages/geographic_msgs/msg/_geographic_map_changes.py'...
Compiling '/home/jose/TCC/install/geographic_msgs/local/lib/python3.10/dist-packages/geographic_msgs/msg/_key_value.py'...
Compiling '/home/jose/TCC/install/geographic_msgs/local/lib/python3.10/dist-packages/geographic_msgs/msg/_map_feature.py'...
Compiling '/home/jose/TCC/install/geographic_msgs/local/lib/python3.10/dist-packages/geographic_msgs/msg/_route_network.py'...
Compiling '/home/jose/TCC/install/geographic_msgs/local/lib/python3.10/dist-packages/geographic_msgs/msg/_route_path.py'...
Compiling '/home/jose/TCC/install/geographic_msgs/local/lib/python3.10/dist-packages/geographic_msgs/msg/_route_segment.py'...
Compiling '/home/jose/TCC/install/geographic_msgs/local/lib/python3.10/dist-packages/geographic_msgs/msg/_way_point.py'...
Listing '/home/jose/TCC/install/geographic_msgs/local/lib/python3.10/dist-packages/geographic_msgs/srv'...
Compiling '/home/jose/TCC/install/geographic_msgs/local/lib/python3.10/dist-packages/geographic_msgs/srv/__init__.py'...
Compiling '/home/jose/TCC/install/geographic_msgs/local/lib/python3.10/dist-packages/geographic_msgs/srv/_get_geo_path.py'...
Compiling '/home/jose/TCC/install/geographic_msgs/local/lib/python3.10/dist-packages/geographic_msgs/srv/_get_geographic_map.py'...
Compiling '/home/jose/TCC/install/geographic_msgs/local/lib/python3.10/dist-packages/geographic_msgs/srv/_get_route_plan.py'...
Compiling '/home/jose/TCC/install/geographic_msgs/local/lib/python3.10/dist-packages/geographic_msgs/srv/_update_geographic_map.py'...
-- Installing: /home/jose/TCC/install/geographic_msgs/lib/libgeographic_msgs__rosidl_generator_py.so
-- Set runtime path of "/home/jose/TCC/install/geographic_msgs/lib/libgeographic_msgs__rosidl_generator_py.so" to ""
-- Up-to-date: /home/jose/TCC/install/geographic_msgs/include/geographic_msgs
-- Up-to-date: /home/jose/TCC/install/geographic_msgs/include/geographic_msgs/geographic_msgs
-- Installing: /home/jose/TCC/install/geographic_msgs/include/geographic_msgs/geographic_msgs/validation.hpp
-- Installing: /home/jose/TCC/install/geographic_msgs/share/geographic_msgs/cmake/export_geographic_msgs__rosidl_generator_cExport.cmake
-- Installing: /home/jose/TCC/install/geographic_msgs/share/geographic_msgs/cmake/export_geographic_msgs__rosidl_generator_cExport-noconfig.cmake
-- Installing: /home/jose/TCC/install/geographic_msgs/share/geographic_msgs/cmake/export_geographic_msgs__rosidl_typesupport_fastrtps_cExport.cmake
-- Installing: /home/jose/TCC/install/geographic_msgs/share/geographic_msgs/cmake/export_geographic_msgs__rosidl_typesupport_fastrtps_cExport-noconfig.cmake
-- Installing: /home/jose/TCC/install/geographic_msgs/share/geographic_msgs/cmake/export_geographic_msgs__rosidl_generator_cppExport.cmake
-- Installing: /home/jose/TCC/install/geographic_msgs/share/geographic_msgs/cmake/export_geographic_msgs__rosidl_typesupport_fastrtps_cppExport.cmake
-- Installing: /home/jose/TCC/install/geographic_msgs/share/geographic_msgs/cmake/export_geographic_msgs__rosidl_typesupport_fastrtps_cppExport-noconfig.cmake
-- Installing: /home/jose/TCC/install/geographic_msgs/share/geographic_msgs/cmake/geographic_msgs__rosidl_typesupport_introspection_cExport.cmake
-- Installing: /home/jose/TCC/install/geographic_msgs/share/geographic_msgs/cmake/geographic_msgs__rosidl_typesupport_introspection_cExport-noconfig.cmake
-- Installing: /home/jose/TCC/install/geographic_msgs/share/geographic_msgs/cmake/geographic_msgs__rosidl_typesupport_cExport.cmake
-- Installing: /home/jose/TCC/install/geographic_msgs/share/geographic_msgs/cmake/geographic_msgs__rosidl_typesupport_cExport-noconfig.cmake
-- Installing: /home/jose/TCC/install/geographic_msgs/share/geographic_msgs/cmake/geographic_msgs__rosidl_typesupport_introspection_cppExport.cmake
-- Installing: /home/jose/TCC/install/geographic_msgs/share/geographic_msgs/cmake/geographic_msgs__rosidl_typesupport_introspection_cppExport-noconfig.cmake
-- Installing: /home/jose/TCC/install/geographic_msgs/share/geographic_msgs/cmake/geographic_msgs__rosidl_typesupport_cppExport.cmake
-- Installing: /home/jose/TCC/install/geographic_msgs/share/geographic_msgs/cmake/geographic_msgs__rosidl_typesupport_cppExport-noconfig.cmake
-- Installing: /home/jose/TCC/install/geographic_msgs/share/geographic_msgs/cmake/export_geographic_msgs__rosidl_generator_pyExport.cmake
-- Installing: /home/jose/TCC/install/geographic_msgs/share/geographic_msgs/cmake/export_geographic_msgs__rosidl_generator_pyExport-noconfig.cmake
-- Installing: /home/jose/TCC/install/geographic_msgs/share/geographic_msgs/cmake/export_geographic_msgsExport.cmake
