running develop
running egg_info
writing windwind_description.egg-info/PKG-INFO
writing dependency_links to windwind_description.egg-info/dependency_links.txt
writing entry points to windwind_description.egg-info/entry_points.txt
writing requirements to windwind_description.egg-info/requires.txt
writing top-level names to windwind_description.egg-info/top_level.txt
reading manifest file 'windwind_description.egg-info/SOURCES.txt'
writing manifest file 'windwind_description.egg-info/SOURCES.txt'
running build_ext
Creating /home/jose/TCC/install/windwind_description/lib/python3.10/site-packages/windwind-description.egg-link (link to .)

Installed /home/jose/TCC/build/windwind_description
running symlink_data
symbolically linking /home/jose/TCC/build/windwind_description/resource/windwind_description -> /home/jose/TCC/install/windwind_description/share/ament_index/resource_index/packages
symbolically linking /home/jose/TCC/build/windwind_description/package.xml -> /home/jose/TCC/install/windwind_description/share/windwind_description
symbolically linking /home/jose/TCC/build/windwind_description/launch/display.launch.py -> /home/jose/TCC/install/windwind_description/share/windwind_description/launch
symbolically linking /home/jose/TCC/build/windwind_description/launch/gazebo.launch.py -> /home/jose/TCC/install/windwind_description/share/windwind_description/launch
symbolically linking /home/jose/TCC/build/windwind_description/urdf/windwind.gazebo -> /home/jose/TCC/install/windwind_description/share/windwind_description/urdf
symbolically linking /home/jose/TCC/build/windwind_description/urdf/windwind_utf8.xacro -> /home/jose/TCC/install/windwind_description/share/windwind_description/urdf
symbolically linking /home/jose/TCC/build/windwind_description/urdf/windwind.trans -> /home/jose/TCC/install/windwind_description/share/windwind_description/urdf
symbolically linking /home/jose/TCC/build/windwind_description/urdf/windwind.urdf -> /home/jose/TCC/install/windwind_description/share/windwind_description/urdf
symbolically linking /home/jose/TCC/build/windwind_description/urdf/materials.xacro -> /home/jose/TCC/install/windwind_description/share/windwind_description/urdf
symbolically linking /home/jose/TCC/build/windwind_description/urdf/windwind.xacro -> /home/jose/TCC/install/windwind_description/share/windwind_description/urdf
symbolically linking /home/jose/TCC/build/windwind_description/urdf/windwind.sdf -> /home/jose/TCC/install/windwind_description/share/windwind_description/urdf
symbolically linking /home/jose/TCC/build/windwind_description/meshes/LACEA_1.stl -> /home/jose/TCC/install/windwind_description/share/windwind_description/meshes
symbolically linking /home/jose/TCC/build/windwind_description/meshes/Damage_1_1.stl -> /home/jose/TCC/install/windwind_description/share/windwind_description/meshes
symbolically linking /home/jose/TCC/build/windwind_description/meshes/HUB2_1_1.stl -> /home/jose/TCC/install/windwind_description/share/windwind_description/meshes
symbolically linking /home/jose/TCC/build/windwind_description/meshes/Componente12_1.stl -> /home/jose/TCC/install/windwind_description/share/windwind_description/meshes
symbolically linking /home/jose/TCC/build/windwind_description/meshes/suj_prata_1.stl -> /home/jose/TCC/install/windwind_description/share/windwind_description/meshes
symbolically linking /home/jose/TCC/build/windwind_description/meshes/FERRUGEM_1.stl -> /home/jose/TCC/install/windwind_description/share/windwind_description/meshes
symbolically linking /home/jose/TCC/build/windwind_description/meshes/sujeirinha_1.stl -> /home/jose/TCC/install/windwind_description/share/windwind_description/meshes
symbolically linking /home/jose/TCC/build/windwind_description/meshes/manchinha_1.stl -> /home/jose/TCC/install/windwind_description/share/windwind_description/meshes
symbolically linking /home/jose/TCC/build/windwind_description/meshes/base_link.stl -> /home/jose/TCC/install/windwind_description/share/windwind_description/meshes
symbolically linking /home/jose/TCC/build/windwind_description/config/display.rviz -> /home/jose/TCC/install/windwind_description/share/windwind_description/config
