[1.336s] Invoking command in '/home/jose/TCC/build/windwind_description': PYTHONPATH=/home/jose/TCC/build/windwind_description/prefix_override:/usr/lib/python3/dist-packages/colcon_core/task/python/colcon_distutils_commands:/home/jose/TCC/install/windwind_description/lib/python3.10/site-packages:${PYTHONPATH} /usr/bin/python3 -W ignore:setup.py install is deprecated -W ignore:easy_install command is deprecated setup.py develop --editable --build-directory /home/jose/TCC/build/windwind_description/build --no-deps symlink_data --force
[1.696s] /usr/lib/python3/dist-packages/setuptools/dist.py:723: UserWarning: Usage of dash-separated 'script-dir' will not be supported in future versions. Please use the underscore name 'script_dir' instead
[1.696s]   warnings.warn(
[1.733s] running develop
[1.963s] running egg_info
[1.963s] writing windwind_description.egg-info/PKG-INFO
[1.963s] writing dependency_links to windwind_description.egg-info/dependency_links.txt
[1.963s] writing entry points to windwind_description.egg-info/entry_points.txt
[1.963s] writing requirements to windwind_description.egg-info/requires.txt
[1.963s] writing top-level names to windwind_description.egg-info/top_level.txt
[1.965s] reading manifest file 'windwind_description.egg-info/SOURCES.txt'
[1.966s] writing manifest file 'windwind_description.egg-info/SOURCES.txt'
[1.969s] running build_ext
[1.969s] Creating /home/jose/TCC/install/windwind_description/lib/python3.10/site-packages/windwind-description.egg-link (link to .)
[1.970s] 
[1.970s] Installed /home/jose/TCC/build/windwind_description
[1.970s] running symlink_data
[1.970s] symbolically linking /home/jose/TCC/build/windwind_description/resource/windwind_description -> /home/jose/TCC/install/windwind_description/share/ament_index/resource_index/packages
[1.970s] symbolically linking /home/jose/TCC/build/windwind_description/package.xml -> /home/jose/TCC/install/windwind_description/share/windwind_description
[1.970s] symbolically linking /home/jose/TCC/build/windwind_description/launch/display.launch.py -> /home/jose/TCC/install/windwind_description/share/windwind_description/launch
[1.970s] symbolically linking /home/jose/TCC/build/windwind_description/launch/gazebo.launch.py -> /home/jose/TCC/install/windwind_description/share/windwind_description/launch
[1.970s] symbolically linking /home/jose/TCC/build/windwind_description/urdf/windwind.gazebo -> /home/jose/TCC/install/windwind_description/share/windwind_description/urdf
[1.971s] symbolically linking /home/jose/TCC/build/windwind_description/urdf/windwind_utf8.xacro -> /home/jose/TCC/install/windwind_description/share/windwind_description/urdf
[1.971s] symbolically linking /home/jose/TCC/build/windwind_description/urdf/windwind.trans -> /home/jose/TCC/install/windwind_description/share/windwind_description/urdf
[1.971s] symbolically linking /home/jose/TCC/build/windwind_description/urdf/windwind.urdf -> /home/jose/TCC/install/windwind_description/share/windwind_description/urdf
[1.971s] symbolically linking /home/jose/TCC/build/windwind_description/urdf/materials.xacro -> /home/jose/TCC/install/windwind_description/share/windwind_description/urdf
[1.971s] symbolically linking /home/jose/TCC/build/windwind_description/urdf/windwind.xacro -> /home/jose/TCC/install/windwind_description/share/windwind_description/urdf
[1.971s] symbolically linking /home/jose/TCC/build/windwind_description/urdf/windwind.sdf -> /home/jose/TCC/install/windwind_description/share/windwind_description/urdf
[1.971s] symbolically linking /home/jose/TCC/build/windwind_description/meshes/LACEA_1.stl -> /home/jose/TCC/install/windwind_description/share/windwind_description/meshes
[1.971s] symbolically linking /home/jose/TCC/build/windwind_description/meshes/Damage_1_1.stl -> /home/jose/TCC/install/windwind_description/share/windwind_description/meshes
[1.971s] symbolically linking /home/jose/TCC/build/windwind_description/meshes/HUB2_1_1.stl -> /home/jose/TCC/install/windwind_description/share/windwind_description/meshes
[1.971s] symbolically linking /home/jose/TCC/build/windwind_description/meshes/Componente12_1.stl -> /home/jose/TCC/install/windwind_description/share/windwind_description/meshes
[1.971s] symbolically linking /home/jose/TCC/build/windwind_description/meshes/suj_prata_1.stl -> /home/jose/TCC/install/windwind_description/share/windwind_description/meshes
[1.971s] symbolically linking /home/jose/TCC/build/windwind_description/meshes/FERRUGEM_1.stl -> /home/jose/TCC/install/windwind_description/share/windwind_description/meshes
[1.971s] symbolically linking /home/jose/TCC/build/windwind_description/meshes/sujeirinha_1.stl -> /home/jose/TCC/install/windwind_description/share/windwind_description/meshes
[1.972s] symbolically linking /home/jose/TCC/build/windwind_description/meshes/manchinha_1.stl -> /home/jose/TCC/install/windwind_description/share/windwind_description/meshes
[1.972s] symbolically linking /home/jose/TCC/build/windwind_description/meshes/base_link.stl -> /home/jose/TCC/install/windwind_description/share/windwind_description/meshes
[1.972s] symbolically linking /home/jose/TCC/build/windwind_description/config/display.rviz -> /home/jose/TCC/install/windwind_description/share/windwind_description/config
[1.998s] Invoked command in '/home/jose/TCC/build/windwind_description' returned '0': PYTHONPATH=/home/jose/TCC/build/windwind_description/prefix_override:/usr/lib/python3/dist-packages/colcon_core/task/python/colcon_distutils_commands:/home/jose/TCC/install/windwind_description/lib/python3.10/site-packages:${PYTHONPATH} /usr/bin/python3 -W ignore:setup.py install is deprecated -W ignore:easy_install command is deprecated setup.py develop --editable --build-directory /home/jose/TCC/build/windwind_description/build --no-deps symlink_data --force
