-- Found ament_cmake_core: 1.3.11 (/home/jose/TCC/install/ament_cmake_core/share/ament_cmake_core/cmake)
-- Found Python3: /usr/bin/python3 (found version "3.10.12") found components: Interpreter 
-- Override CMake install command with custom implementation using symlinks instead of copying resources
-- Configuring done
-- Generating done
-- Build files have been written to: /home/jose/TCC/build/ament_cmake_export_dependencies
-- Install configuration: ""
-- Execute custom install script
-- Symlinking: /home/jose/TCC/install/ament_cmake_export_dependencies/share/ament_index/resource_index/package_run_dependencies/ament_cmake_export_dependencies
-- Symlinking: /home/jose/TCC/install/ament_cmake_export_dependencies/share/ament_index/resource_index/parent_prefix_path/ament_cmake_export_dependencies
-- Symlinking: /home/jose/TCC/install/ament_cmake_export_dependencies/share/ament_cmake_export_dependencies/environment/ament_prefix_path.sh
-- Symlinking: /home/jose/TCC/install/ament_cmake_export_dependencies/share/ament_cmake_export_dependencies/environment/ament_prefix_path.dsv
-- Symlinking: /home/jose/TCC/install/ament_cmake_export_dependencies/share/ament_cmake_export_dependencies/environment/path.sh
-- Symlinking: /home/jose/TCC/install/ament_cmake_export_dependencies/share/ament_cmake_export_dependencies/environment/path.dsv
-- Symlinking: /home/jose/TCC/install/ament_cmake_export_dependencies/share/ament_cmake_export_dependencies/local_setup.bash
-- Symlinking: /home/jose/TCC/install/ament_cmake_export_dependencies/share/ament_cmake_export_dependencies/local_setup.sh
-- Symlinking: /home/jose/TCC/install/ament_cmake_export_dependencies/share/ament_cmake_export_dependencies/local_setup.zsh
-- Symlinking: /home/jose/TCC/install/ament_cmake_export_dependencies/share/ament_cmake_export_dependencies/local_setup.dsv
-- Symlinking: /home/jose/TCC/install/ament_cmake_export_dependencies/share/ament_cmake_export_dependencies/package.dsv
-- Symlinking: /home/jose/TCC/install/ament_cmake_export_dependencies/share/ament_index/resource_index/packages/ament_cmake_export_dependencies
-- Symlinking: /home/jose/TCC/install/ament_cmake_export_dependencies/share/ament_cmake_export_dependencies/cmake/ament_cmake_export_dependencies-extras.cmake
-- Symlinking: /home/jose/TCC/install/ament_cmake_export_dependencies/share/ament_cmake_export_dependencies/cmake/ament_cmake_export_dependenciesConfig.cmake
-- Symlinking: /home/jose/TCC/install/ament_cmake_export_dependencies/share/ament_cmake_export_dependencies/cmake/ament_cmake_export_dependenciesConfig-version.cmake
-- Symlinking: /home/jose/TCC/install/ament_cmake_export_dependencies/share/ament_cmake_export_dependencies/package.xml
-- Symlinking: /home/jose/TCC/install/ament_cmake_export_dependencies/share/ament_cmake_export_dependencies/cmake/ament_cmake_export_dependencies-extras.cmake.in
-- Symlinking: /home/jose/TCC/install/ament_cmake_export_dependencies/share/ament_cmake_export_dependencies/cmake/ament_cmake_export_dependencies_package_hook.cmake
-- Symlinking: /home/jose/TCC/install/ament_cmake_export_dependencies/share/ament_cmake_export_dependencies/cmake/ament_export_dependencies.cmake
