running egg_info
creating ../../build/windwind/windwind.egg-info
writing ../../build/windwind/windwind.egg-info/PKG-INFO
writing dependency_links to ../../build/windwind/windwind.egg-info/dependency_links.txt
writing entry points to ../../build/windwind/windwind.egg-info/entry_points.txt
writing requirements to ../../build/windwind/windwind.egg-info/requires.txt
writing top-level names to ../../build/windwind/windwind.egg-info/top_level.txt
writing manifest file '../../build/windwind/windwind.egg-info/SOURCES.txt'
reading manifest file '../../build/windwind/windwind.egg-info/SOURCES.txt'
writing manifest file '../../build/windwind/windwind.egg-info/SOURCES.txt'
running build
running build_py
creating /home/jose/TCC/build/windwind/build
creating /home/jose/TCC/build/windwind/build/lib
creating /home/jose/TCC/build/windwind/build/lib/windwind
copying windwind/__init__.py -> /home/jose/TCC/build/windwind/build/lib/windwind
running install
running install_lib
creating /home/jose/TCC/install/windwind/lib/python3.10/site-packages/windwind
copying /home/jose/TCC/build/windwind/build/lib/windwind/__init__.py -> /home/jose/TCC/install/windwind/lib/python3.10/site-packages/windwind
byte-compiling /home/jose/TCC/install/windwind/lib/python3.10/site-packages/windwind/__init__.py to __init__.cpython-310.pyc
running install_data
creating /home/jose/TCC/install/windwind/share/ament_index
creating /home/jose/TCC/install/windwind/share/ament_index/resource_index
creating /home/jose/TCC/install/windwind/share/ament_index/resource_index/packages
copying resource/windwind -> /home/jose/TCC/install/windwind/share/ament_index/resource_index/packages
copying package.xml -> /home/jose/TCC/install/windwind/share/windwind
creating /home/jose/TCC/install/windwind/share/windwind/launch
copying launch/gazebo.launch.py -> /home/jose/TCC/install/windwind/share/windwind/launch
copying launch/display.launch.py -> /home/jose/TCC/install/windwind/share/windwind/launch
creating /home/jose/TCC/install/windwind/share/windwind/urdf
copying urdf/WindTURBINE.xacro -> /home/jose/TCC/install/windwind/share/windwind/urdf
copying urdf/WindTURBINE.trans -> /home/jose/TCC/install/windwind/share/windwind/urdf
copying urdf/materials.xacro -> /home/jose/TCC/install/windwind/share/windwind/urdf
copying urdf/WindTURBINE.gazebo -> /home/jose/TCC/install/windwind/share/windwind/urdf
creating /home/jose/TCC/install/windwind/share/windwind/meshes
copying meshes/HUB2_1.stl -> /home/jose/TCC/install/windwind/share/windwind/meshes
copying meshes/base_link.stl -> /home/jose/TCC/install/windwind/share/windwind/meshes
creating /home/jose/TCC/install/windwind/share/windwind/config
copying config/display.rviz -> /home/jose/TCC/install/windwind/share/windwind/config
running install_egg_info
Copying ../../build/windwind/windwind.egg-info to /home/jose/TCC/install/windwind/lib/python3.10/site-packages/windwind-0.0.0-py3.10.egg-info
running install_scripts
writing list of installed files to '/home/jose/TCC/build/windwind/install.log'
