[1.217s] Invoking command in '/home/jose/TCC/src/windwind': PYTHONPATH=/home/jose/TCC/build/windwind/prefix_override:/usr/lib/python3/dist-packages/colcon_core/task/python/colcon_distutils_commands:/home/jose/TCC/install/windwind/lib/python3.10/site-packages:${PYTHONPATH} /usr/bin/python3 -W ignore:setup.py install is deprecated -W ignore:easy_install command is deprecated setup.py egg_info --egg-base ../../build/windwind build --build-base /home/jose/TCC/build/windwind/build install --record /home/jose/TCC/build/windwind/install.log --install-scripts $base/lib/WindTURBINE_description --single-version-externally-managed install_data
[1.543s] /usr/lib/python3/dist-packages/setuptools/dist.py:723: UserWarning: Usage of dash-separated 'script-dir' will not be supported in future versions. Please use the underscore name 'script_dir' instead
[1.543s]   warnings.warn(
[1.550s] running egg_info
[1.550s] creating ../../build/windwind/windwind.egg-info
[1.550s] writing ../../build/windwind/windwind.egg-info/PKG-INFO
[1.551s] writing dependency_links to ../../build/windwind/windwind.egg-info/dependency_links.txt
[1.551s] writing entry points to ../../build/windwind/windwind.egg-info/entry_points.txt
[1.551s] writing requirements to ../../build/windwind/windwind.egg-info/requires.txt
[1.551s] writing top-level names to ../../build/windwind/windwind.egg-info/top_level.txt
[1.551s] writing manifest file '../../build/windwind/windwind.egg-info/SOURCES.txt'
[1.552s] reading manifest file '../../build/windwind/windwind.egg-info/SOURCES.txt'
[1.552s] writing manifest file '../../build/windwind/windwind.egg-info/SOURCES.txt'
[1.552s] running build
[1.552s] running build_py
[1.552s] creating /home/jose/TCC/build/windwind/build
[1.552s] creating /home/jose/TCC/build/windwind/build/lib
[1.552s] creating /home/jose/TCC/build/windwind/build/lib/windwind
[1.552s] copying windwind/__init__.py -> /home/jose/TCC/build/windwind/build/lib/windwind
[1.553s] running install
[1.553s] running install_lib
[1.553s] creating /home/jose/TCC/install/windwind/lib/python3.10/site-packages/windwind
[1.553s] copying /home/jose/TCC/build/windwind/build/lib/windwind/__init__.py -> /home/jose/TCC/install/windwind/lib/python3.10/site-packages/windwind
[1.555s] byte-compiling /home/jose/TCC/install/windwind/lib/python3.10/site-packages/windwind/__init__.py to __init__.cpython-310.pyc
[1.555s] running install_data
[1.555s] creating /home/jose/TCC/install/windwind/share/ament_index
[1.555s] creating /home/jose/TCC/install/windwind/share/ament_index/resource_index
[1.555s] creating /home/jose/TCC/install/windwind/share/ament_index/resource_index/packages
[1.555s] copying resource/windwind -> /home/jose/TCC/install/windwind/share/ament_index/resource_index/packages
[1.555s] copying package.xml -> /home/jose/TCC/install/windwind/share/windwind
[1.555s] creating /home/jose/TCC/install/windwind/share/windwind/launch
[1.555s] copying launch/gazebo.launch.py -> /home/jose/TCC/install/windwind/share/windwind/launch
[1.555s] copying launch/display.launch.py -> /home/jose/TCC/install/windwind/share/windwind/launch
[1.555s] creating /home/jose/TCC/install/windwind/share/windwind/urdf
[1.555s] copying urdf/WindTURBINE.xacro -> /home/jose/TCC/install/windwind/share/windwind/urdf
[1.555s] copying urdf/WindTURBINE.trans -> /home/jose/TCC/install/windwind/share/windwind/urdf
[1.555s] copying urdf/materials.xacro -> /home/jose/TCC/install/windwind/share/windwind/urdf
[1.556s] copying urdf/WindTURBINE.gazebo -> /home/jose/TCC/install/windwind/share/windwind/urdf
[1.556s] creating /home/jose/TCC/install/windwind/share/windwind/meshes
[1.556s] copying meshes/HUB2_1.stl -> /home/jose/TCC/install/windwind/share/windwind/meshes
[1.571s] copying meshes/base_link.stl -> /home/jose/TCC/install/windwind/share/windwind/meshes
[1.571s] creating /home/jose/TCC/install/windwind/share/windwind/config
[1.571s] copying config/display.rviz -> /home/jose/TCC/install/windwind/share/windwind/config
[1.571s] running install_egg_info
[1.574s] Copying ../../build/windwind/windwind.egg-info to /home/jose/TCC/install/windwind/lib/python3.10/site-packages/windwind-0.0.0-py3.10.egg-info
[1.575s] running install_scripts
[1.604s] writing list of installed files to '/home/jose/TCC/build/windwind/install.log'
[1.617s] Invoked command in '/home/jose/TCC/src/windwind' returned '0': PYTHONPATH=/home/jose/TCC/build/windwind/prefix_override:/usr/lib/python3/dist-packages/colcon_core/task/python/colcon_distutils_commands:/home/jose/TCC/install/windwind/lib/python3.10/site-packages:${PYTHONPATH} /usr/bin/python3 -W ignore:setup.py install is deprecated -W ignore:easy_install command is deprecated setup.py egg_info --egg-base ../../build/windwind build --build-base /home/jose/TCC/build/windwind/build install --record /home/jose/TCC/build/windwind/install.log --install-scripts $base/lib/WindTURBINE_description --single-version-externally-managed install_data
