[5.149s] Invoking command in '/home/jose/TCC/build/launch_yaml': AMENT_PREFIX_PATH=/home/jose/TCC/install/launch:/home/jose/TCC/install/ament_index_python:/home/jose/TCC/install/ament_copyright:/home/jose/TCC/install/ament_pep257:/home/jose/TCC/install/ament_flake8:/home/jose/TCC/install/osrf_pycommon:/home/jose/TCC/install/ament_lint:${AMENT_PREFIX_PATH} PATH=/home/jose/TCC/install/ament_index_python/bin:/home/jose/TCC/install/ament_copyright/bin:/home/jose/TCC/install/ament_pep257/bin:/home/jose/TCC/install/ament_flake8/bin:${PATH} PYTHONPATH=/home/jose/TCC/build/launch_yaml/prefix_override:/usr/lib/python3/dist-packages/colcon_core/task/python/colcon_distutils_commands:/home/jose/TCC/install/launch_yaml/lib/python3.10/site-packages:/home/jose/TCC/build/launch:/home/jose/TCC/install/launch/lib/python3.10/site-packages:/home/jose/TCC/build/ament_index_python:/home/jose/TCC/install/ament_index_python/lib/python3.10/site-packages:/home/jose/TCC/build/ament_copyright:/home/jose/TCC/install/ament_copyright/lib/python3.10/site-packages:/home/jose/TCC/build/ament_pep257:/home/jose/TCC/install/ament_pep257/lib/python3.10/site-packages:/home/jose/TCC/build/ament_flake8:/home/jose/TCC/install/ament_flake8/lib/python3.10/site-packages:/home/jose/TCC/build/osrf_pycommon:/home/jose/TCC/install/osrf_pycommon/lib/python3.10/site-packages:/home/jose/TCC/build/ament_lint:/home/jose/TCC/install/ament_lint/lib/python3.10/site-packages:${PYTHONPATH} /usr/bin/python3 -W ignore:setup.py install is deprecated -W ignore:easy_install command is deprecated setup.py develop --editable --build-directory /home/jose/TCC/build/launch_yaml/build --no-deps symlink_data
[6.396s] running develop
[7.266s] running egg_info
[7.266s] creating launch_yaml.egg-info
[7.267s] writing launch_yaml.egg-info/PKG-INFO
[7.267s] writing dependency_links to launch_yaml.egg-info/dependency_links.txt
[7.267s] writing entry points to launch_yaml.egg-info/entry_points.txt
[7.271s] writing requirements to launch_yaml.egg-info/requires.txt
[7.271s] writing top-level names to launch_yaml.egg-info/top_level.txt
[7.271s] writing manifest file 'launch_yaml.egg-info/SOURCES.txt'
[7.273s] reading manifest file 'launch_yaml.egg-info/SOURCES.txt'
[7.274s] writing manifest file 'launch_yaml.egg-info/SOURCES.txt'
[7.288s] running build_ext
[7.289s] Creating /home/jose/TCC/install/launch_yaml/lib/python3.10/site-packages/launch-yaml.egg-link (link to .)
[7.290s] 
[7.290s] Installed /home/jose/TCC/build/launch_yaml
[7.290s] running symlink_data
[7.292s] symbolically linking /home/jose/TCC/build/launch_yaml/package.xml -> /home/jose/TCC/install/launch_yaml/share/launch_yaml
[7.292s] creating /home/jose/TCC/install/launch_yaml/share/ament_index
[7.292s] creating /home/jose/TCC/install/launch_yaml/share/ament_index/resource_index
[7.293s] creating /home/jose/TCC/install/launch_yaml/share/ament_index/resource_index/packages
[7.293s] symbolically linking /home/jose/TCC/build/launch_yaml/resource/launch_yaml -> /home/jose/TCC/install/launch_yaml/share/ament_index/resource_index/packages
[7.396s] Invoked command in '/home/jose/TCC/build/launch_yaml' returned '0': AMENT_PREFIX_PATH=/home/jose/TCC/install/launch:/home/jose/TCC/install/ament_index_python:/home/jose/TCC/install/ament_copyright:/home/jose/TCC/install/ament_pep257:/home/jose/TCC/install/ament_flake8:/home/jose/TCC/install/osrf_pycommon:/home/jose/TCC/install/ament_lint:${AMENT_PREFIX_PATH} PATH=/home/jose/TCC/install/ament_index_python/bin:/home/jose/TCC/install/ament_copyright/bin:/home/jose/TCC/install/ament_pep257/bin:/home/jose/TCC/install/ament_flake8/bin:${PATH} PYTHONPATH=/home/jose/TCC/build/launch_yaml/prefix_override:/usr/lib/python3/dist-packages/colcon_core/task/python/colcon_distutils_commands:/home/jose/TCC/install/launch_yaml/lib/python3.10/site-packages:/home/jose/TCC/build/launch:/home/jose/TCC/install/launch/lib/python3.10/site-packages:/home/jose/TCC/build/ament_index_python:/home/jose/TCC/install/ament_index_python/lib/python3.10/site-packages:/home/jose/TCC/build/ament_copyright:/home/jose/TCC/install/ament_copyright/lib/python3.10/site-packages:/home/jose/TCC/build/ament_pep257:/home/jose/TCC/install/ament_pep257/lib/python3.10/site-packages:/home/jose/TCC/build/ament_flake8:/home/jose/TCC/install/ament_flake8/lib/python3.10/site-packages:/home/jose/TCC/build/osrf_pycommon:/home/jose/TCC/install/osrf_pycommon/lib/python3.10/site-packages:/home/jose/TCC/build/ament_lint:/home/jose/TCC/install/ament_lint/lib/python3.10/site-packages:${PYTHONPATH} /usr/bin/python3 -W ignore:setup.py install is deprecated -W ignore:easy_install command is deprecated setup.py develop --editable --build-directory /home/jose/TCC/build/launch_yaml/build --no-deps symlink_data
