[1.278s] Invoking command in '/home/jose/TCC/src/wind_turbine': PYTHONPATH=/home/jose/TCC/build/wind_turbine/prefix_override:/usr/lib/python3/dist-packages/colcon_core/task/python/colcon_distutils_commands:/home/jose/TCC/install/wind_turbine/lib/python3.10/site-packages:${PYTHONPATH} /usr/bin/python3 -W ignore:setup.py install is deprecated -W ignore:easy_install command is deprecated setup.py egg_info --egg-base ../../build/wind_turbine build --build-base /home/jose/TCC/build/wind_turbine/build install --record /home/jose/TCC/build/wind_turbine/install.log --single-version-externally-managed install_data
[1.636s] running egg_info
[1.636s] writing ../../build/wind_turbine/wind_turbine.egg-info/PKG-INFO
[1.636s] writing dependency_links to ../../build/wind_turbine/wind_turbine.egg-info/dependency_links.txt
[1.636s] writing entry points to ../../build/wind_turbine/wind_turbine.egg-info/entry_points.txt
[1.637s] writing requirements to ../../build/wind_turbine/wind_turbine.egg-info/requires.txt
[1.637s] writing top-level names to ../../build/wind_turbine/wind_turbine.egg-info/top_level.txt
[1.638s] reading manifest file '../../build/wind_turbine/wind_turbine.egg-info/SOURCES.txt'
[1.638s] writing manifest file '../../build/wind_turbine/wind_turbine.egg-info/SOURCES.txt'
[1.638s] running build
[1.638s] running build_py
[1.638s] running install
[1.639s] running install_lib
[1.640s] running install_data
[1.641s] copying worlds/wind_world.sdf -> /home/jose/TCC/install/wind_turbine/share/wind_turbine/worlds
[1.641s] running install_egg_info
[1.643s] removing '/home/jose/TCC/install/wind_turbine/lib/python3.10/site-packages/wind_turbine-0.0.0-py3.10.egg-info' (and everything under it)
[1.643s] Copying ../../build/wind_turbine/wind_turbine.egg-info to /home/jose/TCC/install/wind_turbine/lib/python3.10/site-packages/wind_turbine-0.0.0-py3.10.egg-info
[1.644s] running install_scripts
[1.671s] writing list of installed files to '/home/jose/TCC/build/wind_turbine/install.log'
[1.686s] Invoked command in '/home/jose/TCC/src/wind_turbine' returned '0': PYTHONPATH=/home/jose/TCC/build/wind_turbine/prefix_override:/usr/lib/python3/dist-packages/colcon_core/task/python/colcon_distutils_commands:/home/jose/TCC/install/wind_turbine/lib/python3.10/site-packages:${PYTHONPATH} /usr/bin/python3 -W ignore:setup.py install is deprecated -W ignore:easy_install command is deprecated setup.py egg_info --egg-base ../../build/wind_turbine build --build-base /home/jose/TCC/build/wind_turbine/build install --record /home/jose/TCC/build/wind_turbine/install.log --single-version-externally-managed install_data
