[0.158s] DEBUG:colcon:Command line arguments: ['/usr/bin/colcon', 'build']
[0.158s] DEBUG:colcon:Parsed command line arguments: Namespace(log_base=None, log_level=None, verb_name='build', build_base='build', install_base='install', merge_install=False, symlink_install=False, test_result_base=None, continue_on_error=False, executor='parallel', parallel_workers=16, event_handlers=None, ignore_user_meta=False, metas=['./colcon.meta'], base_paths=['.'], packages_ignore=None, packages_ignore_regex=None, paths=None, packages_up_to=None, packages_up_to_regex=None, packages_above=None, packages_above_and_dependencies=None, packages_above_depth=None, packages_select_by_dep=None, packages_skip_by_dep=None, packages_skip_up_to=None, packages_select_build_failed=False, packages_skip_build_finished=False, packages_select_test_failures=False, packages_skip_test_passed=False, packages_select=None, packages_skip=None, packages_select_regex=None, packages_skip_regex=None, packages_start=None, packages_end=None, allow_overriding=[], cmake_args=None, cmake_target=None, cmake_target_skip_unavailable=False, cmake_clean_cache=False, cmake_clean_first=False, cmake_force_configure=False, ament_cmake_args=None, catkin_cmake_args=None, catkin_skip_building_tests=False, mixin_files=None, mixin=None, verb_parser=<colcon_mixin.mixin.mixin_argument.MixinArgumentDecorator object at 0x7ba7948a2020>, verb_extension=<colcon_core.verb.build.BuildVerb object at 0x7ba7949a2fe0>, main=<bound method BuildVerb.main of <colcon_core.verb.build.BuildVerb object at 0x7ba7949a2fe0>>, mixin_verb=('build',))
[0.334s] Level 1:colcon.colcon_core.package_discovery:discover_packages(colcon_meta) check parameters
[0.334s] Level 1:colcon.colcon_core.package_discovery:discover_packages(recursive) check parameters
[0.334s] Level 1:colcon.colcon_core.package_discovery:discover_packages(ignore) check parameters
[0.334s] Level 1:colcon.colcon_core.package_discovery:discover_packages(path) check parameters
[0.334s] Level 1:colcon.colcon_core.package_discovery:discover_packages(colcon_meta) discover
[0.334s] Level 1:colcon.colcon_core.package_discovery:discover_packages(recursive) discover
[0.334s] INFO:colcon.colcon_core.package_discovery:Crawling recursively for packages in '/home/jose/TCC'
[0.334s] Level 1:colcon.colcon_core.package_identification:_identify(.) by extensions ['ignore', 'ignore_ament_install']
[0.334s] Level 1:colcon.colcon_core.package_identification:_identify(.) by extension 'ignore'
[0.334s] Level 1:colcon.colcon_core.package_identification:_identify(.) by extension 'ignore_ament_install'
[0.334s] Level 1:colcon.colcon_core.package_identification:_identify(.) by extensions ['colcon_pkg']
[0.334s] Level 1:colcon.colcon_core.package_identification:_identify(.) by extension 'colcon_pkg'
[0.334s] Level 1:colcon.colcon_core.package_identification:_identify(.) by extensions ['colcon_meta']
[0.334s] Level 1:colcon.colcon_core.package_identification:_identify(.) by extension 'colcon_meta'
[0.334s] Level 1:colcon.colcon_core.package_identification:_identify(.) by extensions ['ros']
[0.334s] Level 1:colcon.colcon_core.package_identification:_identify(.) by extension 'ros'
[0.342s] Level 1:colcon.colcon_core.package_identification:_identify(.) by extensions ['cmake', 'python']
[0.342s] Level 1:colcon.colcon_core.package_identification:_identify(.) by extension 'cmake'
[0.342s] Level 1:colcon.colcon_core.package_identification:_identify(.) by extension 'python'
[0.342s] Level 1:colcon.colcon_core.package_identification:_identify(.) by extensions ['python_setup_py']
[0.342s] Level 1:colcon.colcon_core.package_identification:_identify(.) by extension 'python_setup_py'
[0.342s] Level 1:colcon.colcon_core.package_identification:_identify(build) by extensions ['ignore', 'ignore_ament_install']
[0.343s] Level 1:colcon.colcon_core.package_identification:_identify(build) by extension 'ignore'
[0.343s] Level 1:colcon.colcon_core.package_identification:_identify(build) ignored
[0.343s] Level 1:colcon.colcon_core.package_identification:_identify(install) by extensions ['ignore', 'ignore_ament_install']
[0.343s] Level 1:colcon.colcon_core.package_identification:_identify(install) by extension 'ignore'
[0.343s] Level 1:colcon.colcon_core.package_identification:_identify(install) ignored
[0.343s] Level 1:colcon.colcon_core.package_identification:_identify(log) by extensions ['ignore', 'ignore_ament_install']
[0.343s] Level 1:colcon.colcon_core.package_identification:_identify(log) by extension 'ignore'
[0.343s] Level 1:colcon.colcon_core.package_identification:_identify(log) ignored
[0.343s] Level 1:colcon.colcon_core.package_identification:_identify(src) by extensions ['ignore', 'ignore_ament_install']
[0.343s] Level 1:colcon.colcon_core.package_identification:_identify(src) by extension 'ignore'
[0.343s] Level 1:colcon.colcon_core.package_identification:_identify(src) by extension 'ignore_ament_install'
[0.343s] Level 1:colcon.colcon_core.package_identification:_identify(src) by extensions ['colcon_pkg']
[0.343s] Level 1:colcon.colcon_core.package_identification:_identify(src) by extension 'colcon_pkg'
[0.343s] Level 1:colcon.colcon_core.package_identification:_identify(src) by extensions ['colcon_meta']
[0.343s] Level 1:colcon.colcon_core.package_identification:_identify(src) by extension 'colcon_meta'
[0.343s] Level 1:colcon.colcon_core.package_identification:_identify(src) by extensions ['ros']
[0.343s] Level 1:colcon.colcon_core.package_identification:_identify(src) by extension 'ros'
[0.343s] Level 1:colcon.colcon_core.package_identification:_identify(src) by extensions ['cmake', 'python']
[0.343s] Level 1:colcon.colcon_core.package_identification:_identify(src) by extension 'cmake'
[0.343s] Level 1:colcon.colcon_core.package_identification:_identify(src) by extension 'python'
[0.343s] Level 1:colcon.colcon_core.package_identification:_identify(src) by extensions ['python_setup_py']
[0.343s] Level 1:colcon.colcon_core.package_identification:_identify(src) by extension 'python_setup_py'
[0.343s] Level 1:colcon.colcon_core.package_identification:_identify(src/build) by extensions ['ignore', 'ignore_ament_install']
[0.343s] Level 1:colcon.colcon_core.package_identification:_identify(src/build) by extension 'ignore'
[0.343s] Level 1:colcon.colcon_core.package_identification:_identify(src/build) ignored
[0.343s] Level 1:colcon.colcon_core.package_identification:_identify(src/install) by extensions ['ignore', 'ignore_ament_install']
[0.344s] Level 1:colcon.colcon_core.package_identification:_identify(src/install) by extension 'ignore'
[0.344s] Level 1:colcon.colcon_core.package_identification:_identify(src/install) ignored
[0.344s] Level 1:colcon.colcon_core.package_identification:_identify(src/log) by extensions ['ignore', 'ignore_ament_install']
[0.344s] Level 1:colcon.colcon_core.package_identification:_identify(src/log) by extension 'ignore'
[0.344s] Level 1:colcon.colcon_core.package_identification:_identify(src/log) ignored
[0.344s] Level 1:colcon.colcon_core.package_identification:_identify(src/wind_turbine) by extensions ['ignore', 'ignore_ament_install']
[0.344s] Level 1:colcon.colcon_core.package_identification:_identify(src/wind_turbine) by extension 'ignore'
[0.344s] Level 1:colcon.colcon_core.package_identification:_identify(src/wind_turbine) by extension 'ignore_ament_install'
[0.344s] Level 1:colcon.colcon_core.package_identification:_identify(src/wind_turbine) by extensions ['colcon_pkg']
[0.344s] Level 1:colcon.colcon_core.package_identification:_identify(src/wind_turbine) by extension 'colcon_pkg'
[0.344s] Level 1:colcon.colcon_core.package_identification:_identify(src/wind_turbine) by extensions ['colcon_meta']
[0.344s] Level 1:colcon.colcon_core.package_identification:_identify(src/wind_turbine) by extension 'colcon_meta'
[0.344s] Level 1:colcon.colcon_core.package_identification:_identify(src/wind_turbine) by extensions ['ros']
[0.344s] Level 1:colcon.colcon_core.package_identification:_identify(src/wind_turbine) by extension 'ros'
[0.346s] DEBUG:colcon.colcon_core.package_identification:Package 'src/wind_turbine' with type 'ros.ament_python' and name 'wind_turbine'
[0.346s] Level 1:colcon.colcon_core.package_identification:_identify(src/windwind) by extensions ['ignore', 'ignore_ament_install']
[0.346s] Level 1:colcon.colcon_core.package_identification:_identify(src/windwind) by extension 'ignore'
[0.346s] Level 1:colcon.colcon_core.package_identification:_identify(src/windwind) by extension 'ignore_ament_install'
[0.346s] Level 1:colcon.colcon_core.package_identification:_identify(src/windwind) by extensions ['colcon_pkg']
[0.346s] Level 1:colcon.colcon_core.package_identification:_identify(src/windwind) by extension 'colcon_pkg'
[0.346s] Level 1:colcon.colcon_core.package_identification:_identify(src/windwind) by extensions ['colcon_meta']
[0.346s] Level 1:colcon.colcon_core.package_identification:_identify(src/windwind) by extension 'colcon_meta'
[0.346s] Level 1:colcon.colcon_core.package_identification:_identify(src/windwind) by extensions ['ros']
[0.346s] Level 1:colcon.colcon_core.package_identification:_identify(src/windwind) by extension 'ros'
[0.347s] DEBUG:colcon.colcon_core.package_identification:Package 'src/windwind' with type 'ros.ament_python' and name 'windwind'
[0.347s] Level 1:colcon.colcon_core.package_discovery:discover_packages(recursive) using defaults
[0.347s] Level 1:colcon.colcon_core.package_discovery:discover_packages(ignore) discover
[0.347s] Level 1:colcon.colcon_core.package_discovery:discover_packages(ignore) using defaults
[0.347s] Level 1:colcon.colcon_core.package_discovery:discover_packages(path) discover
[0.347s] Level 1:colcon.colcon_core.package_discovery:discover_packages(path) using defaults
[0.376s] Level 1:colcon.colcon_core.package_discovery:discover_packages(prefix_path) check parameters
[0.376s] Level 1:colcon.colcon_core.package_discovery:discover_packages(prefix_path) discover
[0.385s] DEBUG:colcon.colcon_installed_package_information.package_discovery:Found 3 installed packages in /home/jose/TCC/install
[0.391s] DEBUG:colcon.colcon_installed_package_information.package_discovery:Found 346 installed packages in /home/jose/ros2_humble/install
[0.393s] DEBUG:colcon.colcon_installed_package_information.package_discovery:Found 152 installed packages in /opt/ros/humble
[0.397s] Level 1:colcon.colcon_core.package_discovery:discover_packages(prefix_path) using defaults
[0.426s] Level 5:colcon.colcon_core.verb:set package 'wind_turbine' build argument 'cmake_args' from command line to 'None'
[0.426s] Level 5:colcon.colcon_core.verb:set package 'wind_turbine' build argument 'cmake_target' from command line to 'None'
[0.426s] Level 5:colcon.colcon_core.verb:set package 'wind_turbine' build argument 'cmake_target_skip_unavailable' from command line to 'False'
[0.426s] Level 5:colcon.colcon_core.verb:set package 'wind_turbine' build argument 'cmake_clean_cache' from command line to 'False'
[0.426s] Level 5:colcon.colcon_core.verb:set package 'wind_turbine' build argument 'cmake_clean_first' from command line to 'False'
[0.426s] Level 5:colcon.colcon_core.verb:set package 'wind_turbine' build argument 'cmake_force_configure' from command line to 'False'
[0.426s] Level 5:colcon.colcon_core.verb:set package 'wind_turbine' build argument 'ament_cmake_args' from command line to 'None'
[0.426s] Level 5:colcon.colcon_core.verb:set package 'wind_turbine' build argument 'catkin_cmake_args' from command line to 'None'
[0.426s] Level 5:colcon.colcon_core.verb:set package 'wind_turbine' build argument 'catkin_skip_building_tests' from command line to 'False'
[0.426s] DEBUG:colcon.colcon_core.verb:Building package 'wind_turbine' with the following arguments: {'ament_cmake_args': None, 'build_base': '/home/jose/TCC/build/wind_turbine', 'catkin_cmake_args': None, 'catkin_skip_building_tests': False, 'cmake_args': None, 'cmake_clean_cache': False, 'cmake_clean_first': False, 'cmake_force_configure': False, 'cmake_target': None, 'cmake_target_skip_unavailable': False, 'install_base': '/home/jose/TCC/install/wind_turbine', 'merge_install': False, 'path': '/home/jose/TCC/src/wind_turbine', 'symlink_install': False, 'test_result_base': None}
[0.427s] Level 5:colcon.colcon_core.verb:set package 'windwind' build argument 'cmake_args' from command line to 'None'
[0.427s] Level 5:colcon.colcon_core.verb:set package 'windwind' build argument 'cmake_target' from command line to 'None'
[0.427s] Level 5:colcon.colcon_core.verb:set package 'windwind' build argument 'cmake_target_skip_unavailable' from command line to 'False'
[0.427s] Level 5:colcon.colcon_core.verb:set package 'windwind' build argument 'cmake_clean_cache' from command line to 'False'
[0.427s] Level 5:colcon.colcon_core.verb:set package 'windwind' build argument 'cmake_clean_first' from command line to 'False'
[0.427s] Level 5:colcon.colcon_core.verb:set package 'windwind' build argument 'cmake_force_configure' from command line to 'False'
[0.427s] Level 5:colcon.colcon_core.verb:set package 'windwind' build argument 'ament_cmake_args' from command line to 'None'
[0.427s] Level 5:colcon.colcon_core.verb:set package 'windwind' build argument 'catkin_cmake_args' from command line to 'None'
[0.427s] Level 5:colcon.colcon_core.verb:set package 'windwind' build argument 'catkin_skip_building_tests' from command line to 'False'
[0.427s] DEBUG:colcon.colcon_core.verb:Building package 'windwind' with the following arguments: {'ament_cmake_args': None, 'build_base': '/home/jose/TCC/build/windwind', 'catkin_cmake_args': None, 'catkin_skip_building_tests': False, 'cmake_args': None, 'cmake_clean_cache': False, 'cmake_clean_first': False, 'cmake_force_configure': False, 'cmake_target': None, 'cmake_target_skip_unavailable': False, 'install_base': '/home/jose/TCC/install/windwind', 'merge_install': False, 'path': '/home/jose/TCC/src/windwind', 'symlink_install': False, 'test_result_base': None}
[0.427s] INFO:colcon.colcon_core.executor:Executing jobs using 'parallel' executor
[0.428s] DEBUG:colcon.colcon_parallel_executor.executor.parallel:run_until_complete
[0.428s] INFO:colcon.colcon_ros.task.ament_python.build:Building ROS package in '/home/jose/TCC/src/wind_turbine' with build type 'ament_python'
[0.428s] Level 1:colcon.colcon_core.shell:create_environment_hook('wind_turbine', 'ament_prefix_path')
[0.432s] INFO:colcon.colcon_core.plugin_system:Skipping extension 'colcon_core.shell.bat': Not used on non-Windows systems
[0.432s] INFO:colcon.colcon_core.shell:Creating environment hook '/home/jose/TCC/install/wind_turbine/share/wind_turbine/hook/ament_prefix_path.ps1'
[0.432s] INFO:colcon.colcon_core.shell:Creating environment descriptor '/home/jose/TCC/install/wind_turbine/share/wind_turbine/hook/ament_prefix_path.dsv'
[0.432s] INFO:colcon.colcon_core.shell:Creating environment hook '/home/jose/TCC/install/wind_turbine/share/wind_turbine/hook/ament_prefix_path.sh'
[0.433s] INFO:colcon.colcon_core.shell:Skip shell extension 'powershell' for command environment: Not usable outside of PowerShell
[0.433s] DEBUG:colcon.colcon_core.shell:Skip shell extension 'dsv' for command environment
[0.449s] INFO:colcon.colcon_ros.task.ament_python.build:Building ROS package in '/home/jose/TCC/src/windwind' with build type 'ament_python'
[0.449s] Level 1:colcon.colcon_core.shell:create_environment_hook('windwind', 'ament_prefix_path')
[0.449s] INFO:colcon.colcon_core.shell:Creating environment hook '/home/jose/TCC/install/windwind/share/windwind/hook/ament_prefix_path.ps1'
[0.449s] INFO:colcon.colcon_core.shell:Creating environment descriptor '/home/jose/TCC/install/windwind/share/windwind/hook/ament_prefix_path.dsv'
[0.449s] INFO:colcon.colcon_core.shell:Creating environment hook '/home/jose/TCC/install/windwind/share/windwind/hook/ament_prefix_path.sh'
[0.450s] INFO:colcon.colcon_core.shell:Skip shell extension 'powershell' for command environment: Not usable outside of PowerShell
[0.450s] DEBUG:colcon.colcon_core.shell:Skip shell extension 'dsv' for command environment
[0.812s] WARNING:colcon.colcon_ros.task.ament_python.build:Package 'wind_turbine' doesn't explicitly install a marker in the package index (colcon-ros currently does it implicitly but that fallback will be removed in the future)
[0.812s] INFO:colcon.colcon_core.task.python.build:Building Python package in '/home/jose/TCC/src/wind_turbine'
[0.812s] INFO:colcon.colcon_core.shell:Skip shell extension 'powershell' for command environment: Not usable outside of PowerShell
[0.812s] DEBUG:colcon.colcon_core.shell:Skip shell extension 'dsv' for command environment
[1.177s] INFO:colcon.colcon_core.task.python.build:Building Python package in '/home/jose/TCC/src/windwind'
[1.177s] INFO:colcon.colcon_core.shell:Skip shell extension 'powershell' for command environment: Not usable outside of PowerShell
[1.177s] DEBUG:colcon.colcon_core.shell:Skip shell extension 'dsv' for command environment
[1.662s] DEBUG:colcon.colcon_core.event_handler.log_command:Invoking command in '/home/jose/TCC/src/wind_turbine': PYTHONPATH=/home/jose/TCC/build/wind_turbine/prefix_override:/usr/lib/python3/dist-packages/colcon_core/task/python/colcon_distutils_commands:/home/jose/TCC/install/wind_turbine/lib/python3.10/site-packages:${PYTHONPATH} /usr/bin/python3 -W ignore:setup.py install is deprecated -W ignore:easy_install command is deprecated setup.py egg_info --egg-base ../../build/wind_turbine build --build-base /home/jose/TCC/build/wind_turbine/build install --record /home/jose/TCC/build/wind_turbine/install.log --single-version-externally-managed install_data
[1.672s] DEBUG:colcon.colcon_core.event_handler.log_command:Invoking command in '/home/jose/TCC/src/windwind': PYTHONPATH=/home/jose/TCC/build/windwind/prefix_override:/usr/lib/python3/dist-packages/colcon_core/task/python/colcon_distutils_commands:/home/jose/TCC/install/windwind/lib/python3.10/site-packages:${PYTHONPATH} /usr/bin/python3 -W ignore:setup.py install is deprecated -W ignore:easy_install command is deprecated setup.py egg_info --egg-base ../../build/windwind build --build-base /home/jose/TCC/build/windwind/build install --record /home/jose/TCC/build/windwind/install.log --install-scripts $base/lib/WindTURBINE_description --single-version-externally-managed install_data
[2.056s] DEBUG:colcon.colcon_core.event_handler.log_command:Invoked command in '/home/jose/TCC/src/wind_turbine' returned '0': PYTHONPATH=/home/jose/TCC/build/wind_turbine/prefix_override:/usr/lib/python3/dist-packages/colcon_core/task/python/colcon_distutils_commands:/home/jose/TCC/install/wind_turbine/lib/python3.10/site-packages:${PYTHONPATH} /usr/bin/python3 -W ignore:setup.py install is deprecated -W ignore:easy_install command is deprecated setup.py egg_info --egg-base ../../build/wind_turbine build --build-base /home/jose/TCC/build/wind_turbine/build install --record /home/jose/TCC/build/wind_turbine/install.log --single-version-externally-managed install_data
[2.061s] Level 1:colcon.colcon_core.environment:checking '/home/jose/TCC/install/wind_turbine' for CMake module files
[2.061s] Level 1:colcon.colcon_core.environment:checking '/home/jose/TCC/install/wind_turbine' for CMake config files
[2.062s] Level 1:colcon.colcon_core.environment:checking '/home/jose/TCC/install/wind_turbine/lib'
[2.062s] Level 1:colcon.colcon_core.environment:checking '/home/jose/TCC/install/wind_turbine/bin'
[2.062s] Level 1:colcon.colcon_core.environment:checking '/home/jose/TCC/install/wind_turbine/lib/pkgconfig/wind_turbine.pc'
[2.062s] Level 1:colcon.colcon_core.environment:checking '/home/jose/TCC/install/wind_turbine/lib/python3.10/site-packages'
[2.062s] Level 1:colcon.colcon_core.shell:create_environment_hook('wind_turbine', 'pythonpath')
[2.062s] INFO:colcon.colcon_core.shell:Creating environment hook '/home/jose/TCC/install/wind_turbine/share/wind_turbine/hook/pythonpath.ps1'
[2.062s] INFO:colcon.colcon_core.shell:Creating environment descriptor '/home/jose/TCC/install/wind_turbine/share/wind_turbine/hook/pythonpath.dsv'
[2.063s] INFO:colcon.colcon_core.shell:Creating environment hook '/home/jose/TCC/install/wind_turbine/share/wind_turbine/hook/pythonpath.sh'
[2.063s] Level 1:colcon.colcon_core.environment:checking '/home/jose/TCC/install/wind_turbine/bin'
[2.063s] Level 1:colcon.colcon_core.environment:create_environment_scripts_only(wind_turbine)
[2.063s] INFO:colcon.colcon_core.shell:Creating package script '/home/jose/TCC/install/wind_turbine/share/wind_turbine/package.ps1'
[2.064s] INFO:colcon.colcon_core.shell:Creating package descriptor '/home/jose/TCC/install/wind_turbine/share/wind_turbine/package.dsv'
[2.064s] INFO:colcon.colcon_core.shell:Creating package script '/home/jose/TCC/install/wind_turbine/share/wind_turbine/package.sh'
[2.064s] INFO:colcon.colcon_core.shell:Creating package script '/home/jose/TCC/install/wind_turbine/share/wind_turbine/package.bash'
[2.065s] INFO:colcon.colcon_core.shell:Creating package script '/home/jose/TCC/install/wind_turbine/share/wind_turbine/package.zsh'
[2.065s] Level 1:colcon.colcon_core.environment:create_file_with_runtime_dependencies(/home/jose/TCC/install/wind_turbine/share/colcon-core/packages/wind_turbine)
[2.066s] Level 1:colcon.colcon_core.environment:checking '/home/jose/TCC/install/windwind' for CMake module files
[2.066s] DEBUG:colcon.colcon_core.event_handler.log_command:Invoked command in '/home/jose/TCC/src/windwind' returned '0': PYTHONPATH=/home/jose/TCC/build/windwind/prefix_override:/usr/lib/python3/dist-packages/colcon_core/task/python/colcon_distutils_commands:/home/jose/TCC/install/windwind/lib/python3.10/site-packages:${PYTHONPATH} /usr/bin/python3 -W ignore:setup.py install is deprecated -W ignore:easy_install command is deprecated setup.py egg_info --egg-base ../../build/windwind build --build-base /home/jose/TCC/build/windwind/build install --record /home/jose/TCC/build/windwind/install.log --install-scripts $base/lib/WindTURBINE_description --single-version-externally-managed install_data
[2.067s] Level 1:colcon.colcon_core.environment:checking '/home/jose/TCC/install/windwind' for CMake config files
[2.067s] Level 1:colcon.colcon_core.environment:checking '/home/jose/TCC/install/windwind/lib'
[2.067s] Level 1:colcon.colcon_core.environment:checking '/home/jose/TCC/install/windwind/bin'
[2.067s] Level 1:colcon.colcon_core.environment:checking '/home/jose/TCC/install/windwind/lib/pkgconfig/windwind.pc'
[2.067s] Level 1:colcon.colcon_core.environment:checking '/home/jose/TCC/install/windwind/lib/python3.10/site-packages'
[2.067s] Level 1:colcon.colcon_core.shell:create_environment_hook('windwind', 'pythonpath')
[2.067s] INFO:colcon.colcon_core.shell:Creating environment hook '/home/jose/TCC/install/windwind/share/windwind/hook/pythonpath.ps1'
[2.068s] INFO:colcon.colcon_core.shell:Creating environment descriptor '/home/jose/TCC/install/windwind/share/windwind/hook/pythonpath.dsv'
[2.068s] INFO:colcon.colcon_core.shell:Creating environment hook '/home/jose/TCC/install/windwind/share/windwind/hook/pythonpath.sh'
[2.068s] Level 1:colcon.colcon_core.environment:checking '/home/jose/TCC/install/windwind/bin'
[2.068s] Level 1:colcon.colcon_core.environment:create_environment_scripts_only(windwind)
[2.068s] INFO:colcon.colcon_core.shell:Creating package script '/home/jose/TCC/install/windwind/share/windwind/package.ps1'
[2.069s] INFO:colcon.colcon_core.shell:Creating package descriptor '/home/jose/TCC/install/windwind/share/windwind/package.dsv'
[2.069s] INFO:colcon.colcon_core.shell:Creating package script '/home/jose/TCC/install/windwind/share/windwind/package.sh'
[2.069s] INFO:colcon.colcon_core.shell:Creating package script '/home/jose/TCC/install/windwind/share/windwind/package.bash'
[2.069s] INFO:colcon.colcon_core.shell:Creating package script '/home/jose/TCC/install/windwind/share/windwind/package.zsh'
[2.069s] Level 1:colcon.colcon_core.environment:create_file_with_runtime_dependencies(/home/jose/TCC/install/windwind/share/colcon-core/packages/windwind)
[2.070s] DEBUG:colcon.colcon_parallel_executor.executor.parallel:closing loop
[2.070s] DEBUG:colcon.colcon_parallel_executor.executor.parallel:loop closed
[2.070s] DEBUG:colcon.colcon_parallel_executor.executor.parallel:run_until_complete finished with '0'
[2.070s] DEBUG:colcon.colcon_core.event_reactor:joining thread
[2.082s] INFO:colcon.colcon_core.plugin_system:Skipping extension 'colcon_notification.desktop_notification.terminal_notifier': Not used on non-Darwin systems
[2.082s] INFO:colcon.colcon_core.plugin_system:Skipping extension 'colcon_notification.desktop_notification.win32': Not used on non-Windows systems
[2.082s] INFO:colcon.colcon_notification.desktop_notification:Sending desktop notification using 'notify2'
[2.091s] DEBUG:colcon.colcon_core.event_reactor:joined thread
[2.092s] INFO:colcon.colcon_core.shell:Creating prefix script '/home/jose/TCC/install/local_setup.ps1'
[2.092s] INFO:colcon.colcon_core.shell:Creating prefix util module '/home/jose/TCC/install/_local_setup_util_ps1.py'
[2.094s] INFO:colcon.colcon_core.shell:Creating prefix chain script '/home/jose/TCC/install/setup.ps1'
[2.107s] INFO:colcon.colcon_core.shell:Creating prefix script '/home/jose/TCC/install/local_setup.sh'
[2.108s] INFO:colcon.colcon_core.shell:Creating prefix util module '/home/jose/TCC/install/_local_setup_util_sh.py'
[2.108s] INFO:colcon.colcon_core.shell:Creating prefix chain script '/home/jose/TCC/install/setup.sh'
[2.122s] INFO:colcon.colcon_core.shell:Creating prefix script '/home/jose/TCC/install/local_setup.bash'
[2.122s] INFO:colcon.colcon_core.shell:Creating prefix chain script '/home/jose/TCC/install/setup.bash'
[2.132s] INFO:colcon.colcon_core.shell:Creating prefix script '/home/jose/TCC/install/local_setup.zsh'
[2.132s] INFO:colcon.colcon_core.shell:Creating prefix chain script '/home/jose/TCC/install/setup.zsh'
