-- The C compiler identification is GNU 11.4.0
-- The CXX compiler identification is GNU 11.4.0
-- Detecting C compiler ABI info
-- Detecting C compiler ABI info - done
-- Check for working C compiler: /usr/bin/cc - skipped
-- Detecting C compile features
-- Detecting C compile features - done
-- Detecting CXX compiler ABI info
-- Detecting CXX compiler ABI info - done
-- Check for working CXX compiler: /usr/bin/c++ - skipped
-- Detecting CXX compile features
-- Detecting CXX compile features - done
-- Found ament_cmake: 1.3.11 (/home/jose/TCC/install/ament_cmake/share/ament_cmake/cmake)
-- Found Python3: /usr/bin/python3 (found version "3.10.12") found components: Interpreter 
-- Override CMake install command with custom implementation using symlinks instead of copying resources
[33mCMake Warning at cmake/rti_build_helper.cmake:380 (message):
  no CONNEXTDDS_DIR nor NDDSHOME specified
Call Stack (most recent call first):
  cmake/rti_build_helper.cmake:554 (rti_load_connextddsdir)
  CMakeLists.txt:25 (rti_find_connextpro)

-- Invalid CONNEXTDDS_DIR = ''
-- RTI Connext DDS Professional: NOT FOUND
-- Invalid CONNEXTDDS_DIR = ''
[0m
-- Invalid RTIMEHOME = ''
-- RTIMEHOME not found
-- RTI Connext DDS Micro: NOT FOUND
-- no environment hook generated
-- Found ament_lint_auto: 0.12.12 (/home/jose/TCC/install/ament_lint_auto/share/ament_lint_auto/cmake)
-- Added test 'copyright' to check source files copyright and LICENSE
-- Added test 'lint_cmake' to check CMake code style
-- Added test 'xmllint' to check XML markup files
-- Configuring done
-- Generating done
-- Build files have been written to: /home/jose/TCC/build/rti_connext_dds_cmake_module
