[1.296s] Invoking command in '/home/jose/TCC/src/windwind_description': PYTHONPATH=/home/jose/TCC/build/windwind_description/prefix_override:/usr/lib/python3/dist-packages/colcon_core/task/python/colcon_distutils_commands:/home/jose/TCC/install/windwind_description/lib/python3.10/site-packages:${PYTHONPATH} /usr/bin/python3 -W ignore:setup.py install is deprecated -W ignore:easy_install command is deprecated setup.py egg_info --egg-base ../../build/windwind_description build --build-base /home/jose/TCC/build/windwind_description/build install --record /home/jose/TCC/build/windwind_description/install.log --install-scripts $base/lib/windwind_description --single-version-externally-managed install_data
[1.646s] /usr/lib/python3/dist-packages/setuptools/dist.py:723: UserWarning: Usage of dash-separated 'script-dir' will not be supported in future versions. Please use the underscore name 'script_dir' instead
[1.646s]   warnings.warn(
[1.653s] running egg_info
[1.653s] writing ../../build/windwind_description/windwind_description.egg-info/PKG-INFO
[1.653s] writing dependency_links to ../../build/windwind_description/windwind_description.egg-info/dependency_links.txt
[1.653s] writing entry points to ../../build/windwind_description/windwind_description.egg-info/entry_points.txt
[1.653s] writing requirements to ../../build/windwind_description/windwind_description.egg-info/requires.txt
[1.654s] writing top-level names to ../../build/windwind_description/windwind_description.egg-info/top_level.txt
[1.655s] reading manifest file '../../build/windwind_description/windwind_description.egg-info/SOURCES.txt'
[1.655s] writing manifest file '../../build/windwind_description/windwind_description.egg-info/SOURCES.txt'
[1.655s] running build
[1.655s] running build_py
[1.656s] running install
[1.656s] running install_lib
[1.658s] running install_data
[1.658s] running install_egg_info
[1.661s] removing '/home/jose/TCC/install/windwind_description/lib/python3.10/site-packages/windwind_description-0.0.0-py3.10.egg-info' (and everything under it)
[1.661s] Copying ../../build/windwind_description/windwind_description.egg-info to /home/jose/TCC/install/windwind_description/lib/python3.10/site-packages/windwind_description-0.0.0-py3.10.egg-info
[1.661s] running install_scripts
[1.689s] writing list of installed files to '/home/jose/TCC/build/windwind_description/install.log'
[1.708s] Invoked command in '/home/jose/TCC/src/windwind_description' returned '0': PYTHONPATH=/home/jose/TCC/build/windwind_description/prefix_override:/usr/lib/python3/dist-packages/colcon_core/task/python/colcon_distutils_commands:/home/jose/TCC/install/windwind_description/lib/python3.10/site-packages:${PYTHONPATH} /usr/bin/python3 -W ignore:setup.py install is deprecated -W ignore:easy_install command is deprecated setup.py egg_info --egg-base ../../build/windwind_description build --build-base /home/jose/TCC/build/windwind_description/build install --record /home/jose/TCC/build/windwind_description/install.log --install-scripts $base/lib/windwind_description --single-version-externally-managed install_data
