running develop
running egg_info
creating ament_xmllint.egg-info
writing ament_xmllint.egg-info/PKG-INFO
writing dependency_links to ament_xmllint.egg-info/dependency_links.txt
writing entry points to ament_xmllint.egg-info/entry_points.txt
writing requirements to ament_xmllint.egg-info/requires.txt
writing top-level names to ament_xmllint.egg-info/top_level.txt
writing manifest file 'ament_xmllint.egg-info/SOURCES.txt'
reading manifest file 'ament_xmllint.egg-info/SOURCES.txt'
writing manifest file 'ament_xmllint.egg-info/SOURCES.txt'
running build_ext
Creating /home/jose/TCC/install/ament_xmllint/lib/python3.10/site-packages/ament-xmllint.egg-link (link to .)
Installing ament_xmllint script to /home/jose/TCC/install/ament_xmllint/bin

Installed /home/jose/TCC/build/ament_xmllint
running symlink_data
symbolically linking /home/jose/TCC/build/ament_xmllint/package.xml -> /home/jose/TCC/install/ament_xmllint/share/ament_xmllint
creating /home/jose/TCC/install/ament_xmllint/share/ament_index
creating /home/jose/TCC/install/ament_xmllint/share/ament_index/resource_index
creating /home/jose/TCC/install/ament_xmllint/share/ament_index/resource_index/packages
symbolically linking /home/jose/TCC/build/ament_xmllint/resource/ament_xmllint -> /home/jose/TCC/install/ament_xmllint/share/ament_index/resource_index/packages
