[1.246s] Invoking command in '/home/jose/TCC/src/windwind_description': PYTHONPATH=/home/jose/TCC/build/windwind_description/prefix_override:/usr/lib/python3/dist-packages/colcon_core/task/python/colcon_distutils_commands:/home/jose/TCC/install/windwind_description/lib/python3.10/site-packages:${PYTHONPATH} /usr/bin/python3 -W ignore:setup.py install is deprecated -W ignore:easy_install command is deprecated setup.py egg_info --egg-base ../../build/windwind_description build --build-base /home/jose/TCC/build/windwind_description/build install --record /home/jose/TCC/build/windwind_description/install.log --install-scripts $base/lib/windwind_description --single-version-externally-managed install_data
[1.587s] /usr/lib/python3/dist-packages/setuptools/dist.py:723: UserWarning: Usage of dash-separated 'script-dir' will not be supported in future versions. Please use the underscore name 'script_dir' instead
[1.587s]   warnings.warn(
[1.594s] running egg_info
[1.595s] writing ../../build/windwind_description/windwind_description.egg-info/PKG-INFO
[1.595s] writing dependency_links to ../../build/windwind_description/windwind_description.egg-info/dependency_links.txt
[1.595s] writing entry points to ../../build/windwind_description/windwind_description.egg-info/entry_points.txt
[1.595s] writing requirements to ../../build/windwind_description/windwind_description.egg-info/requires.txt
[1.595s] writing top-level names to ../../build/windwind_description/windwind_description.egg-info/top_level.txt
[1.597s] reading manifest file '../../build/windwind_description/windwind_description.egg-info/SOURCES.txt'
[1.597s] writing manifest file '../../build/windwind_description/windwind_description.egg-info/SOURCES.txt'
[1.597s] running build
[1.597s] running build_py
[1.598s] running install
[1.598s] running install_lib
[1.600s] running install_data
[1.600s] running install_egg_info
[1.603s] removing '/home/jose/TCC/install/windwind_description/lib/python3.10/site-packages/windwind_description-0.0.0-py3.10.egg-info' (and everything under it)
[1.603s] Copying ../../build/windwind_description/windwind_description.egg-info to /home/jose/TCC/install/windwind_description/lib/python3.10/site-packages/windwind_description-0.0.0-py3.10.egg-info
[1.604s] running install_scripts
[1.630s] writing list of installed files to '/home/jose/TCC/build/windwind_description/install.log'
[1.653s] Invoked command in '/home/jose/TCC/src/windwind_description' returned '0': PYTHONPATH=/home/jose/TCC/build/windwind_description/prefix_override:/usr/lib/python3/dist-packages/colcon_core/task/python/colcon_distutils_commands:/home/jose/TCC/install/windwind_description/lib/python3.10/site-packages:${PYTHONPATH} /usr/bin/python3 -W ignore:setup.py install is deprecated -W ignore:easy_install command is deprecated setup.py egg_info --egg-base ../../build/windwind_description build --build-base /home/jose/TCC/build/windwind_description/build install --record /home/jose/TCC/build/windwind_description/install.log --install-scripts $base/lib/windwind_description --single-version-externally-managed install_data
