/home/jose/TCC/install/windwind/lib/python3.10/site-packages/windwind/__init__.py
/home/jose/TCC/install/windwind/lib/python3.10/site-packages/windwind/__pycache__/__init__.cpython-310.pyc
/home/jose/TCC/install/windwind/share/ament_index/resource_index/packages/windwind
/home/jose/TCC/install/windwind/share/windwind/package.xml
/home/jose/TCC/install/windwind/share/windwind/launch/gazebo.launch.py
/home/jose/TCC/install/windwind/share/windwind/launch/display.launch.py
/home/jose/TCC/install/windwind/share/windwind/urdf/WindTURBINE.xacro
/home/jose/TCC/install/windwind/share/windwind/urdf/WindTURBINE.trans
/home/jose/TCC/install/windwind/share/windwind/urdf/materials.xacro
/home/jose/TCC/install/windwind/share/windwind/urdf/WindTURBINE.gazebo
/home/jose/TCC/install/windwind/share/windwind/meshes/HUB2_1.stl
/home/jose/TCC/install/windwind/share/windwind/meshes/base_link.stl
/home/jose/TCC/install/windwind/share/windwind/config/display.rviz
/home/jose/TCC/install/windwind/lib/python3.10/site-packages/windwind-0.0.0-py3.10.egg-info/dependency_links.txt
/home/jose/TCC/install/windwind/lib/python3.10/site-packages/windwind-0.0.0-py3.10.egg-info/SOURCES.txt
/home/jose/TCC/install/windwind/lib/python3.10/site-packages/windwind-0.0.0-py3.10.egg-info/requires.txt
/home/jose/TCC/install/windwind/lib/python3.10/site-packages/windwind-0.0.0-py3.10.egg-info/PKG-INFO
/home/jose/TCC/install/windwind/lib/python3.10/site-packages/windwind-0.0.0-py3.10.egg-info/top_level.txt
/home/jose/TCC/install/windwind/lib/python3.10/site-packages/windwind-0.0.0-py3.10.egg-info/entry_points.txt
/home/jose/TCC/install/windwind/lib/python3.10/site-packages/windwind-0.0.0-py3.10.egg-info/zip-safe
