-- The C compiler identification is GNU 11.4.0
-- The CXX compiler identification is GNU 11.4.0
-- Detecting C compiler ABI info
-- Detecting C compiler ABI info - done
-- Check for working C compiler: /usr/bin/cc - skipped
-- Detecting C compile features
-- Detecting C compile features - done
-- Detecting CXX compiler ABI info
-- Detecting CXX compiler ABI info - done
-- Check for working CXX compiler: /usr/bin/c++ - skipped
-- Detecting CXX compile features
-- Detecting CXX compile features - done
-- Found ament_cmake: 1.3.11 (/home/jose/TCC/install/ament_cmake/share/ament_cmake/cmake)
-- Found Python3: /usr/bin/python3 (found version "3.10.12") found components: Interpreter 
-- Override CMake install command with custom implementation using symlinks instead of copying resources
-- Configuring done
-- Generating done
-- Build files have been written to: /home/jose/TCC/build/eigen_stl_containers
-- Install configuration: ""
-- Execute custom install script
-- Symlinking: /home/jose/TCC/install/eigen_stl_containers/include/eigen_stl_containers/eigen_stl_containers/eigen_stl_containers.h
-- Symlinking: /home/jose/TCC/install/eigen_stl_containers/include/eigen_stl_containers/eigen_stl_containers/eigen_stl_map_container.h
-- Symlinking: /home/jose/TCC/install/eigen_stl_containers/include/eigen_stl_containers/eigen_stl_containers/eigen_stl_vector_container.h
-- Symlinking: /home/jose/TCC/install/eigen_stl_containers/share/ament_index/resource_index/package_run_dependencies/eigen_stl_containers
-- Symlinking: /home/jose/TCC/install/eigen_stl_containers/share/ament_index/resource_index/parent_prefix_path/eigen_stl_containers
-- Symlinking: /home/jose/TCC/install/eigen_stl_containers/share/eigen_stl_containers/environment/ament_prefix_path.sh
-- Symlinking: /home/jose/TCC/install/eigen_stl_containers/share/eigen_stl_containers/environment/ament_prefix_path.dsv
-- Symlinking: /home/jose/TCC/install/eigen_stl_containers/share/eigen_stl_containers/environment/path.sh
-- Symlinking: /home/jose/TCC/install/eigen_stl_containers/share/eigen_stl_containers/environment/path.dsv
-- Symlinking: /home/jose/TCC/install/eigen_stl_containers/share/eigen_stl_containers/local_setup.bash
-- Symlinking: /home/jose/TCC/install/eigen_stl_containers/share/eigen_stl_containers/local_setup.sh
-- Symlinking: /home/jose/TCC/install/eigen_stl_containers/share/eigen_stl_containers/local_setup.zsh
-- Symlinking: /home/jose/TCC/install/eigen_stl_containers/share/eigen_stl_containers/local_setup.dsv
-- Symlinking: /home/jose/TCC/install/eigen_stl_containers/share/eigen_stl_containers/package.dsv
-- Symlinking: /home/jose/TCC/install/eigen_stl_containers/share/ament_index/resource_index/packages/eigen_stl_containers
-- Symlinking: /home/jose/TCC/install/eigen_stl_containers/share/eigen_stl_containers/cmake/ament_cmake_export_include_directories-extras.cmake
-- Symlinking: /home/jose/TCC/install/eigen_stl_containers/share/eigen_stl_containers/cmake/ament_cmake_export_targets-extras.cmake
-- Symlinking: /home/jose/TCC/install/eigen_stl_containers/share/eigen_stl_containers/cmake/ament_cmake_export_dependencies-extras.cmake
-- Symlinking: /home/jose/TCC/install/eigen_stl_containers/share/eigen_stl_containers/cmake/eigen_stl_containersConfig.cmake
-- Symlinking: /home/jose/TCC/install/eigen_stl_containers/share/eigen_stl_containers/cmake/eigen_stl_containersConfig-version.cmake
-- Symlinking: /home/jose/TCC/install/eigen_stl_containers/share/eigen_stl_containers/package.xml
-- Installing: /home/jose/TCC/install/eigen_stl_containers/share/eigen_stl_containers/cmake/eigen_stl_containersTargetsExport.cmake
