[1.283s] Invoking command in '/home/jose/TCC/src/windwind_description': PYTHONPATH=/home/jose/TCC/build/windwind_description/prefix_override:/usr/lib/python3/dist-packages/colcon_core/task/python/colcon_distutils_commands:/home/jose/TCC/install/windwind_description/lib/python3.10/site-packages:${PYTHONPATH} /usr/bin/python3 -W ignore:setup.py install is deprecated -W ignore:easy_install command is deprecated setup.py egg_info --egg-base ../../build/windwind_description build --build-base /home/jose/TCC/build/windwind_description/build install --record /home/jose/TCC/build/windwind_description/install.log --install-scripts $base/lib/windwind_description --single-version-externally-managed install_data
[1.623s] /usr/lib/python3/dist-packages/setuptools/dist.py:723: UserWarning: Usage of dash-separated 'script-dir' will not be supported in future versions. Please use the underscore name 'script_dir' instead
[1.623s]   warnings.warn(
[1.629s] running egg_info
[1.630s] creating ../../build/windwind_description/windwind_description.egg-info
[1.630s] writing ../../build/windwind_description/windwind_description.egg-info/PKG-INFO
[1.630s] writing dependency_links to ../../build/windwind_description/windwind_description.egg-info/dependency_links.txt
[1.630s] writing entry points to ../../build/windwind_description/windwind_description.egg-info/entry_points.txt
[1.630s] writing requirements to ../../build/windwind_description/windwind_description.egg-info/requires.txt
[1.630s] writing top-level names to ../../build/windwind_description/windwind_description.egg-info/top_level.txt
[1.630s] writing manifest file '../../build/windwind_description/windwind_description.egg-info/SOURCES.txt'
[1.631s] reading manifest file '../../build/windwind_description/windwind_description.egg-info/SOURCES.txt'
[1.632s] writing manifest file '../../build/windwind_description/windwind_description.egg-info/SOURCES.txt'
[1.632s] running build
[1.632s] running build_py
[1.632s] creating /home/jose/TCC/build/windwind_description/build
[1.632s] creating /home/jose/TCC/build/windwind_description/build/lib
[1.632s] creating /home/jose/TCC/build/windwind_description/build/lib/windwind_description
[1.632s] copying windwind_description/__init__.py -> /home/jose/TCC/build/windwind_description/build/lib/windwind_description
[1.632s] running install
[1.632s] running install_lib
[1.633s] creating /home/jose/TCC/install/windwind_description/lib/python3.10/site-packages/windwind_description
[1.633s] copying /home/jose/TCC/build/windwind_description/build/lib/windwind_description/__init__.py -> /home/jose/TCC/install/windwind_description/lib/python3.10/site-packages/windwind_description
[1.635s] byte-compiling /home/jose/TCC/install/windwind_description/lib/python3.10/site-packages/windwind_description/__init__.py to __init__.cpython-310.pyc
[1.635s] running install_data
[1.635s] creating /home/jose/TCC/install/windwind_description/share/ament_index
[1.635s] creating /home/jose/TCC/install/windwind_description/share/ament_index/resource_index
[1.635s] creating /home/jose/TCC/install/windwind_description/share/ament_index/resource_index/packages
[1.635s] copying resource/windwind_description -> /home/jose/TCC/install/windwind_description/share/ament_index/resource_index/packages
[1.635s] copying package.xml -> /home/jose/TCC/install/windwind_description/share/windwind_description
[1.635s] creating /home/jose/TCC/install/windwind_description/share/windwind_description/launch
[1.635s] copying launch/display.launch.py -> /home/jose/TCC/install/windwind_description/share/windwind_description/launch
[1.635s] copying launch/gazebo.launch.py -> /home/jose/TCC/install/windwind_description/share/windwind_description/launch
[1.635s] creating /home/jose/TCC/install/windwind_description/share/windwind_description/urdf
[1.635s] copying urdf/windwind.gazebo -> /home/jose/TCC/install/windwind_description/share/windwind_description/urdf
[1.635s] copying urdf/windwind_utf8.xacro -> /home/jose/TCC/install/windwind_description/share/windwind_description/urdf
[1.635s] copying urdf/windwind.urd -> /home/jose/TCC/install/windwind_description/share/windwind_description/urdf
[1.635s] copying urdf/windwind.trans -> /home/jose/TCC/install/windwind_description/share/windwind_description/urdf
[1.636s] copying urdf/windwind.urdf -> /home/jose/TCC/install/windwind_description/share/windwind_description/urdf
[1.636s] copying urdf/materials.xacro -> /home/jose/TCC/install/windwind_description/share/windwind_description/urdf
[1.636s] copying urdf/windwind.xacro -> /home/jose/TCC/install/windwind_description/share/windwind_description/urdf
[1.636s] creating /home/jose/TCC/install/windwind_description/share/windwind_description/meshes
[1.636s] copying meshes/Damage_1_1.stl -> /home/jose/TCC/install/windwind_description/share/windwind_description/meshes
[1.636s] copying meshes/HUB2_1_1.stl -> /home/jose/TCC/install/windwind_description/share/windwind_description/meshes
[1.651s] copying meshes/Componente12_1.stl -> /home/jose/TCC/install/windwind_description/share/windwind_description/meshes
[1.652s] copying meshes/base_link.stl -> /home/jose/TCC/install/windwind_description/share/windwind_description/meshes
[1.652s] creating /home/jose/TCC/install/windwind_description/share/windwind_description/config
[1.652s] copying config/display.rviz -> /home/jose/TCC/install/windwind_description/share/windwind_description/config
[1.652s] running install_egg_info
[1.654s] Copying ../../build/windwind_description/windwind_description.egg-info to /home/jose/TCC/install/windwind_description/lib/python3.10/site-packages/windwind_description-0.0.0-py3.10.egg-info
[1.655s] running install_scripts
[1.683s] writing list of installed files to '/home/jose/TCC/build/windwind_description/install.log'
[1.698s] Invoked command in '/home/jose/TCC/src/windwind_description' returned '0': PYTHONPATH=/home/jose/TCC/build/windwind_description/prefix_override:/usr/lib/python3/dist-packages/colcon_core/task/python/colcon_distutils_commands:/home/jose/TCC/install/windwind_description/lib/python3.10/site-packages:${PYTHONPATH} /usr/bin/python3 -W ignore:setup.py install is deprecated -W ignore:easy_install command is deprecated setup.py egg_info --egg-base ../../build/windwind_description build --build-base /home/jose/TCC/build/windwind_description/build install --record /home/jose/TCC/build/windwind_description/install.log --install-scripts $base/lib/windwind_description --single-version-externally-managed install_data
