[8.984s] Invoking command in '/home/jose/TCC/build/tracetools_read': AMENT_PREFIX_PATH=/home/jose/TCC/install/ament_xmllint:/home/jose/TCC/install/ament_copyright:/home/jose/TCC/install/ament_pep257:/home/jose/TCC/install/ament_mypy:/home/jose/TCC/install/ament_flake8:/home/jose/TCC/install/ament_lint:${AMENT_PREFIX_PATH} PATH=/home/jose/TCC/install/ament_xmllint/bin:/home/jose/TCC/install/ament_copyright/bin:/home/jose/TCC/install/ament_pep257/bin:/home/jose/TCC/install/ament_mypy/bin:/home/jose/TCC/install/ament_flake8/bin:${PATH} PYTHONPATH=/home/jose/TCC/build/tracetools_read/prefix_override:/usr/lib/python3/dist-packages/colcon_core/task/python/colcon_distutils_commands:/home/jose/TCC/install/tracetools_read/lib/python3.10/site-packages:/home/jose/TCC/build/ament_xmllint:/home/jose/TCC/install/ament_xmllint/lib/python3.10/site-packages:/home/jose/TCC/build/ament_copyright:/home/jose/TCC/install/ament_copyright/lib/python3.10/site-packages:/home/jose/TCC/build/ament_pep257:/home/jose/TCC/install/ament_pep257/lib/python3.10/site-packages:/home/jose/TCC/build/ament_mypy:/home/jose/TCC/install/ament_mypy/lib/python3.10/site-packages:/home/jose/TCC/build/ament_flake8:/home/jose/TCC/install/ament_flake8/lib/python3.10/site-packages:/home/jose/TCC/build/ament_lint:/home/jose/TCC/install/ament_lint/lib/python3.10/site-packages:${PYTHONPATH} /usr/bin/python3 -W ignore:setup.py install is deprecated -W ignore:easy_install command is deprecated setup.py develop --editable --build-directory /home/jose/TCC/build/tracetools_read/build --no-deps symlink_data
[10.322s] running develop
[10.928s] running egg_info
[10.928s] creating tracetools_read.egg-info
[10.933s] writing tracetools_read.egg-info/PKG-INFO
[10.933s] writing dependency_links to tracetools_read.egg-info/dependency_links.txt
[10.933s] writing requirements to tracetools_read.egg-info/requires.txt
[10.933s] writing top-level names to tracetools_read.egg-info/top_level.txt
[10.937s] writing manifest file 'tracetools_read.egg-info/SOURCES.txt'
[10.943s] reading manifest file 'tracetools_read.egg-info/SOURCES.txt'
[10.944s] writing manifest file 'tracetools_read.egg-info/SOURCES.txt'
[10.960s] running build_ext
[10.964s] Creating /home/jose/TCC/install/tracetools_read/lib/python3.10/site-packages/tracetools-read.egg-link (link to .)
[10.965s] 
[10.965s] Installed /home/jose/TCC/build/tracetools_read
[10.965s] running symlink_data
[10.966s] symbolically linking /home/jose/TCC/build/tracetools_read/package.xml -> /home/jose/TCC/install/tracetools_read/share/tracetools_read
[10.966s] creating /home/jose/TCC/install/tracetools_read/share/ament_index
[10.966s] creating /home/jose/TCC/install/tracetools_read/share/ament_index/resource_index
[10.966s] creating /home/jose/TCC/install/tracetools_read/share/ament_index/resource_index/packages
[10.966s] symbolically linking /home/jose/TCC/build/tracetools_read/resource/tracetools_read -> /home/jose/TCC/install/tracetools_read/share/ament_index/resource_index/packages
[11.087s] Invoked command in '/home/jose/TCC/build/tracetools_read' returned '0': AMENT_PREFIX_PATH=/home/jose/TCC/install/ament_xmllint:/home/jose/TCC/install/ament_copyright:/home/jose/TCC/install/ament_pep257:/home/jose/TCC/install/ament_mypy:/home/jose/TCC/install/ament_flake8:/home/jose/TCC/install/ament_lint:${AMENT_PREFIX_PATH} PATH=/home/jose/TCC/install/ament_xmllint/bin:/home/jose/TCC/install/ament_copyright/bin:/home/jose/TCC/install/ament_pep257/bin:/home/jose/TCC/install/ament_mypy/bin:/home/jose/TCC/install/ament_flake8/bin:${PATH} PYTHONPATH=/home/jose/TCC/build/tracetools_read/prefix_override:/usr/lib/python3/dist-packages/colcon_core/task/python/colcon_distutils_commands:/home/jose/TCC/install/tracetools_read/lib/python3.10/site-packages:/home/jose/TCC/build/ament_xmllint:/home/jose/TCC/install/ament_xmllint/lib/python3.10/site-packages:/home/jose/TCC/build/ament_copyright:/home/jose/TCC/install/ament_copyright/lib/python3.10/site-packages:/home/jose/TCC/build/ament_pep257:/home/jose/TCC/install/ament_pep257/lib/python3.10/site-packages:/home/jose/TCC/build/ament_mypy:/home/jose/TCC/install/ament_mypy/lib/python3.10/site-packages:/home/jose/TCC/build/ament_flake8:/home/jose/TCC/install/ament_flake8/lib/python3.10/site-packages:/home/jose/TCC/build/ament_lint:/home/jose/TCC/install/ament_lint/lib/python3.10/site-packages:${PYTHONPATH} /usr/bin/python3 -W ignore:setup.py install is deprecated -W ignore:easy_install command is deprecated setup.py develop --editable --build-directory /home/jose/TCC/build/tracetools_read/build --no-deps symlink_data
