[0.081s] Invoking command in '/home/jose/TCC/build/geographic_msgs': CMAKE_PREFIX_PATH=${CMAKE_PREFIX_PATH}:/home/jose/TCC/install/windwind_description:/home/jose/TCC/install/wind_turbine:/home/jose/ros2_humble/install/rqt_bag_plugins:/home/jose/ros2_humble/install/rqt_bag:/home/jose/ros2_humble/install/launch_testing_examples:/home/jose/ros2_humble/install/ros2bag:/home/jose/ros2_humble/install/tracetools_test:/home/jose/ros2_humble/install/tracetools_launch:/home/jose/ros2_humble/install/topic_monitor:/home/jose/ros2_humble/install/tf2_tools:/home/jose/ros2_humble/install/examples_tf2_py:/home/jose/ros2_humble/install/tf2_ros_py:/home/jose/ros2_humble/install/sros2:/home/jose/ros2_humble/install/rqt_topic:/home/jose/ros2_humble/install/rqt_srv:/home/jose/ros2_humble/install/rqt_shell:/home/jose/ros2_humble/install/rqt_service_caller:/home/jose/ros2_humble/install/rqt_reconfigure:/home/jose/ros2_humble/install/rqt_py_console:/home/jose/ros2_humble/install/rqt_publisher:/home/jose/ros2_humble/install/rqt_plot:/home/jose/ros2_humble/install/rqt_action:/home/jose/ros2_humble/install/rqt_msg:/home/jose/ros2_humble/install/rqt_console:/home/jose/ros2_humble/install/rqt:/home/jose/ros2_humble/install/rqt_graph:/home/jose/ros2_humble/install/rqt_gui_py:/home/jose/ros2_humble/install/rqt_gui:/home/jose/ros2_humble/install/ros2trace:/home/jose/ros2_humble/install/ros2topic:/home/jose/ros2_humble/install/ros2test:/home/jose/ros2_humble/install/ros2component:/home/jose/ros2_humble/install/ros2param:/home/jose/ros2_humble/install/ros2lifecycle:/home/jose/ros2_humble/install/ros2service:/home/jose/ros2_humble/install/ros2run:/home/jose/ros2_humble/install/ros2launch:/home/jose/ros2_humble/install/ros2pkg:/home/jose/ros2_humble/install/ros2node:/home/jose/ros2_humble/install/ros2multicast:/home/jose/ros2_humble/install/ros2interface:/home/jose/ros2_humble/install/ros2doctor:/home/jose/ros2_humble/install/ros2action:/home/jose/ros2_humble/install/ros2cli:/home/jose/ros2_humble/install/quality_of_service_demo_py:/home/jose/ros2_humble/install/lifecycle_py:/home/jose/ros2_humble/install/launch_testing_ros:/home/jose/ros2_humble/install/launch_ros:/home/jose/ros2_humble/install/examples_rclpy_pointcloud_publisher:/home/jose/ros2_humble/install/examples_rclpy_minimal_subscriber:/home/jose/ros2_humble/install/examples_rclpy_minimal_service:/home/jose/ros2_humble/install/examples_rclpy_minimal_publisher:/home/jose/ros2_humble/install/examples_rclpy_minimal_client:/home/jose/ros2_humble/install/examples_rclpy_minimal_action_server:/home/jose/ros2_humble/install/examples_rclpy_minimal_action_client:/home/jose/ros2_humble/install/examples_rclpy_guard_conditions:/home/jose/ros2_humble/install/examples_rclpy_executors:/home/jose/ros2_humble/install/demo_nodes_py:/home/jose/ros2_humble/install/camera_info_manager_py:/home/jose/ros2_humble/install/action_tutorials_py:/home/jose/ros2_humble/install/ament_uncrustify:/home/jose/ros2_humble/install/tracetools_trace:/home/jose/ros2_humble/install/tracetools_read:/home/jose/ros2_humble/install/test_tracetools_launch:/home/jose/ros2_humble/install/test_launch_ros:/home/jose/ros2_humble/install/sensor_msgs_py:/home/jose/ros2_humble/install/rpyutils:/home/jose/ros2_humble/install/rosidl_runtime_py:/home/jose/ros2_humble/install/rosidl_cli:/home/jose/ros2_humble/install/launch_pytest:/home/jose/ros2_humble/install/launch_testing:/home/jose/ros2_humble/install/launch_yaml:/home/jose/ros2_humble/install/launch_xml:/home/jose/ros2_humble/install/launch:/home/jose/ros2_humble/install/osrf_pycommon:/home/jose/ros2_humble/install/domain_coordinator:/home/jose/ros2_humble/install/ament_xmllint:/home/jose/ros2_humble/install/ament_pyflakes:/home/jose/ros2_humble/install/ament_pycodestyle:/home/jose/ros2_humble/install/ament_pep257:/home/jose/ros2_humble/install/ament_pclint:/home/jose/ros2_humble/install/ament_package:/home/jose/ros2_humble/install/ament_mypy:/home/jose/ros2_humble/install/ament_lint_cmake:/home/jose/ros2_humble/install/ament_flake8:/home/jose/ros2_humble/install/ament_copyright:/home/jose/ros2_humble/install/ament_lint:/home/jose/ros2_humble/install/ament_index_python:/home/jose/ros2_humble/install/ament_cpplint:/home/jose/ros2_humble/install/ament_cppcheck:/home/jose/ros2_humble/install/ament_clang_tidy:/home/jose/ros2_humble/install/ament_clang_format:/opt/ros/humble /usr/bin/cmake --build /home/jose/TCC/build/geographic_msgs -- -j16 -l16
[0.487s] [  1%] Built target gtest_main
[0.488s] [  2%] Built target gtest
[0.488s] [  2%] Built target geographic_msgs__cpp
[0.488s] [ 13%] Built target geographic_msgs__rosidl_generator_c
[0.488s] [ 13%] Built target ament_cmake_python_symlink_geographic_msgs
[0.488s] [ 56%] Built target geographic_msgs__rosidl_typesupport_fastrtps_cpp
[0.488s] [ 56%] Built target geographic_msgs__rosidl_typesupport_introspection_cpp
[0.488s] [ 56%] Built target geographic_msgs__rosidl_typesupport_cpp
[0.488s] [ 60%] Built target geographic_msgs__rosidl_typesupport_c
[0.488s] [ 72%] Built target geographic_msgs__rosidl_typesupport_introspection_c
[0.488s] [ 83%] Built target geographic_msgs__rosidl_typesupport_fastrtps_c
[0.488s] [ 85%] Built target validation_test
[0.488s] [ 85%] Built target geographic_msgs
[0.488s] [ 86%] Built target geographic_msgs__py
[0.489s] [ 97%] Built target geographic_msgs__rosidl_generator_py
[0.489s] [100%] Built target geographic_msgs__rosidl_typesupport_c__pyext
[0.489s] [100%] Built target geographic_msgs__rosidl_typesupport_introspection_c__pyext
[0.489s] [100%] Built target geographic_msgs__rosidl_typesupport_fastrtps_c__pyext
[0.605s] running egg_info
[0.606s] writing geographic_msgs.egg-info/PKG-INFO
[0.606s] writing dependency_links to geographic_msgs.egg-info/dependency_links.txt
[0.606s] writing top-level names to geographic_msgs.egg-info/top_level.txt
[0.608s] reading manifest file 'geographic_msgs.egg-info/SOURCES.txt'
[0.608s] writing manifest file 'geographic_msgs.egg-info/SOURCES.txt'
[0.640s] [100%] Built target ament_cmake_python_build_geographic_msgs_egg
[0.907s] Invoked command in '/home/jose/TCC/build/geographic_msgs' returned '0': CMAKE_PREFIX_PATH=${CMAKE_PREFIX_PATH}:/home/jose/TCC/install/windwind_description:/home/jose/TCC/install/wind_turbine:/home/jose/ros2_humble/install/rqt_bag_plugins:/home/jose/ros2_humble/install/rqt_bag:/home/jose/ros2_humble/install/launch_testing_examples:/home/jose/ros2_humble/install/ros2bag:/home/jose/ros2_humble/install/tracetools_test:/home/jose/ros2_humble/install/tracetools_launch:/home/jose/ros2_humble/install/topic_monitor:/home/jose/ros2_humble/install/tf2_tools:/home/jose/ros2_humble/install/examples_tf2_py:/home/jose/ros2_humble/install/tf2_ros_py:/home/jose/ros2_humble/install/sros2:/home/jose/ros2_humble/install/rqt_topic:/home/jose/ros2_humble/install/rqt_srv:/home/jose/ros2_humble/install/rqt_shell:/home/jose/ros2_humble/install/rqt_service_caller:/home/jose/ros2_humble/install/rqt_reconfigure:/home/jose/ros2_humble/install/rqt_py_console:/home/jose/ros2_humble/install/rqt_publisher:/home/jose/ros2_humble/install/rqt_plot:/home/jose/ros2_humble/install/rqt_action:/home/jose/ros2_humble/install/rqt_msg:/home/jose/ros2_humble/install/rqt_console:/home/jose/ros2_humble/install/rqt:/home/jose/ros2_humble/install/rqt_graph:/home/jose/ros2_humble/install/rqt_gui_py:/home/jose/ros2_humble/install/rqt_gui:/home/jose/ros2_humble/install/ros2trace:/home/jose/ros2_humble/install/ros2topic:/home/jose/ros2_humble/install/ros2test:/home/jose/ros2_humble/install/ros2component:/home/jose/ros2_humble/install/ros2param:/home/jose/ros2_humble/install/ros2lifecycle:/home/jose/ros2_humble/install/ros2service:/home/jose/ros2_humble/install/ros2run:/home/jose/ros2_humble/install/ros2launch:/home/jose/ros2_humble/install/ros2pkg:/home/jose/ros2_humble/install/ros2node:/home/jose/ros2_humble/install/ros2multicast:/home/jose/ros2_humble/install/ros2interface:/home/jose/ros2_humble/install/ros2doctor:/home/jose/ros2_humble/install/ros2action:/home/jose/ros2_humble/install/ros2cli:/home/jose/ros2_humble/install/quality_of_service_demo_py:/home/jose/ros2_humble/install/lifecycle_py:/home/jose/ros2_humble/install/launch_testing_ros:/home/jose/ros2_humble/install/launch_ros:/home/jose/ros2_humble/install/examples_rclpy_pointcloud_publisher:/home/jose/ros2_humble/install/examples_rclpy_minimal_subscriber:/home/jose/ros2_humble/install/examples_rclpy_minimal_service:/home/jose/ros2_humble/install/examples_rclpy_minimal_publisher:/home/jose/ros2_humble/install/examples_rclpy_minimal_client:/home/jose/ros2_humble/install/examples_rclpy_minimal_action_server:/home/jose/ros2_humble/install/examples_rclpy_minimal_action_client:/home/jose/ros2_humble/install/examples_rclpy_guard_conditions:/home/jose/ros2_humble/install/examples_rclpy_executors:/home/jose/ros2_humble/install/demo_nodes_py:/home/jose/ros2_humble/install/camera_info_manager_py:/home/jose/ros2_humble/install/action_tutorials_py:/home/jose/ros2_humble/install/ament_uncrustify:/home/jose/ros2_humble/install/tracetools_trace:/home/jose/ros2_humble/install/tracetools_read:/home/jose/ros2_humble/install/test_tracetools_launch:/home/jose/ros2_humble/install/test_launch_ros:/home/jose/ros2_humble/install/sensor_msgs_py:/home/jose/ros2_humble/install/rpyutils:/home/jose/ros2_humble/install/rosidl_runtime_py:/home/jose/ros2_humble/install/rosidl_cli:/home/jose/ros2_humble/install/launch_pytest:/home/jose/ros2_humble/install/launch_testing:/home/jose/ros2_humble/install/launch_yaml:/home/jose/ros2_humble/install/launch_xml:/home/jose/ros2_humble/install/launch:/home/jose/ros2_humble/install/osrf_pycommon:/home/jose/ros2_humble/install/domain_coordinator:/home/jose/ros2_humble/install/ament_xmllint:/home/jose/ros2_humble/install/ament_pyflakes:/home/jose/ros2_humble/install/ament_pycodestyle:/home/jose/ros2_humble/install/ament_pep257:/home/jose/ros2_humble/install/ament_pclint:/home/jose/ros2_humble/install/ament_package:/home/jose/ros2_humble/install/ament_mypy:/home/jose/ros2_humble/install/ament_lint_cmake:/home/jose/ros2_humble/install/ament_flake8:/home/jose/ros2_humble/install/ament_copyright:/home/jose/ros2_humble/install/ament_lint:/home/jose/ros2_humble/install/ament_index_python:/home/jose/ros2_humble/install/ament_cpplint:/home/jose/ros2_humble/install/ament_cppcheck:/home/jose/ros2_humble/install/ament_clang_tidy:/home/jose/ros2_humble/install/ament_clang_format:/opt/ros/humble /usr/bin/cmake --build /home/jose/TCC/build/geographic_msgs -- -j16 -l16
[0.908s] Invoking command in '/home/jose/TCC/build/geographic_msgs': CMAKE_PREFIX_PATH=${CMAKE_PREFIX_PATH}:/home/jose/TCC/install/windwind_description:/home/jose/TCC/install/wind_turbine:/home/jose/ros2_humble/install/rqt_bag_plugins:/home/jose/ros2_humble/install/rqt_bag:/home/jose/ros2_humble/install/launch_testing_examples:/home/jose/ros2_humble/install/ros2bag:/home/jose/ros2_humble/install/tracetools_test:/home/jose/ros2_humble/install/tracetools_launch:/home/jose/ros2_humble/install/topic_monitor:/home/jose/ros2_humble/install/tf2_tools:/home/jose/ros2_humble/install/examples_tf2_py:/home/jose/ros2_humble/install/tf2_ros_py:/home/jose/ros2_humble/install/sros2:/home/jose/ros2_humble/install/rqt_topic:/home/jose/ros2_humble/install/rqt_srv:/home/jose/ros2_humble/install/rqt_shell:/home/jose/ros2_humble/install/rqt_service_caller:/home/jose/ros2_humble/install/rqt_reconfigure:/home/jose/ros2_humble/install/rqt_py_console:/home/jose/ros2_humble/install/rqt_publisher:/home/jose/ros2_humble/install/rqt_plot:/home/jose/ros2_humble/install/rqt_action:/home/jose/ros2_humble/install/rqt_msg:/home/jose/ros2_humble/install/rqt_console:/home/jose/ros2_humble/install/rqt:/home/jose/ros2_humble/install/rqt_graph:/home/jose/ros2_humble/install/rqt_gui_py:/home/jose/ros2_humble/install/rqt_gui:/home/jose/ros2_humble/install/ros2trace:/home/jose/ros2_humble/install/ros2topic:/home/jose/ros2_humble/install/ros2test:/home/jose/ros2_humble/install/ros2component:/home/jose/ros2_humble/install/ros2param:/home/jose/ros2_humble/install/ros2lifecycle:/home/jose/ros2_humble/install/ros2service:/home/jose/ros2_humble/install/ros2run:/home/jose/ros2_humble/install/ros2launch:/home/jose/ros2_humble/install/ros2pkg:/home/jose/ros2_humble/install/ros2node:/home/jose/ros2_humble/install/ros2multicast:/home/jose/ros2_humble/install/ros2interface:/home/jose/ros2_humble/install/ros2doctor:/home/jose/ros2_humble/install/ros2action:/home/jose/ros2_humble/install/ros2cli:/home/jose/ros2_humble/install/quality_of_service_demo_py:/home/jose/ros2_humble/install/lifecycle_py:/home/jose/ros2_humble/install/launch_testing_ros:/home/jose/ros2_humble/install/launch_ros:/home/jose/ros2_humble/install/examples_rclpy_pointcloud_publisher:/home/jose/ros2_humble/install/examples_rclpy_minimal_subscriber:/home/jose/ros2_humble/install/examples_rclpy_minimal_service:/home/jose/ros2_humble/install/examples_rclpy_minimal_publisher:/home/jose/ros2_humble/install/examples_rclpy_minimal_client:/home/jose/ros2_humble/install/examples_rclpy_minimal_action_server:/home/jose/ros2_humble/install/examples_rclpy_minimal_action_client:/home/jose/ros2_humble/install/examples_rclpy_guard_conditions:/home/jose/ros2_humble/install/examples_rclpy_executors:/home/jose/ros2_humble/install/demo_nodes_py:/home/jose/ros2_humble/install/camera_info_manager_py:/home/jose/ros2_humble/install/action_tutorials_py:/home/jose/ros2_humble/install/ament_uncrustify:/home/jose/ros2_humble/install/tracetools_trace:/home/jose/ros2_humble/install/tracetools_read:/home/jose/ros2_humble/install/test_tracetools_launch:/home/jose/ros2_humble/install/test_launch_ros:/home/jose/ros2_humble/install/sensor_msgs_py:/home/jose/ros2_humble/install/rpyutils:/home/jose/ros2_humble/install/rosidl_runtime_py:/home/jose/ros2_humble/install/rosidl_cli:/home/jose/ros2_humble/install/launch_pytest:/home/jose/ros2_humble/install/launch_testing:/home/jose/ros2_humble/install/launch_yaml:/home/jose/ros2_humble/install/launch_xml:/home/jose/ros2_humble/install/launch:/home/jose/ros2_humble/install/osrf_pycommon:/home/jose/ros2_humble/install/domain_coordinator:/home/jose/ros2_humble/install/ament_xmllint:/home/jose/ros2_humble/install/ament_pyflakes:/home/jose/ros2_humble/install/ament_pycodestyle:/home/jose/ros2_humble/install/ament_pep257:/home/jose/ros2_humble/install/ament_pclint:/home/jose/ros2_humble/install/ament_package:/home/jose/ros2_humble/install/ament_mypy:/home/jose/ros2_humble/install/ament_lint_cmake:/home/jose/ros2_humble/install/ament_flake8:/home/jose/ros2_humble/install/ament_copyright:/home/jose/ros2_humble/install/ament_lint:/home/jose/ros2_humble/install/ament_index_python:/home/jose/ros2_humble/install/ament_cpplint:/home/jose/ros2_humble/install/ament_cppcheck:/home/jose/ros2_humble/install/ament_clang_tidy:/home/jose/ros2_humble/install/ament_clang_format:/opt/ros/humble /usr/bin/cmake --install /home/jose/TCC/build/geographic_msgs
[0.926s] -- Install configuration: ""
[0.927s] -- Execute custom install script
[0.927s] -- Up-to-date symlink: /home/jose/TCC/install/geographic_msgs/share/ament_index/resource_index/rosidl_interfaces/geographic_msgs
[0.933s] -- Up-to-date symlink: /home/jose/TCC/install/geographic_msgs/include/geographic_msgs/geographic_msgs/msg/bounding_box.h
[0.933s] -- Up-to-date symlink: /home/jose/TCC/install/geographic_msgs/include/geographic_msgs/geographic_msgs/msg/detail/bounding_box__functions.h
[0.933s] -- Up-to-date symlink: /home/jose/TCC/install/geographic_msgs/include/geographic_msgs/geographic_msgs/msg/detail/bounding_box__struct.h
[0.933s] -- Up-to-date symlink: /home/jose/TCC/install/geographic_msgs/include/geographic_msgs/geographic_msgs/msg/detail/bounding_box__type_support.h
[0.933s] -- Up-to-date symlink: /home/jose/TCC/install/geographic_msgs/include/geographic_msgs/geographic_msgs/msg/detail/geo_path__functions.h
[0.933s] -- Up-to-date symlink: /home/jose/TCC/install/geographic_msgs/include/geographic_msgs/geographic_msgs/msg/detail/geo_path__struct.h
[0.933s] -- Up-to-date symlink: /home/jose/TCC/install/geographic_msgs/include/geographic_msgs/geographic_msgs/msg/detail/geo_path__type_support.h
[0.933s] -- Up-to-date symlink: /home/jose/TCC/install/geographic_msgs/include/geographic_msgs/geographic_msgs/msg/detail/geo_point__functions.h
[0.933s] -- Up-to-date symlink: /home/jose/TCC/install/geographic_msgs/include/geographic_msgs/geographic_msgs/msg/detail/geo_point__struct.h
[0.933s] -- Up-to-date symlink: /home/jose/TCC/install/geographic_msgs/include/geographic_msgs/geographic_msgs/msg/detail/geo_point__type_support.h
[0.933s] -- Up-to-date symlink: /home/jose/TCC/install/geographic_msgs/include/geographic_msgs/geographic_msgs/msg/detail/geo_point_stamped__functions.h
[0.935s] -- Up-to-date symlink: /home/jose/TCC/install/geographic_msgs/include/geographic_msgs/geographic_msgs/msg/detail/geo_point_stamped__struct.h
[0.935s] -- Up-to-date symlink: /home/jose/TCC/install/geographic_msgs/include/geographic_msgs/geographic_msgs/msg/detail/geo_point_stamped__type_support.h
[0.935s] -- Up-to-date symlink: /home/jose/TCC/install/geographic_msgs/include/geographic_msgs/geographic_msgs/msg/detail/geo_pose__functions.h
[0.935s] -- Up-to-date symlink: /home/jose/TCC/install/geographic_msgs/include/geographic_msgs/geographic_msgs/msg/detail/geo_pose__struct.h
[0.935s] -- Up-to-date symlink: /home/jose/TCC/install/geographic_msgs/include/geographic_msgs/geographic_msgs/msg/detail/geo_pose__type_support.h
[0.935s] -- Up-to-date symlink: /home/jose/TCC/install/geographic_msgs/include/geographic_msgs/geographic_msgs/msg/detail/geo_pose_stamped__functions.h
[0.935s] -- Up-to-date symlink: /home/jose/TCC/install/geographic_msgs/include/geographic_msgs/geographic_msgs/msg/detail/geo_pose_stamped__struct.h
[0.935s] -- Up-to-date symlink: /home/jose/TCC/install/geographic_msgs/include/geographic_msgs/geographic_msgs/msg/detail/geo_pose_stamped__type_support.h
[0.935s] -- Up-to-date symlink: /home/jose/TCC/install/geographic_msgs/include/geographic_msgs/geographic_msgs/msg/detail/geo_pose_with_covariance__functions.h
[0.935s] -- Up-to-date symlink: /home/jose/TCC/install/geographic_msgs/include/geographic_msgs/geographic_msgs/msg/detail/geo_pose_with_covariance__struct.h
[0.935s] -- Up-to-date symlink: /home/jose/TCC/install/geographic_msgs/include/geographic_msgs/geographic_msgs/msg/detail/geo_pose_with_covariance__type_support.h
[0.936s] -- Up-to-date symlink: /home/jose/TCC/install/geographic_msgs/include/geographic_msgs/geographic_msgs/msg/detail/geo_pose_with_covariance_stamped__functions.h
[0.936s] -- Up-to-date symlink: /home/jose/TCC/install/geographic_msgs/include/geographic_msgs/geographic_msgs/msg/detail/geo_pose_with_covariance_stamped__struct.h
[0.936s] -- Up-to-date symlink: /home/jose/TCC/install/geographic_msgs/include/geographic_msgs/geographic_msgs/msg/detail/geo_pose_with_covariance_stamped__type_support.h
[0.936s] -- Up-to-date symlink: /home/jose/TCC/install/geographic_msgs/include/geographic_msgs/geographic_msgs/msg/detail/geographic_map__functions.h
[0.936s] -- Up-to-date symlink: /home/jose/TCC/install/geographic_msgs/include/geographic_msgs/geographic_msgs/msg/detail/geographic_map__struct.h
[0.936s] -- Up-to-date symlink: /home/jose/TCC/install/geographic_msgs/include/geographic_msgs/geographic_msgs/msg/detail/geographic_map__type_support.h
[0.936s] -- Up-to-date symlink: /home/jose/TCC/install/geographic_msgs/include/geographic_msgs/geographic_msgs/msg/detail/geographic_map_changes__functions.h
[0.936s] -- Up-to-date symlink: /home/jose/TCC/install/geographic_msgs/include/geographic_msgs/geographic_msgs/msg/detail/geographic_map_changes__struct.h
[0.936s] -- Up-to-date symlink: /home/jose/TCC/install/geographic_msgs/include/geographic_msgs/geographic_msgs/msg/detail/geographic_map_changes__type_support.h
[0.936s] -- Up-to-date symlink: /home/jose/TCC/install/geographic_msgs/include/geographic_msgs/geographic_msgs/msg/detail/key_value__functions.h
[0.936s] -- Up-to-date symlink: /home/jose/TCC/install/geographic_msgs/include/geographic_msgs/geographic_msgs/msg/detail/key_value__struct.h
[0.936s] -- Up-to-date symlink: /home/jose/TCC/install/geographic_msgs/include/geographic_msgs/geographic_msgs/msg/detail/key_value__type_support.h
[0.936s] -- Up-to-date symlink: /home/jose/TCC/install/geographic_msgs/include/geographic_msgs/geographic_msgs/msg/detail/map_feature__functions.h
[0.936s] -- Up-to-date symlink: /home/jose/TCC/install/geographic_msgs/include/geographic_msgs/geographic_msgs/msg/detail/map_feature__struct.h
[0.936s] -- Up-to-date symlink: /home/jose/TCC/install/geographic_msgs/include/geographic_msgs/geographic_msgs/msg/detail/map_feature__type_support.h
[0.936s] -- Up-to-date symlink: /home/jose/TCC/install/geographic_msgs/include/geographic_msgs/geographic_msgs/msg/detail/route_network__functions.h
[0.936s] -- Up-to-date symlink: /home/jose/TCC/install/geographic_msgs/include/geographic_msgs/geographic_msgs/msg/detail/route_network__struct.h
[0.936s] -- Up-to-date symlink: /home/jose/TCC/install/geographic_msgs/include/geographic_msgs/geographic_msgs/msg/detail/route_network__type_support.h
[0.936s] -- Up-to-date symlink: /home/jose/TCC/install/geographic_msgs/include/geographic_msgs/geographic_msgs/msg/detail/route_path__functions.h
[0.937s] -- Up-to-date symlink: /home/jose/TCC/install/geographic_msgs/include/geographic_msgs/geographic_msgs/msg/detail/route_path__struct.h
[0.937s] -- Up-to-date symlink: /home/jose/TCC/install/geographic_msgs/include/geographic_msgs/geographic_msgs/msg/detail/route_path__type_support.h
[0.937s] -- Up-to-date symlink: /home/jose/TCC/install/geographic_msgs/include/geographic_msgs/geographic_msgs/msg/detail/route_segment__functions.h
[0.937s] -- Up-to-date symlink: /home/jose/TCC/install/geographic_msgs/include/geographic_msgs/geographic_msgs/msg/detail/route_segment__struct.h
[0.937s] -- Up-to-date symlink: /home/jose/TCC/install/geographic_msgs/include/geographic_msgs/geographic_msgs/msg/detail/route_segment__type_support.h
[0.937s] -- Up-to-date symlink: /home/jose/TCC/install/geographic_msgs/include/geographic_msgs/geographic_msgs/msg/detail/way_point__functions.h
[0.937s] -- Up-to-date symlink: /home/jose/TCC/install/geographic_msgs/include/geographic_msgs/geographic_msgs/msg/detail/way_point__struct.h
[0.937s] -- Up-to-date symlink: /home/jose/TCC/install/geographic_msgs/include/geographic_msgs/geographic_msgs/msg/detail/way_point__type_support.h
[0.937s] -- Up-to-date symlink: /home/jose/TCC/install/geographic_msgs/include/geographic_msgs/geographic_msgs/msg/geo_path.h
[0.937s] -- Up-to-date symlink: /home/jose/TCC/install/geographic_msgs/include/geographic_msgs/geographic_msgs/msg/geo_point.h
[0.937s] -- Up-to-date symlink: /home/jose/TCC/install/geographic_msgs/include/geographic_msgs/geographic_msgs/msg/geo_point_stamped.h
[0.937s] -- Up-to-date symlink: /home/jose/TCC/install/geographic_msgs/include/geographic_msgs/geographic_msgs/msg/geo_pose.h
[0.937s] -- Up-to-date symlink: /home/jose/TCC/install/geographic_msgs/include/geographic_msgs/geographic_msgs/msg/geo_pose_stamped.h
[0.937s] -- Up-to-date symlink: /home/jose/TCC/install/geographic_msgs/include/geographic_msgs/geographic_msgs/msg/geo_pose_with_covariance.h
[0.937s] -- Up-to-date symlink: /home/jose/TCC/install/geographic_msgs/include/geographic_msgs/geographic_msgs/msg/geo_pose_with_covariance_stamped.h
[0.937s] -- Up-to-date symlink: /home/jose/TCC/install/geographic_msgs/include/geographic_msgs/geographic_msgs/msg/geographic_map.h
[0.937s] -- Up-to-date symlink: /home/jose/TCC/install/geographic_msgs/include/geographic_msgs/geographic_msgs/msg/geographic_map_changes.h
[0.937s] -- Up-to-date symlink: /home/jose/TCC/install/geographic_msgs/include/geographic_msgs/geographic_msgs/msg/key_value.h
[0.937s] -- Up-to-date symlink: /home/jose/TCC/install/geographic_msgs/include/geographic_msgs/geographic_msgs/msg/map_feature.h
[0.937s] -- Up-to-date symlink: /home/jose/TCC/install/geographic_msgs/include/geographic_msgs/geographic_msgs/msg/rosidl_generator_c__visibility_control.h
[0.937s] -- Up-to-date symlink: /home/jose/TCC/install/geographic_msgs/include/geographic_msgs/geographic_msgs/msg/route_network.h
[0.937s] -- Up-to-date symlink: /home/jose/TCC/install/geographic_msgs/include/geographic_msgs/geographic_msgs/msg/route_path.h
[0.937s] -- Up-to-date symlink: /home/jose/TCC/install/geographic_msgs/include/geographic_msgs/geographic_msgs/msg/route_segment.h
[0.937s] -- Up-to-date symlink: /home/jose/TCC/install/geographic_msgs/include/geographic_msgs/geographic_msgs/msg/way_point.h
[0.938s] -- Up-to-date symlink: /home/jose/TCC/install/geographic_msgs/include/geographic_msgs/geographic_msgs/srv/detail/get_geo_path__functions.h
[0.938s] -- Up-to-date symlink: /home/jose/TCC/install/geographic_msgs/include/geographic_msgs/geographic_msgs/srv/detail/get_geo_path__struct.h
[0.938s] -- Up-to-date symlink: /home/jose/TCC/install/geographic_msgs/include/geographic_msgs/geographic_msgs/srv/detail/get_geo_path__type_support.h
[0.938s] -- Up-to-date symlink: /home/jose/TCC/install/geographic_msgs/include/geographic_msgs/geographic_msgs/srv/detail/get_geographic_map__functions.h
[0.938s] -- Up-to-date symlink: /home/jose/TCC/install/geographic_msgs/include/geographic_msgs/geographic_msgs/srv/detail/get_geographic_map__struct.h
[0.938s] -- Up-to-date symlink: /home/jose/TCC/install/geographic_msgs/include/geographic_msgs/geographic_msgs/srv/detail/get_geographic_map__type_support.h
[0.938s] -- Up-to-date symlink: /home/jose/TCC/install/geographic_msgs/include/geographic_msgs/geographic_msgs/srv/detail/get_route_plan__functions.h
[0.938s] -- Up-to-date symlink: /home/jose/TCC/install/geographic_msgs/include/geographic_msgs/geographic_msgs/srv/detail/get_route_plan__struct.h
[0.938s] -- Up-to-date symlink: /home/jose/TCC/install/geographic_msgs/include/geographic_msgs/geographic_msgs/srv/detail/get_route_plan__type_support.h
[0.938s] -- Up-to-date symlink: /home/jose/TCC/install/geographic_msgs/include/geographic_msgs/geographic_msgs/srv/detail/update_geographic_map__functions.h
[0.938s] -- Up-to-date symlink: /home/jose/TCC/install/geographic_msgs/include/geographic_msgs/geographic_msgs/srv/detail/update_geographic_map__struct.h
[0.938s] -- Up-to-date symlink: /home/jose/TCC/install/geographic_msgs/include/geographic_msgs/geographic_msgs/srv/detail/update_geographic_map__type_support.h
[0.938s] -- Up-to-date symlink: /home/jose/TCC/install/geographic_msgs/include/geographic_msgs/geographic_msgs/srv/get_geo_path.h
[0.938s] -- Up-to-date symlink: /home/jose/TCC/install/geographic_msgs/include/geographic_msgs/geographic_msgs/srv/get_geographic_map.h
[0.938s] -- Up-to-date symlink: /home/jose/TCC/install/geographic_msgs/include/geographic_msgs/geographic_msgs/srv/get_route_plan.h
[0.938s] -- Up-to-date symlink: /home/jose/TCC/install/geographic_msgs/include/geographic_msgs/geographic_msgs/srv/update_geographic_map.h
[0.938s] -- Up-to-date symlink: /home/jose/TCC/install/geographic_msgs/share/geographic_msgs/environment/library_path.sh
[0.938s] -- Up-to-date symlink: /home/jose/TCC/install/geographic_msgs/share/geographic_msgs/environment/library_path.dsv
[0.938s] -- Up-to-date symlink: /home/jose/TCC/install/geographic_msgs/include/geographic_msgs/geographic_msgs/msg/detail/bounding_box__rosidl_typesupport_fastrtps_c.h
[0.938s] -- Up-to-date symlink: /home/jose/TCC/install/geographic_msgs/include/geographic_msgs/geographic_msgs/msg/detail/geo_path__rosidl_typesupport_fastrtps_c.h
[0.938s] -- Up-to-date symlink: /home/jose/TCC/install/geographic_msgs/include/geographic_msgs/geographic_msgs/msg/detail/geo_point__rosidl_typesupport_fastrtps_c.h
[0.938s] -- Up-to-date symlink: /home/jose/TCC/install/geographic_msgs/include/geographic_msgs/geographic_msgs/msg/detail/geo_point_stamped__rosidl_typesupport_fastrtps_c.h
[0.939s] -- Up-to-date symlink: /home/jose/TCC/install/geographic_msgs/include/geographic_msgs/geographic_msgs/msg/detail/geo_pose__rosidl_typesupport_fastrtps_c.h
[0.939s] -- Up-to-date symlink: /home/jose/TCC/install/geographic_msgs/include/geographic_msgs/geographic_msgs/msg/detail/geo_pose_stamped__rosidl_typesupport_fastrtps_c.h
[0.939s] -- Up-to-date symlink: /home/jose/TCC/install/geographic_msgs/include/geographic_msgs/geographic_msgs/msg/detail/geo_pose_with_covariance__rosidl_typesupport_fastrtps_c.h
[0.939s] -- Up-to-date symlink: /home/jose/TCC/install/geographic_msgs/include/geographic_msgs/geographic_msgs/msg/detail/geo_pose_with_covariance_stamped__rosidl_typesupport_fastrtps_c.h
[0.939s] -- Up-to-date symlink: /home/jose/TCC/install/geographic_msgs/include/geographic_msgs/geographic_msgs/msg/detail/geographic_map__rosidl_typesupport_fastrtps_c.h
[0.939s] -- Up-to-date symlink: /home/jose/TCC/install/geographic_msgs/include/geographic_msgs/geographic_msgs/msg/detail/geographic_map_changes__rosidl_typesupport_fastrtps_c.h
[0.939s] -- Up-to-date symlink: /home/jose/TCC/install/geographic_msgs/include/geographic_msgs/geographic_msgs/msg/detail/key_value__rosidl_typesupport_fastrtps_c.h
[0.939s] -- Up-to-date symlink: /home/jose/TCC/install/geographic_msgs/include/geographic_msgs/geographic_msgs/msg/detail/map_feature__rosidl_typesupport_fastrtps_c.h
[0.939s] -- Up-to-date symlink: /home/jose/TCC/install/geographic_msgs/include/geographic_msgs/geographic_msgs/msg/detail/route_network__rosidl_typesupport_fastrtps_c.h
[0.939s] -- Up-to-date symlink: /home/jose/TCC/install/geographic_msgs/include/geographic_msgs/geographic_msgs/msg/detail/route_path__rosidl_typesupport_fastrtps_c.h
[0.939s] -- Up-to-date symlink: /home/jose/TCC/install/geographic_msgs/include/geographic_msgs/geographic_msgs/msg/detail/route_segment__rosidl_typesupport_fastrtps_c.h
[0.939s] -- Up-to-date symlink: /home/jose/TCC/install/geographic_msgs/include/geographic_msgs/geographic_msgs/msg/detail/way_point__rosidl_typesupport_fastrtps_c.h
[0.939s] -- Up-to-date symlink: /home/jose/TCC/install/geographic_msgs/include/geographic_msgs/geographic_msgs/msg/rosidl_typesupport_fastrtps_c__visibility_control.h
[0.939s] -- Up-to-date symlink: /home/jose/TCC/install/geographic_msgs/include/geographic_msgs/geographic_msgs/srv/detail/get_geo_path__rosidl_typesupport_fastrtps_c.h
[0.939s] -- Up-to-date symlink: /home/jose/TCC/install/geographic_msgs/include/geographic_msgs/geographic_msgs/srv/detail/get_geographic_map__rosidl_typesupport_fastrtps_c.h
[0.939s] -- Up-to-date symlink: /home/jose/TCC/install/geographic_msgs/include/geographic_msgs/geographic_msgs/srv/detail/get_route_plan__rosidl_typesupport_fastrtps_c.h
[0.939s] -- Up-to-date symlink: /home/jose/TCC/install/geographic_msgs/include/geographic_msgs/geographic_msgs/srv/detail/update_geographic_map__rosidl_typesupport_fastrtps_c.h
[0.939s] -- Up-to-date symlink: /home/jose/TCC/install/geographic_msgs/include/geographic_msgs/geographic_msgs/msg/bounding_box.hpp
[0.940s] -- Up-to-date symlink: /home/jose/TCC/install/geographic_msgs/include/geographic_msgs/geographic_msgs/msg/detail/bounding_box__builder.hpp
[0.940s] -- Up-to-date symlink: /home/jose/TCC/install/geographic_msgs/include/geographic_msgs/geographic_msgs/msg/detail/bounding_box__struct.hpp
[0.940s] -- Up-to-date symlink: /home/jose/TCC/install/geographic_msgs/include/geographic_msgs/geographic_msgs/msg/detail/bounding_box__traits.hpp
[0.940s] -- Up-to-date symlink: /home/jose/TCC/install/geographic_msgs/include/geographic_msgs/geographic_msgs/msg/detail/bounding_box__type_support.hpp
[0.940s] -- Up-to-date symlink: /home/jose/TCC/install/geographic_msgs/include/geographic_msgs/geographic_msgs/msg/detail/geo_path__builder.hpp
[0.940s] -- Up-to-date symlink: /home/jose/TCC/install/geographic_msgs/include/geographic_msgs/geographic_msgs/msg/detail/geo_path__struct.hpp
[0.940s] -- Up-to-date symlink: /home/jose/TCC/install/geographic_msgs/include/geographic_msgs/geographic_msgs/msg/detail/geo_path__traits.hpp
[0.940s] -- Up-to-date symlink: /home/jose/TCC/install/geographic_msgs/include/geographic_msgs/geographic_msgs/msg/detail/geo_path__type_support.hpp
[0.940s] -- Up-to-date symlink: /home/jose/TCC/install/geographic_msgs/include/geographic_msgs/geographic_msgs/msg/detail/geo_point__builder.hpp
[0.940s] -- Up-to-date symlink: /home/jose/TCC/install/geographic_msgs/include/geographic_msgs/geographic_msgs/msg/detail/geo_point__struct.hpp
[0.940s] -- Up-to-date symlink: /home/jose/TCC/install/geographic_msgs/include/geographic_msgs/geographic_msgs/msg/detail/geo_point__traits.hpp
[0.940s] -- Up-to-date symlink: /home/jose/TCC/install/geographic_msgs/include/geographic_msgs/geographic_msgs/msg/detail/geo_point__type_support.hpp
[0.940s] -- Up-to-date symlink: /home/jose/TCC/install/geographic_msgs/include/geographic_msgs/geographic_msgs/msg/detail/geo_point_stamped__builder.hpp
[0.940s] -- Up-to-date symlink: /home/jose/TCC/install/geographic_msgs/include/geographic_msgs/geographic_msgs/msg/detail/geo_point_stamped__struct.hpp
[0.940s] -- Up-to-date symlink: /home/jose/TCC/install/geographic_msgs/include/geographic_msgs/geographic_msgs/msg/detail/geo_point_stamped__traits.hpp
[0.940s] -- Up-to-date symlink: /home/jose/TCC/install/geographic_msgs/include/geographic_msgs/geographic_msgs/msg/detail/geo_point_stamped__type_support.hpp
[0.940s] -- Up-to-date symlink: /home/jose/TCC/install/geographic_msgs/include/geographic_msgs/geographic_msgs/msg/detail/geo_pose__builder.hpp
[0.940s] -- Up-to-date symlink: /home/jose/TCC/install/geographic_msgs/include/geographic_msgs/geographic_msgs/msg/detail/geo_pose__struct.hpp
[0.940s] -- Up-to-date symlink: /home/jose/TCC/install/geographic_msgs/include/geographic_msgs/geographic_msgs/msg/detail/geo_pose__traits.hpp
[0.940s] -- Up-to-date symlink: /home/jose/TCC/install/geographic_msgs/include/geographic_msgs/geographic_msgs/msg/detail/geo_pose__type_support.hpp
[0.940s] -- Up-to-date symlink: /home/jose/TCC/install/geographic_msgs/include/geographic_msgs/geographic_msgs/msg/detail/geo_pose_stamped__builder.hpp
[0.940s] -- Up-to-date symlink: /home/jose/TCC/install/geographic_msgs/include/geographic_msgs/geographic_msgs/msg/detail/geo_pose_stamped__struct.hpp
[0.940s] -- Up-to-date symlink: /home/jose/TCC/install/geographic_msgs/include/geographic_msgs/geographic_msgs/msg/detail/geo_pose_stamped__traits.hpp
[0.940s] -- Up-to-date symlink: /home/jose/TCC/install/geographic_msgs/include/geographic_msgs/geographic_msgs/msg/detail/geo_pose_stamped__type_support.hpp
[0.940s] -- Up-to-date symlink: /home/jose/TCC/install/geographic_msgs/include/geographic_msgs/geographic_msgs/msg/detail/geo_pose_with_covariance__builder.hpp
[0.940s] -- Up-to-date symlink: /home/jose/TCC/install/geographic_msgs/include/geographic_msgs/geographic_msgs/msg/detail/geo_pose_with_covariance__struct.hpp
[0.941s] -- Up-to-date symlink: /home/jose/TCC/install/geographic_msgs/include/geographic_msgs/geographic_msgs/msg/detail/geo_pose_with_covariance__traits.hpp
[0.941s] -- Up-to-date symlink: /home/jose/TCC/install/geographic_msgs/include/geographic_msgs/geographic_msgs/msg/detail/geo_pose_with_covariance__type_support.hpp
[0.941s] -- Up-to-date symlink: /home/jose/TCC/install/geographic_msgs/include/geographic_msgs/geographic_msgs/msg/detail/geo_pose_with_covariance_stamped__builder.hpp
[0.941s] -- Up-to-date symlink: /home/jose/TCC/install/geographic_msgs/include/geographic_msgs/geographic_msgs/msg/detail/geo_pose_with_covariance_stamped__struct.hpp
[0.941s] -- Up-to-date symlink: /home/jose/TCC/install/geographic_msgs/include/geographic_msgs/geographic_msgs/msg/detail/geo_pose_with_covariance_stamped__traits.hpp
[0.941s] -- Up-to-date symlink: /home/jose/TCC/install/geographic_msgs/include/geographic_msgs/geographic_msgs/msg/detail/geo_pose_with_covariance_stamped__type_support.hpp
[0.941s] -- Up-to-date symlink: /home/jose/TCC/install/geographic_msgs/include/geographic_msgs/geographic_msgs/msg/detail/geographic_map__builder.hpp
[0.941s] -- Up-to-date symlink: /home/jose/TCC/install/geographic_msgs/include/geographic_msgs/geographic_msgs/msg/detail/geographic_map__struct.hpp
[0.941s] -- Up-to-date symlink: /home/jose/TCC/install/geographic_msgs/include/geographic_msgs/geographic_msgs/msg/detail/geographic_map__traits.hpp
[0.941s] -- Up-to-date symlink: /home/jose/TCC/install/geographic_msgs/include/geographic_msgs/geographic_msgs/msg/detail/geographic_map__type_support.hpp
[0.941s] -- Up-to-date symlink: /home/jose/TCC/install/geographic_msgs/include/geographic_msgs/geographic_msgs/msg/detail/geographic_map_changes__builder.hpp
[0.941s] -- Up-to-date symlink: /home/jose/TCC/install/geographic_msgs/include/geographic_msgs/geographic_msgs/msg/detail/geographic_map_changes__struct.hpp
[0.941s] -- Up-to-date symlink: /home/jose/TCC/install/geographic_msgs/include/geographic_msgs/geographic_msgs/msg/detail/geographic_map_changes__traits.hpp
[0.941s] -- Up-to-date symlink: /home/jose/TCC/install/geographic_msgs/include/geographic_msgs/geographic_msgs/msg/detail/geographic_map_changes__type_support.hpp
[0.941s] -- Up-to-date symlink: /home/jose/TCC/install/geographic_msgs/include/geographic_msgs/geographic_msgs/msg/detail/key_value__builder.hpp
[0.942s] -- Up-to-date symlink: /home/jose/TCC/install/geographic_msgs/include/geographic_msgs/geographic_msgs/msg/detail/key_value__struct.hpp
[0.942s] -- Up-to-date symlink: /home/jose/TCC/install/geographic_msgs/include/geographic_msgs/geographic_msgs/msg/detail/key_value__traits.hpp
[0.942s] -- Up-to-date symlink: /home/jose/TCC/install/geographic_msgs/include/geographic_msgs/geographic_msgs/msg/detail/key_value__type_support.hpp
[0.942s] -- Up-to-date symlink: /home/jose/TCC/install/geographic_msgs/include/geographic_msgs/geographic_msgs/msg/detail/map_feature__builder.hpp
[0.942s] -- Up-to-date symlink: /home/jose/TCC/install/geographic_msgs/include/geographic_msgs/geographic_msgs/msg/detail/map_feature__struct.hpp
[0.942s] -- Up-to-date symlink: /home/jose/TCC/install/geographic_msgs/include/geographic_msgs/geographic_msgs/msg/detail/map_feature__traits.hpp
[0.942s] -- Up-to-date symlink: /home/jose/TCC/install/geographic_msgs/include/geographic_msgs/geographic_msgs/msg/detail/map_feature__type_support.hpp
[0.942s] -- Up-to-date symlink: /home/jose/TCC/install/geographic_msgs/include/geographic_msgs/geographic_msgs/msg/detail/route_network__builder.hpp
[0.942s] -- Up-to-date symlink: /home/jose/TCC/install/geographic_msgs/include/geographic_msgs/geographic_msgs/msg/detail/route_network__struct.hpp
[0.942s] -- Up-to-date symlink: /home/jose/TCC/install/geographic_msgs/include/geographic_msgs/geographic_msgs/msg/detail/route_network__traits.hpp
[0.944s] -- Up-to-date symlink: /home/jose/TCC/install/geographic_msgs/include/geographic_msgs/geographic_msgs/msg/detail/route_network__type_support.hpp
[0.944s] -- Up-to-date symlink: /home/jose/TCC/install/geographic_msgs/include/geographic_msgs/geographic_msgs/msg/detail/route_path__builder.hpp
[0.944s] -- Up-to-date symlink: /home/jose/TCC/install/geographic_msgs/include/geographic_msgs/geographic_msgs/msg/detail/route_path__struct.hpp
[0.944s] -- Up-to-date symlink: /home/jose/TCC/install/geographic_msgs/include/geographic_msgs/geographic_msgs/msg/detail/route_path__traits.hpp
[0.944s] -- Up-to-date symlink: /home/jose/TCC/install/geographic_msgs/include/geographic_msgs/geographic_msgs/msg/detail/route_path__type_support.hpp
[0.944s] -- Up-to-date symlink: /home/jose/TCC/install/geographic_msgs/include/geographic_msgs/geographic_msgs/msg/detail/route_segment__builder.hpp
[0.944s] -- Up-to-date symlink: /home/jose/TCC/install/geographic_msgs/include/geographic_msgs/geographic_msgs/msg/detail/route_segment__struct.hpp
[0.944s] -- Up-to-date symlink: /home/jose/TCC/install/geographic_msgs/include/geographic_msgs/geographic_msgs/msg/detail/route_segment__traits.hpp
[0.944s] -- Up-to-date symlink: /home/jose/TCC/install/geographic_msgs/include/geographic_msgs/geographic_msgs/msg/detail/route_segment__type_support.hpp
[0.944s] -- Up-to-date symlink: /home/jose/TCC/install/geographic_msgs/include/geographic_msgs/geographic_msgs/msg/detail/way_point__builder.hpp
[0.944s] -- Up-to-date symlink: /home/jose/TCC/install/geographic_msgs/include/geographic_msgs/geographic_msgs/msg/detail/way_point__struct.hpp
[0.944s] -- Up-to-date symlink: /home/jose/TCC/install/geographic_msgs/include/geographic_msgs/geographic_msgs/msg/detail/way_point__traits.hpp
[0.944s] -- Up-to-date symlink: /home/jose/TCC/install/geographic_msgs/include/geographic_msgs/geographic_msgs/msg/detail/way_point__type_support.hpp
[0.944s] -- Up-to-date symlink: /home/jose/TCC/install/geographic_msgs/include/geographic_msgs/geographic_msgs/msg/geo_path.hpp
[0.945s] -- Up-to-date symlink: /home/jose/TCC/install/geographic_msgs/include/geographic_msgs/geographic_msgs/msg/geo_point.hpp
[0.945s] -- Up-to-date symlink: /home/jose/TCC/install/geographic_msgs/include/geographic_msgs/geographic_msgs/msg/geo_point_stamped.hpp
[0.945s] -- Up-to-date symlink: /home/jose/TCC/install/geographic_msgs/include/geographic_msgs/geographic_msgs/msg/geo_pose.hpp
[0.945s] -- Up-to-date symlink: /home/jose/TCC/install/geographic_msgs/include/geographic_msgs/geographic_msgs/msg/geo_pose_stamped.hpp
[0.945s] -- Up-to-date symlink: /home/jose/TCC/install/geographic_msgs/include/geographic_msgs/geographic_msgs/msg/geo_pose_with_covariance.hpp
[0.945s] -- Up-to-date symlink: /home/jose/TCC/install/geographic_msgs/include/geographic_msgs/geographic_msgs/msg/geo_pose_with_covariance_stamped.hpp
[0.945s] -- Up-to-date symlink: /home/jose/TCC/install/geographic_msgs/include/geographic_msgs/geographic_msgs/msg/geographic_map.hpp
[0.945s] -- Up-to-date symlink: /home/jose/TCC/install/geographic_msgs/include/geographic_msgs/geographic_msgs/msg/geographic_map_changes.hpp
[0.945s] -- Up-to-date symlink: /home/jose/TCC/install/geographic_msgs/include/geographic_msgs/geographic_msgs/msg/key_value.hpp
[0.945s] -- Up-to-date symlink: /home/jose/TCC/install/geographic_msgs/include/geographic_msgs/geographic_msgs/msg/map_feature.hpp
[0.945s] -- Up-to-date symlink: /home/jose/TCC/install/geographic_msgs/include/geographic_msgs/geographic_msgs/msg/rosidl_generator_cpp__visibility_control.hpp
[0.945s] -- Up-to-date symlink: /home/jose/TCC/install/geographic_msgs/include/geographic_msgs/geographic_msgs/msg/route_network.hpp
[0.945s] -- Up-to-date symlink: /home/jose/TCC/install/geographic_msgs/include/geographic_msgs/geographic_msgs/msg/route_path.hpp
[0.945s] -- Up-to-date symlink: /home/jose/TCC/install/geographic_msgs/include/geographic_msgs/geographic_msgs/msg/route_segment.hpp
[0.945s] -- Up-to-date symlink: /home/jose/TCC/install/geographic_msgs/include/geographic_msgs/geographic_msgs/msg/way_point.hpp
[0.945s] -- Up-to-date symlink: /home/jose/TCC/install/geographic_msgs/include/geographic_msgs/geographic_msgs/srv/detail/get_geo_path__builder.hpp
[0.945s] -- Up-to-date symlink: /home/jose/TCC/install/geographic_msgs/include/geographic_msgs/geographic_msgs/srv/detail/get_geo_path__struct.hpp
[0.945s] -- Up-to-date symlink: /home/jose/TCC/install/geographic_msgs/include/geographic_msgs/geographic_msgs/srv/detail/get_geo_path__traits.hpp
[0.945s] -- Up-to-date symlink: /home/jose/TCC/install/geographic_msgs/include/geographic_msgs/geographic_msgs/srv/detail/get_geo_path__type_support.hpp
[0.945s] -- Up-to-date symlink: /home/jose/TCC/install/geographic_msgs/include/geographic_msgs/geographic_msgs/srv/detail/get_geographic_map__builder.hpp
[0.945s] -- Up-to-date symlink: /home/jose/TCC/install/geographic_msgs/include/geographic_msgs/geographic_msgs/srv/detail/get_geographic_map__struct.hpp
[0.945s] -- Up-to-date symlink: /home/jose/TCC/install/geographic_msgs/include/geographic_msgs/geographic_msgs/srv/detail/get_geographic_map__traits.hpp
[0.946s] -- Up-to-date symlink: /home/jose/TCC/install/geographic_msgs/include/geographic_msgs/geographic_msgs/srv/detail/get_geographic_map__type_support.hpp
[0.946s] -- Up-to-date symlink: /home/jose/TCC/install/geographic_msgs/include/geographic_msgs/geographic_msgs/srv/detail/get_route_plan__builder.hpp
[0.946s] -- Up-to-date symlink: /home/jose/TCC/install/geographic_msgs/include/geographic_msgs/geographic_msgs/srv/detail/get_route_plan__struct.hpp
[0.946s] -- Up-to-date symlink: /home/jose/TCC/install/geographic_msgs/include/geographic_msgs/geographic_msgs/srv/detail/get_route_plan__traits.hpp
[0.946s] -- Up-to-date symlink: /home/jose/TCC/install/geographic_msgs/include/geographic_msgs/geographic_msgs/srv/detail/get_route_plan__type_support.hpp
[0.946s] -- Up-to-date symlink: /home/jose/TCC/install/geographic_msgs/include/geographic_msgs/geographic_msgs/srv/detail/update_geographic_map__builder.hpp
[0.946s] -- Up-to-date symlink: /home/jose/TCC/install/geographic_msgs/include/geographic_msgs/geographic_msgs/srv/detail/update_geographic_map__struct.hpp
[0.946s] -- Up-to-date symlink: /home/jose/TCC/install/geographic_msgs/include/geographic_msgs/geographic_msgs/srv/detail/update_geographic_map__traits.hpp
[0.946s] -- Up-to-date symlink: /home/jose/TCC/install/geographic_msgs/include/geographic_msgs/geographic_msgs/srv/detail/update_geographic_map__type_support.hpp
[0.946s] -- Up-to-date symlink: /home/jose/TCC/install/geographic_msgs/include/geographic_msgs/geographic_msgs/srv/get_geo_path.hpp
[0.946s] -- Up-to-date symlink: /home/jose/TCC/install/geographic_msgs/include/geographic_msgs/geographic_msgs/srv/get_geographic_map.hpp
[0.946s] -- Up-to-date symlink: /home/jose/TCC/install/geographic_msgs/include/geographic_msgs/geographic_msgs/srv/get_route_plan.hpp
[0.946s] -- Up-to-date symlink: /home/jose/TCC/install/geographic_msgs/include/geographic_msgs/geographic_msgs/srv/update_geographic_map.hpp
[0.946s] -- Up-to-date symlink: /home/jose/TCC/install/geographic_msgs/include/geographic_msgs/geographic_msgs/msg/detail/bounding_box__rosidl_typesupport_fastrtps_cpp.hpp
[0.946s] -- Up-to-date symlink: /home/jose/TCC/install/geographic_msgs/include/geographic_msgs/geographic_msgs/msg/detail/geo_path__rosidl_typesupport_fastrtps_cpp.hpp
[0.946s] -- Up-to-date symlink: /home/jose/TCC/install/geographic_msgs/include/geographic_msgs/geographic_msgs/msg/detail/geo_point__rosidl_typesupport_fastrtps_cpp.hpp
[0.946s] -- Up-to-date symlink: /home/jose/TCC/install/geographic_msgs/include/geographic_msgs/geographic_msgs/msg/detail/geo_point_stamped__rosidl_typesupport_fastrtps_cpp.hpp
[0.946s] -- Up-to-date symlink: /home/jose/TCC/install/geographic_msgs/include/geographic_msgs/geographic_msgs/msg/detail/geo_pose__rosidl_typesupport_fastrtps_cpp.hpp
[0.946s] -- Up-to-date symlink: /home/jose/TCC/install/geographic_msgs/include/geographic_msgs/geographic_msgs/msg/detail/geo_pose_stamped__rosidl_typesupport_fastrtps_cpp.hpp
[0.946s] -- Up-to-date symlink: /home/jose/TCC/install/geographic_msgs/include/geographic_msgs/geographic_msgs/msg/detail/geo_pose_with_covariance__rosidl_typesupport_fastrtps_cpp.hpp
[0.946s] -- Up-to-date symlink: /home/jose/TCC/install/geographic_msgs/include/geographic_msgs/geographic_msgs/msg/detail/geo_pose_with_covariance_stamped__rosidl_typesupport_fastrtps_cpp.hpp
[0.946s] -- Up-to-date symlink: /home/jose/TCC/install/geographic_msgs/include/geographic_msgs/geographic_msgs/msg/detail/geographic_map__rosidl_typesupport_fastrtps_cpp.hpp
[0.946s] -- Up-to-date symlink: /home/jose/TCC/install/geographic_msgs/include/geographic_msgs/geographic_msgs/msg/detail/geographic_map_changes__rosidl_typesupport_fastrtps_cpp.hpp
[0.947s] -- Up-to-date symlink: /home/jose/TCC/install/geographic_msgs/include/geographic_msgs/geographic_msgs/msg/detail/key_value__rosidl_typesupport_fastrtps_cpp.hpp
[0.947s] -- Up-to-date symlink: /home/jose/TCC/install/geographic_msgs/include/geographic_msgs/geographic_msgs/msg/detail/map_feature__rosidl_typesupport_fastrtps_cpp.hpp
[0.947s] -- Up-to-date symlink: /home/jose/TCC/install/geographic_msgs/include/geographic_msgs/geographic_msgs/msg/detail/route_network__rosidl_typesupport_fastrtps_cpp.hpp
[0.947s] -- Up-to-date symlink: /home/jose/TCC/install/geographic_msgs/include/geographic_msgs/geographic_msgs/msg/detail/route_path__rosidl_typesupport_fastrtps_cpp.hpp
[0.947s] -- Up-to-date symlink: /home/jose/TCC/install/geographic_msgs/include/geographic_msgs/geographic_msgs/msg/detail/route_segment__rosidl_typesupport_fastrtps_cpp.hpp
[0.947s] -- Up-to-date symlink: /home/jose/TCC/install/geographic_msgs/include/geographic_msgs/geographic_msgs/msg/detail/way_point__rosidl_typesupport_fastrtps_cpp.hpp
[0.947s] -- Up-to-date symlink: /home/jose/TCC/install/geographic_msgs/include/geographic_msgs/geographic_msgs/msg/rosidl_typesupport_fastrtps_cpp__visibility_control.h
[0.947s] -- Up-to-date symlink: /home/jose/TCC/install/geographic_msgs/include/geographic_msgs/geographic_msgs/srv/detail/get_geo_path__rosidl_typesupport_fastrtps_cpp.hpp
[0.947s] -- Up-to-date symlink: /home/jose/TCC/install/geographic_msgs/include/geographic_msgs/geographic_msgs/srv/detail/get_geographic_map__rosidl_typesupport_fastrtps_cpp.hpp
[0.947s] -- Up-to-date symlink: /home/jose/TCC/install/geographic_msgs/include/geographic_msgs/geographic_msgs/srv/detail/get_route_plan__rosidl_typesupport_fastrtps_cpp.hpp
[0.947s] -- Up-to-date symlink: /home/jose/TCC/install/geographic_msgs/include/geographic_msgs/geographic_msgs/srv/detail/update_geographic_map__rosidl_typesupport_fastrtps_cpp.hpp
[0.947s] -- Up-to-date symlink: /home/jose/TCC/install/geographic_msgs/include/geographic_msgs/geographic_msgs/msg/detail/bounding_box__rosidl_typesupport_introspection_c.h
[0.947s] -- Up-to-date symlink: /home/jose/TCC/install/geographic_msgs/include/geographic_msgs/geographic_msgs/msg/detail/geo_path__rosidl_typesupport_introspection_c.h
[0.947s] -- Up-to-date symlink: /home/jose/TCC/install/geographic_msgs/include/geographic_msgs/geographic_msgs/msg/detail/geo_point__rosidl_typesupport_introspection_c.h
[0.947s] -- Up-to-date symlink: /home/jose/TCC/install/geographic_msgs/include/geographic_msgs/geographic_msgs/msg/detail/geo_point_stamped__rosidl_typesupport_introspection_c.h
[0.947s] -- Up-to-date symlink: /home/jose/TCC/install/geographic_msgs/include/geographic_msgs/geographic_msgs/msg/detail/geo_pose__rosidl_typesupport_introspection_c.h
[0.947s] -- Up-to-date symlink: /home/jose/TCC/install/geographic_msgs/include/geographic_msgs/geographic_msgs/msg/detail/geo_pose_stamped__rosidl_typesupport_introspection_c.h
[0.947s] -- Up-to-date symlink: /home/jose/TCC/install/geographic_msgs/include/geographic_msgs/geographic_msgs/msg/detail/geo_pose_with_covariance__rosidl_typesupport_introspection_c.h
[0.947s] -- Up-to-date symlink: /home/jose/TCC/install/geographic_msgs/include/geographic_msgs/geographic_msgs/msg/detail/geo_pose_with_covariance_stamped__rosidl_typesupport_introspection_c.h
[0.947s] -- Up-to-date symlink: /home/jose/TCC/install/geographic_msgs/include/geographic_msgs/geographic_msgs/msg/detail/geographic_map__rosidl_typesupport_introspection_c.h
[0.947s] -- Up-to-date symlink: /home/jose/TCC/install/geographic_msgs/include/geographic_msgs/geographic_msgs/msg/detail/geographic_map_changes__rosidl_typesupport_introspection_c.h
[0.947s] -- Up-to-date symlink: /home/jose/TCC/install/geographic_msgs/include/geographic_msgs/geographic_msgs/msg/detail/key_value__rosidl_typesupport_introspection_c.h
[0.948s] -- Up-to-date symlink: /home/jose/TCC/install/geographic_msgs/include/geographic_msgs/geographic_msgs/msg/detail/map_feature__rosidl_typesupport_introspection_c.h
[0.948s] -- Up-to-date symlink: /home/jose/TCC/install/geographic_msgs/include/geographic_msgs/geographic_msgs/msg/detail/route_network__rosidl_typesupport_introspection_c.h
[0.948s] -- Up-to-date symlink: /home/jose/TCC/install/geographic_msgs/include/geographic_msgs/geographic_msgs/msg/detail/route_path__rosidl_typesupport_introspection_c.h
[0.948s] -- Up-to-date symlink: /home/jose/TCC/install/geographic_msgs/include/geographic_msgs/geographic_msgs/msg/detail/route_segment__rosidl_typesupport_introspection_c.h
[0.948s] -- Up-to-date symlink: /home/jose/TCC/install/geographic_msgs/include/geographic_msgs/geographic_msgs/msg/detail/way_point__rosidl_typesupport_introspection_c.h
[0.948s] -- Up-to-date symlink: /home/jose/TCC/install/geographic_msgs/include/geographic_msgs/geographic_msgs/msg/rosidl_typesupport_introspection_c__visibility_control.h
[0.948s] -- Up-to-date symlink: /home/jose/TCC/install/geographic_msgs/include/geographic_msgs/geographic_msgs/srv/detail/get_geo_path__rosidl_typesupport_introspection_c.h
[0.948s] -- Up-to-date symlink: /home/jose/TCC/install/geographic_msgs/include/geographic_msgs/geographic_msgs/srv/detail/get_geographic_map__rosidl_typesupport_introspection_c.h
[0.948s] -- Up-to-date symlink: /home/jose/TCC/install/geographic_msgs/include/geographic_msgs/geographic_msgs/srv/detail/get_route_plan__rosidl_typesupport_introspection_c.h
[0.948s] -- Up-to-date symlink: /home/jose/TCC/install/geographic_msgs/include/geographic_msgs/geographic_msgs/srv/detail/update_geographic_map__rosidl_typesupport_introspection_c.h
[0.948s] -- Up-to-date symlink: /home/jose/TCC/install/geographic_msgs/include/geographic_msgs/geographic_msgs/msg/detail/bounding_box__rosidl_typesupport_introspection_cpp.hpp
[0.948s] -- Up-to-date symlink: /home/jose/TCC/install/geographic_msgs/include/geographic_msgs/geographic_msgs/msg/detail/geo_path__rosidl_typesupport_introspection_cpp.hpp
[0.948s] -- Up-to-date symlink: /home/jose/TCC/install/geographic_msgs/include/geographic_msgs/geographic_msgs/msg/detail/geo_point__rosidl_typesupport_introspection_cpp.hpp
[0.948s] -- Up-to-date symlink: /home/jose/TCC/install/geographic_msgs/include/geographic_msgs/geographic_msgs/msg/detail/geo_point_stamped__rosidl_typesupport_introspection_cpp.hpp
[0.948s] -- Up-to-date symlink: /home/jose/TCC/install/geographic_msgs/include/geographic_msgs/geographic_msgs/msg/detail/geo_pose__rosidl_typesupport_introspection_cpp.hpp
[0.948s] -- Up-to-date symlink: /home/jose/TCC/install/geographic_msgs/include/geographic_msgs/geographic_msgs/msg/detail/geo_pose_stamped__rosidl_typesupport_introspection_cpp.hpp
[0.948s] -- Up-to-date symlink: /home/jose/TCC/install/geographic_msgs/include/geographic_msgs/geographic_msgs/msg/detail/geo_pose_with_covariance__rosidl_typesupport_introspection_cpp.hpp
[0.948s] -- Up-to-date symlink: /home/jose/TCC/install/geographic_msgs/include/geographic_msgs/geographic_msgs/msg/detail/geo_pose_with_covariance_stamped__rosidl_typesupport_introspection_cpp.hpp
[0.948s] -- Up-to-date symlink: /home/jose/TCC/install/geographic_msgs/include/geographic_msgs/geographic_msgs/msg/detail/geographic_map__rosidl_typesupport_introspection_cpp.hpp
[0.948s] -- Up-to-date symlink: /home/jose/TCC/install/geographic_msgs/include/geographic_msgs/geographic_msgs/msg/detail/geographic_map_changes__rosidl_typesupport_introspection_cpp.hpp
[0.948s] -- Up-to-date symlink: /home/jose/TCC/install/geographic_msgs/include/geographic_msgs/geographic_msgs/msg/detail/key_value__rosidl_typesupport_introspection_cpp.hpp
[0.949s] -- Up-to-date symlink: /home/jose/TCC/install/geographic_msgs/include/geographic_msgs/geographic_msgs/msg/detail/map_feature__rosidl_typesupport_introspection_cpp.hpp
[0.949s] -- Up-to-date symlink: /home/jose/TCC/install/geographic_msgs/include/geographic_msgs/geographic_msgs/msg/detail/route_network__rosidl_typesupport_introspection_cpp.hpp
[0.949s] -- Up-to-date symlink: /home/jose/TCC/install/geographic_msgs/include/geographic_msgs/geographic_msgs/msg/detail/route_path__rosidl_typesupport_introspection_cpp.hpp
[0.949s] -- Up-to-date symlink: /home/jose/TCC/install/geographic_msgs/include/geographic_msgs/geographic_msgs/msg/detail/route_segment__rosidl_typesupport_introspection_cpp.hpp
[0.949s] -- Up-to-date symlink: /home/jose/TCC/install/geographic_msgs/include/geographic_msgs/geographic_msgs/msg/detail/way_point__rosidl_typesupport_introspection_cpp.hpp
[0.949s] -- Up-to-date symlink: /home/jose/TCC/install/geographic_msgs/include/geographic_msgs/geographic_msgs/srv/detail/get_geo_path__rosidl_typesupport_introspection_cpp.hpp
[0.949s] -- Up-to-date symlink: /home/jose/TCC/install/geographic_msgs/include/geographic_msgs/geographic_msgs/srv/detail/get_geographic_map__rosidl_typesupport_introspection_cpp.hpp
[0.949s] -- Up-to-date symlink: /home/jose/TCC/install/geographic_msgs/include/geographic_msgs/geographic_msgs/srv/detail/get_route_plan__rosidl_typesupport_introspection_cpp.hpp
[0.949s] -- Up-to-date symlink: /home/jose/TCC/install/geographic_msgs/include/geographic_msgs/geographic_msgs/srv/detail/update_geographic_map__rosidl_typesupport_introspection_cpp.hpp
[0.949s] -- Up-to-date symlink: /home/jose/TCC/install/geographic_msgs/share/geographic_msgs/environment/pythonpath.sh
[0.949s] -- Up-to-date symlink: /home/jose/TCC/install/geographic_msgs/share/geographic_msgs/environment/pythonpath.dsv
[0.950s] -- Up-to-date symlink: /home/jose/TCC/install/geographic_msgs/local/lib/python3.10/dist-packages/geographic_msgs-1.0.6-py3.10.egg-info/PKG-INFO
[0.950s] -- Up-to-date symlink: /home/jose/TCC/install/geographic_msgs/local/lib/python3.10/dist-packages/geographic_msgs-1.0.6-py3.10.egg-info/SOURCES.txt
[0.950s] -- Up-to-date symlink: /home/jose/TCC/install/geographic_msgs/local/lib/python3.10/dist-packages/geographic_msgs-1.0.6-py3.10.egg-info/dependency_links.txt
[0.950s] -- Up-to-date symlink: /home/jose/TCC/install/geographic_msgs/local/lib/python3.10/dist-packages/geographic_msgs-1.0.6-py3.10.egg-info/top_level.txt
[0.951s] -- Up-to-date symlink: /home/jose/TCC/install/geographic_msgs/local/lib/python3.10/dist-packages/geographic_msgs/__init__.py
[0.951s] -- Up-to-date symlink: /home/jose/TCC/install/geographic_msgs/local/lib/python3.10/dist-packages/geographic_msgs/_geographic_msgs_s.ep.rosidl_typesupport_c.c
[0.951s] -- Up-to-date symlink: /home/jose/TCC/install/geographic_msgs/local/lib/python3.10/dist-packages/geographic_msgs/_geographic_msgs_s.ep.rosidl_typesupport_fastrtps_c.c
[0.951s] -- Up-to-date symlink: /home/jose/TCC/install/geographic_msgs/local/lib/python3.10/dist-packages/geographic_msgs/_geographic_msgs_s.ep.rosidl_typesupport_introspection_c.c
[0.951s] -- Up-to-date symlink: /home/jose/TCC/install/geographic_msgs/local/lib/python3.10/dist-packages/geographic_msgs/geographic_msgs_s__rosidl_typesupport_c.cpython-310-x86_64-linux-gnu.so
[0.951s] -- Up-to-date symlink: /home/jose/TCC/install/geographic_msgs/local/lib/python3.10/dist-packages/geographic_msgs/geographic_msgs_s__rosidl_typesupport_fastrtps_c.cpython-310-x86_64-linux-gnu.so
[0.951s] -- Up-to-date symlink: /home/jose/TCC/install/geographic_msgs/local/lib/python3.10/dist-packages/geographic_msgs/geographic_msgs_s__rosidl_typesupport_introspection_c.cpython-310-x86_64-linux-gnu.so
[0.951s] -- Up-to-date symlink: /home/jose/TCC/install/geographic_msgs/local/lib/python3.10/dist-packages/geographic_msgs/libgeographic_msgs__rosidl_generator_py.so
[0.951s] -- Up-to-date symlink: /home/jose/TCC/install/geographic_msgs/local/lib/python3.10/dist-packages/geographic_msgs/msg/__init__.py
[0.951s] -- Up-to-date symlink: /home/jose/TCC/install/geographic_msgs/local/lib/python3.10/dist-packages/geographic_msgs/msg/_bounding_box.py
[0.952s] -- Up-to-date symlink: /home/jose/TCC/install/geographic_msgs/local/lib/python3.10/dist-packages/geographic_msgs/msg/_bounding_box_s.c
[0.952s] -- Up-to-date symlink: /home/jose/TCC/install/geographic_msgs/local/lib/python3.10/dist-packages/geographic_msgs/msg/_geo_path.py
[0.952s] -- Up-to-date symlink: /home/jose/TCC/install/geographic_msgs/local/lib/python3.10/dist-packages/geographic_msgs/msg/_geo_path_s.c
[0.952s] -- Up-to-date symlink: /home/jose/TCC/install/geographic_msgs/local/lib/python3.10/dist-packages/geographic_msgs/msg/_geo_point.py
[0.952s] -- Up-to-date symlink: /home/jose/TCC/install/geographic_msgs/local/lib/python3.10/dist-packages/geographic_msgs/msg/_geo_point_s.c
[0.952s] -- Up-to-date symlink: /home/jose/TCC/install/geographic_msgs/local/lib/python3.10/dist-packages/geographic_msgs/msg/_geo_point_stamped.py
[0.952s] -- Up-to-date symlink: /home/jose/TCC/install/geographic_msgs/local/lib/python3.10/dist-packages/geographic_msgs/msg/_geo_point_stamped_s.c
[0.952s] -- Up-to-date symlink: /home/jose/TCC/install/geographic_msgs/local/lib/python3.10/dist-packages/geographic_msgs/msg/_geo_pose.py
[0.952s] -- Up-to-date symlink: /home/jose/TCC/install/geographic_msgs/local/lib/python3.10/dist-packages/geographic_msgs/msg/_geo_pose_s.c
[0.952s] -- Up-to-date symlink: /home/jose/TCC/install/geographic_msgs/local/lib/python3.10/dist-packages/geographic_msgs/msg/_geo_pose_stamped.py
[0.952s] -- Up-to-date symlink: /home/jose/TCC/install/geographic_msgs/local/lib/python3.10/dist-packages/geographic_msgs/msg/_geo_pose_stamped_s.c
[0.952s] -- Up-to-date symlink: /home/jose/TCC/install/geographic_msgs/local/lib/python3.10/dist-packages/geographic_msgs/msg/_geo_pose_with_covariance.py
[0.952s] -- Up-to-date symlink: /home/jose/TCC/install/geographic_msgs/local/lib/python3.10/dist-packages/geographic_msgs/msg/_geo_pose_with_covariance_s.c
[0.953s] -- Up-to-date symlink: /home/jose/TCC/install/geographic_msgs/local/lib/python3.10/dist-packages/geographic_msgs/msg/_geo_pose_with_covariance_stamped.py
[0.953s] -- Up-to-date symlink: /home/jose/TCC/install/geographic_msgs/local/lib/python3.10/dist-packages/geographic_msgs/msg/_geo_pose_with_covariance_stamped_s.c
[0.953s] -- Up-to-date symlink: /home/jose/TCC/install/geographic_msgs/local/lib/python3.10/dist-packages/geographic_msgs/msg/_geographic_map.py
[0.953s] -- Up-to-date symlink: /home/jose/TCC/install/geographic_msgs/local/lib/python3.10/dist-packages/geographic_msgs/msg/_geographic_map_changes.py
[0.953s] -- Up-to-date symlink: /home/jose/TCC/install/geographic_msgs/local/lib/python3.10/dist-packages/geographic_msgs/msg/_geographic_map_changes_s.c
[0.953s] -- Up-to-date symlink: /home/jose/TCC/install/geographic_msgs/local/lib/python3.10/dist-packages/geographic_msgs/msg/_geographic_map_s.c
[0.953s] -- Up-to-date symlink: /home/jose/TCC/install/geographic_msgs/local/lib/python3.10/dist-packages/geographic_msgs/msg/_key_value.py
[0.953s] -- Up-to-date symlink: /home/jose/TCC/install/geographic_msgs/local/lib/python3.10/dist-packages/geographic_msgs/msg/_key_value_s.c
[0.953s] -- Up-to-date symlink: /home/jose/TCC/install/geographic_msgs/local/lib/python3.10/dist-packages/geographic_msgs/msg/_map_feature.py
[0.953s] -- Up-to-date symlink: /home/jose/TCC/install/geographic_msgs/local/lib/python3.10/dist-packages/geographic_msgs/msg/_map_feature_s.c
[0.953s] -- Up-to-date symlink: /home/jose/TCC/install/geographic_msgs/local/lib/python3.10/dist-packages/geographic_msgs/msg/_route_network.py
[0.953s] -- Up-to-date symlink: /home/jose/TCC/install/geographic_msgs/local/lib/python3.10/dist-packages/geographic_msgs/msg/_route_network_s.c
[0.953s] -- Up-to-date symlink: /home/jose/TCC/install/geographic_msgs/local/lib/python3.10/dist-packages/geographic_msgs/msg/_route_path.py
[0.953s] -- Up-to-date symlink: /home/jose/TCC/install/geographic_msgs/local/lib/python3.10/dist-packages/geographic_msgs/msg/_route_path_s.c
[0.954s] -- Up-to-date symlink: /home/jose/TCC/install/geographic_msgs/local/lib/python3.10/dist-packages/geographic_msgs/msg/_route_segment.py
[0.954s] -- Up-to-date symlink: /home/jose/TCC/install/geographic_msgs/local/lib/python3.10/dist-packages/geographic_msgs/msg/_route_segment_s.c
[0.954s] -- Up-to-date symlink: /home/jose/TCC/install/geographic_msgs/local/lib/python3.10/dist-packages/geographic_msgs/msg/_way_point.py
[0.954s] -- Up-to-date symlink: /home/jose/TCC/install/geographic_msgs/local/lib/python3.10/dist-packages/geographic_msgs/msg/_way_point_s.c
[0.954s] -- Up-to-date symlink: /home/jose/TCC/install/geographic_msgs/local/lib/python3.10/dist-packages/geographic_msgs/srv/__init__.py
[0.954s] -- Up-to-date symlink: /home/jose/TCC/install/geographic_msgs/local/lib/python3.10/dist-packages/geographic_msgs/srv/_get_geo_path.py
[0.954s] -- Up-to-date symlink: /home/jose/TCC/install/geographic_msgs/local/lib/python3.10/dist-packages/geographic_msgs/srv/_get_geo_path_s.c
[0.954s] -- Up-to-date symlink: /home/jose/TCC/install/geographic_msgs/local/lib/python3.10/dist-packages/geographic_msgs/srv/_get_geographic_map.py
[0.954s] -- Up-to-date symlink: /home/jose/TCC/install/geographic_msgs/local/lib/python3.10/dist-packages/geographic_msgs/srv/_get_geographic_map_s.c
[0.954s] -- Up-to-date symlink: /home/jose/TCC/install/geographic_msgs/local/lib/python3.10/dist-packages/geographic_msgs/srv/_get_route_plan.py
[0.954s] -- Up-to-date symlink: /home/jose/TCC/install/geographic_msgs/local/lib/python3.10/dist-packages/geographic_msgs/srv/_get_route_plan_s.c
[0.954s] -- Up-to-date symlink: /home/jose/TCC/install/geographic_msgs/local/lib/python3.10/dist-packages/geographic_msgs/srv/_update_geographic_map.py
[0.955s] -- Up-to-date symlink: /home/jose/TCC/install/geographic_msgs/local/lib/python3.10/dist-packages/geographic_msgs/srv/_update_geographic_map_s.c
[0.955s] -- Up-to-date symlink: /home/jose/TCC/install/geographic_msgs/local/lib/python3.10/dist-packages/geographic_msgs/geographic_msgs_s__rosidl_typesupport_introspection_c.cpython-310-x86_64-linux-gnu.so
[0.955s] -- Up-to-date symlink: /home/jose/TCC/install/geographic_msgs/local/lib/python3.10/dist-packages/geographic_msgs/geographic_msgs_s__rosidl_typesupport_fastrtps_c.cpython-310-x86_64-linux-gnu.so
[0.955s] -- Up-to-date symlink: /home/jose/TCC/install/geographic_msgs/local/lib/python3.10/dist-packages/geographic_msgs/geographic_msgs_s__rosidl_typesupport_c.cpython-310-x86_64-linux-gnu.so
[0.955s] -- Up-to-date symlink: /home/jose/TCC/install/geographic_msgs/share/geographic_msgs/msg/BoundingBox.idl
[0.955s] -- Up-to-date symlink: /home/jose/TCC/install/geographic_msgs/share/geographic_msgs/msg/GeographicMapChanges.idl
[0.956s] -- Up-to-date symlink: /home/jose/TCC/install/geographic_msgs/share/geographic_msgs/msg/GeographicMap.idl
[0.956s] -- Up-to-date symlink: /home/jose/TCC/install/geographic_msgs/share/geographic_msgs/msg/GeoPath.idl
[0.956s] -- Up-to-date symlink: /home/jose/TCC/install/geographic_msgs/share/geographic_msgs/msg/GeoPoint.idl
[0.956s] -- Up-to-date symlink: /home/jose/TCC/install/geographic_msgs/share/geographic_msgs/msg/GeoPointStamped.idl
[0.956s] -- Up-to-date symlink: /home/jose/TCC/install/geographic_msgs/share/geographic_msgs/msg/GeoPose.idl
[0.956s] -- Up-to-date symlink: /home/jose/TCC/install/geographic_msgs/share/geographic_msgs/msg/GeoPoseStamped.idl
[0.956s] -- Up-to-date symlink: /home/jose/TCC/install/geographic_msgs/share/geographic_msgs/msg/GeoPoseWithCovariance.idl
[0.956s] -- Up-to-date symlink: /home/jose/TCC/install/geographic_msgs/share/geographic_msgs/msg/GeoPoseWithCovarianceStamped.idl
[0.957s] -- Up-to-date symlink: /home/jose/TCC/install/geographic_msgs/share/geographic_msgs/msg/KeyValue.idl
[0.957s] -- Up-to-date symlink: /home/jose/TCC/install/geographic_msgs/share/geographic_msgs/msg/MapFeature.idl
[0.957s] -- Up-to-date symlink: /home/jose/TCC/install/geographic_msgs/share/geographic_msgs/msg/RouteNetwork.idl
[0.957s] -- Up-to-date symlink: /home/jose/TCC/install/geographic_msgs/share/geographic_msgs/msg/RoutePath.idl
[0.957s] -- Up-to-date symlink: /home/jose/TCC/install/geographic_msgs/share/geographic_msgs/msg/RouteSegment.idl
[0.957s] -- Up-to-date symlink: /home/jose/TCC/install/geographic_msgs/share/geographic_msgs/msg/WayPoint.idl
[0.957s] -- Up-to-date symlink: /home/jose/TCC/install/geographic_msgs/share/geographic_msgs/srv/GetGeographicMap.idl
[0.957s] -- Up-to-date symlink: /home/jose/TCC/install/geographic_msgs/share/geographic_msgs/srv/GetGeoPath.idl
[0.957s] -- Up-to-date symlink: /home/jose/TCC/install/geographic_msgs/share/geographic_msgs/srv/GetRoutePlan.idl
[0.957s] -- Up-to-date symlink: /home/jose/TCC/install/geographic_msgs/share/geographic_msgs/srv/UpdateGeographicMap.idl
[0.957s] -- Up-to-date symlink: /home/jose/TCC/install/geographic_msgs/share/geographic_msgs/msg/BoundingBox.msg
[0.957s] -- Up-to-date symlink: /home/jose/TCC/install/geographic_msgs/share/geographic_msgs/msg/GeographicMapChanges.msg
[0.957s] -- Up-to-date symlink: /home/jose/TCC/install/geographic_msgs/share/geographic_msgs/msg/GeographicMap.msg
[0.957s] -- Up-to-date symlink: /home/jose/TCC/install/geographic_msgs/share/geographic_msgs/msg/GeoPath.msg
[0.957s] -- Up-to-date symlink: /home/jose/TCC/install/geographic_msgs/share/geographic_msgs/msg/GeoPoint.msg
[0.957s] -- Up-to-date symlink: /home/jose/TCC/install/geographic_msgs/share/geographic_msgs/msg/GeoPointStamped.msg
[0.958s] -- Up-to-date symlink: /home/jose/TCC/install/geographic_msgs/share/geographic_msgs/msg/GeoPose.msg
[0.958s] -- Up-to-date symlink: /home/jose/TCC/install/geographic_msgs/share/geographic_msgs/msg/GeoPoseStamped.msg
[0.958s] -- Up-to-date symlink: /home/jose/TCC/install/geographic_msgs/share/geographic_msgs/msg/GeoPoseWithCovariance.msg
[0.958s] -- Up-to-date symlink: /home/jose/TCC/install/geographic_msgs/share/geographic_msgs/msg/GeoPoseWithCovarianceStamped.msg
[0.958s] -- Up-to-date symlink: /home/jose/TCC/install/geographic_msgs/share/geographic_msgs/msg/KeyValue.msg
[0.958s] -- Up-to-date symlink: /home/jose/TCC/install/geographic_msgs/share/geographic_msgs/msg/MapFeature.msg
[0.958s] -- Up-to-date symlink: /home/jose/TCC/install/geographic_msgs/share/geographic_msgs/msg/RouteNetwork.msg
[0.958s] -- Up-to-date symlink: /home/jose/TCC/install/geographic_msgs/share/geographic_msgs/msg/RoutePath.msg
[0.958s] -- Up-to-date symlink: /home/jose/TCC/install/geographic_msgs/share/geographic_msgs/msg/RouteSegment.msg
[0.958s] -- Up-to-date symlink: /home/jose/TCC/install/geographic_msgs/share/geographic_msgs/msg/WayPoint.msg
[0.959s] -- Up-to-date symlink: /home/jose/TCC/install/geographic_msgs/share/geographic_msgs/srv/GetGeographicMap.srv
[0.959s] -- Up-to-date symlink: /home/jose/TCC/install/geographic_msgs/share/geographic_msgs/srv/GetGeographicMap_Request.msg
[0.959s] -- Up-to-date symlink: /home/jose/TCC/install/geographic_msgs/share/geographic_msgs/srv/GetGeographicMap_Response.msg
[0.959s] -- Up-to-date symlink: /home/jose/TCC/install/geographic_msgs/share/geographic_msgs/srv/GetGeoPath.srv
[0.959s] -- Up-to-date symlink: /home/jose/TCC/install/geographic_msgs/share/geographic_msgs/srv/GetGeoPath_Request.msg
[0.959s] -- Up-to-date symlink: /home/jose/TCC/install/geographic_msgs/share/geographic_msgs/srv/GetGeoPath_Response.msg
[0.959s] -- Up-to-date symlink: /home/jose/TCC/install/geographic_msgs/share/geographic_msgs/srv/GetRoutePlan.srv
[0.959s] -- Up-to-date symlink: /home/jose/TCC/install/geographic_msgs/share/geographic_msgs/srv/GetRoutePlan_Request.msg
[0.959s] -- Up-to-date symlink: /home/jose/TCC/install/geographic_msgs/share/geographic_msgs/srv/GetRoutePlan_Response.msg
[0.959s] -- Up-to-date symlink: /home/jose/TCC/install/geographic_msgs/share/geographic_msgs/srv/UpdateGeographicMap.srv
[0.960s] -- Up-to-date symlink: /home/jose/TCC/install/geographic_msgs/share/geographic_msgs/srv/UpdateGeographicMap_Request.msg
[0.960s] -- Up-to-date symlink: /home/jose/TCC/install/geographic_msgs/share/geographic_msgs/srv/UpdateGeographicMap_Response.msg
[0.960s] -- Up-to-date symlink: /home/jose/TCC/install/geographic_msgs/share/geographic_msgs/geographic_msgs_mapping_rule.yaml
[0.960s] -- Up-to-date symlink: /home/jose/TCC/install/geographic_msgs/share/ament_index/resource_index/package_run_dependencies/geographic_msgs
[0.960s] -- Up-to-date symlink: /home/jose/TCC/install/geographic_msgs/share/ament_index/resource_index/parent_prefix_path/geographic_msgs
[0.960s] -- Up-to-date symlink: /home/jose/TCC/install/geographic_msgs/share/geographic_msgs/environment/ament_prefix_path.sh
[0.960s] -- Up-to-date symlink: /home/jose/TCC/install/geographic_msgs/share/geographic_msgs/environment/ament_prefix_path.dsv
[0.960s] -- Up-to-date symlink: /home/jose/TCC/install/geographic_msgs/share/geographic_msgs/environment/path.sh
[0.961s] -- Up-to-date symlink: /home/jose/TCC/install/geographic_msgs/share/geographic_msgs/environment/path.dsv
[0.961s] -- Up-to-date symlink: /home/jose/TCC/install/geographic_msgs/share/geographic_msgs/local_setup.bash
[0.961s] -- Up-to-date symlink: /home/jose/TCC/install/geographic_msgs/share/geographic_msgs/local_setup.sh
[0.961s] -- Up-to-date symlink: /home/jose/TCC/install/geographic_msgs/share/geographic_msgs/local_setup.zsh
[0.961s] -- Up-to-date symlink: /home/jose/TCC/install/geographic_msgs/share/geographic_msgs/local_setup.dsv
[0.961s] -- Symlinking: /home/jose/TCC/install/geographic_msgs/share/geographic_msgs/package.dsv
[0.979s] -- Up-to-date symlink: /home/jose/TCC/install/geographic_msgs/share/ament_index/resource_index/packages/geographic_msgs
[0.979s] -- Up-to-date symlink: /home/jose/TCC/install/geographic_msgs/share/geographic_msgs/cmake/rosidl_cmake-extras.cmake
[0.979s] -- Up-to-date symlink: /home/jose/TCC/install/geographic_msgs/share/geographic_msgs/cmake/ament_cmake_export_dependencies-extras.cmake
[0.980s] -- Up-to-date symlink: /home/jose/TCC/install/geographic_msgs/share/geographic_msgs/cmake/ament_cmake_export_include_directories-extras.cmake
[0.980s] -- Up-to-date symlink: /home/jose/TCC/install/geographic_msgs/share/geographic_msgs/cmake/ament_cmake_export_libraries-extras.cmake
[0.980s] -- Up-to-date symlink: /home/jose/TCC/install/geographic_msgs/share/geographic_msgs/cmake/ament_cmake_export_targets-extras.cmake
[0.980s] -- Up-to-date symlink: /home/jose/TCC/install/geographic_msgs/share/geographic_msgs/cmake/rosidl_cmake_export_typesupport_targets-extras.cmake
[0.980s] -- Up-to-date symlink: /home/jose/TCC/install/geographic_msgs/share/geographic_msgs/cmake/rosidl_cmake_export_typesupport_libraries-extras.cmake
[0.980s] -- Up-to-date symlink: /home/jose/TCC/install/geographic_msgs/share/geographic_msgs/cmake/geographic_msgsConfig.cmake
[0.980s] -- Up-to-date symlink: /home/jose/TCC/install/geographic_msgs/share/geographic_msgs/cmake/geographic_msgsConfig-version.cmake
[0.980s] -- Up-to-date symlink: /home/jose/TCC/install/geographic_msgs/share/geographic_msgs/package.xml
[0.980s] -- Up-to-date: /home/jose/TCC/install/geographic_msgs/lib/libgeographic_msgs__rosidl_generator_c.so
[0.981s] -- Up-to-date: /home/jose/TCC/install/geographic_msgs/lib/libgeographic_msgs__rosidl_typesupport_fastrtps_c.so
[0.981s] -- Up-to-date: /home/jose/TCC/install/geographic_msgs/lib/libgeographic_msgs__rosidl_typesupport_fastrtps_cpp.so
[0.981s] -- Up-to-date: /home/jose/TCC/install/geographic_msgs/lib/libgeographic_msgs__rosidl_typesupport_introspection_c.so
[0.981s] -- Up-to-date: /home/jose/TCC/install/geographic_msgs/lib/libgeographic_msgs__rosidl_typesupport_c.so
[0.981s] -- Up-to-date: /home/jose/TCC/install/geographic_msgs/lib/libgeographic_msgs__rosidl_typesupport_introspection_cpp.so
[0.982s] -- Up-to-date: /home/jose/TCC/install/geographic_msgs/lib/libgeographic_msgs__rosidl_typesupport_cpp.so
[1.092s] Listing '/home/jose/TCC/install/geographic_msgs/local/lib/python3.10/dist-packages/geographic_msgs'...
[1.092s] Listing '/home/jose/TCC/install/geographic_msgs/local/lib/python3.10/dist-packages/geographic_msgs/msg'...
[1.092s] Listing '/home/jose/TCC/install/geographic_msgs/local/lib/python3.10/dist-packages/geographic_msgs/srv'...
[1.095s] -- Up-to-date: /home/jose/TCC/install/geographic_msgs/lib/libgeographic_msgs__rosidl_generator_py.so
[1.096s] -- Up-to-date: /home/jose/TCC/install/geographic_msgs/include/geographic_msgs
[1.096s] -- Up-to-date: /home/jose/TCC/install/geographic_msgs/include/geographic_msgs/geographic_msgs
[1.096s] -- Up-to-date: /home/jose/TCC/install/geographic_msgs/include/geographic_msgs/geographic_msgs/validation.hpp
[1.096s] -- Up-to-date: /home/jose/TCC/install/geographic_msgs/share/geographic_msgs/cmake/export_geographic_msgs__rosidl_generator_cExport.cmake
[1.096s] -- Up-to-date: /home/jose/TCC/install/geographic_msgs/share/geographic_msgs/cmake/export_geographic_msgs__rosidl_generator_cExport-noconfig.cmake
[1.096s] -- Up-to-date: /home/jose/TCC/install/geographic_msgs/share/geographic_msgs/cmake/export_geographic_msgs__rosidl_typesupport_fastrtps_cExport.cmake
[1.096s] -- Up-to-date: /home/jose/TCC/install/geographic_msgs/share/geographic_msgs/cmake/export_geographic_msgs__rosidl_typesupport_fastrtps_cExport-noconfig.cmake
[1.096s] -- Up-to-date: /home/jose/TCC/install/geographic_msgs/share/geographic_msgs/cmake/export_geographic_msgs__rosidl_generator_cppExport.cmake
[1.096s] -- Up-to-date: /home/jose/TCC/install/geographic_msgs/share/geographic_msgs/cmake/export_geographic_msgs__rosidl_typesupport_fastrtps_cppExport.cmake
[1.096s] -- Up-to-date: /home/jose/TCC/install/geographic_msgs/share/geographic_msgs/cmake/export_geographic_msgs__rosidl_typesupport_fastrtps_cppExport-noconfig.cmake
[1.097s] -- Up-to-date: /home/jose/TCC/install/geographic_msgs/share/geographic_msgs/cmake/geographic_msgs__rosidl_typesupport_introspection_cExport.cmake
[1.097s] -- Up-to-date: /home/jose/TCC/install/geographic_msgs/share/geographic_msgs/cmake/geographic_msgs__rosidl_typesupport_introspection_cExport-noconfig.cmake
[1.097s] -- Up-to-date: /home/jose/TCC/install/geographic_msgs/share/geographic_msgs/cmake/geographic_msgs__rosidl_typesupport_cExport.cmake
[1.097s] -- Up-to-date: /home/jose/TCC/install/geographic_msgs/share/geographic_msgs/cmake/geographic_msgs__rosidl_typesupport_cExport-noconfig.cmake
[1.097s] -- Up-to-date: /home/jose/TCC/install/geographic_msgs/share/geographic_msgs/cmake/geographic_msgs__rosidl_typesupport_introspection_cppExport.cmake
[1.097s] -- Up-to-date: /home/jose/TCC/install/geographic_msgs/share/geographic_msgs/cmake/geographic_msgs__rosidl_typesupport_introspection_cppExport-noconfig.cmake
[1.097s] -- Up-to-date: /home/jose/TCC/install/geographic_msgs/share/geographic_msgs/cmake/geographic_msgs__rosidl_typesupport_cppExport.cmake
[1.097s] -- Up-to-date: /home/jose/TCC/install/geographic_msgs/share/geographic_msgs/cmake/geographic_msgs__rosidl_typesupport_cppExport-noconfig.cmake
[1.097s] -- Up-to-date: /home/jose/TCC/install/geographic_msgs/share/geographic_msgs/cmake/export_geographic_msgs__rosidl_generator_pyExport.cmake
[1.097s] -- Up-to-date: /home/jose/TCC/install/geographic_msgs/share/geographic_msgs/cmake/export_geographic_msgs__rosidl_generator_pyExport-noconfig.cmake
[1.097s] -- Up-to-date: /home/jose/TCC/install/geographic_msgs/share/geographic_msgs/cmake/export_geographic_msgsExport.cmake
[1.099s] Invoked command in '/home/jose/TCC/build/geographic_msgs' returned '0': CMAKE_PREFIX_PATH=${CMAKE_PREFIX_PATH}:/home/jose/TCC/install/windwind_description:/home/jose/TCC/install/wind_turbine:/home/jose/ros2_humble/install/rqt_bag_plugins:/home/jose/ros2_humble/install/rqt_bag:/home/jose/ros2_humble/install/launch_testing_examples:/home/jose/ros2_humble/install/ros2bag:/home/jose/ros2_humble/install/tracetools_test:/home/jose/ros2_humble/install/tracetools_launch:/home/jose/ros2_humble/install/topic_monitor:/home/jose/ros2_humble/install/tf2_tools:/home/jose/ros2_humble/install/examples_tf2_py:/home/jose/ros2_humble/install/tf2_ros_py:/home/jose/ros2_humble/install/sros2:/home/jose/ros2_humble/install/rqt_topic:/home/jose/ros2_humble/install/rqt_srv:/home/jose/ros2_humble/install/rqt_shell:/home/jose/ros2_humble/install/rqt_service_caller:/home/jose/ros2_humble/install/rqt_reconfigure:/home/jose/ros2_humble/install/rqt_py_console:/home/jose/ros2_humble/install/rqt_publisher:/home/jose/ros2_humble/install/rqt_plot:/home/jose/ros2_humble/install/rqt_action:/home/jose/ros2_humble/install/rqt_msg:/home/jose/ros2_humble/install/rqt_console:/home/jose/ros2_humble/install/rqt:/home/jose/ros2_humble/install/rqt_graph:/home/jose/ros2_humble/install/rqt_gui_py:/home/jose/ros2_humble/install/rqt_gui:/home/jose/ros2_humble/install/ros2trace:/home/jose/ros2_humble/install/ros2topic:/home/jose/ros2_humble/install/ros2test:/home/jose/ros2_humble/install/ros2component:/home/jose/ros2_humble/install/ros2param:/home/jose/ros2_humble/install/ros2lifecycle:/home/jose/ros2_humble/install/ros2service:/home/jose/ros2_humble/install/ros2run:/home/jose/ros2_humble/install/ros2launch:/home/jose/ros2_humble/install/ros2pkg:/home/jose/ros2_humble/install/ros2node:/home/jose/ros2_humble/install/ros2multicast:/home/jose/ros2_humble/install/ros2interface:/home/jose/ros2_humble/install/ros2doctor:/home/jose/ros2_humble/install/ros2action:/home/jose/ros2_humble/install/ros2cli:/home/jose/ros2_humble/install/quality_of_service_demo_py:/home/jose/ros2_humble/install/lifecycle_py:/home/jose/ros2_humble/install/launch_testing_ros:/home/jose/ros2_humble/install/launch_ros:/home/jose/ros2_humble/install/examples_rclpy_pointcloud_publisher:/home/jose/ros2_humble/install/examples_rclpy_minimal_subscriber:/home/jose/ros2_humble/install/examples_rclpy_minimal_service:/home/jose/ros2_humble/install/examples_rclpy_minimal_publisher:/home/jose/ros2_humble/install/examples_rclpy_minimal_client:/home/jose/ros2_humble/install/examples_rclpy_minimal_action_server:/home/jose/ros2_humble/install/examples_rclpy_minimal_action_client:/home/jose/ros2_humble/install/examples_rclpy_guard_conditions:/home/jose/ros2_humble/install/examples_rclpy_executors:/home/jose/ros2_humble/install/demo_nodes_py:/home/jose/ros2_humble/install/camera_info_manager_py:/home/jose/ros2_humble/install/action_tutorials_py:/home/jose/ros2_humble/install/ament_uncrustify:/home/jose/ros2_humble/install/tracetools_trace:/home/jose/ros2_humble/install/tracetools_read:/home/jose/ros2_humble/install/test_tracetools_launch:/home/jose/ros2_humble/install/test_launch_ros:/home/jose/ros2_humble/install/sensor_msgs_py:/home/jose/ros2_humble/install/rpyutils:/home/jose/ros2_humble/install/rosidl_runtime_py:/home/jose/ros2_humble/install/rosidl_cli:/home/jose/ros2_humble/install/launch_pytest:/home/jose/ros2_humble/install/launch_testing:/home/jose/ros2_humble/install/launch_yaml:/home/jose/ros2_humble/install/launch_xml:/home/jose/ros2_humble/install/launch:/home/jose/ros2_humble/install/osrf_pycommon:/home/jose/ros2_humble/install/domain_coordinator:/home/jose/ros2_humble/install/ament_xmllint:/home/jose/ros2_humble/install/ament_pyflakes:/home/jose/ros2_humble/install/ament_pycodestyle:/home/jose/ros2_humble/install/ament_pep257:/home/jose/ros2_humble/install/ament_pclint:/home/jose/ros2_humble/install/ament_package:/home/jose/ros2_humble/install/ament_mypy:/home/jose/ros2_humble/install/ament_lint_cmake:/home/jose/ros2_humble/install/ament_flake8:/home/jose/ros2_humble/install/ament_copyright:/home/jose/ros2_humble/install/ament_lint:/home/jose/ros2_humble/install/ament_index_python:/home/jose/ros2_humble/install/ament_cpplint:/home/jose/ros2_humble/install/ament_cppcheck:/home/jose/ros2_humble/install/ament_clang_tidy:/home/jose/ros2_humble/install/ament_clang_format:/opt/ros/humble /usr/bin/cmake --install /home/jose/TCC/build/geographic_msgs
