[0.157s] DEBUG:colcon:Command line arguments: ['/usr/bin/colcon', 'build']
[0.157s] DEBUG:colcon:Parsed command line arguments: Namespace(log_base=None, log_level=None, verb_name='build', build_base='build', install_base='install', merge_install=False, symlink_install=False, test_result_base=None, continue_on_error=False, executor='parallel', parallel_workers=16, event_handlers=None, ignore_user_meta=False, metas=['./colcon.meta'], base_paths=['.'], packages_ignore=None, packages_ignore_regex=None, paths=None, packages_up_to=None, packages_up_to_regex=None, packages_above=None, packages_above_and_dependencies=None, packages_above_depth=None, packages_select_by_dep=None, packages_skip_by_dep=None, packages_skip_up_to=None, packages_select_build_failed=False, packages_skip_build_finished=False, packages_select_test_failures=False, packages_skip_test_passed=False, packages_select=None, packages_skip=None, packages_select_regex=None, packages_skip_regex=None, packages_start=None, packages_end=None, allow_overriding=[], cmake_args=None, cmake_target=None, cmake_target_skip_unavailable=False, cmake_clean_cache=False, cmake_clean_first=False, cmake_force_configure=False, ament_cmake_args=None, catkin_cmake_args=None, catkin_skip_building_tests=False, mixin_files=None, mixin=None, verb_parser=<colcon_mixin.mixin.mixin_argument.MixinArgumentDecorator object at 0x7419ca7a9660>, verb_extension=<colcon_core.verb.build.BuildVerb object at 0x7419ca8ae590>, main=<bound method BuildVerb.main of <colcon_core.verb.build.BuildVerb object at 0x7419ca8ae590>>, mixin_verb=('build',))
[0.331s] Level 1:colcon.colcon_core.package_discovery:discover_packages(colcon_meta) check parameters
[0.331s] Level 1:colcon.colcon_core.package_discovery:discover_packages(recursive) check parameters
[0.331s] Level 1:colcon.colcon_core.package_discovery:discover_packages(ignore) check parameters
[0.331s] Level 1:colcon.colcon_core.package_discovery:discover_packages(path) check parameters
[0.331s] Level 1:colcon.colcon_core.package_discovery:discover_packages(colcon_meta) discover
[0.331s] Level 1:colcon.colcon_core.package_discovery:discover_packages(recursive) discover
[0.331s] INFO:colcon.colcon_core.package_discovery:Crawling recursively for packages in '/home/jose/TCC'
[0.331s] Level 1:colcon.colcon_core.package_identification:_identify(.) by extensions ['ignore', 'ignore_ament_install']
[0.331s] Level 1:colcon.colcon_core.package_identification:_identify(.) by extension 'ignore'
[0.331s] Level 1:colcon.colcon_core.package_identification:_identify(.) by extension 'ignore_ament_install'
[0.331s] Level 1:colcon.colcon_core.package_identification:_identify(.) by extensions ['colcon_pkg']
[0.331s] Level 1:colcon.colcon_core.package_identification:_identify(.) by extension 'colcon_pkg'
[0.331s] Level 1:colcon.colcon_core.package_identification:_identify(.) by extensions ['colcon_meta']
[0.331s] Level 1:colcon.colcon_core.package_identification:_identify(.) by extension 'colcon_meta'
[0.331s] Level 1:colcon.colcon_core.package_identification:_identify(.) by extensions ['ros']
[0.331s] Level 1:colcon.colcon_core.package_identification:_identify(.) by extension 'ros'
[0.339s] Level 1:colcon.colcon_core.package_identification:_identify(.) by extensions ['cmake', 'python']
[0.339s] Level 1:colcon.colcon_core.package_identification:_identify(.) by extension 'cmake'
[0.339s] Level 1:colcon.colcon_core.package_identification:_identify(.) by extension 'python'
[0.339s] Level 1:colcon.colcon_core.package_identification:_identify(.) by extensions ['python_setup_py']
[0.339s] Level 1:colcon.colcon_core.package_identification:_identify(.) by extension 'python_setup_py'
[0.339s] Level 1:colcon.colcon_core.package_identification:_identify(build) by extensions ['ignore', 'ignore_ament_install']
[0.339s] Level 1:colcon.colcon_core.package_identification:_identify(build) by extension 'ignore'
[0.339s] Level 1:colcon.colcon_core.package_identification:_identify(build) ignored
[0.339s] Level 1:colcon.colcon_core.package_identification:_identify(install) by extensions ['ignore', 'ignore_ament_install']
[0.340s] Level 1:colcon.colcon_core.package_identification:_identify(install) by extension 'ignore'
[0.340s] Level 1:colcon.colcon_core.package_identification:_identify(install) ignored
[0.340s] Level 1:colcon.colcon_core.package_identification:_identify(log) by extensions ['ignore', 'ignore_ament_install']
[0.340s] Level 1:colcon.colcon_core.package_identification:_identify(log) by extension 'ignore'
[0.340s] Level 1:colcon.colcon_core.package_identification:_identify(log) ignored
[0.340s] Level 1:colcon.colcon_core.package_identification:_identify(src) by extensions ['ignore', 'ignore_ament_install']
[0.340s] Level 1:colcon.colcon_core.package_identification:_identify(src) by extension 'ignore'
[0.340s] Level 1:colcon.colcon_core.package_identification:_identify(src) by extension 'ignore_ament_install'
[0.340s] Level 1:colcon.colcon_core.package_identification:_identify(src) by extensions ['colcon_pkg']
[0.340s] Level 1:colcon.colcon_core.package_identification:_identify(src) by extension 'colcon_pkg'
[0.340s] Level 1:colcon.colcon_core.package_identification:_identify(src) by extensions ['colcon_meta']
[0.340s] Level 1:colcon.colcon_core.package_identification:_identify(src) by extension 'colcon_meta'
[0.340s] Level 1:colcon.colcon_core.package_identification:_identify(src) by extensions ['ros']
[0.340s] Level 1:colcon.colcon_core.package_identification:_identify(src) by extension 'ros'
[0.340s] Level 1:colcon.colcon_core.package_identification:_identify(src) by extensions ['cmake', 'python']
[0.340s] Level 1:colcon.colcon_core.package_identification:_identify(src) by extension 'cmake'
[0.340s] Level 1:colcon.colcon_core.package_identification:_identify(src) by extension 'python'
[0.340s] Level 1:colcon.colcon_core.package_identification:_identify(src) by extensions ['python_setup_py']
[0.340s] Level 1:colcon.colcon_core.package_identification:_identify(src) by extension 'python_setup_py'
[0.340s] Level 1:colcon.colcon_core.package_identification:_identify(src/wind_turbine) by extensions ['ignore', 'ignore_ament_install']
[0.340s] Level 1:colcon.colcon_core.package_identification:_identify(src/wind_turbine) by extension 'ignore'
[0.340s] Level 1:colcon.colcon_core.package_identification:_identify(src/wind_turbine) by extension 'ignore_ament_install'
[0.340s] Level 1:colcon.colcon_core.package_identification:_identify(src/wind_turbine) by extensions ['colcon_pkg']
[0.340s] Level 1:colcon.colcon_core.package_identification:_identify(src/wind_turbine) by extension 'colcon_pkg'
[0.340s] Level 1:colcon.colcon_core.package_identification:_identify(src/wind_turbine) by extensions ['colcon_meta']
[0.340s] Level 1:colcon.colcon_core.package_identification:_identify(src/wind_turbine) by extension 'colcon_meta'
[0.340s] Level 1:colcon.colcon_core.package_identification:_identify(src/wind_turbine) by extensions ['ros']
[0.340s] Level 1:colcon.colcon_core.package_identification:_identify(src/wind_turbine) by extension 'ros'
[0.342s] DEBUG:colcon.colcon_core.package_identification:Package 'src/wind_turbine' with type 'ros.ament_python' and name 'wind_turbine'
[0.342s] Level 1:colcon.colcon_core.package_identification:_identify(src/windwind) by extensions ['ignore', 'ignore_ament_install']
[0.342s] Level 1:colcon.colcon_core.package_identification:_identify(src/windwind) by extension 'ignore'
[0.342s] Level 1:colcon.colcon_core.package_identification:_identify(src/windwind) by extension 'ignore_ament_install'
[0.342s] Level 1:colcon.colcon_core.package_identification:_identify(src/windwind) by extensions ['colcon_pkg']
[0.342s] Level 1:colcon.colcon_core.package_identification:_identify(src/windwind) by extension 'colcon_pkg'
[0.342s] Level 1:colcon.colcon_core.package_identification:_identify(src/windwind) by extensions ['colcon_meta']
[0.342s] Level 1:colcon.colcon_core.package_identification:_identify(src/windwind) by extension 'colcon_meta'
[0.342s] Level 1:colcon.colcon_core.package_identification:_identify(src/windwind) by extensions ['ros']
[0.342s] Level 1:colcon.colcon_core.package_identification:_identify(src/windwind) by extension 'ros'
[0.343s] DEBUG:colcon.colcon_core.package_identification:Package 'src/windwind' with type 'ros.ament_python' and name 'WindTURBINE_description'
[0.343s] Level 1:colcon.colcon_core.package_discovery:discover_packages(recursive) using defaults
[0.343s] Level 1:colcon.colcon_core.package_discovery:discover_packages(ignore) discover
[0.343s] Level 1:colcon.colcon_core.package_discovery:discover_packages(ignore) using defaults
[0.343s] Level 1:colcon.colcon_core.package_discovery:discover_packages(path) discover
[0.343s] Level 1:colcon.colcon_core.package_discovery:discover_packages(path) using defaults
[0.373s] Level 1:colcon.colcon_core.package_discovery:discover_packages(prefix_path) check parameters
[0.373s] Level 1:colcon.colcon_core.package_discovery:discover_packages(prefix_path) discover
[0.382s] DEBUG:colcon.colcon_installed_package_information.package_discovery:Found 2 installed packages in /home/jose/TCC/install
[0.388s] DEBUG:colcon.colcon_installed_package_information.package_discovery:Found 346 installed packages in /home/jose/ros2_humble/install
[0.390s] DEBUG:colcon.colcon_installed_package_information.package_discovery:Found 143 installed packages in /opt/ros/humble
[0.393s] Level 1:colcon.colcon_core.package_discovery:discover_packages(prefix_path) using defaults
[0.422s] Level 5:colcon.colcon_core.verb:set package 'WindTURBINE_description' build argument 'cmake_args' from command line to 'None'
[0.422s] Level 5:colcon.colcon_core.verb:set package 'WindTURBINE_description' build argument 'cmake_target' from command line to 'None'
[0.422s] Level 5:colcon.colcon_core.verb:set package 'WindTURBINE_description' build argument 'cmake_target_skip_unavailable' from command line to 'False'
[0.422s] Level 5:colcon.colcon_core.verb:set package 'WindTURBINE_description' build argument 'cmake_clean_cache' from command line to 'False'
[0.422s] Level 5:colcon.colcon_core.verb:set package 'WindTURBINE_description' build argument 'cmake_clean_first' from command line to 'False'
[0.422s] Level 5:colcon.colcon_core.verb:set package 'WindTURBINE_description' build argument 'cmake_force_configure' from command line to 'False'
[0.422s] Level 5:colcon.colcon_core.verb:set package 'WindTURBINE_description' build argument 'ament_cmake_args' from command line to 'None'
[0.422s] Level 5:colcon.colcon_core.verb:set package 'WindTURBINE_description' build argument 'catkin_cmake_args' from command line to 'None'
[0.422s] Level 5:colcon.colcon_core.verb:set package 'WindTURBINE_description' build argument 'catkin_skip_building_tests' from command line to 'False'
[0.422s] DEBUG:colcon.colcon_core.verb:Building package 'WindTURBINE_description' with the following arguments: {'ament_cmake_args': None, 'build_base': '/home/jose/TCC/build/WindTURBINE_description', 'catkin_cmake_args': None, 'catkin_skip_building_tests': False, 'cmake_args': None, 'cmake_clean_cache': False, 'cmake_clean_first': False, 'cmake_force_configure': False, 'cmake_target': None, 'cmake_target_skip_unavailable': False, 'install_base': '/home/jose/TCC/install/WindTURBINE_description', 'merge_install': False, 'path': '/home/jose/TCC/src/windwind', 'symlink_install': False, 'test_result_base': None}
[0.422s] Level 5:colcon.colcon_core.verb:set package 'wind_turbine' build argument 'cmake_args' from command line to 'None'
[0.422s] Level 5:colcon.colcon_core.verb:set package 'wind_turbine' build argument 'cmake_target' from command line to 'None'
[0.422s] Level 5:colcon.colcon_core.verb:set package 'wind_turbine' build argument 'cmake_target_skip_unavailable' from command line to 'False'
[0.422s] Level 5:colcon.colcon_core.verb:set package 'wind_turbine' build argument 'cmake_clean_cache' from command line to 'False'
[0.422s] Level 5:colcon.colcon_core.verb:set package 'wind_turbine' build argument 'cmake_clean_first' from command line to 'False'
[0.422s] Level 5:colcon.colcon_core.verb:set package 'wind_turbine' build argument 'cmake_force_configure' from command line to 'False'
[0.422s] Level 5:colcon.colcon_core.verb:set package 'wind_turbine' build argument 'ament_cmake_args' from command line to 'None'
[0.422s] Level 5:colcon.colcon_core.verb:set package 'wind_turbine' build argument 'catkin_cmake_args' from command line to 'None'
[0.422s] Level 5:colcon.colcon_core.verb:set package 'wind_turbine' build argument 'catkin_skip_building_tests' from command line to 'False'
[0.422s] DEBUG:colcon.colcon_core.verb:Building package 'wind_turbine' with the following arguments: {'ament_cmake_args': None, 'build_base': '/home/jose/TCC/build/wind_turbine', 'catkin_cmake_args': None, 'catkin_skip_building_tests': False, 'cmake_args': None, 'cmake_clean_cache': False, 'cmake_clean_first': False, 'cmake_force_configure': False, 'cmake_target': None, 'cmake_target_skip_unavailable': False, 'install_base': '/home/jose/TCC/install/wind_turbine', 'merge_install': False, 'path': '/home/jose/TCC/src/wind_turbine', 'symlink_install': False, 'test_result_base': None}
[0.422s] INFO:colcon.colcon_core.executor:Executing jobs using 'parallel' executor
[0.423s] DEBUG:colcon.colcon_parallel_executor.executor.parallel:run_until_complete
[0.423s] INFO:colcon.colcon_ros.task.ament_python.build:Building ROS package in '/home/jose/TCC/src/windwind' with build type 'ament_python'
[0.423s] Level 1:colcon.colcon_core.shell:create_environment_hook('WindTURBINE_description', 'ament_prefix_path')
[0.427s] INFO:colcon.colcon_core.plugin_system:Skipping extension 'colcon_core.shell.bat': Not used on non-Windows systems
[0.427s] INFO:colcon.colcon_core.shell:Creating environment hook '/home/jose/TCC/install/WindTURBINE_description/share/WindTURBINE_description/hook/ament_prefix_path.ps1'
[0.427s] INFO:colcon.colcon_core.shell:Creating environment descriptor '/home/jose/TCC/install/WindTURBINE_description/share/WindTURBINE_description/hook/ament_prefix_path.dsv'
[0.428s] INFO:colcon.colcon_core.shell:Creating environment hook '/home/jose/TCC/install/WindTURBINE_description/share/WindTURBINE_description/hook/ament_prefix_path.sh'
[0.428s] INFO:colcon.colcon_core.shell:Skip shell extension 'powershell' for command environment: Not usable outside of PowerShell
[0.428s] DEBUG:colcon.colcon_core.shell:Skip shell extension 'dsv' for command environment
[0.444s] INFO:colcon.colcon_ros.task.ament_python.build:Building ROS package in '/home/jose/TCC/src/wind_turbine' with build type 'ament_python'
[0.444s] Level 1:colcon.colcon_core.shell:create_environment_hook('wind_turbine', 'ament_prefix_path')
[0.444s] INFO:colcon.colcon_core.shell:Creating environment hook '/home/jose/TCC/install/wind_turbine/share/wind_turbine/hook/ament_prefix_path.ps1'
[0.444s] INFO:colcon.colcon_core.shell:Creating environment descriptor '/home/jose/TCC/install/wind_turbine/share/wind_turbine/hook/ament_prefix_path.dsv'
[0.445s] INFO:colcon.colcon_core.shell:Creating environment hook '/home/jose/TCC/install/wind_turbine/share/wind_turbine/hook/ament_prefix_path.sh'
[0.445s] INFO:colcon.colcon_core.shell:Skip shell extension 'powershell' for command environment: Not usable outside of PowerShell
[0.445s] DEBUG:colcon.colcon_core.shell:Skip shell extension 'dsv' for command environment
[0.806s] INFO:colcon.colcon_core.task.python.build:Building Python package in '/home/jose/TCC/src/windwind'
[0.806s] INFO:colcon.colcon_core.shell:Skip shell extension 'powershell' for command environment: Not usable outside of PowerShell
[0.806s] DEBUG:colcon.colcon_core.shell:Skip shell extension 'dsv' for command environment
[1.169s] WARNING:colcon.colcon_ros.task.ament_python.build:Package 'wind_turbine' doesn't explicitly install a marker in the package index (colcon-ros currently does it implicitly but that fallback will be removed in the future)
[1.169s] INFO:colcon.colcon_core.task.python.build:Building Python package in '/home/jose/TCC/src/wind_turbine'
[1.169s] INFO:colcon.colcon_core.shell:Skip shell extension 'powershell' for command environment: Not usable outside of PowerShell
[1.169s] DEBUG:colcon.colcon_core.shell:Skip shell extension 'dsv' for command environment
[1.639s] DEBUG:colcon.colcon_core.event_handler.log_command:Invoking command in '/home/jose/TCC/src/windwind': PYTHONPATH=/home/jose/TCC/build/WindTURBINE_description/prefix_override:/usr/lib/python3/dist-packages/colcon_core/task/python/colcon_distutils_commands:/home/jose/TCC/install/WindTURBINE_description/lib/python3.10/site-packages:${PYTHONPATH} /usr/bin/python3 -W ignore:setup.py install is deprecated -W ignore:easy_install command is deprecated setup.py egg_info --egg-base ../../build/WindTURBINE_description build --build-base /home/jose/TCC/build/WindTURBINE_description/build install --record /home/jose/TCC/build/WindTURBINE_description/install.log --install-scripts $base/lib/WindTURBINE_description --single-version-externally-managed install_data
[1.648s] DEBUG:colcon.colcon_core.event_handler.log_command:Invoking command in '/home/jose/TCC/src/wind_turbine': PYTHONPATH=/home/jose/TCC/build/wind_turbine/prefix_override:/usr/lib/python3/dist-packages/colcon_core/task/python/colcon_distutils_commands:/home/jose/TCC/install/wind_turbine/lib/python3.10/site-packages:${PYTHONPATH} /usr/bin/python3 -W ignore:setup.py install is deprecated -W ignore:easy_install command is deprecated setup.py egg_info --egg-base ../../build/wind_turbine build --build-base /home/jose/TCC/build/wind_turbine/build install --record /home/jose/TCC/build/wind_turbine/install.log --single-version-externally-managed install_data
[2.031s] DEBUG:colcon.colcon_core.event_handler.log_command:Invoked command in '/home/jose/TCC/src/windwind' returned '0': PYTHONPATH=/home/jose/TCC/build/WindTURBINE_description/prefix_override:/usr/lib/python3/dist-packages/colcon_core/task/python/colcon_distutils_commands:/home/jose/TCC/install/WindTURBINE_description/lib/python3.10/site-packages:${PYTHONPATH} /usr/bin/python3 -W ignore:setup.py install is deprecated -W ignore:easy_install command is deprecated setup.py egg_info --egg-base ../../build/WindTURBINE_description build --build-base /home/jose/TCC/build/WindTURBINE_description/build install --record /home/jose/TCC/build/WindTURBINE_description/install.log --install-scripts $base/lib/WindTURBINE_description --single-version-externally-managed install_data
[2.037s] Level 1:colcon.colcon_core.environment:checking '/home/jose/TCC/install/WindTURBINE_description' for CMake module files
[2.038s] Level 1:colcon.colcon_core.environment:checking '/home/jose/TCC/install/WindTURBINE_description' for CMake config files
[2.038s] Level 1:colcon.colcon_core.environment:checking '/home/jose/TCC/install/WindTURBINE_description/lib'
[2.039s] Level 1:colcon.colcon_core.environment:checking '/home/jose/TCC/install/WindTURBINE_description/bin'
[2.039s] Level 1:colcon.colcon_core.environment:checking '/home/jose/TCC/install/WindTURBINE_description/lib/pkgconfig/WindTURBINE_description.pc'
[2.039s] Level 1:colcon.colcon_core.environment:checking '/home/jose/TCC/install/WindTURBINE_description/lib/python3.10/site-packages'
[2.039s] Level 1:colcon.colcon_core.shell:create_environment_hook('WindTURBINE_description', 'pythonpath')
[2.039s] INFO:colcon.colcon_core.shell:Creating environment hook '/home/jose/TCC/install/WindTURBINE_description/share/WindTURBINE_description/hook/pythonpath.ps1'
[2.040s] INFO:colcon.colcon_core.shell:Creating environment descriptor '/home/jose/TCC/install/WindTURBINE_description/share/WindTURBINE_description/hook/pythonpath.dsv'
[2.040s] INFO:colcon.colcon_core.shell:Creating environment hook '/home/jose/TCC/install/WindTURBINE_description/share/WindTURBINE_description/hook/pythonpath.sh'
[2.040s] Level 1:colcon.colcon_core.environment:checking '/home/jose/TCC/install/WindTURBINE_description/bin'
[2.041s] Level 1:colcon.colcon_core.environment:create_environment_scripts_only(WindTURBINE_description)
[2.041s] INFO:colcon.colcon_core.shell:Creating package script '/home/jose/TCC/install/WindTURBINE_description/share/WindTURBINE_description/package.ps1'
[2.042s] INFO:colcon.colcon_core.shell:Creating package descriptor '/home/jose/TCC/install/WindTURBINE_description/share/WindTURBINE_description/package.dsv'
[2.042s] INFO:colcon.colcon_core.shell:Creating package script '/home/jose/TCC/install/WindTURBINE_description/share/WindTURBINE_description/package.sh'
[2.043s] INFO:colcon.colcon_core.shell:Creating package script '/home/jose/TCC/install/WindTURBINE_description/share/WindTURBINE_description/package.bash'
[2.043s] INFO:colcon.colcon_core.shell:Creating package script '/home/jose/TCC/install/WindTURBINE_description/share/WindTURBINE_description/package.zsh'
[2.044s] Level 1:colcon.colcon_core.environment:create_file_with_runtime_dependencies(/home/jose/TCC/install/WindTURBINE_description/share/colcon-core/packages/WindTURBINE_description)
[2.045s] Level 1:colcon.colcon_core.environment:checking '/home/jose/TCC/install/wind_turbine' for CMake module files
[2.046s] DEBUG:colcon.colcon_core.event_handler.log_command:Invoked command in '/home/jose/TCC/src/wind_turbine' returned '0': PYTHONPATH=/home/jose/TCC/build/wind_turbine/prefix_override:/usr/lib/python3/dist-packages/colcon_core/task/python/colcon_distutils_commands:/home/jose/TCC/install/wind_turbine/lib/python3.10/site-packages:${PYTHONPATH} /usr/bin/python3 -W ignore:setup.py install is deprecated -W ignore:easy_install command is deprecated setup.py egg_info --egg-base ../../build/wind_turbine build --build-base /home/jose/TCC/build/wind_turbine/build install --record /home/jose/TCC/build/wind_turbine/install.log --single-version-externally-managed install_data
[2.046s] Level 1:colcon.colcon_core.environment:checking '/home/jose/TCC/install/wind_turbine' for CMake config files
[2.046s] Level 1:colcon.colcon_core.environment:checking '/home/jose/TCC/install/wind_turbine/lib'
[2.046s] Level 1:colcon.colcon_core.environment:checking '/home/jose/TCC/install/wind_turbine/bin'
[2.046s] Level 1:colcon.colcon_core.environment:checking '/home/jose/TCC/install/wind_turbine/lib/pkgconfig/wind_turbine.pc'
[2.046s] Level 1:colcon.colcon_core.environment:checking '/home/jose/TCC/install/wind_turbine/lib/python3.10/site-packages'
[2.046s] Level 1:colcon.colcon_core.shell:create_environment_hook('wind_turbine', 'pythonpath')
[2.047s] INFO:colcon.colcon_core.shell:Creating environment hook '/home/jose/TCC/install/wind_turbine/share/wind_turbine/hook/pythonpath.ps1'
[2.047s] INFO:colcon.colcon_core.shell:Creating environment descriptor '/home/jose/TCC/install/wind_turbine/share/wind_turbine/hook/pythonpath.dsv'
[2.047s] INFO:colcon.colcon_core.shell:Creating environment hook '/home/jose/TCC/install/wind_turbine/share/wind_turbine/hook/pythonpath.sh'
[2.048s] Level 1:colcon.colcon_core.environment:checking '/home/jose/TCC/install/wind_turbine/bin'
[2.048s] Level 1:colcon.colcon_core.environment:create_environment_scripts_only(wind_turbine)
[2.048s] INFO:colcon.colcon_core.shell:Creating package script '/home/jose/TCC/install/wind_turbine/share/wind_turbine/package.ps1'
[2.049s] INFO:colcon.colcon_core.shell:Creating package descriptor '/home/jose/TCC/install/wind_turbine/share/wind_turbine/package.dsv'
[2.049s] INFO:colcon.colcon_core.shell:Creating package script '/home/jose/TCC/install/wind_turbine/share/wind_turbine/package.sh'
[2.049s] INFO:colcon.colcon_core.shell:Creating package script '/home/jose/TCC/install/wind_turbine/share/wind_turbine/package.bash'
[2.050s] INFO:colcon.colcon_core.shell:Creating package script '/home/jose/TCC/install/wind_turbine/share/wind_turbine/package.zsh'
[2.050s] Level 1:colcon.colcon_core.environment:create_file_with_runtime_dependencies(/home/jose/TCC/install/wind_turbine/share/colcon-core/packages/wind_turbine)
[2.050s] DEBUG:colcon.colcon_parallel_executor.executor.parallel:closing loop
[2.051s] DEBUG:colcon.colcon_parallel_executor.executor.parallel:loop closed
[2.051s] DEBUG:colcon.colcon_parallel_executor.executor.parallel:run_until_complete finished with '0'
[2.051s] DEBUG:colcon.colcon_core.event_reactor:joining thread
[2.063s] INFO:colcon.colcon_core.plugin_system:Skipping extension 'colcon_notification.desktop_notification.terminal_notifier': Not used on non-Darwin systems
[2.064s] INFO:colcon.colcon_core.plugin_system:Skipping extension 'colcon_notification.desktop_notification.win32': Not used on non-Windows systems
[2.064s] INFO:colcon.colcon_notification.desktop_notification:Sending desktop notification using 'notify2'
[2.076s] DEBUG:colcon.colcon_core.event_reactor:joined thread
[2.077s] INFO:colcon.colcon_core.shell:Creating prefix script '/home/jose/TCC/install/local_setup.ps1'
[2.078s] INFO:colcon.colcon_core.shell:Creating prefix util module '/home/jose/TCC/install/_local_setup_util_ps1.py'
[2.079s] INFO:colcon.colcon_core.shell:Creating prefix chain script '/home/jose/TCC/install/setup.ps1'
[2.093s] INFO:colcon.colcon_core.shell:Creating prefix script '/home/jose/TCC/install/local_setup.sh'
[2.094s] INFO:colcon.colcon_core.shell:Creating prefix util module '/home/jose/TCC/install/_local_setup_util_sh.py'
[2.094s] INFO:colcon.colcon_core.shell:Creating prefix chain script '/home/jose/TCC/install/setup.sh'
[2.108s] INFO:colcon.colcon_core.shell:Creating prefix script '/home/jose/TCC/install/local_setup.bash'
[2.109s] INFO:colcon.colcon_core.shell:Creating prefix chain script '/home/jose/TCC/install/setup.bash'
[2.119s] INFO:colcon.colcon_core.shell:Creating prefix script '/home/jose/TCC/install/local_setup.zsh'
[2.119s] INFO:colcon.colcon_core.shell:Creating prefix chain script '/home/jose/TCC/install/setup.zsh'
