-- Found ament_cmake_core: 1.3.11 (/home/jose/TCC/install/ament_cmake_core/share/ament_cmake_core/cmake)
-- Found Python3: /usr/bin/python3 (found version "3.10.12") found components: Interpreter 
-- Override CMake install command with custom implementation using symlinks instead of copying resources
-- Configuring done
-- Generating done
-- Build files have been written to: /home/jose/TCC/build/ament_cmake_nose
-- Install configuration: ""
-- Execute custom install script
-- Symlinking: /home/jose/TCC/install/ament_cmake_nose/share/ament_index/resource_index/package_run_dependencies/ament_cmake_nose
-- Symlinking: /home/jose/TCC/install/ament_cmake_nose/share/ament_index/resource_index/parent_prefix_path/ament_cmake_nose
-- Symlinking: /home/jose/TCC/install/ament_cmake_nose/share/ament_cmake_nose/environment/ament_prefix_path.sh
-- Symlinking: /home/jose/TCC/install/ament_cmake_nose/share/ament_cmake_nose/environment/ament_prefix_path.dsv
-- Symlinking: /home/jose/TCC/install/ament_cmake_nose/share/ament_cmake_nose/environment/path.sh
-- Symlinking: /home/jose/TCC/install/ament_cmake_nose/share/ament_cmake_nose/environment/path.dsv
-- Symlinking: /home/jose/TCC/install/ament_cmake_nose/share/ament_cmake_nose/local_setup.bash
-- Symlinking: /home/jose/TCC/install/ament_cmake_nose/share/ament_cmake_nose/local_setup.sh
-- Symlinking: /home/jose/TCC/install/ament_cmake_nose/share/ament_cmake_nose/local_setup.zsh
-- Symlinking: /home/jose/TCC/install/ament_cmake_nose/share/ament_cmake_nose/local_setup.dsv
-- Symlinking: /home/jose/TCC/install/ament_cmake_nose/share/ament_cmake_nose/package.dsv
-- Symlinking: /home/jose/TCC/install/ament_cmake_nose/share/ament_index/resource_index/packages/ament_cmake_nose
-- Symlinking: /home/jose/TCC/install/ament_cmake_nose/share/ament_cmake_nose/cmake/ament_cmake_nose-extras.cmake
-- Symlinking: /home/jose/TCC/install/ament_cmake_nose/share/ament_cmake_nose/cmake/ament_cmake_noseConfig.cmake
-- Symlinking: /home/jose/TCC/install/ament_cmake_nose/share/ament_cmake_nose/cmake/ament_cmake_noseConfig-version.cmake
-- Symlinking: /home/jose/TCC/install/ament_cmake_nose/share/ament_cmake_nose/package.xml
-- Symlinking: /home/jose/TCC/install/ament_cmake_nose/share/ament_cmake_nose/cmake/ament_add_nose_test.cmake
-- Symlinking: /home/jose/TCC/install/ament_cmake_nose/share/ament_cmake_nose/cmake/ament_find_nosetests.cmake
