[1.233s] Invoking command in '/home/jose/TCC/src/WindTURBINE_description': PYTHONPATH=/home/jose/TCC/build/WindTURBINE_description/prefix_override:/usr/lib/python3/dist-packages/colcon_core/task/python/colcon_distutils_commands:/home/jose/TCC/install/WindTURBINE_description/lib/python3.10/site-packages:${PYTHONPATH} /usr/bin/python3 -W ignore:setup.py install is deprecated -W ignore:easy_install command is deprecated setup.py egg_info --egg-base ../../build/WindTURBINE_description build --build-base /home/jose/TCC/build/WindTURBINE_description/build install --record /home/jose/TCC/build/WindTURBINE_description/install.log --install-scripts $base/lib/WindTURBINE_description --single-version-externally-managed install_data
[1.570s] /usr/lib/python3/dist-packages/setuptools/dist.py:723: UserWarning: Usage of dash-separated 'script-dir' will not be supported in future versions. Please use the underscore name 'script_dir' instead
[1.570s]   warnings.warn(
[1.576s] running egg_info
[1.577s] writing ../../build/WindTURBINE_description/WindTURBINE_description.egg-info/PKG-INFO
[1.577s] writing dependency_links to ../../build/WindTURBINE_description/WindTURBINE_description.egg-info/dependency_links.txt
[1.577s] writing entry points to ../../build/WindTURBINE_description/WindTURBINE_description.egg-info/entry_points.txt
[1.577s] writing requirements to ../../build/WindTURBINE_description/WindTURBINE_description.egg-info/requires.txt
[1.577s] writing top-level names to ../../build/WindTURBINE_description/WindTURBINE_description.egg-info/top_level.txt
[1.578s] reading manifest file '../../build/WindTURBINE_description/WindTURBINE_description.egg-info/SOURCES.txt'
[1.579s] writing manifest file '../../build/WindTURBINE_description/WindTURBINE_description.egg-info/SOURCES.txt'
[1.579s] running build
[1.579s] running build_py
[1.579s] running install
[1.579s] running install_lib
[1.581s] running install_data
[1.581s] running install_egg_info
[1.584s] removing '/home/jose/TCC/install/WindTURBINE_description/lib/python3.10/site-packages/WindTURBINE_description-0.0.0-py3.10.egg-info' (and everything under it)
[1.584s] Copying ../../build/WindTURBINE_description/WindTURBINE_description.egg-info to /home/jose/TCC/install/WindTURBINE_description/lib/python3.10/site-packages/WindTURBINE_description-0.0.0-py3.10.egg-info
[1.585s] running install_scripts
[1.612s] writing list of installed files to '/home/jose/TCC/build/WindTURBINE_description/install.log'
[1.643s] Invoked command in '/home/jose/TCC/src/WindTURBINE_description' returned '0': PYTHONPATH=/home/jose/TCC/build/WindTURBINE_description/prefix_override:/usr/lib/python3/dist-packages/colcon_core/task/python/colcon_distutils_commands:/home/jose/TCC/install/WindTURBINE_description/lib/python3.10/site-packages:${PYTHONPATH} /usr/bin/python3 -W ignore:setup.py install is deprecated -W ignore:easy_install command is deprecated setup.py egg_info --egg-base ../../build/WindTURBINE_description build --build-base /home/jose/TCC/build/WindTURBINE_description/build install --record /home/jose/TCC/build/WindTURBINE_description/install.log --install-scripts $base/lib/WindTURBINE_description --single-version-externally-managed install_data
