-- The C compiler identification is GNU 11.4.0
-- The CXX compiler identification is GNU 11.4.0
-- Detecting C compiler ABI info
-- Detecting C compiler ABI info - done
-- Check for working C compiler: /usr/bin/cc - skipped
-- Detecting C compile features
-- Detecting C compile features - done
-- Detecting CXX compiler ABI info
-- Detecting CXX compiler ABI info - done
-- Check for working CXX compiler: /usr/bin/c++ - skipped
-- Detecting CXX compile features
-- Detecting CXX compile features - done
-- Found Python: /usr/bin/python3.10 (found version "3.10.12") found components: Interpreter 
-- MAVLink dialect: common
-- MAVLink version: 2.0
-- Configuring done
-- Generating done
-- Build files have been written to: /home/jose/TCC/build/mavlink
[100%] [34m[1mGenerating C headers[0m
Collecting lxml>=3.6.0
  Downloading lxml-5.4.0-cp310-cp310-manylinux_2_28_x86_64.whl (5.1 MB)
[?25l     [38;5;237mâ”â”â”â”â”â”â”â”â”â”â”â”â”â”â”â”â”â”â”â”â”â”â”â”â”â”â”â”â”â”â”â”â”â”â”â”â”â”â”â”[0m [32m0.0/5.1 MB[0m [31m?[0m eta [36m-:--:--[0m
[2K     [38;2;249;38;114mâ”[0m[38;5;237mâ•º[0m[38;5;237mâ”â”â”â”â”â”â”â”â”â”â”â”â”â”â”â”â”â”â”â”â”â”â”â”â”â”â”â”â”â”â”â”â”â”â”â”â”â”[0m [32m0.2/5.1 MB[0m [31m4.6 MB/s[0m eta [36m0:00:02[0m
[2K     [38;2;249;38;114mâ”â”â”â”â”â”[0m[38;5;237mâ•º[0m[38;5;237mâ”â”â”â”â”â”â”â”â”â”â”â”â”â”â”â”â”â”â”â”â”â”â”â”â”â”â”â”â”â”â”â”â”[0m [32m0.8/5.1 MB[0m [31m12.2 MB/s[0m eta [36m0:00:01[0m
[2K     [38;2;249;38;114mâ”â”â”â”â”â”â”â”â”â”â”â”â”â”â”[0m[38;2;249;38;114mâ•¸[0m[38;5;237mâ”â”â”â”â”â”â”â”â”â”â”â”â”â”â”â”â”â”â”â”â”â”â”â”[0m [32m2.0/5.1 MB[0m [31m19.9 MB/s[0m eta [36m0:00:01[0m
[2K     [38;2;249;38;114mâ”â”â”â”â”â”â”â”â”â”â”â”â”â”â”â”â”â”â”â”â”â”â”â”â”â”â”â”[0m[38;5;237mâ•º[0m[38;5;237mâ”â”â”â”â”â”â”â”â”â”â”[0m [32m3.6/5.1 MB[0m [31m26.5 MB/s[0m eta [36m0:00:01[0m
[2K     [38;2;249;38;114mâ”â”â”â”â”â”â”â”â”â”â”â”â”â”â”â”â”â”â”â”â”â”â”â”â”â”â”â”â”â”â”â”â”â”â”â”â”â”â”[0m[38;2;249;38;114mâ•¸[0m [32m5.1/5.1 MB[0m [31m30.0 MB/s[0m eta [36m0:00:01[0m
[2K     [38;2;114;156;31mâ”â”â”â”â”â”â”â”â”â”â”â”â”â”â”â”â”â”â”â”â”â”â”â”â”â”â”â”â”â”â”â”â”â”â”â”â”â”â”â”[0m [32m5.1/5.1 MB[0m [31m26.7 MB/s[0m eta [36m0:00:00[0m
[?25hCollecting future>=0.15.2
  Downloading future-1.0.0-py3-none-any.whl (491 kB)
[?25l     [38;5;237mâ”â”â”â”â”â”â”â”â”â”â”â”â”â”â”â”â”â”â”â”â”â”â”â”â”â”â”â”â”â”â”â”â”â”â”â”â”â”â”â”[0m [32m0.0/491.3 KB[0m [31m?[0m eta [36m-:--:--[0m
[2K     [38;2;114;156;31mâ”â”â”â”â”â”â”â”â”â”â”â”â”â”â”â”â”â”â”â”â”â”â”â”â”â”â”â”â”â”â”â”â”â”â”â”â”â”[0m [32m491.3/491.3 KB[0m [31m35.6 MB/s[0m eta [36m0:00:00[0m
[?25hCollecting wheel>=0.37.1
  Using cached wheel-0.45.1-py3-none-any.whl (72 kB)
Collecting setuptools>=42
  Downloading setuptools-80.9.0-py3-none-any.whl (1.2 MB)
[?25l     [38;5;237mâ”â”â”â”â”â”â”â”â”â”â”â”â”â”â”â”â”â”â”â”â”â”â”â”â”â”â”â”â”â”â”â”â”â”â”â”â”â”â”â”[0m [32m0.0/1.2 MB[0m [31m?[0m eta [36m-:--:--[0m
[2K     [38;2;114;156;31mâ”â”â”â”â”â”â”â”â”â”â”â”â”â”â”â”â”â”â”â”â”â”â”â”â”â”â”â”â”â”â”â”â”â”â”â”â”â”â”â”[0m [32m1.2/1.2 MB[0m [31m39.7 MB/s[0m eta [36m0:00:00[0m
[?25hCollecting fastcrc
  Downloading fastcrc-0.3.2-cp310-cp310-manylinux_2_17_x86_64.manylinux2014_x86_64.whl (275 kB)
[?25l     [38;5;237mâ”â”â”â”â”â”â”â”â”â”â”â”â”â”â”â”â”â”â”â”â”â”â”â”â”â”â”â”â”â”â”â”â”â”â”â”â”â”â”â”[0m [32m0.0/275.5 KB[0m [31m?[0m eta [36m-:--:--[0m
[2K     [38;2;114;156;31mâ”â”â”â”â”â”â”â”â”â”â”â”â”â”â”â”â”â”â”â”â”â”â”â”â”â”â”â”â”â”â”â”â”â”â”â”â”â”[0m [32m275.5/275.5 KB[0m [31m58.2 MB/s[0m eta [36m0:00:00[0m
[?25hCollecting pytest<=7.4.4
  Downloading pytest-7.4.4-py3-none-any.whl (325 kB)
[?25l     [38;5;237mâ”â”â”â”â”â”â”â”â”â”â”â”â”â”â”â”â”â”â”â”â”â”â”â”â”â”â”â”â”â”â”â”â”â”â”â”â”â”â”â”[0m [32m0.0/325.3 KB[0m [31m?[0m eta [36m-:--:--[0m
[2K     [38;2;114;156;31mâ”â”â”â”â”â”â”â”â”â”â”â”â”â”â”â”â”â”â”â”â”â”â”â”â”â”â”â”â”â”â”â”â”â”â”â”â”â”[0m [32m325.3/325.3 KB[0m [31m17.5 MB/s[0m eta [36m0:00:00[0m
[?25hCollecting syrupy
  Downloading syrupy-4.9.1-py3-none-any.whl (52 kB)
[?25l     [38;5;237mâ”â”â”â”â”â”â”â”â”â”â”â”â”â”â”â”â”â”â”â”â”â”â”â”â”â”â”â”â”â”â”â”â”â”â”â”â”â”â”â”[0m [32m0.0/52.2 KB[0m [31m?[0m eta [36m-:--:--[0m
[2K     [38;2;114;156;31mâ”â”â”â”â”â”â”â”â”â”â”â”â”â”â”â”â”â”â”â”â”â”â”â”â”â”â”â”â”â”â”â”â”â”â”â”â”â”â”â”[0m [32m52.2/52.2 KB[0m [31m10.2 MB/s[0m eta [36m0:00:00[0m
[?25hCollecting wsproto
  Downloading wsproto-1.2.0-py3-none-any.whl (24 kB)
Collecting iniconfig
  Downloading iniconfig-2.1.0-py3-none-any.whl (6.0 kB)
Collecting packaging
  Using cached packaging-25.0-py3-none-any.whl (66 kB)
Collecting exceptiongroup>=1.0.0rc8
  Using cached exceptiongroup-1.3.0-py3-none-any.whl (16 kB)
Collecting pluggy<2.0,>=0.12
  Downloading pluggy-1.6.0-py3-none-any.whl (20 kB)
Collecting tomli>=1.0.0
  Downloading tomli-2.2.1-py3-none-any.whl (14 kB)
Collecting h11<1,>=0.9.0
  Downloading h11-0.16.0-py3-none-any.whl (37 kB)
Collecting typing-extensions>=4.6.0
  Downloading typing_extensions-4.14.0-py3-none-any.whl (43 kB)
[?25l     [38;5;237mâ”â”â”â”â”â”â”â”â”â”â”â”â”â”â”â”â”â”â”â”â”â”â”â”â”â”â”â”â”â”â”â”â”â”â”â”â”â”â”â”[0m [32m0.0/43.8 KB[0m [31m?[0m eta [36m-:--:--[0m
[2K     [38;2;114;156;31mâ”â”â”â”â”â”â”â”â”â”â”â”â”â”â”â”â”â”â”â”â”â”â”â”â”â”â”â”â”â”â”â”â”â”â”â”â”â”â”â”[0m [32m43.8/43.8 KB[0m [31m21.4 MB/s[0m eta [36m0:00:00[0m
[?25hInstalling collected packages: wheel, typing-extensions, tomli, setuptools, pluggy, packaging, lxml, iniconfig, h11, future, fastcrc, wsproto, exceptiongroup, pytest, syrupy
Successfully installed exceptiongroup-1.3.0 fastcrc-0.3.2 future-1.0.0 h11-0.16.0 iniconfig-2.1.0 lxml-5.4.0 packaging-25.0 pluggy-1.6.0 pytest-7.4.4 setuptools-80.9.0 syrupy-4.9.1 tomli-2.2.1 typing-extensions-4.14.0 wheel-0.45.1 wsproto-1.2.0
Validating message_definitions/v1.0/common.xml
Parsing message_definitions/v1.0/common.xml
Validating /home/jose/TCC/src/mavlink/message_definitions/v1.0/standard.xml
Parsing /home/jose/TCC/src/mavlink/message_definitions/v1.0/standard.xml
Validating /home/jose/TCC/src/mavlink/message_definitions/v1.0/minimal.xml
Parsing /home/jose/TCC/src/mavlink/message_definitions/v1.0/minimal.xml
Found 229 MAVLink message types in 3 XML files
Generating C implementation in directory /home/jose/TCC/build/mavlink/include/mavlink/common
Generating C implementation in directory /home/jose/TCC/build/mavlink/include/mavlink/standard
Generating C implementation in directory /home/jose/TCC/build/mavlink/include/mavlink/minimal
Copying fixed headers for protocol 2.0 to /home/jose/TCC/build/mavlink/include/mavlink/
[100%] Built target generate_c_headers
-- Install configuration: ""
-- Installing: /home/jose/TCC/install/mavlink/include/mavlink
-- Installing: /home/jose/TCC/install/mavlink/include/mavlink/mavlink_get_info.h
-- Installing: /home/jose/TCC/install/mavlink/include/mavlink/mavlink_sha256.h
-- Installing: /home/jose/TCC/install/mavlink/include/mavlink/mavlink_helpers.h
-- Installing: /home/jose/TCC/install/mavlink/include/mavlink/checksum.h
-- Installing: /home/jose/TCC/install/mavlink/include/mavlink/common
-- Installing: /home/jose/TCC/install/mavlink/include/mavlink/common/mavlink_msg_smart_battery_info.h
-- Installing: /home/jose/TCC/install/mavlink/include/mavlink/common/mavlink_msg_mission_clear_all.h
-- Installing: /home/jose/TCC/install/mavlink/include/mavlink/common/mavlink_msg_mission_request_partial_list.h
-- Installing: /home/jose/TCC/install/mavlink/include/mavlink/common/mavlink_msg_gimbal_manager_set_manual_control.h
-- Installing: /home/jose/TCC/install/mavlink/include/mavlink/common/mavlink_msg_tunnel.h
-- Installing: /home/jose/TCC/install/mavlink/include/mavlink/common/mavlink_msg_debug_vect.h
-- Installing: /home/jose/TCC/install/mavlink/include/mavlink/common/mavlink_msg_camera_capture_status.h
-- Installing: /home/jose/TCC/install/mavlink/include/mavlink/common/mavlink_msg_onboard_computer_status.h
-- Installing: /home/jose/TCC/install/mavlink/include/mavlink/common/mavlink_msg_message_interval.h
-- Installing: /home/jose/TCC/install/mavlink/include/mavlink/common/mavlink_msg_gps_inject_data.h
-- Installing: /home/jose/TCC/install/mavlink/include/mavlink/common/mavlink_msg_hil_controls.h
-- Installing: /home/jose/TCC/install/mavlink/include/mavlink/common/mavlink_msg_terrain_report.h
-- Installing: /home/jose/TCC/install/mavlink/include/mavlink/common/mavlink_msg_cellular_status.h
-- Installing: /home/jose/TCC/install/mavlink/include/mavlink/common/mavlink_msg_global_vision_position_estimate.h
-- Installing: /home/jose/TCC/install/mavlink/include/mavlink/common/mavlink_msg_adsb_vehicle.h
-- Installing: /home/jose/TCC/install/mavlink/include/mavlink/common/mavlink_msg_video_stream_status.h
-- Installing: /home/jose/TCC/install/mavlink/include/mavlink/common/mavlink_msg_open_drone_id_system.h
-- Installing: /home/jose/TCC/install/mavlink/include/mavlink/common/mavlink.h
-- Installing: /home/jose/TCC/install/mavlink/include/mavlink/common/mavlink_msg_power_status.h
-- Installing: /home/jose/TCC/install/mavlink/include/mavlink/common/mavlink_msg_autopilot_version.h
-- Installing: /home/jose/TCC/install/mavlink/include/mavlink/common/mavlink_msg_canfd_frame.h
-- Installing: /home/jose/TCC/install/mavlink/include/mavlink/common/mavlink_msg_attitude.h
-- Installing: /home/jose/TCC/install/mavlink/include/mavlink/common/mavlink_msg_mission_set_current.h
-- Installing: /home/jose/TCC/install/mavlink/include/mavlink/common/mavlink_msg_set_position_target_local_ned.h
-- Installing: /home/jose/TCC/install/mavlink/include/mavlink/common/mavlink_msg_set_attitude_target.h
-- Installing: /home/jose/TCC/install/mavlink/include/mavlink/common/mavlink_msg_param_request_read.h
-- Installing: /home/jose/TCC/install/mavlink/include/mavlink/common/mavlink_msg_hil_sensor.h
-- Installing: /home/jose/TCC/install/mavlink/include/mavlink/common/mavlink_msg_component_metadata.h
-- Installing: /home/jose/TCC/install/mavlink/include/mavlink/common/mavlink_msg_request_data_stream.h
-- Installing: /home/jose/TCC/install/mavlink/include/mavlink/common/mavlink_msg_response_event_error.h
-- Installing: /home/jose/TCC/install/mavlink/include/mavlink/common/mavlink_msg_home_position.h
-- Installing: /home/jose/TCC/install/mavlink/include/mavlink/common/mavlink_msg_open_drone_id_location.h
-- Installing: /home/jose/TCC/install/mavlink/include/mavlink/common/mavlink_msg_global_position_int_cov.h
-- Installing: /home/jose/TCC/install/mavlink/include/mavlink/common/mavlink_msg_change_operator_control_ack.h
-- Installing: /home/jose/TCC/install/mavlink/include/mavlink/common/mavlink_msg_resource_request.h
-- Installing: /home/jose/TCC/install/mavlink/include/mavlink/common/mavlink_msg_log_request_end.h
-- Installing: /home/jose/TCC/install/mavlink/include/mavlink/common/mavlink_msg_current_mode.h
-- Installing: /home/jose/TCC/install/mavlink/include/mavlink/common/mavlink_msg_estimator_status.h
-- Installing: /home/jose/TCC/install/mavlink/include/mavlink/common/mavlink_msg_hil_actuator_controls.h
-- Installing: /home/jose/TCC/install/mavlink/include/mavlink/common/mavlink_msg_gps2_raw.h
-- Installing: /home/jose/TCC/install/mavlink/include/mavlink/common/mavlink_msg_wind_cov.h
-- Installing: /home/jose/TCC/install/mavlink/include/mavlink/common/mavlink_msg_button_change.h
-- Installing: /home/jose/TCC/install/mavlink/include/mavlink/common/mavlink_msg_hil_state_quaternion.h
-- Installing: /home/jose/TCC/install/mavlink/include/mavlink/common/mavlink_msg_mission_write_partial_list.h
-- Installing: /home/jose/TCC/install/mavlink/include/mavlink/common/mavlink_msg_mission_count.h
-- Installing: /home/jose/TCC/install/mavlink/include/mavlink/common/mavlink_msg_play_tune_v2.h
-- Installing: /home/jose/TCC/install/mavlink/include/mavlink/common/mavlink_msg_mission_request_int.h
-- Installing: /home/jose/TCC/install/mavlink/include/mavlink/common/mavlink_msg_data_stream.h
-- Installing: /home/jose/TCC/install/mavlink/include/mavlink/common/mavlink_msg_high_latency2.h
-- Installing: /home/jose/TCC/install/mavlink/include/mavlink/common/mavlink_msg_open_drone_id_operator_id.h
-- Installing: /home/jose/TCC/install/mavlink/include/mavlink/common/mavlink_msg_attitude_target.h
-- Installing: /home/jose/TCC/install/mavlink/include/mavlink/common/mavlink_msg_illuminator_status.h
-- Installing: /home/jose/TCC/install/mavlink/include/mavlink/common/mavlink_msg_open_drone_id_self_id.h
-- Installing: /home/jose/TCC/install/mavlink/include/mavlink/common/mavlink_msg_component_information_basic.h
-- Installing: /home/jose/TCC/install/mavlink/include/mavlink/common/mavlink_msg_mission_item_reached.h
-- Installing: /home/jose/TCC/install/mavlink/include/mavlink/common/mavlink_msg_wifi_config_ap.h
-- Installing: /home/jose/TCC/install/mavlink/include/mavlink/common/mavlink_msg_follow_target.h
-- Installing: /home/jose/TCC/install/mavlink/include/mavlink/common/mavlink_msg_fence_status.h
-- Installing: /home/jose/TCC/install/mavlink/include/mavlink/common/mavlink_msg_terrain_data.h
-- Installing: /home/jose/TCC/install/mavlink/include/mavlink/common/mavlink_msg_global_position_int.h
-- Installing: /home/jose/TCC/install/mavlink/include/mavlink/common/mavlink_msg_autopilot_state_for_gimbal_device.h
-- Installing: /home/jose/TCC/install/mavlink/include/mavlink/common/mavlink_msg_flight_information.h
-- Installing: /home/jose/TCC/install/mavlink/include/mavlink/common/mavlink_msg_terrain_request.h
-- Installing: /home/jose/TCC/install/mavlink/include/mavlink/common/testsuite.h
-- Installing: /home/jose/TCC/install/mavlink/include/mavlink/common/mavlink_msg_request_event.h
-- Installing: /home/jose/TCC/install/mavlink/include/mavlink/common/mavlink_msg_gimbal_manager_set_attitude.h
-- Installing: /home/jose/TCC/install/mavlink/include/mavlink/common/mavlink_msg_log_erase.h
-- Installing: /home/jose/TCC/install/mavlink/include/mavlink/common/mavlink_msg_can_frame.h
-- Installing: /home/jose/TCC/install/mavlink/include/mavlink/common/mavlink_msg_command_long.h
-- Installing: /home/jose/TCC/install/mavlink/include/mavlink/common/mavlink_msg_supported_tunes.h
-- Installing: /home/jose/TCC/install/mavlink/include/mavlink/common/mavlink_msg_uavcan_node_status.h
-- Installing: /home/jose/TCC/install/mavlink/include/mavlink/common/mavlink_msg_landing_target.h
-- Installing: /home/jose/TCC/install/mavlink/include/mavlink/common/mavlink_msg_hil_state.h
-- Installing: /home/jose/TCC/install/mavlink/include/mavlink/common/mavlink_msg_gimbal_device_attitude_status.h
-- Installing: /home/jose/TCC/install/mavlink/include/mavlink/common/mavlink_msg_hil_gps.h
-- Installing: /home/jose/TCC/install/mavlink/include/mavlink/common/mavlink_msg_scaled_imu2.h
-- Installing: /home/jose/TCC/install/mavlink/include/mavlink/common/mavlink_msg_log_data.h
-- Installing: /home/jose/TCC/install/mavlink/include/mavlink/common/mavlink_msg_system_time.h
-- Installing: /home/jose/TCC/install/mavlink/include/mavlink/common/mavlink_msg_available_modes_monitor.h
-- Installing: /home/jose/TCC/install/mavlink/include/mavlink/common/mavlink_msg_local_position_ned_system_global_offset.h
-- Installing: /home/jose/TCC/install/mavlink/include/mavlink/common/mavlink_msg_gps_global_origin.h
-- Installing: /home/jose/TCC/install/mavlink/include/mavlink/common/mavlink_msg_gimbal_device_information.h
-- Installing: /home/jose/TCC/install/mavlink/include/mavlink/common/mavlink_msg_set_gps_global_origin.h
-- Installing: /home/jose/TCC/install/mavlink/include/mavlink/common/mavlink_msg_scaled_pressure3.h
-- Installing: /home/jose/TCC/install/mavlink/include/mavlink/common/common.h
-- Installing: /home/jose/TCC/install/mavlink/include/mavlink/common/mavlink_msg_open_drone_id_arm_status.h
-- Installing: /home/jose/TCC/install/mavlink/include/mavlink/common/mavlink_msg_actuator_output_status.h
-- Installing: /home/jose/TCC/install/mavlink/include/mavlink/common/mavlink_msg_param_ext_request_list.h
-- Installing: /home/jose/TCC/install/mavlink/include/mavlink/common/mavlink_msg_open_drone_id_message_pack.h
-- Installing: /home/jose/TCC/install/mavlink/include/mavlink/common/mavlink_msg_attitude_quaternion_cov.h
-- Installing: /home/jose/TCC/install/mavlink/include/mavlink/common/mavlink_msg_camera_tracking_geo_status.h
-- Installing: /home/jose/TCC/install/mavlink/include/mavlink/common/mavlink_msg_vibration.h
-- Installing: /home/jose/TCC/install/mavlink/include/mavlink/common/mavlink_msg_data_transmission_handshake.h
-- Installing: /home/jose/TCC/install/mavlink/include/mavlink/common/mavlink_msg_memory_vect.h
-- Installing: /home/jose/TCC/install/mavlink/include/mavlink/common/mavlink_msg_video_stream_information.h
-- Installing: /home/jose/TCC/install/mavlink/include/mavlink/common/mavlink_msg_mission_request_list.h
-- Installing: /home/jose/TCC/install/mavlink/include/mavlink/common/mavlink_msg_mission_ack.h
-- Installing: /home/jose/TCC/install/mavlink/include/mavlink/common/mavlink_msg_raw_pressure.h
-- Installing: /home/jose/TCC/install/mavlink/include/mavlink/common/mavlink_msg_v2_extension.h
-- Installing: /home/jose/TCC/install/mavlink/include/mavlink/common/mavlink_msg_raw_imu.h
-- Installing: /home/jose/TCC/install/mavlink/include/mavlink/common/mavlink_msg_open_drone_id_authentication.h
-- Installing: /home/jose/TCC/install/mavlink/include/mavlink/common/mavlink_msg_serial_control.h
-- Installing: /home/jose/TCC/install/mavlink/include/mavlink/common/mavlink_msg_logging_data.h
-- Installing: /home/jose/TCC/install/mavlink/include/mavlink/common/mavlink_msg_set_mode.h
-- Installing: /home/jose/TCC/install/mavlink/include/mavlink/common/mavlink_msg_camera_fov_status.h
-- Installing: /home/jose/TCC/install/mavlink/include/mavlink/common/mavlink_msg_efi_status.h
-- Installing: /home/jose/TCC/install/mavlink/include/mavlink/common/mavlink_msg_hygrometer_sensor.h
-- Installing: /home/jose/TCC/install/mavlink/include/mavlink/common/mavlink_msg_uavcan_node_info.h
-- Installing: /home/jose/TCC/install/mavlink/include/mavlink/common/mavlink_msg_named_value_float.h
-- Installing: /home/jose/TCC/install/mavlink/include/mavlink/common/mavlink_msg_rc_channels_raw.h
-- Installing: /home/jose/TCC/install/mavlink/include/mavlink/common/mavlink_msg_optical_flow_rad.h
-- Installing: /home/jose/TCC/install/mavlink/include/mavlink/common/mavlink_msg_safety_allowed_area.h
-- Installing: /home/jose/TCC/install/mavlink/include/mavlink/common/mavlink_msg_log_request_list.h
-- Installing: /home/jose/TCC/install/mavlink/include/mavlink/common/mavlink_msg_obstacle_distance.h
-- Installing: /home/jose/TCC/install/mavlink/include/mavlink/common/mavlink_msg_setup_signing.h
-- Installing: /home/jose/TCC/install/mavlink/include/mavlink/common/mavlink_msg_esc_info.h
-- Installing: /home/jose/TCC/install/mavlink/include/mavlink/common/mavlink_msg_battery_status.h
-- Installing: /home/jose/TCC/install/mavlink/include/mavlink/common/mavlink_msg_wheel_distance.h
-- Installing: /home/jose/TCC/install/mavlink/include/mavlink/common/mavlink_msg_trajectory_representation_waypoints.h
-- Installing: /home/jose/TCC/install/mavlink/include/mavlink/common/mavlink_msg_debug_float_array.h
-- Installing: /home/jose/TCC/install/mavlink/include/mavlink/common/mavlink_msg_link_node_status.h
-- Installing: /home/jose/TCC/install/mavlink/include/mavlink/common/mavlink_msg_generator_status.h
-- Installing: /home/jose/TCC/install/mavlink/include/mavlink/common/mavlink_msg_event.h
-- Installing: /home/jose/TCC/install/mavlink/include/mavlink/common/mavlink_msg_collision.h
-- Installing: /home/jose/TCC/install/mavlink/include/mavlink/common/mavlink_msg_sim_state.h
-- Installing: /home/jose/TCC/install/mavlink/include/mavlink/common/mavlink_msg_debug.h
-- Installing: /home/jose/TCC/install/mavlink/include/mavlink/common/mavlink_msg_gimbal_manager_set_pitchyaw.h
-- Installing: /home/jose/TCC/install/mavlink/include/mavlink/common/mavlink_msg_scaled_pressure.h
-- Installing: /home/jose/TCC/install/mavlink/include/mavlink/common/mavlink_msg_gimbal_device_set_attitude.h
-- Installing: /home/jose/TCC/install/mavlink/include/mavlink/common/mavlink_msg_can_filter_modify.h
-- Installing: /home/jose/TCC/install/mavlink/include/mavlink/common/mavlink_msg_vfr_hud.h
-- Installing: /home/jose/TCC/install/mavlink/include/mavlink/common/mavlink_msg_gps_status.h
-- Installing: /home/jose/TCC/install/mavlink/include/mavlink/common/mavlink_msg_logging_data_acked.h
-- Installing: /home/jose/TCC/install/mavlink/include/mavlink/common/mavlink_msg_command_cancel.h
-- Installing: /home/jose/TCC/install/mavlink/include/mavlink/common/mavlink_msg_vicon_position_estimate.h
-- Installing: /home/jose/TCC/install/mavlink/include/mavlink/common/mavlink_msg_timesync.h
-- Installing: /home/jose/TCC/install/mavlink/include/mavlink/common/mavlink_msg_vision_speed_estimate.h
-- Installing: /home/jose/TCC/install/mavlink/include/mavlink/common/mavlink_msg_isbd_link_status.h
-- Installing: /home/jose/TCC/install/mavlink/include/mavlink/common/mavlink_msg_nav_controller_output.h
-- Installing: /home/jose/TCC/install/mavlink/include/mavlink/common/mavlink_msg_sys_status.h
-- Installing: /home/jose/TCC/install/mavlink/include/mavlink/common/mavlink_msg_mission_request.h
-- Installing: /home/jose/TCC/install/mavlink/include/mavlink/common/mavlink_msg_position_target_local_ned.h
-- Installing: /home/jose/TCC/install/mavlink/include/mavlink/common/mavlink_msg_scaled_imu.h
-- Installing: /home/jose/TCC/install/mavlink/include/mavlink/common/mavlink_msg_change_operator_control.h
-- Installing: /home/jose/TCC/install/mavlink/include/mavlink/common/mavlink_msg_gps_rtcm_data.h
-- Installing: /home/jose/TCC/install/mavlink/include/mavlink/common/mavlink_msg_param_set.h
-- Installing: /home/jose/TCC/install/mavlink/include/mavlink/common/mavlink_msg_actuator_control_target.h
-- Installing: /home/jose/TCC/install/mavlink/include/mavlink/common/mavlink_msg_winch_status.h
-- Installing: /home/jose/TCC/install/mavlink/include/mavlink/common/mavlink_msg_param_value.h
-- Installing: /home/jose/TCC/install/mavlink/include/mavlink/common/mavlink_msg_manual_setpoint.h
-- Installing: /home/jose/TCC/install/mavlink/include/mavlink/common/mavlink_msg_logging_ack.h
-- Installing: /home/jose/TCC/install/mavlink/include/mavlink/common/mavlink_msg_ais_vessel.h
-- Installing: /home/jose/TCC/install/mavlink/include/mavlink/common/mavlink_msg_camera_information.h
-- Installing: /home/jose/TCC/install/mavlink/include/mavlink/common/mavlink_msg_hil_rc_inputs_raw.h
-- Installing: /home/jose/TCC/install/mavlink/include/mavlink/common/mavlink_msg_set_actuator_control_target.h
-- Installing: /home/jose/TCC/install/mavlink/include/mavlink/common/mavlink_msg_local_position_ned_cov.h
-- Installing: /home/jose/TCC/install/mavlink/include/mavlink/common/mavlink_msg_set_home_position.h
-- Installing: /home/jose/TCC/install/mavlink/include/mavlink/common/mavlink_msg_open_drone_id_basic_id.h
-- Installing: /home/jose/TCC/install/mavlink/include/mavlink/common/mavlink_msg_named_value_int.h
-- Installing: /home/jose/TCC/install/mavlink/include/mavlink/common/mavlink_msg_utm_global_position.h
-- Installing: /home/jose/TCC/install/mavlink/include/mavlink/common/mavlink_msg_param_ext_ack.h
-- Installing: /home/jose/TCC/install/mavlink/include/mavlink/common/mavlink_msg_camera_trigger.h
-- Installing: /home/jose/TCC/install/mavlink/include/mavlink/common/mavlink_msg_raw_rpm.h
-- Installing: /home/jose/TCC/install/mavlink/include/mavlink/common/mavlink_msg_log_request_data.h
-- Installing: /home/jose/TCC/install/mavlink/include/mavlink/common/mavlink_msg_rc_channels_override.h
-- Installing: /home/jose/TCC/install/mavlink/include/mavlink/common/mavlink_msg_file_transfer_protocol.h
-- Installing: /home/jose/TCC/install/mavlink/include/mavlink/common/mavlink_msg_odometry.h
-- Installing: /home/jose/TCC/install/mavlink/include/mavlink/common/mavlink_msg_radio_status.h
-- Installing: /home/jose/TCC/install/mavlink/include/mavlink/common/mavlink_msg_storage_information.h
-- Installing: /home/jose/TCC/install/mavlink/include/mavlink/common/mavlink_msg_trajectory_representation_bezier.h
-- Installing: /home/jose/TCC/install/mavlink/include/mavlink/common/mavlink_msg_fuel_status.h
-- Installing: /home/jose/TCC/install/mavlink/include/mavlink/common/mavlink_msg_rc_channels_scaled.h
-- Installing: /home/jose/TCC/install/mavlink/include/mavlink/common/mavlink_msg_param_ext_value.h
-- Installing: /home/jose/TCC/install/mavlink/include/mavlink/common/mavlink_msg_scaled_pressure2.h
-- Installing: /home/jose/TCC/install/mavlink/include/mavlink/common/mavlink_msg_attitude_quaternion.h
-- Installing: /home/jose/TCC/install/mavlink/include/mavlink/common/mavlink_msg_rc_channels.h
-- Installing: /home/jose/TCC/install/mavlink/include/mavlink/common/mavlink_msg_statustext.h
-- Installing: /home/jose/TCC/install/mavlink/include/mavlink/common/mavlink_msg_highres_imu.h
-- Installing: /home/jose/TCC/install/mavlink/include/mavlink/common/mavlink_msg_control_system_state.h
-- Installing: /home/jose/TCC/install/mavlink/include/mavlink/common/mavlink_msg_gimbal_manager_status.h
-- Installing: /home/jose/TCC/install/mavlink/include/mavlink/common/mavlink_msg_param_map_rc.h
-- Installing: /home/jose/TCC/install/mavlink/include/mavlink/common/mavlink_msg_gps_raw_int.h
-- Installing: /home/jose/TCC/install/mavlink/include/mavlink/common/mavlink_msg_open_drone_id_system_update.h
-- Installing: /home/jose/TCC/install/mavlink/include/mavlink/common/mavlink_msg_altitude.h
-- Installing: /home/jose/TCC/install/mavlink/include/mavlink/common/mavlink_msg_esc_status.h
-- Installing: /home/jose/TCC/install/mavlink/include/mavlink/common/mavlink_msg_cellular_config.h
-- Installing: /home/jose/TCC/install/mavlink/include/mavlink/common/mavlink_msg_ping.h
-- Installing: /home/jose/TCC/install/mavlink/include/mavlink/common/mavlink_msg_auth_key.h
-- Installing: /home/jose/TCC/install/mavlink/include/mavlink/common/mavlink_msg_camera_thermal_range.h
-- Installing: /home/jose/TCC/install/mavlink/include/mavlink/common/mavlink_msg_hil_optical_flow.h
-- Installing: /home/jose/TCC/install/mavlink/include/mavlink/common/mavlink_msg_camera_settings.h
-- Installing: /home/jose/TCC/install/mavlink/include/mavlink/common/mavlink_msg_param_request_list.h
-- Installing: /home/jose/TCC/install/mavlink/include/mavlink/common/mavlink_msg_play_tune.h
-- Installing: /home/jose/TCC/install/mavlink/include/mavlink/common/mavlink_msg_battery_info.h
-- Installing: /home/jose/TCC/install/mavlink/include/mavlink/common/mavlink_msg_mission_current.h
-- Installing: /home/jose/TCC/install/mavlink/include/mavlink/common/mavlink_msg_servo_output_raw.h
-- Installing: /home/jose/TCC/install/mavlink/include/mavlink/common/mavlink_msg_param_ext_request_read.h
-- Installing: /home/jose/TCC/install/mavlink/include/mavlink/common/mavlink_msg_camera_image_captured.h
-- Installing: /home/jose/TCC/install/mavlink/include/mavlink/common/mavlink_msg_mount_orientation.h
-- Installing: /home/jose/TCC/install/mavlink/include/mavlink/common/mavlink_msg_distance_sensor.h
-- Installing: /home/jose/TCC/install/mavlink/include/mavlink/common/mavlink_msg_component_information.h
-- Installing: /home/jose/TCC/install/mavlink/include/mavlink/common/mavlink_msg_gps_rtk.h
-- Installing: /home/jose/TCC/install/mavlink/include/mavlink/common/mavlink_msg_mag_cal_report.h
-- Installing: /home/jose/TCC/install/mavlink/include/mavlink/common/mavlink_msg_vision_position_estimate.h
-- Installing: /home/jose/TCC/install/mavlink/include/mavlink/common/mavlink_msg_optical_flow.h
-- Installing: /home/jose/TCC/install/mavlink/include/mavlink/common/mavlink_msg_att_pos_mocap.h
-- Installing: /home/jose/TCC/install/mavlink/include/mavlink/common/version.h
-- Installing: /home/jose/TCC/install/mavlink/include/mavlink/common/mavlink_msg_mission_item_int.h
-- Installing: /home/jose/TCC/install/mavlink/include/mavlink/common/mavlink_msg_time_estimate_to_target.h
-- Installing: /home/jose/TCC/install/mavlink/include/mavlink/common/mavlink_msg_encapsulated_data.h
-- Installing: /home/jose/TCC/install/mavlink/include/mavlink/common/mavlink_msg_terrain_check.h
-- Installing: /home/jose/TCC/install/mavlink/include/mavlink/common/mavlink_msg_param_ext_set.h
-- Installing: /home/jose/TCC/install/mavlink/include/mavlink/common/mavlink_msg_position_target_global_int.h
-- Installing: /home/jose/TCC/install/mavlink/include/mavlink/common/mavlink_msg_extended_sys_state.h
-- Installing: /home/jose/TCC/install/mavlink/include/mavlink/common/mavlink_msg_manual_control.h
-- Installing: /home/jose/TCC/install/mavlink/include/mavlink/common/mavlink_msg_command_int.h
-- Installing: /home/jose/TCC/install/mavlink/include/mavlink/common/mavlink_msg_command_ack.h
-- Installing: /home/jose/TCC/install/mavlink/include/mavlink/common/mavlink_msg_scaled_imu3.h
-- Installing: /home/jose/TCC/install/mavlink/include/mavlink/common/mavlink_msg_log_entry.h
-- Installing: /home/jose/TCC/install/mavlink/include/mavlink/common/mavlink_msg_local_position_ned.h
-- Installing: /home/jose/TCC/install/mavlink/include/mavlink/common/mavlink_msg_available_modes.h
-- Installing: /home/jose/TCC/install/mavlink/include/mavlink/common/mavlink_msg_gps_input.h
-- Installing: /home/jose/TCC/install/mavlink/include/mavlink/common/mavlink_msg_camera_tracking_image_status.h
-- Installing: /home/jose/TCC/install/mavlink/include/mavlink/common/mavlink_msg_mission_item.h
-- Installing: /home/jose/TCC/install/mavlink/include/mavlink/common/mavlink_msg_current_event_sequence.h
-- Installing: /home/jose/TCC/install/mavlink/include/mavlink/common/mavlink_msg_safety_set_allowed_area.h
-- Installing: /home/jose/TCC/install/mavlink/include/mavlink/common/mavlink_msg_orbit_execution_status.h
-- Installing: /home/jose/TCC/install/mavlink/include/mavlink/common/mavlink_msg_gps2_rtk.h
-- Installing: /home/jose/TCC/install/mavlink/include/mavlink/common/mavlink_msg_high_latency.h
-- Installing: /home/jose/TCC/install/mavlink/include/mavlink/common/mavlink_msg_set_position_target_global_int.h
-- Installing: /home/jose/TCC/install/mavlink/include/mavlink/common/mavlink_msg_gimbal_manager_information.h
-- Installing: /home/jose/TCC/install/mavlink/include/mavlink/mavlink_conversions.h
-- Installing: /home/jose/TCC/install/mavlink/include/mavlink/standard
-- Installing: /home/jose/TCC/install/mavlink/include/mavlink/standard/mavlink.h
-- Installing: /home/jose/TCC/install/mavlink/include/mavlink/standard/standard.h
-- Installing: /home/jose/TCC/install/mavlink/include/mavlink/standard/testsuite.h
-- Installing: /home/jose/TCC/install/mavlink/include/mavlink/standard/version.h
-- Installing: /home/jose/TCC/install/mavlink/include/mavlink/protocol.h
-- Installing: /home/jose/TCC/install/mavlink/include/mavlink/mavlink_types.h
-- Installing: /home/jose/TCC/install/mavlink/include/mavlink/minimal
-- Installing: /home/jose/TCC/install/mavlink/include/mavlink/minimal/mavlink.h
-- Installing: /home/jose/TCC/install/mavlink/include/mavlink/minimal/mavlink_msg_protocol_version.h
-- Installing: /home/jose/TCC/install/mavlink/include/mavlink/minimal/testsuite.h
-- Installing: /home/jose/TCC/install/mavlink/include/mavlink/minimal/mavlink_msg_heartbeat.h
-- Installing: /home/jose/TCC/install/mavlink/include/mavlink/minimal/version.h
-- Installing: /home/jose/TCC/install/mavlink/include/mavlink/minimal/minimal.h
-- Installing: /home/jose/TCC/install/mavlink/lib/cmake/MAVLink/MAVLinkTargets.cmake
-- Installing: /home/jose/TCC/install/mavlink/lib/cmake/MAVLink/MAVLinkConfig.cmake
