[0.060s] Invoking command in '/home/jose/TCC/build/mavlink': /usr/bin/cmake /home/jose/TCC/src/mavlink -DCMAKE_INSTALL_PREFIX=/home/jose/TCC/install/mavlink
[0.462s] -- The C compiler identification is GNU 11.4.0
[0.462s] -- The CXX compiler identification is GNU 11.4.0
[0.462s] -- Detecting C compiler ABI info
[0.462s] -- Detecting C compiler ABI info - done
[0.462s] -- Check for working C compiler: /usr/bin/cc - skipped
[0.462s] -- Detecting C compile features
[0.462s] -- Detecting C compile features - done
[0.462s] -- Detecting CXX compiler ABI info
[0.532s] -- Detecting CXX compiler ABI info - done
[0.537s] -- Check for working CXX compiler: /usr/bin/c++ - skipped
[0.537s] -- Detecting CXX compile features
[0.538s] -- Detecting CXX compile features - done
[1.028s] -- Found Python: /usr/bin/python3.10 (found version "3.10.12") found components: Interpreter 
[1.461s] -- MAVLink dialect: common
[1.462s] -- MAVLink version: 2.0
[1.464s] -- Configuring done
[1.465s] -- Generating done
[1.466s] -- Build files have been written to: /home/jose/TCC/build/mavlink
[1.470s] Invoked command in '/home/jose/TCC/build/mavlink' returned '0': /usr/bin/cmake /home/jose/TCC/src/mavlink -DCMAKE_INSTALL_PREFIX=/home/jose/TCC/install/mavlink
[1.472s] Invoking command in '/home/jose/TCC/build/mavlink': /usr/bin/cmake --build /home/jose/TCC/build/mavlink -- -j16 -l16
[1.578s] [100%] [34m[1mGenerating C headers[0m
[2.898s] Collecting lxml>=3.6.0
[2.984s]   Downloading lxml-5.4.0-cp310-cp310-manylinux_2_28_x86_64.whl (5.1 MB)
[3.021s] [?25l     [38;5;237mâ”â”â”â”â”â”â”â”â”â”â”â”â”â”â”â”â”â”â”â”â”â”â”â”â”â”â”â”â”â”â”â”â”â”â”â”â”â”â”â”[0m [32m0.0/5.1 MB[0m [31m?[0m eta [36m-:--:--[0m
[3.055s] [2K     [38;2;249;38;114mâ”[0m[38;5;237mâ•º[0m[38;5;237mâ”â”â”â”â”â”â”â”â”â”â”â”â”â”â”â”â”â”â”â”â”â”â”â”â”â”â”â”â”â”â”â”â”â”â”â”â”â”[0m [32m0.2/5.1 MB[0m [31m4.6 MB/s[0m eta [36m0:00:02[0m
[3.090s] [2K     [38;2;249;38;114mâ”â”â”â”â”â”[0m[38;5;237mâ•º[0m[38;5;237mâ”â”â”â”â”â”â”â”â”â”â”â”â”â”â”â”â”â”â”â”â”â”â”â”â”â”â”â”â”â”â”â”â”[0m [32m0.8/5.1 MB[0m [31m12.2 MB/s[0m eta [36m0:00:01[0m
[3.124s] [2K     [38;2;249;38;114mâ”â”â”â”â”â”â”â”â”â”â”â”â”â”â”[0m[38;2;249;38;114mâ•¸[0m[38;5;237mâ”â”â”â”â”â”â”â”â”â”â”â”â”â”â”â”â”â”â”â”â”â”â”â”[0m [32m2.0/5.1 MB[0m [31m19.9 MB/s[0m eta [36m0:00:01[0m
[3.163s] [2K     [38;2;249;38;114mâ”â”â”â”â”â”â”â”â”â”â”â”â”â”â”â”â”â”â”â”â”â”â”â”â”â”â”â”[0m[38;5;237mâ•º[0m[38;5;237mâ”â”â”â”â”â”â”â”â”â”â”[0m [32m3.6/5.1 MB[0m [31m26.5 MB/s[0m eta [36m0:00:01[0m
[3.179s] [2K     [38;2;249;38;114mâ”â”â”â”â”â”â”â”â”â”â”â”â”â”â”â”â”â”â”â”â”â”â”â”â”â”â”â”â”â”â”â”â”â”â”â”â”â”â”[0m[38;2;249;38;114mâ•¸[0m [32m5.1/5.1 MB[0m [31m30.0 MB/s[0m eta [36m0:00:01[0m
[3.179s] [2K     [38;2;114;156;31mâ”â”â”â”â”â”â”â”â”â”â”â”â”â”â”â”â”â”â”â”â”â”â”â”â”â”â”â”â”â”â”â”â”â”â”â”â”â”â”â”[0m [32m5.1/5.1 MB[0m [31m26.7 MB/s[0m eta [36m0:00:00[0m
[3.318s] [?25hCollecting future>=0.15.2
[3.333s]   Downloading future-1.0.0-py3-none-any.whl (491 kB)
[3.349s] [?25l     [38;5;237mâ”â”â”â”â”â”â”â”â”â”â”â”â”â”â”â”â”â”â”â”â”â”â”â”â”â”â”â”â”â”â”â”â”â”â”â”â”â”â”â”[0m [32m0.0/491.3 KB[0m [31m?[0m eta [36m-:--:--[0m
[3.349s] [2K     [38;2;114;156;31mâ”â”â”â”â”â”â”â”â”â”â”â”â”â”â”â”â”â”â”â”â”â”â”â”â”â”â”â”â”â”â”â”â”â”â”â”â”â”[0m [32m491.3/491.3 KB[0m [31m35.6 MB/s[0m eta [36m0:00:00[0m
[3.487s] [?25hCollecting wheel>=0.37.1
[3.489s]   Using cached wheel-0.45.1-py3-none-any.whl (72 kB)
[3.793s] Collecting setuptools>=42
[3.807s]   Downloading setuptools-80.9.0-py3-none-any.whl (1.2 MB)
[3.839s] [?25l     [38;5;237mâ”â”â”â”â”â”â”â”â”â”â”â”â”â”â”â”â”â”â”â”â”â”â”â”â”â”â”â”â”â”â”â”â”â”â”â”â”â”â”â”[0m [32m0.0/1.2 MB[0m [31m?[0m eta [36m-:--:--[0m
[3.839s] [2K     [38;2;114;156;31mâ”â”â”â”â”â”â”â”â”â”â”â”â”â”â”â”â”â”â”â”â”â”â”â”â”â”â”â”â”â”â”â”â”â”â”â”â”â”â”â”[0m [32m1.2/1.2 MB[0m [31m39.7 MB/s[0m eta [36m0:00:00[0m
[4.189s] [?25hCollecting fastcrc
[4.366s]   Downloading fastcrc-0.3.2-cp310-cp310-manylinux_2_17_x86_64.manylinux2014_x86_64.whl (275 kB)
[4.373s] [?25l     [38;5;237mâ”â”â”â”â”â”â”â”â”â”â”â”â”â”â”â”â”â”â”â”â”â”â”â”â”â”â”â”â”â”â”â”â”â”â”â”â”â”â”â”[0m [32m0.0/275.5 KB[0m [31m?[0m eta [36m-:--:--[0m
[4.373s] [2K     [38;2;114;156;31mâ”â”â”â”â”â”â”â”â”â”â”â”â”â”â”â”â”â”â”â”â”â”â”â”â”â”â”â”â”â”â”â”â”â”â”â”â”â”[0m [32m275.5/275.5 KB[0m [31m58.2 MB/s[0m eta [36m0:00:00[0m
[4.551s] [?25hCollecting pytest<=7.4.4
[4.567s]   Downloading pytest-7.4.4-py3-none-any.whl (325 kB)
[4.588s] [?25l     [38;5;237mâ”â”â”â”â”â”â”â”â”â”â”â”â”â”â”â”â”â”â”â”â”â”â”â”â”â”â”â”â”â”â”â”â”â”â”â”â”â”â”â”[0m [32m0.0/325.3 KB[0m [31m?[0m eta [36m-:--:--[0m
[4.588s] [2K     [38;2;114;156;31mâ”â”â”â”â”â”â”â”â”â”â”â”â”â”â”â”â”â”â”â”â”â”â”â”â”â”â”â”â”â”â”â”â”â”â”â”â”â”[0m [32m325.3/325.3 KB[0m [31m17.5 MB/s[0m eta [36m0:00:00[0m
[4.853s] [?25hCollecting syrupy
[4.867s]   Downloading syrupy-4.9.1-py3-none-any.whl (52 kB)
[4.874s] [?25l     [38;5;237mâ”â”â”â”â”â”â”â”â”â”â”â”â”â”â”â”â”â”â”â”â”â”â”â”â”â”â”â”â”â”â”â”â”â”â”â”â”â”â”â”[0m [32m0.0/52.2 KB[0m [31m?[0m eta [36m-:--:--[0m
[4.874s] [2K     [38;2;114;156;31mâ”â”â”â”â”â”â”â”â”â”â”â”â”â”â”â”â”â”â”â”â”â”â”â”â”â”â”â”â”â”â”â”â”â”â”â”â”â”â”â”[0m [32m52.2/52.2 KB[0m [31m10.2 MB/s[0m eta [36m0:00:00[0m
[4.993s] [?25hCollecting wsproto
[5.009s]   Downloading wsproto-1.2.0-py3-none-any.whl (24 kB)
[5.158s] Collecting iniconfig
[5.170s]   Downloading iniconfig-2.1.0-py3-none-any.whl (6.0 kB)
[5.304s] Collecting packaging
[5.306s]   Using cached packaging-25.0-py3-none-any.whl (66 kB)
[5.600s] Collecting exceptiongroup>=1.0.0rc8
[5.602s]   Using cached exceptiongroup-1.3.0-py3-none-any.whl (16 kB)
[5.727s] Collecting pluggy<2.0,>=0.12
[5.741s]   Downloading pluggy-1.6.0-py3-none-any.whl (20 kB)
[5.876s] Collecting tomli>=1.0.0
[5.895s]   Downloading tomli-2.2.1-py3-none-any.whl (14 kB)
[6.209s] Collecting h11<1,>=0.9.0
[6.224s]   Downloading h11-0.16.0-py3-none-any.whl (37 kB)
[6.366s] Collecting typing-extensions>=4.6.0
[6.380s]   Downloading typing_extensions-4.14.0-py3-none-any.whl (43 kB)
[6.384s] [?25l     [38;5;237mâ”â”â”â”â”â”â”â”â”â”â”â”â”â”â”â”â”â”â”â”â”â”â”â”â”â”â”â”â”â”â”â”â”â”â”â”â”â”â”â”[0m [32m0.0/43.8 KB[0m [31m?[0m eta [36m-:--:--[0m
[6.384s] [2K     [38;2;114;156;31mâ”â”â”â”â”â”â”â”â”â”â”â”â”â”â”â”â”â”â”â”â”â”â”â”â”â”â”â”â”â”â”â”â”â”â”â”â”â”â”â”[0m [32m43.8/43.8 KB[0m [31m21.4 MB/s[0m eta [36m0:00:00[0m
[6.862s] [?25hInstalling collected packages: wheel, typing-extensions, tomli, setuptools, pluggy, packaging, lxml, iniconfig, h11, future, fastcrc, wsproto, exceptiongroup, pytest, syrupy
[7.940s] Successfully installed exceptiongroup-1.3.0 fastcrc-0.3.2 future-1.0.0 h11-0.16.0 iniconfig-2.1.0 lxml-5.4.0 packaging-25.0 pluggy-1.6.0 pytest-7.4.4 setuptools-80.9.0 syrupy-4.9.1 tomli-2.2.1 typing-extensions-4.14.0 wheel-0.45.1 wsproto-1.2.0
[8.120s] Validating message_definitions/v1.0/common.xml
[8.135s] Parsing message_definitions/v1.0/common.xml
[8.175s] Validating /home/jose/TCC/src/mavlink/message_definitions/v1.0/standard.xml
[8.175s] Parsing /home/jose/TCC/src/mavlink/message_definitions/v1.0/standard.xml
[8.175s] Validating /home/jose/TCC/src/mavlink/message_definitions/v1.0/minimal.xml
[8.175s] Parsing /home/jose/TCC/src/mavlink/message_definitions/v1.0/minimal.xml
[8.181s] Found 229 MAVLink message types in 3 XML files
[8.182s] Generating C implementation in directory /home/jose/TCC/build/mavlink/include/mavlink/common
[8.662s] Generating C implementation in directory /home/jose/TCC/build/mavlink/include/mavlink/standard
[8.662s] Generating C implementation in directory /home/jose/TCC/build/mavlink/include/mavlink/minimal
[8.669s] Copying fixed headers for protocol 2.0 to /home/jose/TCC/build/mavlink/include/mavlink/
[8.721s] [100%] Built target generate_c_headers
[8.773s] Invoked command in '/home/jose/TCC/build/mavlink' returned '0': /usr/bin/cmake --build /home/jose/TCC/build/mavlink -- -j16 -l16
[8.809s] Invoking command in '/home/jose/TCC/build/mavlink': /usr/bin/cmake --install /home/jose/TCC/build/mavlink
[8.833s] -- Install configuration: ""
[8.833s] -- Installing: /home/jose/TCC/install/mavlink/include/mavlink
[8.834s] -- Installing: /home/jose/TCC/install/mavlink/include/mavlink/mavlink_get_info.h
[8.834s] -- Installing: /home/jose/TCC/install/mavlink/include/mavlink/mavlink_sha256.h
[8.834s] -- Installing: /home/jose/TCC/install/mavlink/include/mavlink/mavlink_helpers.h
[8.835s] -- Installing: /home/jose/TCC/install/mavlink/include/mavlink/checksum.h
[8.835s] -- Installing: /home/jose/TCC/install/mavlink/include/mavlink/common
[8.836s] -- Installing: /home/jose/TCC/install/mavlink/include/mavlink/common/mavlink_msg_smart_battery_info.h
[8.836s] -- Installing: /home/jose/TCC/install/mavlink/include/mavlink/common/mavlink_msg_mission_clear_all.h
[8.837s] -- Installing: /home/jose/TCC/install/mavlink/include/mavlink/common/mavlink_msg_mission_request_partial_list.h
[8.837s] -- Installing: /home/jose/TCC/install/mavlink/include/mavlink/common/mavlink_msg_gimbal_manager_set_manual_control.h
[8.837s] -- Installing: /home/jose/TCC/install/mavlink/include/mavlink/common/mavlink_msg_tunnel.h
[8.840s] -- Installing: /home/jose/TCC/install/mavlink/include/mavlink/common/mavlink_msg_debug_vect.h
[8.840s] -- Installing: /home/jose/TCC/install/mavlink/include/mavlink/common/mavlink_msg_camera_capture_status.h
[8.840s] -- Installing: /home/jose/TCC/install/mavlink/include/mavlink/common/mavlink_msg_onboard_computer_status.h
[8.840s] -- Installing: /home/jose/TCC/install/mavlink/include/mavlink/common/mavlink_msg_message_interval.h
[8.840s] -- Installing: /home/jose/TCC/install/mavlink/include/mavlink/common/mavlink_msg_gps_inject_data.h
[8.841s] -- Installing: /home/jose/TCC/install/mavlink/include/mavlink/common/mavlink_msg_hil_controls.h
[8.841s] -- Installing: /home/jose/TCC/install/mavlink/include/mavlink/common/mavlink_msg_terrain_report.h
[8.841s] -- Installing: /home/jose/TCC/install/mavlink/include/mavlink/common/mavlink_msg_cellular_status.h
[8.842s] -- Installing: /home/jose/TCC/install/mavlink/include/mavlink/common/mavlink_msg_global_vision_position_estimate.h
[8.842s] -- Installing: /home/jose/TCC/install/mavlink/include/mavlink/common/mavlink_msg_adsb_vehicle.h
[8.842s] -- Installing: /home/jose/TCC/install/mavlink/include/mavlink/common/mavlink_msg_video_stream_status.h
[8.842s] -- Installing: /home/jose/TCC/install/mavlink/include/mavlink/common/mavlink_msg_open_drone_id_system.h
[8.843s] -- Installing: /home/jose/TCC/install/mavlink/include/mavlink/common/mavlink.h
[8.843s] -- Installing: /home/jose/TCC/install/mavlink/include/mavlink/common/mavlink_msg_power_status.h
[8.846s] -- Installing: /home/jose/TCC/install/mavlink/include/mavlink/common/mavlink_msg_autopilot_version.h
[8.846s] -- Installing: /home/jose/TCC/install/mavlink/include/mavlink/common/mavlink_msg_canfd_frame.h
[8.846s] -- Installing: /home/jose/TCC/install/mavlink/include/mavlink/common/mavlink_msg_attitude.h
[8.846s] -- Installing: /home/jose/TCC/install/mavlink/include/mavlink/common/mavlink_msg_mission_set_current.h
[8.846s] -- Installing: /home/jose/TCC/install/mavlink/include/mavlink/common/mavlink_msg_set_position_target_local_ned.h
[8.846s] -- Installing: /home/jose/TCC/install/mavlink/include/mavlink/common/mavlink_msg_set_attitude_target.h
[8.860s] -- Installing: /home/jose/TCC/install/mavlink/include/mavlink/common/mavlink_msg_param_request_read.h
[8.860s] -- Installing: /home/jose/TCC/install/mavlink/include/mavlink/common/mavlink_msg_hil_sensor.h
[8.862s] -- Installing: /home/jose/TCC/install/mavlink/include/mavlink/common/mavlink_msg_component_metadata.h
[8.862s] -- Installing: /home/jose/TCC/install/mavlink/include/mavlink/common/mavlink_msg_request_data_stream.h
[8.862s] -- Installing: /home/jose/TCC/install/mavlink/include/mavlink/common/mavlink_msg_response_event_error.h
[8.864s] -- Installing: /home/jose/TCC/install/mavlink/include/mavlink/common/mavlink_msg_home_position.h
[8.864s] -- Installing: /home/jose/TCC/install/mavlink/include/mavlink/common/mavlink_msg_open_drone_id_location.h
[8.864s] -- Installing: /home/jose/TCC/install/mavlink/include/mavlink/common/mavlink_msg_global_position_int_cov.h
[8.866s] -- Installing: /home/jose/TCC/install/mavlink/include/mavlink/common/mavlink_msg_change_operator_control_ack.h
[8.866s] -- Installing: /home/jose/TCC/install/mavlink/include/mavlink/common/mavlink_msg_resource_request.h
[8.866s] -- Installing: /home/jose/TCC/install/mavlink/include/mavlink/common/mavlink_msg_log_request_end.h
[8.866s] -- Installing: /home/jose/TCC/install/mavlink/include/mavlink/common/mavlink_msg_current_mode.h
[8.867s] -- Installing: /home/jose/TCC/install/mavlink/include/mavlink/common/mavlink_msg_estimator_status.h
[8.870s] -- Installing: /home/jose/TCC/install/mavlink/include/mavlink/common/mavlink_msg_hil_actuator_controls.h
[8.870s] -- Installing: /home/jose/TCC/install/mavlink/include/mavlink/common/mavlink_msg_gps2_raw.h
[8.870s] -- Installing: /home/jose/TCC/install/mavlink/include/mavlink/common/mavlink_msg_wind_cov.h
[8.871s] -- Installing: /home/jose/TCC/install/mavlink/include/mavlink/common/mavlink_msg_button_change.h
[8.871s] -- Installing: /home/jose/TCC/install/mavlink/include/mavlink/common/mavlink_msg_hil_state_quaternion.h
[8.871s] -- Installing: /home/jose/TCC/install/mavlink/include/mavlink/common/mavlink_msg_mission_write_partial_list.h
[8.871s] -- Installing: /home/jose/TCC/install/mavlink/include/mavlink/common/mavlink_msg_mission_count.h
[8.871s] -- Installing: /home/jose/TCC/install/mavlink/include/mavlink/common/mavlink_msg_play_tune_v2.h
[8.871s] -- Installing: /home/jose/TCC/install/mavlink/include/mavlink/common/mavlink_msg_mission_request_int.h
[8.871s] -- Installing: /home/jose/TCC/install/mavlink/include/mavlink/common/mavlink_msg_data_stream.h
[8.871s] -- Installing: /home/jose/TCC/install/mavlink/include/mavlink/common/mavlink_msg_high_latency2.h
[8.871s] -- Installing: /home/jose/TCC/install/mavlink/include/mavlink/common/mavlink_msg_open_drone_id_operator_id.h
[8.872s] -- Installing: /home/jose/TCC/install/mavlink/include/mavlink/common/mavlink_msg_attitude_target.h
[8.872s] -- Installing: /home/jose/TCC/install/mavlink/include/mavlink/common/mavlink_msg_illuminator_status.h
[8.872s] -- Installing: /home/jose/TCC/install/mavlink/include/mavlink/common/mavlink_msg_open_drone_id_self_id.h
[8.872s] -- Installing: /home/jose/TCC/install/mavlink/include/mavlink/common/mavlink_msg_component_information_basic.h
[8.872s] -- Installing: /home/jose/TCC/install/mavlink/include/mavlink/common/mavlink_msg_mission_item_reached.h
[8.872s] -- Installing: /home/jose/TCC/install/mavlink/include/mavlink/common/mavlink_msg_wifi_config_ap.h
[8.887s] -- Installing: /home/jose/TCC/install/mavlink/include/mavlink/common/mavlink_msg_follow_target.h
[8.887s] -- Installing: /home/jose/TCC/install/mavlink/include/mavlink/common/mavlink_msg_fence_status.h
[8.888s] -- Installing: /home/jose/TCC/install/mavlink/include/mavlink/common/mavlink_msg_terrain_data.h
[8.888s] -- Installing: /home/jose/TCC/install/mavlink/include/mavlink/common/mavlink_msg_global_position_int.h
[8.888s] -- Installing: /home/jose/TCC/install/mavlink/include/mavlink/common/mavlink_msg_autopilot_state_for_gimbal_device.h
[8.891s] -- Installing: /home/jose/TCC/install/mavlink/include/mavlink/common/mavlink_msg_flight_information.h
[8.891s] -- Installing: /home/jose/TCC/install/mavlink/include/mavlink/common/mavlink_msg_terrain_request.h
[8.891s] -- Installing: /home/jose/TCC/install/mavlink/include/mavlink/common/testsuite.h
[8.891s] -- Installing: /home/jose/TCC/install/mavlink/include/mavlink/common/mavlink_msg_request_event.h
[8.895s] -- Installing: /home/jose/TCC/install/mavlink/include/mavlink/common/mavlink_msg_gimbal_manager_set_attitude.h
[8.895s] -- Installing: /home/jose/TCC/install/mavlink/include/mavlink/common/mavlink_msg_log_erase.h
[8.895s] -- Installing: /home/jose/TCC/install/mavlink/include/mavlink/common/mavlink_msg_can_frame.h
[8.895s] -- Installing: /home/jose/TCC/install/mavlink/include/mavlink/common/mavlink_msg_command_long.h
[8.895s] -- Installing: /home/jose/TCC/install/mavlink/include/mavlink/common/mavlink_msg_supported_tunes.h
[8.896s] -- Installing: /home/jose/TCC/install/mavlink/include/mavlink/common/mavlink_msg_uavcan_node_status.h
[8.896s] -- Installing: /home/jose/TCC/install/mavlink/include/mavlink/common/mavlink_msg_landing_target.h
[8.896s] -- Installing: /home/jose/TCC/install/mavlink/include/mavlink/common/mavlink_msg_hil_state.h
[8.896s] -- Installing: /home/jose/TCC/install/mavlink/include/mavlink/common/mavlink_msg_gimbal_device_attitude_status.h
[8.896s] -- Installing: /home/jose/TCC/install/mavlink/include/mavlink/common/mavlink_msg_hil_gps.h
[8.896s] -- Installing: /home/jose/TCC/install/mavlink/include/mavlink/common/mavlink_msg_scaled_imu2.h
[8.896s] -- Installing: /home/jose/TCC/install/mavlink/include/mavlink/common/mavlink_msg_log_data.h
[8.896s] -- Installing: /home/jose/TCC/install/mavlink/include/mavlink/common/mavlink_msg_system_time.h
[8.896s] -- Installing: /home/jose/TCC/install/mavlink/include/mavlink/common/mavlink_msg_available_modes_monitor.h
[8.896s] -- Installing: /home/jose/TCC/install/mavlink/include/mavlink/common/mavlink_msg_local_position_ned_system_global_offset.h
[8.896s] -- Installing: /home/jose/TCC/install/mavlink/include/mavlink/common/mavlink_msg_gps_global_origin.h
[8.896s] -- Installing: /home/jose/TCC/install/mavlink/include/mavlink/common/mavlink_msg_gimbal_device_information.h
[8.897s] -- Installing: /home/jose/TCC/install/mavlink/include/mavlink/common/mavlink_msg_set_gps_global_origin.h
[8.897s] -- Installing: /home/jose/TCC/install/mavlink/include/mavlink/common/mavlink_msg_scaled_pressure3.h
[8.897s] -- Installing: /home/jose/TCC/install/mavlink/include/mavlink/common/common.h
[8.897s] -- Installing: /home/jose/TCC/install/mavlink/include/mavlink/common/mavlink_msg_open_drone_id_arm_status.h
[8.897s] -- Installing: /home/jose/TCC/install/mavlink/include/mavlink/common/mavlink_msg_actuator_output_status.h
[8.897s] -- Installing: /home/jose/TCC/install/mavlink/include/mavlink/common/mavlink_msg_param_ext_request_list.h
[8.897s] -- Installing: /home/jose/TCC/install/mavlink/include/mavlink/common/mavlink_msg_open_drone_id_message_pack.h
[8.897s] -- Installing: /home/jose/TCC/install/mavlink/include/mavlink/common/mavlink_msg_attitude_quaternion_cov.h
[8.897s] -- Installing: /home/jose/TCC/install/mavlink/include/mavlink/common/mavlink_msg_camera_tracking_geo_status.h
[8.897s] -- Installing: /home/jose/TCC/install/mavlink/include/mavlink/common/mavlink_msg_vibration.h
[8.898s] -- Installing: /home/jose/TCC/install/mavlink/include/mavlink/common/mavlink_msg_data_transmission_handshake.h
[8.898s] -- Installing: /home/jose/TCC/install/mavlink/include/mavlink/common/mavlink_msg_memory_vect.h
[8.898s] -- Installing: /home/jose/TCC/install/mavlink/include/mavlink/common/mavlink_msg_video_stream_information.h
[8.898s] -- Installing: /home/jose/TCC/install/mavlink/include/mavlink/common/mavlink_msg_mission_request_list.h
[8.898s] -- Installing: /home/jose/TCC/install/mavlink/include/mavlink/common/mavlink_msg_mission_ack.h
[8.898s] -- Installing: /home/jose/TCC/install/mavlink/include/mavlink/common/mavlink_msg_raw_pressure.h
[8.898s] -- Installing: /home/jose/TCC/install/mavlink/include/mavlink/common/mavlink_msg_v2_extension.h
[8.899s] -- Installing: /home/jose/TCC/install/mavlink/include/mavlink/common/mavlink_msg_raw_imu.h
[8.899s] -- Installing: /home/jose/TCC/install/mavlink/include/mavlink/common/mavlink_msg_open_drone_id_authentication.h
[8.900s] -- Installing: /home/jose/TCC/install/mavlink/include/mavlink/common/mavlink_msg_serial_control.h
[8.900s] -- Installing: /home/jose/TCC/install/mavlink/include/mavlink/common/mavlink_msg_logging_data.h
[8.900s] -- Installing: /home/jose/TCC/install/mavlink/include/mavlink/common/mavlink_msg_set_mode.h
[8.900s] -- Installing: /home/jose/TCC/install/mavlink/include/mavlink/common/mavlink_msg_camera_fov_status.h
[8.900s] -- Installing: /home/jose/TCC/install/mavlink/include/mavlink/common/mavlink_msg_efi_status.h
[8.901s] -- Installing: /home/jose/TCC/install/mavlink/include/mavlink/common/mavlink_msg_hygrometer_sensor.h
[8.901s] -- Installing: /home/jose/TCC/install/mavlink/include/mavlink/common/mavlink_msg_uavcan_node_info.h
[8.901s] -- Installing: /home/jose/TCC/install/mavlink/include/mavlink/common/mavlink_msg_named_value_float.h
[8.901s] -- Installing: /home/jose/TCC/install/mavlink/include/mavlink/common/mavlink_msg_rc_channels_raw.h
[8.902s] -- Installing: /home/jose/TCC/install/mavlink/include/mavlink/common/mavlink_msg_optical_flow_rad.h
[8.902s] -- Installing: /home/jose/TCC/install/mavlink/include/mavlink/common/mavlink_msg_safety_allowed_area.h
[8.902s] -- Installing: /home/jose/TCC/install/mavlink/include/mavlink/common/mavlink_msg_log_request_list.h
[8.902s] -- Installing: /home/jose/TCC/install/mavlink/include/mavlink/common/mavlink_msg_obstacle_distance.h
[8.903s] -- Installing: /home/jose/TCC/install/mavlink/include/mavlink/common/mavlink_msg_setup_signing.h
[8.903s] -- Installing: /home/jose/TCC/install/mavlink/include/mavlink/common/mavlink_msg_esc_info.h
[8.903s] -- Installing: /home/jose/TCC/install/mavlink/include/mavlink/common/mavlink_msg_battery_status.h
[8.903s] -- Installing: /home/jose/TCC/install/mavlink/include/mavlink/common/mavlink_msg_wheel_distance.h
[8.903s] -- Installing: /home/jose/TCC/install/mavlink/include/mavlink/common/mavlink_msg_trajectory_representation_waypoints.h
[8.904s] -- Installing: /home/jose/TCC/install/mavlink/include/mavlink/common/mavlink_msg_debug_float_array.h
[8.904s] -- Installing: /home/jose/TCC/install/mavlink/include/mavlink/common/mavlink_msg_link_node_status.h
[8.904s] -- Installing: /home/jose/TCC/install/mavlink/include/mavlink/common/mavlink_msg_generator_status.h
[8.904s] -- Installing: /home/jose/TCC/install/mavlink/include/mavlink/common/mavlink_msg_event.h
[8.905s] -- Installing: /home/jose/TCC/install/mavlink/include/mavlink/common/mavlink_msg_collision.h
[8.905s] -- Installing: /home/jose/TCC/install/mavlink/include/mavlink/common/mavlink_msg_sim_state.h
[8.908s] -- Installing: /home/jose/TCC/install/mavlink/include/mavlink/common/mavlink_msg_debug.h
[8.908s] -- Installing: /home/jose/TCC/install/mavlink/include/mavlink/common/mavlink_msg_gimbal_manager_set_pitchyaw.h
[8.908s] -- Installing: /home/jose/TCC/install/mavlink/include/mavlink/common/mavlink_msg_scaled_pressure.h
[8.908s] -- Installing: /home/jose/TCC/install/mavlink/include/mavlink/common/mavlink_msg_gimbal_device_set_attitude.h
[8.908s] -- Installing: /home/jose/TCC/install/mavlink/include/mavlink/common/mavlink_msg_can_filter_modify.h
[8.908s] -- Installing: /home/jose/TCC/install/mavlink/include/mavlink/common/mavlink_msg_vfr_hud.h
[8.908s] -- Installing: /home/jose/TCC/install/mavlink/include/mavlink/common/mavlink_msg_gps_status.h
[8.909s] -- Installing: /home/jose/TCC/install/mavlink/include/mavlink/common/mavlink_msg_logging_data_acked.h
[8.909s] -- Installing: /home/jose/TCC/install/mavlink/include/mavlink/common/mavlink_msg_command_cancel.h
[8.909s] -- Installing: /home/jose/TCC/install/mavlink/include/mavlink/common/mavlink_msg_vicon_position_estimate.h
[8.909s] -- Installing: /home/jose/TCC/install/mavlink/include/mavlink/common/mavlink_msg_timesync.h
[8.909s] -- Installing: /home/jose/TCC/install/mavlink/include/mavlink/common/mavlink_msg_vision_speed_estimate.h
[8.909s] -- Installing: /home/jose/TCC/install/mavlink/include/mavlink/common/mavlink_msg_isbd_link_status.h
[8.909s] -- Installing: /home/jose/TCC/install/mavlink/include/mavlink/common/mavlink_msg_nav_controller_output.h
[8.909s] -- Installing: /home/jose/TCC/install/mavlink/include/mavlink/common/mavlink_msg_sys_status.h
[8.909s] -- Installing: /home/jose/TCC/install/mavlink/include/mavlink/common/mavlink_msg_mission_request.h
[8.909s] -- Installing: /home/jose/TCC/install/mavlink/include/mavlink/common/mavlink_msg_position_target_local_ned.h
[8.909s] -- Installing: /home/jose/TCC/install/mavlink/include/mavlink/common/mavlink_msg_scaled_imu.h
[8.909s] -- Installing: /home/jose/TCC/install/mavlink/include/mavlink/common/mavlink_msg_change_operator_control.h
[8.909s] -- Installing: /home/jose/TCC/install/mavlink/include/mavlink/common/mavlink_msg_gps_rtcm_data.h
[8.909s] -- Installing: /home/jose/TCC/install/mavlink/include/mavlink/common/mavlink_msg_param_set.h
[8.909s] -- Installing: /home/jose/TCC/install/mavlink/include/mavlink/common/mavlink_msg_actuator_control_target.h
[8.909s] -- Installing: /home/jose/TCC/install/mavlink/include/mavlink/common/mavlink_msg_winch_status.h
[8.910s] -- Installing: /home/jose/TCC/install/mavlink/include/mavlink/common/mavlink_msg_param_value.h
[8.910s] -- Installing: /home/jose/TCC/install/mavlink/include/mavlink/common/mavlink_msg_manual_setpoint.h
[8.910s] -- Installing: /home/jose/TCC/install/mavlink/include/mavlink/common/mavlink_msg_logging_ack.h
[8.910s] -- Installing: /home/jose/TCC/install/mavlink/include/mavlink/common/mavlink_msg_ais_vessel.h
[8.910s] -- Installing: /home/jose/TCC/install/mavlink/include/mavlink/common/mavlink_msg_camera_information.h
[8.911s] -- Installing: /home/jose/TCC/install/mavlink/include/mavlink/common/mavlink_msg_hil_rc_inputs_raw.h
[8.911s] -- Installing: /home/jose/TCC/install/mavlink/include/mavlink/common/mavlink_msg_set_actuator_control_target.h
[8.911s] -- Installing: /home/jose/TCC/install/mavlink/include/mavlink/common/mavlink_msg_local_position_ned_cov.h
[8.912s] -- Installing: /home/jose/TCC/install/mavlink/include/mavlink/common/mavlink_msg_set_home_position.h
[8.912s] -- Installing: /home/jose/TCC/install/mavlink/include/mavlink/common/mavlink_msg_open_drone_id_basic_id.h
[8.912s] -- Installing: /home/jose/TCC/install/mavlink/include/mavlink/common/mavlink_msg_named_value_int.h
[8.912s] -- Installing: /home/jose/TCC/install/mavlink/include/mavlink/common/mavlink_msg_utm_global_position.h
[8.912s] -- Installing: /home/jose/TCC/install/mavlink/include/mavlink/common/mavlink_msg_param_ext_ack.h
[8.913s] -- Installing: /home/jose/TCC/install/mavlink/include/mavlink/common/mavlink_msg_camera_trigger.h
[8.913s] -- Installing: /home/jose/TCC/install/mavlink/include/mavlink/common/mavlink_msg_raw_rpm.h
[8.913s] -- Installing: /home/jose/TCC/install/mavlink/include/mavlink/common/mavlink_msg_log_request_data.h
[8.913s] -- Installing: /home/jose/TCC/install/mavlink/include/mavlink/common/mavlink_msg_rc_channels_override.h
[8.914s] -- Installing: /home/jose/TCC/install/mavlink/include/mavlink/common/mavlink_msg_file_transfer_protocol.h
[8.914s] -- Installing: /home/jose/TCC/install/mavlink/include/mavlink/common/mavlink_msg_odometry.h
[8.914s] -- Installing: /home/jose/TCC/install/mavlink/include/mavlink/common/mavlink_msg_radio_status.h
[8.914s] -- Installing: /home/jose/TCC/install/mavlink/include/mavlink/common/mavlink_msg_storage_information.h
[8.914s] -- Installing: /home/jose/TCC/install/mavlink/include/mavlink/common/mavlink_msg_trajectory_representation_bezier.h
[8.915s] -- Installing: /home/jose/TCC/install/mavlink/include/mavlink/common/mavlink_msg_fuel_status.h
[8.915s] -- Installing: /home/jose/TCC/install/mavlink/include/mavlink/common/mavlink_msg_rc_channels_scaled.h
[8.915s] -- Installing: /home/jose/TCC/install/mavlink/include/mavlink/common/mavlink_msg_param_ext_value.h
[8.915s] -- Installing: /home/jose/TCC/install/mavlink/include/mavlink/common/mavlink_msg_scaled_pressure2.h
[8.916s] -- Installing: /home/jose/TCC/install/mavlink/include/mavlink/common/mavlink_msg_attitude_quaternion.h
[8.916s] -- Installing: /home/jose/TCC/install/mavlink/include/mavlink/common/mavlink_msg_rc_channels.h
[8.917s] -- Installing: /home/jose/TCC/install/mavlink/include/mavlink/common/mavlink_msg_statustext.h
[8.919s] -- Installing: /home/jose/TCC/install/mavlink/include/mavlink/common/mavlink_msg_highres_imu.h
[8.919s] -- Installing: /home/jose/TCC/install/mavlink/include/mavlink/common/mavlink_msg_control_system_state.h
[8.919s] -- Installing: /home/jose/TCC/install/mavlink/include/mavlink/common/mavlink_msg_gimbal_manager_status.h
[8.919s] -- Installing: /home/jose/TCC/install/mavlink/include/mavlink/common/mavlink_msg_param_map_rc.h
[8.919s] -- Installing: /home/jose/TCC/install/mavlink/include/mavlink/common/mavlink_msg_gps_raw_int.h
[8.919s] -- Installing: /home/jose/TCC/install/mavlink/include/mavlink/common/mavlink_msg_open_drone_id_system_update.h
[8.920s] -- Installing: /home/jose/TCC/install/mavlink/include/mavlink/common/mavlink_msg_altitude.h
[8.920s] -- Installing: /home/jose/TCC/install/mavlink/include/mavlink/common/mavlink_msg_esc_status.h
[8.920s] -- Installing: /home/jose/TCC/install/mavlink/include/mavlink/common/mavlink_msg_cellular_config.h
[8.920s] -- Installing: /home/jose/TCC/install/mavlink/include/mavlink/common/mavlink_msg_ping.h
[8.920s] -- Installing: /home/jose/TCC/install/mavlink/include/mavlink/common/mavlink_msg_auth_key.h
[8.920s] -- Installing: /home/jose/TCC/install/mavlink/include/mavlink/common/mavlink_msg_camera_thermal_range.h
[8.920s] -- Installing: /home/jose/TCC/install/mavlink/include/mavlink/common/mavlink_msg_hil_optical_flow.h
[8.920s] -- Installing: /home/jose/TCC/install/mavlink/include/mavlink/common/mavlink_msg_camera_settings.h
[8.920s] -- Installing: /home/jose/TCC/install/mavlink/include/mavlink/common/mavlink_msg_param_request_list.h
[8.920s] -- Installing: /home/jose/TCC/install/mavlink/include/mavlink/common/mavlink_msg_play_tune.h
[8.927s] -- Installing: /home/jose/TCC/install/mavlink/include/mavlink/common/mavlink_msg_battery_info.h
[8.927s] -- Installing: /home/jose/TCC/install/mavlink/include/mavlink/common/mavlink_msg_mission_current.h
[8.927s] -- Installing: /home/jose/TCC/install/mavlink/include/mavlink/common/mavlink_msg_servo_output_raw.h
[8.927s] -- Installing: /home/jose/TCC/install/mavlink/include/mavlink/common/mavlink_msg_param_ext_request_read.h
[8.927s] -- Installing: /home/jose/TCC/install/mavlink/include/mavlink/common/mavlink_msg_camera_image_captured.h
[8.927s] -- Installing: /home/jose/TCC/install/mavlink/include/mavlink/common/mavlink_msg_mount_orientation.h
[8.927s] -- Installing: /home/jose/TCC/install/mavlink/include/mavlink/common/mavlink_msg_distance_sensor.h
[8.928s] -- Installing: /home/jose/TCC/install/mavlink/include/mavlink/common/mavlink_msg_component_information.h
[8.928s] -- Installing: /home/jose/TCC/install/mavlink/include/mavlink/common/mavlink_msg_gps_rtk.h
[8.928s] -- Installing: /home/jose/TCC/install/mavlink/include/mavlink/common/mavlink_msg_mag_cal_report.h
[8.928s] -- Installing: /home/jose/TCC/install/mavlink/include/mavlink/common/mavlink_msg_vision_position_estimate.h
[8.928s] -- Installing: /home/jose/TCC/install/mavlink/include/mavlink/common/mavlink_msg_optical_flow.h
[8.928s] -- Installing: /home/jose/TCC/install/mavlink/include/mavlink/common/mavlink_msg_att_pos_mocap.h
[8.928s] -- Installing: /home/jose/TCC/install/mavlink/include/mavlink/common/version.h
[8.928s] -- Installing: /home/jose/TCC/install/mavlink/include/mavlink/common/mavlink_msg_mission_item_int.h
[8.928s] -- Installing: /home/jose/TCC/install/mavlink/include/mavlink/common/mavlink_msg_time_estimate_to_target.h
[8.928s] -- Installing: /home/jose/TCC/install/mavlink/include/mavlink/common/mavlink_msg_encapsulated_data.h
[8.928s] -- Installing: /home/jose/TCC/install/mavlink/include/mavlink/common/mavlink_msg_terrain_check.h
[8.929s] -- Installing: /home/jose/TCC/install/mavlink/include/mavlink/common/mavlink_msg_param_ext_set.h
[8.929s] -- Installing: /home/jose/TCC/install/mavlink/include/mavlink/common/mavlink_msg_position_target_global_int.h
[8.929s] -- Installing: /home/jose/TCC/install/mavlink/include/mavlink/common/mavlink_msg_extended_sys_state.h
[8.929s] -- Installing: /home/jose/TCC/install/mavlink/include/mavlink/common/mavlink_msg_manual_control.h
[8.929s] -- Installing: /home/jose/TCC/install/mavlink/include/mavlink/common/mavlink_msg_command_int.h
[8.930s] -- Installing: /home/jose/TCC/install/mavlink/include/mavlink/common/mavlink_msg_command_ack.h
[8.930s] -- Installing: /home/jose/TCC/install/mavlink/include/mavlink/common/mavlink_msg_scaled_imu3.h
[8.930s] -- Installing: /home/jose/TCC/install/mavlink/include/mavlink/common/mavlink_msg_log_entry.h
[8.930s] -- Installing: /home/jose/TCC/install/mavlink/include/mavlink/common/mavlink_msg_local_position_ned.h
[8.930s] -- Installing: /home/jose/TCC/install/mavlink/include/mavlink/common/mavlink_msg_available_modes.h
[8.931s] -- Installing: /home/jose/TCC/install/mavlink/include/mavlink/common/mavlink_msg_gps_input.h
[8.931s] -- Installing: /home/jose/TCC/install/mavlink/include/mavlink/common/mavlink_msg_camera_tracking_image_status.h
[8.935s] -- Installing: /home/jose/TCC/install/mavlink/include/mavlink/common/mavlink_msg_mission_item.h
[8.935s] -- Installing: /home/jose/TCC/install/mavlink/include/mavlink/common/mavlink_msg_current_event_sequence.h
[8.936s] -- Installing: /home/jose/TCC/install/mavlink/include/mavlink/common/mavlink_msg_safety_set_allowed_area.h
[8.936s] -- Installing: /home/jose/TCC/install/mavlink/include/mavlink/common/mavlink_msg_orbit_execution_status.h
[8.936s] -- Installing: /home/jose/TCC/install/mavlink/include/mavlink/common/mavlink_msg_gps2_rtk.h
[8.936s] -- Installing: /home/jose/TCC/install/mavlink/include/mavlink/common/mavlink_msg_high_latency.h
[8.936s] -- Installing: /home/jose/TCC/install/mavlink/include/mavlink/common/mavlink_msg_set_position_target_global_int.h
[8.937s] -- Installing: /home/jose/TCC/install/mavlink/include/mavlink/common/mavlink_msg_gimbal_manager_information.h
[8.937s] -- Installing: /home/jose/TCC/install/mavlink/include/mavlink/mavlink_conversions.h
[8.937s] -- Installing: /home/jose/TCC/install/mavlink/include/mavlink/standard
[8.940s] -- Installing: /home/jose/TCC/install/mavlink/include/mavlink/standard/mavlink.h
[8.940s] -- Installing: /home/jose/TCC/install/mavlink/include/mavlink/standard/standard.h
[8.940s] -- Installing: /home/jose/TCC/install/mavlink/include/mavlink/standard/testsuite.h
[8.940s] -- Installing: /home/jose/TCC/install/mavlink/include/mavlink/standard/version.h
[8.940s] -- Installing: /home/jose/TCC/install/mavlink/include/mavlink/protocol.h
[8.940s] -- Installing: /home/jose/TCC/install/mavlink/include/mavlink/mavlink_types.h
[8.940s] -- Installing: /home/jose/TCC/install/mavlink/include/mavlink/minimal
[8.941s] -- Installing: /home/jose/TCC/install/mavlink/include/mavlink/minimal/mavlink.h
[8.941s] -- Installing: /home/jose/TCC/install/mavlink/include/mavlink/minimal/mavlink_msg_protocol_version.h
[8.941s] -- Installing: /home/jose/TCC/install/mavlink/include/mavlink/minimal/testsuite.h
[8.941s] -- Installing: /home/jose/TCC/install/mavlink/include/mavlink/minimal/mavlink_msg_heartbeat.h
[8.941s] -- Installing: /home/jose/TCC/install/mavlink/include/mavlink/minimal/version.h
[8.941s] -- Installing: /home/jose/TCC/install/mavlink/include/mavlink/minimal/minimal.h
[8.941s] -- Installing: /home/jose/TCC/install/mavlink/lib/cmake/MAVLink/MAVLinkTargets.cmake
[8.941s] -- Installing: /home/jose/TCC/install/mavlink/lib/cmake/MAVLink/MAVLinkConfig.cmake
[8.943s] Invoked command in '/home/jose/TCC/build/mavlink' returned '0': /usr/bin/cmake --install /home/jose/TCC/build/mavlink
