[0.830s] Invoking command in '/home/jose/TCC/src/wind_turbine': PYTHONPATH=/home/jose/TCC/build/wind_turbine/prefix_override:/usr/lib/python3/dist-packages/colcon_core/task/python/colcon_distutils_commands:/home/jose/TCC/install/wind_turbine/lib/python3.10/site-packages:${PYTHONPATH} /usr/bin/python3 -W ignore:setup.py install is deprecated -W ignore:easy_install command is deprecated setup.py egg_info --egg-base ../../build/wind_turbine build --build-base /home/jose/TCC/build/wind_turbine/build install --record /home/jose/TCC/build/wind_turbine/install.log --single-version-externally-managed install_data
[1.147s] running egg_info
[1.148s] writing ../../build/wind_turbine/wind_turbine.egg-info/PKG-INFO
[1.148s] writing dependency_links to ../../build/wind_turbine/wind_turbine.egg-info/dependency_links.txt
[1.148s] writing entry points to ../../build/wind_turbine/wind_turbine.egg-info/entry_points.txt
[1.148s] writing requirements to ../../build/wind_turbine/wind_turbine.egg-info/requires.txt
[1.148s] writing top-level names to ../../build/wind_turbine/wind_turbine.egg-info/top_level.txt
[1.149s] reading manifest file '../../build/wind_turbine/wind_turbine.egg-info/SOURCES.txt'
[1.149s] writing manifest file '../../build/wind_turbine/wind_turbine.egg-info/SOURCES.txt'
[1.149s] running build
[1.150s] running build_py
[1.150s] running install
[1.150s] running install_lib
[1.152s] running install_data
[1.152s] copying launch/wind_launch.py -> /home/jose/TCC/install/wind_turbine/share/wind_turbine/launch
[1.152s] running install_egg_info
[1.155s] removing '/home/jose/TCC/install/wind_turbine/lib/python3.10/site-packages/wind_turbine-0.0.0-py3.10.egg-info' (and everything under it)
[1.155s] Copying ../../build/wind_turbine/wind_turbine.egg-info to /home/jose/TCC/install/wind_turbine/lib/python3.10/site-packages/wind_turbine-0.0.0-py3.10.egg-info
[1.155s] running install_scripts
[1.182s] writing list of installed files to '/home/jose/TCC/build/wind_turbine/install.log'
[1.194s] Invoked command in '/home/jose/TCC/src/wind_turbine' returned '0': PYTHONPATH=/home/jose/TCC/build/wind_turbine/prefix_override:/usr/lib/python3/dist-packages/colcon_core/task/python/colcon_distutils_commands:/home/jose/TCC/install/wind_turbine/lib/python3.10/site-packages:${PYTHONPATH} /usr/bin/python3 -W ignore:setup.py install is deprecated -W ignore:easy_install command is deprecated setup.py egg_info --egg-base ../../build/wind_turbine build --build-base /home/jose/TCC/build/wind_turbine/build install --record /home/jose/TCC/build/wind_turbine/install.log --single-version-externally-managed install_data
