-- The C compiler identification is GNU 11.4.0
-- The CXX compiler identification is GNU 11.4.0
-- Detecting C compiler ABI info
-- Detecting C compiler ABI info - done
-- Check for working C compiler: /usr/bin/cc - skipped
-- Detecting C compile features
-- Detecting C compile features - done
-- Detecting CXX compiler ABI info
-- Detecting CXX compiler ABI info - done
-- Check for working CXX compiler: /usr/bin/c++ - skipped
-- Detecting CXX compile features
-- Detecting CXX compile features - done
-- Found ament_cmake: 1.3.11 (/home/jose/ros2_humble/install/ament_cmake/share/ament_cmake/cmake)
-- Found Python3: /usr/bin/python3 (found version "3.10.12") found components: Interpreter 
-- Override CMake install command with custom implementation using symlinks instead of copying resources
-- Found unique_identifier_msgs: 2.2.1 (/home/jose/ros2_humble/install/unique_identifier_msgs/share/unique_identifier_msgs/cmake)
-- Found rosidl_generator_c: 3.1.6 (/home/jose/ros2_humble/install/rosidl_generator_c/share/rosidl_generator_c/cmake)
-- Found rosidl_adapter: 3.1.6 (/home/jose/ros2_humble/install/rosidl_adapter/share/rosidl_adapter/cmake)
-- Found rosidl_generator_cpp: 3.1.6 (/home/jose/ros2_humble/install/rosidl_generator_cpp/share/rosidl_generator_cpp/cmake)
-- Using all available rosidl_typesupport_c: rosidl_typesupport_introspection_c;rosidl_typesupport_fastrtps_c
-- Using all available rosidl_typesupport_cpp: rosidl_typesupport_introspection_cpp;rosidl_typesupport_fastrtps_cpp
-- Found std_msgs: 4.8.0 (/home/jose/ros2_humble/install/std_msgs/share/std_msgs/cmake)
-- Found geometry_msgs: 4.8.0 (/home/jose/ros2_humble/install/geometry_msgs/share/geometry_msgs/cmake)
-- Found rosidl_default_generators: 1.2.0 (/home/jose/ros2_humble/install/rosidl_default_generators/share/rosidl_default_generators/cmake)
-- Found ament_cmake_ros: 0.10.0 (/home/jose/ros2_humble/install/ament_cmake_ros/share/ament_cmake_ros/cmake)
-- Using all available rosidl_typesupport_c: rosidl_typesupport_introspection_c;rosidl_typesupport_fastrtps_c
-- Using all available rosidl_typesupport_cpp: rosidl_typesupport_introspection_cpp;rosidl_typesupport_fastrtps_cpp
-- Found PythonInterp: /usr/bin/python3 (found suitable version "3.10.12", minimum required is "3.6") 
-- Found python_cmake_module: 0.10.0 (/home/jose/ros2_humble/install/python_cmake_module/share/python_cmake_module/cmake)
-- Found PythonLibs: /usr/lib/x86_64-linux-gnu/libpython3.10.so (found suitable version "3.10.12", minimum required is "3.5") 
-- Using PYTHON_EXECUTABLE: /usr/bin/python3
-- Using PYTHON_INCLUDE_DIRS: /usr/include/python3.10
-- Using PYTHON_LIBRARIES: /usr/lib/x86_64-linux-gnu/libpython3.10.so
-- Found PythonExtra: .so  
-- Found ament_lint_auto: 0.12.12 (/home/jose/ros2_humble/install/ament_lint_auto/share/ament_lint_auto/cmake)
-- Found gtest sources under '/home/jose/ros2_humble/install/gtest_vendor/src/gtest_vendor': C++ tests using 'Google Test' will be built
-- Looking for pthread.h
-- Looking for pthread.h - found
-- Performing Test CMAKE_HAVE_LIBC_PTHREAD
-- Performing Test CMAKE_HAVE_LIBC_PTHREAD - Success
-- Found Threads: TRUE  
-- Added test 'cppcheck' to perform static code analysis on C / C++ code
-- Configured cppcheck include dirs: $<BUILD_INTERFACE:/home/jose/TCC/src/geographic_info/geographic_msgs/include>
-- Configured cppcheck exclude dirs and/or files: 
-- Added test 'cpplint' to check C / C++ code against the Google style
-- Configured cpplint exclude dirs and/or files: 
-- Added test 'lint_cmake' to check CMake code style
-- Added test 'uncrustify' to check C / C++ code style
-- Configured uncrustify additional arguments: 
-- Added test 'xmllint' to check XML markup files
-- Configuring done
-- Generating done
-- Build files have been written to: /home/jose/TCC/build/geographic_msgs
[  0%] [34m[1mGenerating C code for ROS interfaces[0m
[  1%] [32mBuilding CXX object gtest/CMakeFiles/gtest_main.dir/src/gtest_main.cc.o[0m
[  2%] [32mBuilding CXX object gtest/CMakeFiles/gtest.dir/src/gtest-all.cc.o[0m
[  2%] [34m[1mGenerating C++ code for ROS interfaces[0m
[  2%] Built target ament_cmake_python_symlink_geographic_msgs
running egg_info
creating geographic_msgs.egg-info
writing geographic_msgs.egg-info/PKG-INFO
writing dependency_links to geographic_msgs.egg-info/dependency_links.txt
writing top-level names to geographic_msgs.egg-info/top_level.txt
writing manifest file 'geographic_msgs.egg-info/SOURCES.txt'
reading manifest file 'geographic_msgs.egg-info/SOURCES.txt'
writing manifest file 'geographic_msgs.egg-info/SOURCES.txt'
[  2%] Built target ament_cmake_python_build_geographic_msgs_egg
[  2%] [32m[1mLinking CXX static library libgtest_main.a[0m
[  2%] Built target gtest_main
[  2%] Built target geographic_msgs__cpp
[  3%] [34m[1mGenerating C++ type support for eProsima Fast-RTPS[0m
[  4%] [34m[1mGenerating C++ type support dispatch for ROS interfaces[0m
[  4%] [34m[1mGenerating C++ introspection for ROS interfaces[0m
[  5%] [32mBuilding C object CMakeFiles/geographic_msgs__rosidl_generator_c.dir/rosidl_generator_c/geographic_msgs/msg/detail/geographic_map__functions.c.o[0m
[  6%] [32mBuilding C object CMakeFiles/geographic_msgs__rosidl_generator_c.dir/rosidl_generator_c/geographic_msgs/msg/detail/geo_point__functions.c.o[0m
[  5%] [32mBuilding C object CMakeFiles/geographic_msgs__rosidl_generator_c.dir/rosidl_generator_c/geographic_msgs/msg/detail/geographic_map_changes__functions.c.o[0m
[  7%] [32mBuilding C object CMakeFiles/geographic_msgs__rosidl_generator_c.dir/rosidl_generator_c/geographic_msgs/msg/detail/geo_pose_with_covariance__functions.c.o[0m
[  7%] [32mBuilding C object CMakeFiles/geographic_msgs__rosidl_generator_c.dir/rosidl_generator_c/geographic_msgs/msg/detail/geo_pose_stamped__functions.c.o[0m
[  7%] [32mBuilding C object CMakeFiles/geographic_msgs__rosidl_generator_c.dir/rosidl_generator_c/geographic_msgs/msg/detail/geo_path__functions.c.o[0m
[  9%] [32mBuilding C object CMakeFiles/geographic_msgs__rosidl_generator_c.dir/rosidl_generator_c/geographic_msgs/msg/detail/bounding_box__functions.c.o[0m
[  9%] [32mBuilding C object CMakeFiles/geographic_msgs__rosidl_generator_c.dir/rosidl_generator_c/geographic_msgs/msg/detail/geo_pose__functions.c.o[0m
[  9%] [32mBuilding C object CMakeFiles/geographic_msgs__rosidl_generator_c.dir/rosidl_generator_c/geographic_msgs/msg/detail/geo_point_stamped__functions.c.o[0m
[  9%] [32mBuilding C object CMakeFiles/geographic_msgs__rosidl_generator_c.dir/rosidl_generator_c/geographic_msgs/msg/detail/geo_pose_with_covariance_stamped__functions.c.o[0m
[ 10%] [32mBuilding C object CMakeFiles/geographic_msgs__rosidl_generator_c.dir/rosidl_generator_c/geographic_msgs/msg/detail/key_value__functions.c.o[0m
[ 10%] [32mBuilding C object CMakeFiles/geographic_msgs__rosidl_generator_c.dir/rosidl_generator_c/geographic_msgs/msg/detail/map_feature__functions.c.o[0m
[ 10%] [32mBuilding C object CMakeFiles/geographic_msgs__rosidl_generator_c.dir/rosidl_generator_c/geographic_msgs/msg/detail/route_path__functions.c.o[0m
[ 11%] [32mBuilding C object CMakeFiles/geographic_msgs__rosidl_generator_c.dir/rosidl_generator_c/geographic_msgs/msg/detail/route_network__functions.c.o[0m
[ 12%] [32mBuilding C object CMakeFiles/geographic_msgs__rosidl_generator_c.dir/rosidl_generator_c/geographic_msgs/srv/detail/get_geo_path__functions.c.o[0m
[ 13%] [32mBuilding C object CMakeFiles/geographic_msgs__rosidl_generator_c.dir/rosidl_generator_c/geographic_msgs/srv/detail/update_geographic_map__functions.c.o[0m
[ 13%] [32mBuilding C object CMakeFiles/geographic_msgs__rosidl_generator_c.dir/rosidl_generator_c/geographic_msgs/srv/detail/get_geographic_map__functions.c.o[0m
[ 14%] [32mBuilding C object CMakeFiles/geographic_msgs__rosidl_generator_c.dir/rosidl_generator_c/geographic_msgs/msg/detail/way_point__functions.c.o[0m
[ 15%] [32mBuilding C object CMakeFiles/geographic_msgs__rosidl_generator_c.dir/rosidl_generator_c/geographic_msgs/msg/detail/route_segment__functions.c.o[0m
[ 15%] [32mBuilding C object CMakeFiles/geographic_msgs__rosidl_generator_c.dir/rosidl_generator_c/geographic_msgs/srv/detail/get_route_plan__functions.c.o[0m
[ 15%] [32m[1mLinking C shared library libgeographic_msgs__rosidl_generator_c.so[0m
[ 15%] Built target geographic_msgs__rosidl_generator_c
[ 17%] [34m[1mGenerating C type support for eProsima Fast-RTPS[0m
[ 17%] [34m[1mGenerating C introspection for ROS interfaces[0m
[ 17%] [34m[1mGenerating C type support dispatch for ROS interfaces[0m
[ 17%] [32m[1mLinking CXX static library libgtest.a[0m
[ 17%] Built target gtest
[ 18%] [32mBuilding CXX object CMakeFiles/geographic_msgs__rosidl_typesupport_introspection_cpp.dir/rosidl_typesupport_introspection_cpp/geographic_msgs/msg/detail/bounding_box__type_support.cpp.o[0m
[ 18%] [32mBuilding CXX object CMakeFiles/geographic_msgs__rosidl_typesupport_introspection_cpp.dir/rosidl_typesupport_introspection_cpp/geographic_msgs/msg/detail/geographic_map_changes__type_support.cpp.o[0m
[ 19%] [32mBuilding CXX object CMakeFiles/geographic_msgs__rosidl_typesupport_introspection_cpp.dir/rosidl_typesupport_introspection_cpp/geographic_msgs/msg/detail/geographic_map__type_support.cpp.o[0m
[ 19%] [32mBuilding CXX object CMakeFiles/geographic_msgs__rosidl_typesupport_introspection_cpp.dir/rosidl_typesupport_introspection_cpp/geographic_msgs/msg/detail/geo_path__type_support.cpp.o[0m
[ 19%] [32mBuilding CXX object CMakeFiles/geographic_msgs__rosidl_typesupport_introspection_cpp.dir/rosidl_typesupport_introspection_cpp/geographic_msgs/msg/detail/geo_point_stamped__type_support.cpp.o[0m
[ 20%] [32mBuilding CXX object CMakeFiles/geographic_msgs__rosidl_typesupport_introspection_cpp.dir/rosidl_typesupport_introspection_cpp/geographic_msgs/msg/detail/geo_point__type_support.cpp.o[0m
[ 21%] [32mBuilding CXX object CMakeFiles/geographic_msgs__rosidl_typesupport_introspection_cpp.dir/rosidl_typesupport_introspection_cpp/geographic_msgs/msg/detail/geo_pose__type_support.cpp.o[0m
[ 21%] [32mBuilding CXX object CMakeFiles/geographic_msgs__rosidl_typesupport_fastrtps_cpp.dir/rosidl_typesupport_fastrtps_cpp/geographic_msgs/msg/detail/dds_fastrtps/bounding_box__type_support.cpp.o[0m
[ 21%] [32mBuilding CXX object CMakeFiles/geographic_msgs__rosidl_typesupport_introspection_cpp.dir/rosidl_typesupport_introspection_cpp/geographic_msgs/msg/detail/geo_pose_stamped__type_support.cpp.o[0m
[ 22%] [32mBuilding CXX object CMakeFiles/geographic_msgs__rosidl_typesupport_introspection_cpp.dir/rosidl_typesupport_introspection_cpp/geographic_msgs/msg/detail/geo_pose_with_covariance__type_support.cpp.o[0m
[ 23%] [32mBuilding CXX object CMakeFiles/geographic_msgs__rosidl_typesupport_introspection_cpp.dir/rosidl_typesupport_introspection_cpp/geographic_msgs/msg/detail/geo_pose_with_covariance_stamped__type_support.cpp.o[0m
[ 24%] [32mBuilding CXX object CMakeFiles/geographic_msgs__rosidl_typesupport_fastrtps_cpp.dir/rosidl_typesupport_fastrtps_cpp/geographic_msgs/msg/detail/dds_fastrtps/geographic_map_changes__type_support.cpp.o[0m
[ 24%] [32mBuilding CXX object CMakeFiles/geographic_msgs__rosidl_typesupport_cpp.dir/rosidl_typesupport_cpp/geographic_msgs/msg/bounding_box__type_support.cpp.o[0m
[ 24%] [32mBuilding CXX object CMakeFiles/geographic_msgs__rosidl_typesupport_introspection_cpp.dir/rosidl_typesupport_introspection_cpp/geographic_msgs/msg/detail/key_value__type_support.cpp.o[0m
[ 24%] [32mBuilding CXX object CMakeFiles/geographic_msgs__rosidl_typesupport_fastrtps_cpp.dir/rosidl_typesupport_fastrtps_cpp/geographic_msgs/msg/detail/dds_fastrtps/geographic_map__type_support.cpp.o[0m
[ 25%] [32mBuilding CXX object CMakeFiles/geographic_msgs__rosidl_typesupport_cpp.dir/rosidl_typesupport_cpp/geographic_msgs/msg/geo_path__type_support.cpp.o[0m
[ 25%] [32mBuilding CXX object CMakeFiles/geographic_msgs__rosidl_typesupport_cpp.dir/rosidl_typesupport_cpp/geographic_msgs/msg/geographic_map__type_support.cpp.o[0m
[ 26%] [32mBuilding CXX object CMakeFiles/geographic_msgs__rosidl_typesupport_cpp.dir/rosidl_typesupport_cpp/geographic_msgs/msg/geographic_map_changes__type_support.cpp.o[0m
[ 27%] [32mBuilding CXX object CMakeFiles/geographic_msgs__rosidl_typesupport_fastrtps_cpp.dir/rosidl_typesupport_fastrtps_cpp/geographic_msgs/msg/detail/dds_fastrtps/geo_path__type_support.cpp.o[0m
[ 28%] [32mBuilding CXX object CMakeFiles/geographic_msgs__rosidl_typesupport_introspection_cpp.dir/rosidl_typesupport_introspection_cpp/geographic_msgs/msg/detail/map_feature__type_support.cpp.o[0m
[ 29%] [32mBuilding CXX object CMakeFiles/geographic_msgs__rosidl_typesupport_cpp.dir/rosidl_typesupport_cpp/geographic_msgs/msg/geo_point_stamped__type_support.cpp.o[0m
[ 29%] [32mBuilding CXX object CMakeFiles/geographic_msgs__rosidl_typesupport_introspection_cpp.dir/rosidl_typesupport_introspection_cpp/geographic_msgs/msg/detail/route_network__type_support.cpp.o[0m
[ 29%] [32mBuilding CXX object CMakeFiles/geographic_msgs__rosidl_typesupport_cpp.dir/rosidl_typesupport_cpp/geographic_msgs/msg/geo_point__type_support.cpp.o[0m
[ 30%] [32mBuilding CXX object CMakeFiles/geographic_msgs__rosidl_typesupport_fastrtps_cpp.dir/rosidl_typesupport_fastrtps_cpp/geographic_msgs/msg/detail/dds_fastrtps/geo_point__type_support.cpp.o[0m
[ 30%] [32mBuilding CXX object CMakeFiles/geographic_msgs__rosidl_typesupport_cpp.dir/rosidl_typesupport_cpp/geographic_msgs/msg/geo_pose__type_support.cpp.o[0m
[ 31%] [32mBuilding CXX object CMakeFiles/geographic_msgs__rosidl_typesupport_cpp.dir/rosidl_typesupport_cpp/geographic_msgs/msg/geo_pose_stamped__type_support.cpp.o[0m
[ 31%] [32mBuilding CXX object CMakeFiles/geographic_msgs__rosidl_typesupport_fastrtps_cpp.dir/rosidl_typesupport_fastrtps_cpp/geographic_msgs/msg/detail/dds_fastrtps/geo_point_stamped__type_support.cpp.o[0m
[ 31%] [32mBuilding CXX object CMakeFiles/geographic_msgs__rosidl_typesupport_cpp.dir/rosidl_typesupport_cpp/geographic_msgs/msg/geo_pose_with_covariance__type_support.cpp.o[0m
[ 32%] [32mBuilding CXX object CMakeFiles/geographic_msgs__rosidl_typesupport_introspection_cpp.dir/rosidl_typesupport_introspection_cpp/geographic_msgs/msg/detail/route_path__type_support.cpp.o[0m
[ 33%] [32mBuilding CXX object CMakeFiles/geographic_msgs__rosidl_typesupport_fastrtps_cpp.dir/rosidl_typesupport_fastrtps_cpp/geographic_msgs/msg/detail/dds_fastrtps/geo_pose__type_support.cpp.o[0m
[ 33%] [32mBuilding CXX object CMakeFiles/geographic_msgs__rosidl_typesupport_introspection_cpp.dir/rosidl_typesupport_introspection_cpp/geographic_msgs/msg/detail/route_segment__type_support.cpp.o[0m
[ 33%] [32mBuilding CXX object CMakeFiles/geographic_msgs__rosidl_typesupport_fastrtps_cpp.dir/rosidl_typesupport_fastrtps_cpp/geographic_msgs/msg/detail/dds_fastrtps/geo_pose_stamped__type_support.cpp.o[0m
[ 34%] [32mBuilding CXX object CMakeFiles/geographic_msgs__rosidl_typesupport_fastrtps_cpp.dir/rosidl_typesupport_fastrtps_cpp/geographic_msgs/msg/detail/dds_fastrtps/geo_pose_with_covariance__type_support.cpp.o[0m
[ 34%] [32mBuilding CXX object CMakeFiles/geographic_msgs__rosidl_typesupport_c.dir/rosidl_typesupport_c/geographic_msgs/msg/bounding_box__type_support.cpp.o[0m
[ 35%] [32mBuilding CXX object CMakeFiles/geographic_msgs__rosidl_typesupport_introspection_cpp.dir/rosidl_typesupport_introspection_cpp/geographic_msgs/msg/detail/way_point__type_support.cpp.o[0m
[ 35%] [32mBuilding CXX object CMakeFiles/geographic_msgs__rosidl_typesupport_introspection_cpp.dir/rosidl_typesupport_introspection_cpp/geographic_msgs/srv/detail/get_geographic_map__type_support.cpp.o[0m
[ 35%] [32mBuilding CXX object CMakeFiles/geographic_msgs__rosidl_typesupport_fastrtps_cpp.dir/rosidl_typesupport_fastrtps_cpp/geographic_msgs/msg/detail/dds_fastrtps/geo_pose_with_covariance_stamped__type_support.cpp.o[0m
[ 36%] [32mBuilding CXX object CMakeFiles/geographic_msgs__rosidl_typesupport_c.dir/rosidl_typesupport_c/geographic_msgs/msg/geographic_map_changes__type_support.cpp.o[0m
[ 36%] [32mBuilding CXX object CMakeFiles/geographic_msgs__rosidl_typesupport_c.dir/rosidl_typesupport_c/geographic_msgs/msg/geographic_map__type_support.cpp.o[0m
[ 37%] [32mBuilding CXX object CMakeFiles/geographic_msgs__rosidl_typesupport_c.dir/rosidl_typesupport_c/geographic_msgs/msg/geo_path__type_support.cpp.o[0m
[ 38%] [32mBuilding CXX object CMakeFiles/geographic_msgs__rosidl_typesupport_introspection_cpp.dir/rosidl_typesupport_introspection_cpp/geographic_msgs/srv/detail/get_geo_path__type_support.cpp.o[0m
[ 39%] [32mBuilding CXX object CMakeFiles/geographic_msgs__rosidl_typesupport_cpp.dir/rosidl_typesupport_cpp/geographic_msgs/msg/geo_pose_with_covariance_stamped__type_support.cpp.o[0m
[ 39%] [32mBuilding CXX object CMakeFiles/geographic_msgs__rosidl_typesupport_c.dir/rosidl_typesupport_c/geographic_msgs/msg/geo_point__type_support.cpp.o[0m
[ 39%] [32mBuilding CXX object CMakeFiles/geographic_msgs__rosidl_typesupport_introspection_cpp.dir/rosidl_typesupport_introspection_cpp/geographic_msgs/srv/detail/get_route_plan__type_support.cpp.o[0m
[ 40%] [32mBuilding CXX object CMakeFiles/geographic_msgs__rosidl_typesupport_fastrtps_cpp.dir/rosidl_typesupport_fastrtps_cpp/geographic_msgs/msg/detail/dds_fastrtps/key_value__type_support.cpp.o[0m
[ 41%] [32mBuilding CXX object CMakeFiles/geographic_msgs__rosidl_typesupport_c.dir/rosidl_typesupport_c/geographic_msgs/msg/geo_point_stamped__type_support.cpp.o[0m
[ 41%] [32mBuilding CXX object CMakeFiles/geographic_msgs__rosidl_typesupport_fastrtps_cpp.dir/rosidl_typesupport_fastrtps_cpp/geographic_msgs/msg/detail/dds_fastrtps/map_feature__type_support.cpp.o[0m
[ 42%] [32mBuilding CXX object CMakeFiles/geographic_msgs__rosidl_typesupport_c.dir/rosidl_typesupport_c/geographic_msgs/msg/geo_pose__type_support.cpp.o[0m
[ 42%] [32mBuilding CXX object CMakeFiles/geographic_msgs__rosidl_typesupport_c.dir/rosidl_typesupport_c/geographic_msgs/msg/geo_pose_stamped__type_support.cpp.o[0m
[ 43%] [32mBuilding CXX object CMakeFiles/geographic_msgs__rosidl_typesupport_fastrtps_cpp.dir/rosidl_typesupport_fastrtps_cpp/geographic_msgs/msg/detail/dds_fastrtps/route_network__type_support.cpp.o[0m
[ 44%] [32mBuilding CXX object CMakeFiles/geographic_msgs__rosidl_typesupport_c.dir/rosidl_typesupport_c/geographic_msgs/msg/geo_pose_with_covariance__type_support.cpp.o[0m
[ 45%] [32mBuilding CXX object CMakeFiles/geographic_msgs__rosidl_typesupport_introspection_cpp.dir/rosidl_typesupport_introspection_cpp/geographic_msgs/srv/detail/update_geographic_map__type_support.cpp.o[0m
[ 45%] [32mBuilding CXX object CMakeFiles/geographic_msgs__rosidl_typesupport_cpp.dir/rosidl_typesupport_cpp/geographic_msgs/msg/key_value__type_support.cpp.o[0m
[ 46%] [32mBuilding CXX object CMakeFiles/geographic_msgs__rosidl_typesupport_cpp.dir/rosidl_typesupport_cpp/geographic_msgs/msg/map_feature__type_support.cpp.o[0m
[ 46%] [32mBuilding CXX object CMakeFiles/geographic_msgs__rosidl_typesupport_cpp.dir/rosidl_typesupport_cpp/geographic_msgs/msg/route_network__type_support.cpp.o[0m
[ 46%] [32mBuilding C object CMakeFiles/geographic_msgs__rosidl_typesupport_introspection_c.dir/rosidl_typesupport_introspection_c/geographic_msgs/msg/detail/bounding_box__type_support.c.o[0m
[ 46%] [32mBuilding CXX object CMakeFiles/geographic_msgs__rosidl_typesupport_fastrtps_cpp.dir/rosidl_typesupport_fastrtps_cpp/geographic_msgs/msg/detail/dds_fastrtps/route_path__type_support.cpp.o[0m
[ 47%] [32mBuilding C object CMakeFiles/geographic_msgs__rosidl_typesupport_introspection_c.dir/rosidl_typesupport_introspection_c/geographic_msgs/msg/detail/geographic_map_changes__type_support.c.o[0m
[ 47%] [32mBuilding CXX object CMakeFiles/geographic_msgs__rosidl_typesupport_c.dir/rosidl_typesupport_c/geographic_msgs/msg/geo_pose_with_covariance_stamped__type_support.cpp.o[0m
[ 48%] [32mBuilding CXX object CMakeFiles/geographic_msgs__rosidl_typesupport_cpp.dir/rosidl_typesupport_cpp/geographic_msgs/msg/route_path__type_support.cpp.o[0m
[ 49%] [32mBuilding CXX object CMakeFiles/geographic_msgs__rosidl_typesupport_fastrtps_c.dir/rosidl_typesupport_fastrtps_c/geographic_msgs/msg/detail/bounding_box__type_support_c.cpp.o[0m
[ 50%] [32mBuilding CXX object CMakeFiles/geographic_msgs__rosidl_typesupport_c.dir/rosidl_typesupport_c/geographic_msgs/msg/key_value__type_support.cpp.o[0m
[ 50%] [32mBuilding CXX object CMakeFiles/geographic_msgs__rosidl_typesupport_c.dir/rosidl_typesupport_c/geographic_msgs/msg/map_feature__type_support.cpp.o[0m
[ 50%] [32mBuilding C object CMakeFiles/geographic_msgs__rosidl_typesupport_introspection_c.dir/rosidl_typesupport_introspection_c/geographic_msgs/msg/detail/geographic_map__type_support.c.o[0m
[ 50%] [32mBuilding CXX object CMakeFiles/geographic_msgs__rosidl_typesupport_fastrtps_c.dir/rosidl_typesupport_fastrtps_c/geographic_msgs/msg/detail/geographic_map_changes__type_support_c.cpp.o[0m
[ 51%] [32mBuilding CXX object CMakeFiles/geographic_msgs__rosidl_typesupport_fastrtps_c.dir/rosidl_typesupport_fastrtps_c/geographic_msgs/msg/detail/geographic_map__type_support_c.cpp.o[0m
[ 51%] [32mBuilding CXX object CMakeFiles/geographic_msgs__rosidl_typesupport_fastrtps_c.dir/rosidl_typesupport_fastrtps_c/geographic_msgs/msg/detail/geo_path__type_support_c.cpp.o[0m
[ 52%] [32mBuilding CXX object CMakeFiles/geographic_msgs__rosidl_typesupport_c.dir/rosidl_typesupport_c/geographic_msgs/msg/route_network__type_support.cpp.o[0m
[ 53%] [32mBuilding CXX object CMakeFiles/geographic_msgs__rosidl_typesupport_fastrtps_c.dir/rosidl_typesupport_fastrtps_c/geographic_msgs/msg/detail/geo_point__type_support_c.cpp.o[0m
[ 54%] [32mBuilding CXX object CMakeFiles/geographic_msgs__rosidl_typesupport_fastrtps_c.dir/rosidl_typesupport_fastrtps_c/geographic_msgs/msg/detail/geo_pose__type_support_c.cpp.o[0m
[ 54%] [32mBuilding CXX object CMakeFiles/geographic_msgs__rosidl_typesupport_fastrtps_c.dir/rosidl_typesupport_fastrtps_c/geographic_msgs/msg/detail/geo_point_stamped__type_support_c.cpp.o[0m
[ 55%] [32mBuilding C object CMakeFiles/geographic_msgs__rosidl_typesupport_introspection_c.dir/rosidl_typesupport_introspection_c/geographic_msgs/msg/detail/geo_path__type_support.c.o[0m
[ 55%] [32mBuilding CXX object CMakeFiles/geographic_msgs__rosidl_typesupport_c.dir/rosidl_typesupport_c/geographic_msgs/msg/route_path__type_support.cpp.o[0m
[ 55%] [32mBuilding CXX object CMakeFiles/geographic_msgs__rosidl_typesupport_c.dir/rosidl_typesupport_c/geographic_msgs/msg/way_point__type_support.cpp.o[0m
[ 56%] [32mBuilding CXX object CMakeFiles/geographic_msgs__rosidl_typesupport_c.dir/rosidl_typesupport_c/geographic_msgs/msg/route_segment__type_support.cpp.o[0m
[ 56%] [32mBuilding C object CMakeFiles/geographic_msgs__rosidl_typesupport_introspection_c.dir/rosidl_typesupport_introspection_c/geographic_msgs/msg/detail/geo_point__type_support.c.o[0m
[ 56%] [32mBuilding CXX object CMakeFiles/geographic_msgs__rosidl_typesupport_cpp.dir/rosidl_typesupport_cpp/geographic_msgs/msg/route_segment__type_support.cpp.o[0m
[ 57%] [32mBuilding C object CMakeFiles/geographic_msgs__rosidl_typesupport_introspection_c.dir/rosidl_typesupport_introspection_c/geographic_msgs/msg/detail/geo_point_stamped__type_support.c.o[0m
[ 58%] [32mBuilding CXX object CMakeFiles/geographic_msgs__rosidl_typesupport_c.dir/rosidl_typesupport_c/geographic_msgs/srv/get_geographic_map__type_support.cpp.o[0m
[ 59%] [32mBuilding CXX object CMakeFiles/geographic_msgs__rosidl_typesupport_cpp.dir/rosidl_typesupport_cpp/geographic_msgs/msg/way_point__type_support.cpp.o[0m
[ 59%] [32m[1mLinking CXX shared library libgeographic_msgs__rosidl_typesupport_introspection_cpp.so[0m
[ 60%] [32mBuilding CXX object CMakeFiles/geographic_msgs__rosidl_typesupport_fastrtps_cpp.dir/rosidl_typesupport_fastrtps_cpp/geographic_msgs/msg/detail/dds_fastrtps/route_segment__type_support.cpp.o[0m
[ 60%] [32mBuilding CXX object CMakeFiles/geographic_msgs__rosidl_typesupport_c.dir/rosidl_typesupport_c/geographic_msgs/srv/get_geo_path__type_support.cpp.o[0m
[ 60%] [32mBuilding CXX object CMakeFiles/geographic_msgs__rosidl_typesupport_fastrtps_c.dir/rosidl_typesupport_fastrtps_c/geographic_msgs/msg/detail/geo_pose_stamped__type_support_c.cpp.o[0m
[ 60%] [32mBuilding C object CMakeFiles/geographic_msgs__rosidl_typesupport_introspection_c.dir/rosidl_typesupport_introspection_c/geographic_msgs/msg/detail/geo_pose__type_support.c.o[0m
[ 60%] [32mBuilding CXX object CMakeFiles/geographic_msgs__rosidl_typesupport_cpp.dir/rosidl_typesupport_cpp/geographic_msgs/srv/get_geo_path__type_support.cpp.o[0m
[ 61%] [32mBuilding CXX object CMakeFiles/geographic_msgs__rosidl_typesupport_cpp.dir/rosidl_typesupport_cpp/geographic_msgs/srv/get_geographic_map__type_support.cpp.o[0m
[ 62%] [32mBuilding CXX object CMakeFiles/geographic_msgs__rosidl_typesupport_c.dir/rosidl_typesupport_c/geographic_msgs/srv/get_route_plan__type_support.cpp.o[0m
[ 62%] [32mBuilding CXX object CMakeFiles/geographic_msgs__rosidl_typesupport_fastrtps_cpp.dir/rosidl_typesupport_fastrtps_cpp/geographic_msgs/msg/detail/dds_fastrtps/way_point__type_support.cpp.o[0m
[ 62%] [32mBuilding CXX object CMakeFiles/geographic_msgs__rosidl_typesupport_c.dir/rosidl_typesupport_c/geographic_msgs/srv/update_geographic_map__type_support.cpp.o[0m
[ 63%] [32mBuilding C object CMakeFiles/geographic_msgs__rosidl_typesupport_introspection_c.dir/rosidl_typesupport_introspection_c/geographic_msgs/msg/detail/geo_pose_stamped__type_support.c.o[0m
[ 63%] [32mBuilding C object CMakeFiles/geographic_msgs__rosidl_typesupport_introspection_c.dir/rosidl_typesupport_introspection_c/geographic_msgs/msg/detail/geo_pose_with_covariance__type_support.c.o[0m
[ 64%] [32mBuilding C object CMakeFiles/geographic_msgs__rosidl_typesupport_introspection_c.dir/rosidl_typesupport_introspection_c/geographic_msgs/msg/detail/geo_pose_with_covariance_stamped__type_support.c.o[0m
[ 65%] [32mBuilding CXX object CMakeFiles/geographic_msgs__rosidl_typesupport_fastrtps_cpp.dir/rosidl_typesupport_fastrtps_cpp/geographic_msgs/srv/detail/dds_fastrtps/get_geographic_map__type_support.cpp.o[0m
[ 66%] [32mBuilding C object CMakeFiles/geographic_msgs__rosidl_typesupport_introspection_c.dir/rosidl_typesupport_introspection_c/geographic_msgs/msg/detail/map_feature__type_support.c.o[0m
[ 66%] [32mBuilding C object CMakeFiles/geographic_msgs__rosidl_typesupport_introspection_c.dir/rosidl_typesupport_introspection_c/geographic_msgs/msg/detail/key_value__type_support.c.o[0m
[ 66%] Built target geographic_msgs__rosidl_typesupport_introspection_cpp
[ 67%] [32m[1mLinking CXX shared library libgeographic_msgs__rosidl_typesupport_c.so[0m
[ 67%] [32mBuilding C object CMakeFiles/geographic_msgs__rosidl_typesupport_introspection_c.dir/rosidl_typesupport_introspection_c/geographic_msgs/msg/detail/route_network__type_support.c.o[0m
[ 68%] [32mBuilding CXX object CMakeFiles/geographic_msgs__rosidl_typesupport_fastrtps_c.dir/rosidl_typesupport_fastrtps_c/geographic_msgs/msg/detail/geo_pose_with_covariance__type_support_c.cpp.o[0m
[ 68%] [32mBuilding CXX object CMakeFiles/geographic_msgs__rosidl_typesupport_cpp.dir/rosidl_typesupport_cpp/geographic_msgs/srv/update_geographic_map__type_support.cpp.o[0m
[ 69%] [32mBuilding CXX object CMakeFiles/geographic_msgs__rosidl_typesupport_cpp.dir/rosidl_typesupport_cpp/geographic_msgs/srv/get_route_plan__type_support.cpp.o[0m
[ 69%] [32mBuilding CXX object CMakeFiles/geographic_msgs__rosidl_typesupport_fastrtps_cpp.dir/rosidl_typesupport_fastrtps_cpp/geographic_msgs/srv/detail/dds_fastrtps/get_geo_path__type_support.cpp.o[0m
[ 70%] [32mBuilding CXX object CMakeFiles/geographic_msgs__rosidl_typesupport_fastrtps_cpp.dir/rosidl_typesupport_fastrtps_cpp/geographic_msgs/srv/detail/dds_fastrtps/get_route_plan__type_support.cpp.o[0m
[ 70%] [32mBuilding CXX object CMakeFiles/geographic_msgs__rosidl_typesupport_fastrtps_cpp.dir/rosidl_typesupport_fastrtps_cpp/geographic_msgs/srv/detail/dds_fastrtps/update_geographic_map__type_support.cpp.o[0m
[ 71%] [32mBuilding C object CMakeFiles/geographic_msgs__rosidl_typesupport_introspection_c.dir/rosidl_typesupport_introspection_c/geographic_msgs/msg/detail/route_path__type_support.c.o[0m
[ 71%] [32mBuilding CXX object CMakeFiles/geographic_msgs__rosidl_typesupport_fastrtps_c.dir/rosidl_typesupport_fastrtps_c/geographic_msgs/msg/detail/geo_pose_with_covariance_stamped__type_support_c.cpp.o[0m
[ 71%] [32mBuilding C object CMakeFiles/geographic_msgs__rosidl_typesupport_introspection_c.dir/rosidl_typesupport_introspection_c/geographic_msgs/msg/detail/route_segment__type_support.c.o[0m
[ 71%] Built target geographic_msgs__rosidl_typesupport_c
[ 72%] [32mBuilding C object CMakeFiles/geographic_msgs__rosidl_typesupport_introspection_c.dir/rosidl_typesupport_introspection_c/geographic_msgs/msg/detail/way_point__type_support.c.o[0m
[ 73%] [32mBuilding CXX object CMakeFiles/geographic_msgs__rosidl_typesupport_fastrtps_c.dir/rosidl_typesupport_fastrtps_c/geographic_msgs/msg/detail/key_value__type_support_c.cpp.o[0m
[ 73%] [32mBuilding CXX object CMakeFiles/geographic_msgs__rosidl_typesupport_fastrtps_c.dir/rosidl_typesupport_fastrtps_c/geographic_msgs/msg/detail/route_network__type_support_c.cpp.o[0m
[ 74%] [32mBuilding CXX object CMakeFiles/geographic_msgs__rosidl_typesupport_fastrtps_c.dir/rosidl_typesupport_fastrtps_c/geographic_msgs/msg/detail/map_feature__type_support_c.cpp.o[0m
[ 75%] [32mBuilding CXX object CMakeFiles/geographic_msgs__rosidl_typesupport_fastrtps_c.dir/rosidl_typesupport_fastrtps_c/geographic_msgs/msg/detail/route_path__type_support_c.cpp.o[0m
[ 75%] [32mBuilding CXX object CMakeFiles/geographic_msgs__rosidl_typesupport_fastrtps_c.dir/rosidl_typesupport_fastrtps_c/geographic_msgs/msg/detail/route_segment__type_support_c.cpp.o[0m
[ 76%] [32mBuilding C object CMakeFiles/geographic_msgs__rosidl_typesupport_introspection_c.dir/rosidl_typesupport_introspection_c/geographic_msgs/srv/detail/get_geographic_map__type_support.c.o[0m
[ 77%] [32mBuilding CXX object CMakeFiles/geographic_msgs__rosidl_typesupport_fastrtps_c.dir/rosidl_typesupport_fastrtps_c/geographic_msgs/msg/detail/way_point__type_support_c.cpp.o[0m
[ 77%] [32mBuilding C object CMakeFiles/geographic_msgs__rosidl_typesupport_introspection_c.dir/rosidl_typesupport_introspection_c/geographic_msgs/srv/detail/get_geo_path__type_support.c.o[0m
[ 78%] [32mBuilding C object CMakeFiles/geographic_msgs__rosidl_typesupport_introspection_c.dir/rosidl_typesupport_introspection_c/geographic_msgs/srv/detail/get_route_plan__type_support.c.o[0m
[ 78%] [32mBuilding CXX object CMakeFiles/geographic_msgs__rosidl_typesupport_fastrtps_c.dir/rosidl_typesupport_fastrtps_c/geographic_msgs/srv/detail/get_geographic_map__type_support_c.cpp.o[0m
[ 79%] [32m[1mLinking CXX shared library libgeographic_msgs__rosidl_typesupport_cpp.so[0m
[ 79%] [32mBuilding C object CMakeFiles/geographic_msgs__rosidl_typesupport_introspection_c.dir/rosidl_typesupport_introspection_c/geographic_msgs/srv/detail/update_geographic_map__type_support.c.o[0m
[ 80%] [32mBuilding CXX object CMakeFiles/geographic_msgs__rosidl_typesupport_fastrtps_c.dir/rosidl_typesupport_fastrtps_c/geographic_msgs/srv/detail/get_geo_path__type_support_c.cpp.o[0m
[ 80%] [32mBuilding CXX object CMakeFiles/geographic_msgs__rosidl_typesupport_fastrtps_c.dir/rosidl_typesupport_fastrtps_c/geographic_msgs/srv/detail/get_route_plan__type_support_c.cpp.o[0m
[ 81%] [32mBuilding CXX object CMakeFiles/geographic_msgs__rosidl_typesupport_fastrtps_c.dir/rosidl_typesupport_fastrtps_c/geographic_msgs/srv/detail/update_geographic_map__type_support_c.cpp.o[0m
[ 82%] [32m[1mLinking C shared library libgeographic_msgs__rosidl_typesupport_introspection_c.so[0m
[ 82%] Built target geographic_msgs__rosidl_typesupport_cpp
[ 83%] [32mBuilding CXX object test/CMakeFiles/validation_test.dir/test_validation.cpp.o[0m
[ 83%] Built target geographic_msgs__rosidl_typesupport_introspection_c
[ 84%] [32m[1mLinking CXX shared library libgeographic_msgs__rosidl_typesupport_fastrtps_cpp.so[0m
[ 84%] Built target geographic_msgs__rosidl_typesupport_fastrtps_cpp
[ 84%] [32m[1mLinking CXX shared library libgeographic_msgs__rosidl_typesupport_fastrtps_c.so[0m
[ 84%] Built target geographic_msgs__rosidl_typesupport_fastrtps_c
[ 84%] Built target geographic_msgs
[ 85%] [34m[1mGenerating Python code for ROS interfaces[0m
[ 86%] [32m[1mLinking CXX executable validation_test[0m
[ 86%] Built target validation_test
[ 86%] Built target geographic_msgs__py
[ 88%] [32mBuilding C object CMakeFiles/geographic_msgs__rosidl_generator_py.dir/rosidl_generator_py/geographic_msgs/msg/_geographic_map_s.c.o[0m
[ 88%] [32mBuilding C object CMakeFiles/geographic_msgs__rosidl_generator_py.dir/rosidl_generator_py/geographic_msgs/msg/_geographic_map_changes_s.c.o[0m
[ 88%] [32mBuilding C object CMakeFiles/geographic_msgs__rosidl_generator_py.dir/rosidl_generator_py/geographic_msgs/msg/_geo_point_stamped_s.c.o[0m
[ 88%] [32mBuilding C object CMakeFiles/geographic_msgs__rosidl_generator_py.dir/rosidl_generator_py/geographic_msgs/msg/_geo_path_s.c.o[0m
[ 89%] [32mBuilding C object CMakeFiles/geographic_msgs__rosidl_generator_py.dir/rosidl_generator_py/geographic_msgs/msg/_geo_point_s.c.o[0m
[ 88%] [32mBuilding C object CMakeFiles/geographic_msgs__rosidl_generator_py.dir/rosidl_generator_py/geographic_msgs/msg/_bounding_box_s.c.o[0m
[ 89%] [32mBuilding C object CMakeFiles/geographic_msgs__rosidl_generator_py.dir/rosidl_generator_py/geographic_msgs/msg/_geo_pose_stamped_s.c.o[0m
[ 90%] [32mBuilding C object CMakeFiles/geographic_msgs__rosidl_generator_py.dir/rosidl_generator_py/geographic_msgs/msg/_geo_pose_s.c.o[0m
[ 90%] [32mBuilding C object CMakeFiles/geographic_msgs__rosidl_generator_py.dir/rosidl_generator_py/geographic_msgs/msg/_geo_pose_with_covariance_stamped_s.c.o[0m
[ 91%] [32mBuilding C object CMakeFiles/geographic_msgs__rosidl_generator_py.dir/rosidl_generator_py/geographic_msgs/msg/_key_value_s.c.o[0m
[ 92%] [32mBuilding C object CMakeFiles/geographic_msgs__rosidl_generator_py.dir/rosidl_generator_py/geographic_msgs/msg/_geo_pose_with_covariance_s.c.o[0m
[ 93%] [32mBuilding C object CMakeFiles/geographic_msgs__rosidl_generator_py.dir/rosidl_generator_py/geographic_msgs/msg/_map_feature_s.c.o[0m
[ 93%] [32mBuilding C object CMakeFiles/geographic_msgs__rosidl_generator_py.dir/rosidl_generator_py/geographic_msgs/msg/_route_network_s.c.o[0m
[ 94%] [32mBuilding C object CMakeFiles/geographic_msgs__rosidl_generator_py.dir/rosidl_generator_py/geographic_msgs/msg/_route_path_s.c.o[0m
[ 94%] [32mBuilding C object CMakeFiles/geographic_msgs__rosidl_generator_py.dir/rosidl_generator_py/geographic_msgs/msg/_route_segment_s.c.o[0m
[ 95%] [32mBuilding C object CMakeFiles/geographic_msgs__rosidl_generator_py.dir/rosidl_generator_py/geographic_msgs/msg/_way_point_s.c.o[0m
[ 95%] [32mBuilding C object CMakeFiles/geographic_msgs__rosidl_generator_py.dir/rosidl_generator_py/geographic_msgs/srv/_get_geographic_map_s.c.o[0m
[ 95%] [32mBuilding C object CMakeFiles/geographic_msgs__rosidl_generator_py.dir/rosidl_generator_py/geographic_msgs/srv/_get_route_plan_s.c.o[0m
[ 97%] [32mBuilding C object CMakeFiles/geographic_msgs__rosidl_generator_py.dir/rosidl_generator_py/geographic_msgs/srv/_get_geo_path_s.c.o[0m
[ 97%] [32mBuilding C object CMakeFiles/geographic_msgs__rosidl_generator_py.dir/rosidl_generator_py/geographic_msgs/srv/_update_geographic_map_s.c.o[0m
[ 97%] [32m[1mLinking C shared library rosidl_generator_py/geographic_msgs/libgeographic_msgs__rosidl_generator_py.so[0m
[ 97%] Built target geographic_msgs__rosidl_generator_py
[ 98%] [32mBuilding C object CMakeFiles/geographic_msgs__rosidl_typesupport_fastrtps_c__pyext.dir/rosidl_generator_py/geographic_msgs/_geographic_msgs_s.ep.rosidl_typesupport_fastrtps_c.c.o[0m
[ 98%] [32mBuilding C object CMakeFiles/geographic_msgs__rosidl_typesupport_introspection_c__pyext.dir/rosidl_generator_py/geographic_msgs/_geographic_msgs_s.ep.rosidl_typesupport_introspection_c.c.o[0m
[ 98%] [32mBuilding C object CMakeFiles/geographic_msgs__rosidl_typesupport_c__pyext.dir/rosidl_generator_py/geographic_msgs/_geographic_msgs_s.ep.rosidl_typesupport_c.c.o[0m
[100%] [32m[1mLinking C shared library rosidl_generator_py/geographic_msgs/geographic_msgs_s__rosidl_typesupport_introspection_c.cpython-310-x86_64-linux-gnu.so[0m
[100%] [32m[1mLinking C shared library rosidl_generator_py/geographic_msgs/geographic_msgs_s__rosidl_typesupport_fastrtps_c.cpython-310-x86_64-linux-gnu.so[0m
[100%] [32m[1mLinking C shared library rosidl_generator_py/geographic_msgs/geographic_msgs_s__rosidl_typesupport_c.cpython-310-x86_64-linux-gnu.so[0m
[100%] Built target geographic_msgs__rosidl_typesupport_introspection_c__pyext
[100%] Built target geographic_msgs__rosidl_typesupport_fastrtps_c__pyext
[100%] Built target geographic_msgs__rosidl_typesupport_c__pyext
