[0.080s] Invoking command in '/home/jose/TCC/build/geographic_msgs': CMAKE_PREFIX_PATH=${CMAKE_PREFIX_PATH}:/home/jose/TCC/install/windwind_description:/home/jose/TCC/install/wind_turbine:/home/jose/ros2_humble/install/rqt_bag_plugins:/home/jose/ros2_humble/install/rqt_bag:/home/jose/ros2_humble/install/launch_testing_examples:/home/jose/ros2_humble/install/ros2bag:/home/jose/ros2_humble/install/tracetools_test:/home/jose/ros2_humble/install/tracetools_launch:/home/jose/ros2_humble/install/topic_monitor:/home/jose/ros2_humble/install/tf2_tools:/home/jose/ros2_humble/install/examples_tf2_py:/home/jose/ros2_humble/install/tf2_ros_py:/home/jose/ros2_humble/install/sros2:/home/jose/ros2_humble/install/rqt_topic:/home/jose/ros2_humble/install/rqt_srv:/home/jose/ros2_humble/install/rqt_shell:/home/jose/ros2_humble/install/rqt_service_caller:/home/jose/ros2_humble/install/rqt_reconfigure:/home/jose/ros2_humble/install/rqt_py_console:/home/jose/ros2_humble/install/rqt_publisher:/home/jose/ros2_humble/install/rqt_plot:/home/jose/ros2_humble/install/rqt_action:/home/jose/ros2_humble/install/rqt_msg:/home/jose/ros2_humble/install/rqt_console:/home/jose/ros2_humble/install/rqt:/home/jose/ros2_humble/install/rqt_graph:/home/jose/ros2_humble/install/rqt_gui_py:/home/jose/ros2_humble/install/rqt_gui:/home/jose/ros2_humble/install/ros2trace:/home/jose/ros2_humble/install/ros2topic:/home/jose/ros2_humble/install/ros2test:/home/jose/ros2_humble/install/ros2component:/home/jose/ros2_humble/install/ros2param:/home/jose/ros2_humble/install/ros2lifecycle:/home/jose/ros2_humble/install/ros2service:/home/jose/ros2_humble/install/ros2run:/home/jose/ros2_humble/install/ros2launch:/home/jose/ros2_humble/install/ros2pkg:/home/jose/ros2_humble/install/ros2node:/home/jose/ros2_humble/install/ros2multicast:/home/jose/ros2_humble/install/ros2interface:/home/jose/ros2_humble/install/ros2doctor:/home/jose/ros2_humble/install/ros2action:/home/jose/ros2_humble/install/ros2cli:/home/jose/ros2_humble/install/quality_of_service_demo_py:/home/jose/ros2_humble/install/lifecycle_py:/home/jose/ros2_humble/install/launch_testing_ros:/home/jose/ros2_humble/install/launch_ros:/home/jose/ros2_humble/install/examples_rclpy_pointcloud_publisher:/home/jose/ros2_humble/install/examples_rclpy_minimal_subscriber:/home/jose/ros2_humble/install/examples_rclpy_minimal_service:/home/jose/ros2_humble/install/examples_rclpy_minimal_publisher:/home/jose/ros2_humble/install/examples_rclpy_minimal_client:/home/jose/ros2_humble/install/examples_rclpy_minimal_action_server:/home/jose/ros2_humble/install/examples_rclpy_minimal_action_client:/home/jose/ros2_humble/install/examples_rclpy_guard_conditions:/home/jose/ros2_humble/install/examples_rclpy_executors:/home/jose/ros2_humble/install/demo_nodes_py:/home/jose/ros2_humble/install/camera_info_manager_py:/home/jose/ros2_humble/install/action_tutorials_py:/home/jose/ros2_humble/install/ament_uncrustify:/home/jose/ros2_humble/install/tracetools_trace:/home/jose/ros2_humble/install/tracetools_read:/home/jose/ros2_humble/install/test_tracetools_launch:/home/jose/ros2_humble/install/test_launch_ros:/home/jose/ros2_humble/install/sensor_msgs_py:/home/jose/ros2_humble/install/rpyutils:/home/jose/ros2_humble/install/rosidl_runtime_py:/home/jose/ros2_humble/install/rosidl_cli:/home/jose/ros2_humble/install/launch_pytest:/home/jose/ros2_humble/install/launch_testing:/home/jose/ros2_humble/install/launch_yaml:/home/jose/ros2_humble/install/launch_xml:/home/jose/ros2_humble/install/launch:/home/jose/ros2_humble/install/osrf_pycommon:/home/jose/ros2_humble/install/domain_coordinator:/home/jose/ros2_humble/install/ament_xmllint:/home/jose/ros2_humble/install/ament_pyflakes:/home/jose/ros2_humble/install/ament_pycodestyle:/home/jose/ros2_humble/install/ament_pep257:/home/jose/ros2_humble/install/ament_pclint:/home/jose/ros2_humble/install/ament_package:/home/jose/ros2_humble/install/ament_mypy:/home/jose/ros2_humble/install/ament_lint_cmake:/home/jose/ros2_humble/install/ament_flake8:/home/jose/ros2_humble/install/ament_copyright:/home/jose/ros2_humble/install/ament_lint:/home/jose/ros2_humble/install/ament_index_python:/home/jose/ros2_humble/install/ament_cpplint:/home/jose/ros2_humble/install/ament_cppcheck:/home/jose/ros2_humble/install/ament_clang_tidy:/home/jose/ros2_humble/install/ament_clang_format:/opt/ros/humble /usr/bin/cmake /home/jose/TCC/src/geographic_info/geographic_msgs -DAMENT_CMAKE_SYMLINK_INSTALL=1 -DCMAKE_INSTALL_PREFIX=/home/jose/TCC/install/geographic_msgs
[0.482s] -- The C compiler identification is GNU 11.4.0
[0.482s] -- The CXX compiler identification is GNU 11.4.0
[0.483s] -- Detecting C compiler ABI info
[0.483s] -- Detecting C compiler ABI info - done
[0.483s] -- Check for working C compiler: /usr/bin/cc - skipped
[0.483s] -- Detecting C compile features
[0.483s] -- Detecting C compile features - done
[0.483s] -- Detecting CXX compiler ABI info
[0.554s] -- Detecting CXX compiler ABI info - done
[0.559s] -- Check for working CXX compiler: /usr/bin/c++ - skipped
[0.559s] -- Detecting CXX compile features
[0.559s] -- Detecting CXX compile features - done
[0.590s] -- Found ament_cmake: 1.3.11 (/home/jose/ros2_humble/install/ament_cmake/share/ament_cmake/cmake)
[1.041s] -- Found Python3: /usr/bin/python3 (found version "3.10.12") found components: Interpreter 
[1.199s] -- Override CMake install command with custom implementation using symlinks instead of copying resources
[1.508s] -- Found unique_identifier_msgs: 2.2.1 (/home/jose/ros2_humble/install/unique_identifier_msgs/share/unique_identifier_msgs/cmake)
[1.687s] -- Found rosidl_generator_c: 3.1.6 (/home/jose/ros2_humble/install/rosidl_generator_c/share/rosidl_generator_c/cmake)
[1.721s] -- Found rosidl_adapter: 3.1.6 (/home/jose/ros2_humble/install/rosidl_adapter/share/rosidl_adapter/cmake)
[1.760s] -- Found rosidl_generator_cpp: 3.1.6 (/home/jose/ros2_humble/install/rosidl_generator_cpp/share/rosidl_generator_cpp/cmake)
[1.824s] -- Using all available rosidl_typesupport_c: rosidl_typesupport_introspection_c;rosidl_typesupport_fastrtps_c
[1.903s] -- Using all available rosidl_typesupport_cpp: rosidl_typesupport_introspection_cpp;rosidl_typesupport_fastrtps_cpp
[1.977s] -- Found std_msgs: 4.8.0 (/home/jose/ros2_humble/install/std_msgs/share/std_msgs/cmake)
[2.026s] -- Found geometry_msgs: 4.8.0 (/home/jose/ros2_humble/install/geometry_msgs/share/geometry_msgs/cmake)
[2.053s] -- Found rosidl_default_generators: 1.2.0 (/home/jose/ros2_humble/install/rosidl_default_generators/share/rosidl_default_generators/cmake)
[2.824s] -- Found ament_cmake_ros: 0.10.0 (/home/jose/ros2_humble/install/ament_cmake_ros/share/ament_cmake_ros/cmake)
[3.730s] -- Using all available rosidl_typesupport_c: rosidl_typesupport_introspection_c;rosidl_typesupport_fastrtps_c
[4.084s] -- Using all available rosidl_typesupport_cpp: rosidl_typesupport_introspection_cpp;rosidl_typesupport_fastrtps_cpp
[4.152s] -- Found PythonInterp: /usr/bin/python3 (found suitable version "3.10.12", minimum required is "3.6") 
[4.173s] -- Found python_cmake_module: 0.10.0 (/home/jose/ros2_humble/install/python_cmake_module/share/python_cmake_module/cmake)
[4.278s] -- Found PythonLibs: /usr/lib/x86_64-linux-gnu/libpython3.10.so (found suitable version "3.10.12", minimum required is "3.5") 
[4.278s] -- Using PYTHON_EXECUTABLE: /usr/bin/python3
[4.278s] -- Using PYTHON_INCLUDE_DIRS: /usr/include/python3.10
[4.278s] -- Using PYTHON_LIBRARIES: /usr/lib/x86_64-linux-gnu/libpython3.10.so
[4.335s] -- Found PythonExtra: .so  
[4.761s] -- Found ament_lint_auto: 0.12.12 (/home/jose/ros2_humble/install/ament_lint_auto/share/ament_lint_auto/cmake)
[4.874s] -- Found gtest sources under '/home/jose/ros2_humble/install/gtest_vendor/src/gtest_vendor': C++ tests using 'Google Test' will be built
[4.877s] -- Looking for pthread.h
[4.997s] -- Looking for pthread.h - found
[4.997s] -- Performing Test CMAKE_HAVE_LIBC_PTHREAD
[5.111s] -- Performing Test CMAKE_HAVE_LIBC_PTHREAD - Success
[5.112s] -- Found Threads: TRUE  
[5.123s] -- Added test 'cppcheck' to perform static code analysis on C / C++ code
[5.123s] -- Configured cppcheck include dirs: $<BUILD_INTERFACE:/home/jose/TCC/src/geographic_info/geographic_msgs/include>
[5.124s] -- Configured cppcheck exclude dirs and/or files: 
[5.130s] -- Added test 'cpplint' to check C / C++ code against the Google style
[5.130s] -- Configured cpplint exclude dirs and/or files: 
[5.135s] -- Added test 'lint_cmake' to check CMake code style
[5.141s] -- Added test 'uncrustify' to check C / C++ code style
[5.141s] -- Configured uncrustify additional arguments: 
[5.146s] -- Added test 'xmllint' to check XML markup files
[5.158s] -- Configuring done
[5.216s] -- Generating done
[5.227s] -- Build files have been written to: /home/jose/TCC/build/geographic_msgs
[5.236s] Invoked command in '/home/jose/TCC/build/geographic_msgs' returned '0': CMAKE_PREFIX_PATH=${CMAKE_PREFIX_PATH}:/home/jose/TCC/install/windwind_description:/home/jose/TCC/install/wind_turbine:/home/jose/ros2_humble/install/rqt_bag_plugins:/home/jose/ros2_humble/install/rqt_bag:/home/jose/ros2_humble/install/launch_testing_examples:/home/jose/ros2_humble/install/ros2bag:/home/jose/ros2_humble/install/tracetools_test:/home/jose/ros2_humble/install/tracetools_launch:/home/jose/ros2_humble/install/topic_monitor:/home/jose/ros2_humble/install/tf2_tools:/home/jose/ros2_humble/install/examples_tf2_py:/home/jose/ros2_humble/install/tf2_ros_py:/home/jose/ros2_humble/install/sros2:/home/jose/ros2_humble/install/rqt_topic:/home/jose/ros2_humble/install/rqt_srv:/home/jose/ros2_humble/install/rqt_shell:/home/jose/ros2_humble/install/rqt_service_caller:/home/jose/ros2_humble/install/rqt_reconfigure:/home/jose/ros2_humble/install/rqt_py_console:/home/jose/ros2_humble/install/rqt_publisher:/home/jose/ros2_humble/install/rqt_plot:/home/jose/ros2_humble/install/rqt_action:/home/jose/ros2_humble/install/rqt_msg:/home/jose/ros2_humble/install/rqt_console:/home/jose/ros2_humble/install/rqt:/home/jose/ros2_humble/install/rqt_graph:/home/jose/ros2_humble/install/rqt_gui_py:/home/jose/ros2_humble/install/rqt_gui:/home/jose/ros2_humble/install/ros2trace:/home/jose/ros2_humble/install/ros2topic:/home/jose/ros2_humble/install/ros2test:/home/jose/ros2_humble/install/ros2component:/home/jose/ros2_humble/install/ros2param:/home/jose/ros2_humble/install/ros2lifecycle:/home/jose/ros2_humble/install/ros2service:/home/jose/ros2_humble/install/ros2run:/home/jose/ros2_humble/install/ros2launch:/home/jose/ros2_humble/install/ros2pkg:/home/jose/ros2_humble/install/ros2node:/home/jose/ros2_humble/install/ros2multicast:/home/jose/ros2_humble/install/ros2interface:/home/jose/ros2_humble/install/ros2doctor:/home/jose/ros2_humble/install/ros2action:/home/jose/ros2_humble/install/ros2cli:/home/jose/ros2_humble/install/quality_of_service_demo_py:/home/jose/ros2_humble/install/lifecycle_py:/home/jose/ros2_humble/install/launch_testing_ros:/home/jose/ros2_humble/install/launch_ros:/home/jose/ros2_humble/install/examples_rclpy_pointcloud_publisher:/home/jose/ros2_humble/install/examples_rclpy_minimal_subscriber:/home/jose/ros2_humble/install/examples_rclpy_minimal_service:/home/jose/ros2_humble/install/examples_rclpy_minimal_publisher:/home/jose/ros2_humble/install/examples_rclpy_minimal_client:/home/jose/ros2_humble/install/examples_rclpy_minimal_action_server:/home/jose/ros2_humble/install/examples_rclpy_minimal_action_client:/home/jose/ros2_humble/install/examples_rclpy_guard_conditions:/home/jose/ros2_humble/install/examples_rclpy_executors:/home/jose/ros2_humble/install/demo_nodes_py:/home/jose/ros2_humble/install/camera_info_manager_py:/home/jose/ros2_humble/install/action_tutorials_py:/home/jose/ros2_humble/install/ament_uncrustify:/home/jose/ros2_humble/install/tracetools_trace:/home/jose/ros2_humble/install/tracetools_read:/home/jose/ros2_humble/install/test_tracetools_launch:/home/jose/ros2_humble/install/test_launch_ros:/home/jose/ros2_humble/install/sensor_msgs_py:/home/jose/ros2_humble/install/rpyutils:/home/jose/ros2_humble/install/rosidl_runtime_py:/home/jose/ros2_humble/install/rosidl_cli:/home/jose/ros2_humble/install/launch_pytest:/home/jose/ros2_humble/install/launch_testing:/home/jose/ros2_humble/install/launch_yaml:/home/jose/ros2_humble/install/launch_xml:/home/jose/ros2_humble/install/launch:/home/jose/ros2_humble/install/osrf_pycommon:/home/jose/ros2_humble/install/domain_coordinator:/home/jose/ros2_humble/install/ament_xmllint:/home/jose/ros2_humble/install/ament_pyflakes:/home/jose/ros2_humble/install/ament_pycodestyle:/home/jose/ros2_humble/install/ament_pep257:/home/jose/ros2_humble/install/ament_pclint:/home/jose/ros2_humble/install/ament_package:/home/jose/ros2_humble/install/ament_mypy:/home/jose/ros2_humble/install/ament_lint_cmake:/home/jose/ros2_humble/install/ament_flake8:/home/jose/ros2_humble/install/ament_copyright:/home/jose/ros2_humble/install/ament_lint:/home/jose/ros2_humble/install/ament_index_python:/home/jose/ros2_humble/install/ament_cpplint:/home/jose/ros2_humble/install/ament_cppcheck:/home/jose/ros2_humble/install/ament_clang_tidy:/home/jose/ros2_humble/install/ament_clang_format:/opt/ros/humble /usr/bin/cmake /home/jose/TCC/src/geographic_info/geographic_msgs -DAMENT_CMAKE_SYMLINK_INSTALL=1 -DCMAKE_INSTALL_PREFIX=/home/jose/TCC/install/geographic_msgs
[5.237s] Invoking command in '/home/jose/TCC/build/geographic_msgs': CMAKE_PREFIX_PATH=${CMAKE_PREFIX_PATH}:/home/jose/TCC/install/windwind_description:/home/jose/TCC/install/wind_turbine:/home/jose/ros2_humble/install/rqt_bag_plugins:/home/jose/ros2_humble/install/rqt_bag:/home/jose/ros2_humble/install/launch_testing_examples:/home/jose/ros2_humble/install/ros2bag:/home/jose/ros2_humble/install/tracetools_test:/home/jose/ros2_humble/install/tracetools_launch:/home/jose/ros2_humble/install/topic_monitor:/home/jose/ros2_humble/install/tf2_tools:/home/jose/ros2_humble/install/examples_tf2_py:/home/jose/ros2_humble/install/tf2_ros_py:/home/jose/ros2_humble/install/sros2:/home/jose/ros2_humble/install/rqt_topic:/home/jose/ros2_humble/install/rqt_srv:/home/jose/ros2_humble/install/rqt_shell:/home/jose/ros2_humble/install/rqt_service_caller:/home/jose/ros2_humble/install/rqt_reconfigure:/home/jose/ros2_humble/install/rqt_py_console:/home/jose/ros2_humble/install/rqt_publisher:/home/jose/ros2_humble/install/rqt_plot:/home/jose/ros2_humble/install/rqt_action:/home/jose/ros2_humble/install/rqt_msg:/home/jose/ros2_humble/install/rqt_console:/home/jose/ros2_humble/install/rqt:/home/jose/ros2_humble/install/rqt_graph:/home/jose/ros2_humble/install/rqt_gui_py:/home/jose/ros2_humble/install/rqt_gui:/home/jose/ros2_humble/install/ros2trace:/home/jose/ros2_humble/install/ros2topic:/home/jose/ros2_humble/install/ros2test:/home/jose/ros2_humble/install/ros2component:/home/jose/ros2_humble/install/ros2param:/home/jose/ros2_humble/install/ros2lifecycle:/home/jose/ros2_humble/install/ros2service:/home/jose/ros2_humble/install/ros2run:/home/jose/ros2_humble/install/ros2launch:/home/jose/ros2_humble/install/ros2pkg:/home/jose/ros2_humble/install/ros2node:/home/jose/ros2_humble/install/ros2multicast:/home/jose/ros2_humble/install/ros2interface:/home/jose/ros2_humble/install/ros2doctor:/home/jose/ros2_humble/install/ros2action:/home/jose/ros2_humble/install/ros2cli:/home/jose/ros2_humble/install/quality_of_service_demo_py:/home/jose/ros2_humble/install/lifecycle_py:/home/jose/ros2_humble/install/launch_testing_ros:/home/jose/ros2_humble/install/launch_ros:/home/jose/ros2_humble/install/examples_rclpy_pointcloud_publisher:/home/jose/ros2_humble/install/examples_rclpy_minimal_subscriber:/home/jose/ros2_humble/install/examples_rclpy_minimal_service:/home/jose/ros2_humble/install/examples_rclpy_minimal_publisher:/home/jose/ros2_humble/install/examples_rclpy_minimal_client:/home/jose/ros2_humble/install/examples_rclpy_minimal_action_server:/home/jose/ros2_humble/install/examples_rclpy_minimal_action_client:/home/jose/ros2_humble/install/examples_rclpy_guard_conditions:/home/jose/ros2_humble/install/examples_rclpy_executors:/home/jose/ros2_humble/install/demo_nodes_py:/home/jose/ros2_humble/install/camera_info_manager_py:/home/jose/ros2_humble/install/action_tutorials_py:/home/jose/ros2_humble/install/ament_uncrustify:/home/jose/ros2_humble/install/tracetools_trace:/home/jose/ros2_humble/install/tracetools_read:/home/jose/ros2_humble/install/test_tracetools_launch:/home/jose/ros2_humble/install/test_launch_ros:/home/jose/ros2_humble/install/sensor_msgs_py:/home/jose/ros2_humble/install/rpyutils:/home/jose/ros2_humble/install/rosidl_runtime_py:/home/jose/ros2_humble/install/rosidl_cli:/home/jose/ros2_humble/install/launch_pytest:/home/jose/ros2_humble/install/launch_testing:/home/jose/ros2_humble/install/launch_yaml:/home/jose/ros2_humble/install/launch_xml:/home/jose/ros2_humble/install/launch:/home/jose/ros2_humble/install/osrf_pycommon:/home/jose/ros2_humble/install/domain_coordinator:/home/jose/ros2_humble/install/ament_xmllint:/home/jose/ros2_humble/install/ament_pyflakes:/home/jose/ros2_humble/install/ament_pycodestyle:/home/jose/ros2_humble/install/ament_pep257:/home/jose/ros2_humble/install/ament_pclint:/home/jose/ros2_humble/install/ament_package:/home/jose/ros2_humble/install/ament_mypy:/home/jose/ros2_humble/install/ament_lint_cmake:/home/jose/ros2_humble/install/ament_flake8:/home/jose/ros2_humble/install/ament_copyright:/home/jose/ros2_humble/install/ament_lint:/home/jose/ros2_humble/install/ament_index_python:/home/jose/ros2_humble/install/ament_cpplint:/home/jose/ros2_humble/install/ament_cppcheck:/home/jose/ros2_humble/install/ament_clang_tidy:/home/jose/ros2_humble/install/ament_clang_format:/opt/ros/humble /usr/bin/cmake --build /home/jose/TCC/build/geographic_msgs -- -j16 -l16
[5.324s] [  0%] [34m[1mGenerating C code for ROS interfaces[0m
[5.346s] [  1%] [32mBuilding CXX object gtest/CMakeFiles/gtest_main.dir/src/gtest_main.cc.o[0m
[5.346s] [  2%] [32mBuilding CXX object gtest/CMakeFiles/gtest.dir/src/gtest-all.cc.o[0m
[5.346s] [  2%] [34m[1mGenerating C++ code for ROS interfaces[0m
[5.364s] [  2%] Built target ament_cmake_python_symlink_geographic_msgs
[5.769s] running egg_info
[5.770s] creating geographic_msgs.egg-info
[5.770s] writing geographic_msgs.egg-info/PKG-INFO
[5.770s] writing dependency_links to geographic_msgs.egg-info/dependency_links.txt
[5.770s] writing top-level names to geographic_msgs.egg-info/top_level.txt
[5.770s] writing manifest file 'geographic_msgs.egg-info/SOURCES.txt'
[5.772s] reading manifest file 'geographic_msgs.egg-info/SOURCES.txt'
[5.772s] writing manifest file 'geographic_msgs.egg-info/SOURCES.txt'
[5.806s] [  2%] Built target ament_cmake_python_build_geographic_msgs_egg
[6.014s] [  2%] [32m[1mLinking CXX static library libgtest_main.a[0m
[6.206s] [  2%] Built target gtest_main
[7.021s] [  2%] Built target geographic_msgs__cpp
[7.053s] [  3%] [34m[1mGenerating C++ type support for eProsima Fast-RTPS[0m
[7.053s] [  4%] [34m[1mGenerating C++ type support dispatch for ROS interfaces[0m
[7.054s] [  4%] [34m[1mGenerating C++ introspection for ROS interfaces[0m
[7.101s] [  5%] [32mBuilding C object CMakeFiles/geographic_msgs__rosidl_generator_c.dir/rosidl_generator_c/geographic_msgs/msg/detail/geographic_map__functions.c.o[0m
[7.101s] [  6%] [32mBuilding C object CMakeFiles/geographic_msgs__rosidl_generator_c.dir/rosidl_generator_c/geographic_msgs/msg/detail/geo_point__functions.c.o[0m
[7.102s] [  5%] [32mBuilding C object CMakeFiles/geographic_msgs__rosidl_generator_c.dir/rosidl_generator_c/geographic_msgs/msg/detail/geographic_map_changes__functions.c.o[0m
[7.102s] [  7%] [32mBuilding C object CMakeFiles/geographic_msgs__rosidl_generator_c.dir/rosidl_generator_c/geographic_msgs/msg/detail/geo_pose_with_covariance__functions.c.o[0m
[7.103s] [  7%] [32mBuilding C object CMakeFiles/geographic_msgs__rosidl_generator_c.dir/rosidl_generator_c/geographic_msgs/msg/detail/geo_pose_stamped__functions.c.o[0m
[7.103s] [  7%] [32mBuilding C object CMakeFiles/geographic_msgs__rosidl_generator_c.dir/rosidl_generator_c/geographic_msgs/msg/detail/geo_path__functions.c.o[0m
[7.104s] [  9%] [32mBuilding C object CMakeFiles/geographic_msgs__rosidl_generator_c.dir/rosidl_generator_c/geographic_msgs/msg/detail/bounding_box__functions.c.o[0m
[7.104s] [  9%] [32mBuilding C object CMakeFiles/geographic_msgs__rosidl_generator_c.dir/rosidl_generator_c/geographic_msgs/msg/detail/geo_pose__functions.c.o[0m
[7.108s] [  9%] [32mBuilding C object CMakeFiles/geographic_msgs__rosidl_generator_c.dir/rosidl_generator_c/geographic_msgs/msg/detail/geo_point_stamped__functions.c.o[0m
[7.117s] [  9%] [32mBuilding C object CMakeFiles/geographic_msgs__rosidl_generator_c.dir/rosidl_generator_c/geographic_msgs/msg/detail/geo_pose_with_covariance_stamped__functions.c.o[0m
[7.121s] [ 10%] [32mBuilding C object CMakeFiles/geographic_msgs__rosidl_generator_c.dir/rosidl_generator_c/geographic_msgs/msg/detail/key_value__functions.c.o[0m
[7.121s] [ 10%] [32mBuilding C object CMakeFiles/geographic_msgs__rosidl_generator_c.dir/rosidl_generator_c/geographic_msgs/msg/detail/map_feature__functions.c.o[0m
[7.199s] [ 10%] [32mBuilding C object CMakeFiles/geographic_msgs__rosidl_generator_c.dir/rosidl_generator_c/geographic_msgs/msg/detail/route_path__functions.c.o[0m
[7.200s] [ 11%] [32mBuilding C object CMakeFiles/geographic_msgs__rosidl_generator_c.dir/rosidl_generator_c/geographic_msgs/msg/detail/route_network__functions.c.o[0m
[7.200s] [ 12%] [32mBuilding C object CMakeFiles/geographic_msgs__rosidl_generator_c.dir/rosidl_generator_c/geographic_msgs/srv/detail/get_geo_path__functions.c.o[0m
[7.202s] [ 13%] [32mBuilding C object CMakeFiles/geographic_msgs__rosidl_generator_c.dir/rosidl_generator_c/geographic_msgs/srv/detail/update_geographic_map__functions.c.o[0m
[7.202s] [ 13%] [32mBuilding C object CMakeFiles/geographic_msgs__rosidl_generator_c.dir/rosidl_generator_c/geographic_msgs/srv/detail/get_geographic_map__functions.c.o[0m
[7.204s] [ 14%] [32mBuilding C object CMakeFiles/geographic_msgs__rosidl_generator_c.dir/rosidl_generator_c/geographic_msgs/msg/detail/way_point__functions.c.o[0m
[7.204s] [ 15%] [32mBuilding C object CMakeFiles/geographic_msgs__rosidl_generator_c.dir/rosidl_generator_c/geographic_msgs/msg/detail/route_segment__functions.c.o[0m
[7.209s] [ 15%] [32mBuilding C object CMakeFiles/geographic_msgs__rosidl_generator_c.dir/rosidl_generator_c/geographic_msgs/srv/detail/get_route_plan__functions.c.o[0m
[7.299s] [ 15%] [32m[1mLinking C shared library libgeographic_msgs__rosidl_generator_c.so[0m
[7.371s] [ 15%] Built target geographic_msgs__rosidl_generator_c
[7.397s] [ 17%] [34m[1mGenerating C type support for eProsima Fast-RTPS[0m
[7.397s] [ 17%] [34m[1mGenerating C introspection for ROS interfaces[0m
[7.397s] [ 17%] [34m[1mGenerating C type support dispatch for ROS interfaces[0m
[7.707s] [ 17%] [32m[1mLinking CXX static library libgtest.a[0m
[7.846s] [ 17%] Built target gtest
[8.717s] [ 18%] [32mBuilding CXX object CMakeFiles/geographic_msgs__rosidl_typesupport_introspection_cpp.dir/rosidl_typesupport_introspection_cpp/geographic_msgs/msg/detail/bounding_box__type_support.cpp.o[0m
[8.717s] [ 18%] [32mBuilding CXX object CMakeFiles/geographic_msgs__rosidl_typesupport_introspection_cpp.dir/rosidl_typesupport_introspection_cpp/geographic_msgs/msg/detail/geographic_map_changes__type_support.cpp.o[0m
[8.728s] [ 19%] [32mBuilding CXX object CMakeFiles/geographic_msgs__rosidl_typesupport_introspection_cpp.dir/rosidl_typesupport_introspection_cpp/geographic_msgs/msg/detail/geographic_map__type_support.cpp.o[0m
[8.730s] [ 19%] [32mBuilding CXX object CMakeFiles/geographic_msgs__rosidl_typesupport_introspection_cpp.dir/rosidl_typesupport_introspection_cpp/geographic_msgs/msg/detail/geo_path__type_support.cpp.o[0m
[8.739s] [ 19%] [32mBuilding CXX object CMakeFiles/geographic_msgs__rosidl_typesupport_introspection_cpp.dir/rosidl_typesupport_introspection_cpp/geographic_msgs/msg/detail/geo_point_stamped__type_support.cpp.o[0m
[8.739s] [ 20%] [32mBuilding CXX object CMakeFiles/geographic_msgs__rosidl_typesupport_introspection_cpp.dir/rosidl_typesupport_introspection_cpp/geographic_msgs/msg/detail/geo_point__type_support.cpp.o[0m
[8.743s] [ 21%] [32mBuilding CXX object CMakeFiles/geographic_msgs__rosidl_typesupport_introspection_cpp.dir/rosidl_typesupport_introspection_cpp/geographic_msgs/msg/detail/geo_pose__type_support.cpp.o[0m
[8.769s] [ 21%] [32mBuilding CXX object CMakeFiles/geographic_msgs__rosidl_typesupport_fastrtps_cpp.dir/rosidl_typesupport_fastrtps_cpp/geographic_msgs/msg/detail/dds_fastrtps/bounding_box__type_support.cpp.o[0m
[8.770s] [ 21%] [32mBuilding CXX object CMakeFiles/geographic_msgs__rosidl_typesupport_introspection_cpp.dir/rosidl_typesupport_introspection_cpp/geographic_msgs/msg/detail/geo_pose_stamped__type_support.cpp.o[0m
[8.780s] [ 22%] [32mBuilding CXX object CMakeFiles/geographic_msgs__rosidl_typesupport_introspection_cpp.dir/rosidl_typesupport_introspection_cpp/geographic_msgs/msg/detail/geo_pose_with_covariance__type_support.cpp.o[0m
[8.795s] [ 23%] [32mBuilding CXX object CMakeFiles/geographic_msgs__rosidl_typesupport_introspection_cpp.dir/rosidl_typesupport_introspection_cpp/geographic_msgs/msg/detail/geo_pose_with_covariance_stamped__type_support.cpp.o[0m
[8.795s] [ 24%] [32mBuilding CXX object CMakeFiles/geographic_msgs__rosidl_typesupport_fastrtps_cpp.dir/rosidl_typesupport_fastrtps_cpp/geographic_msgs/msg/detail/dds_fastrtps/geographic_map_changes__type_support.cpp.o[0m
[8.858s] [ 24%] [32mBuilding CXX object CMakeFiles/geographic_msgs__rosidl_typesupport_cpp.dir/rosidl_typesupport_cpp/geographic_msgs/msg/bounding_box__type_support.cpp.o[0m
[9.247s] [ 24%] [32mBuilding CXX object CMakeFiles/geographic_msgs__rosidl_typesupport_introspection_cpp.dir/rosidl_typesupport_introspection_cpp/geographic_msgs/msg/detail/key_value__type_support.cpp.o[0m
[9.297s] [ 24%] [32mBuilding CXX object CMakeFiles/geographic_msgs__rosidl_typesupport_fastrtps_cpp.dir/rosidl_typesupport_fastrtps_cpp/geographic_msgs/msg/detail/dds_fastrtps/geographic_map__type_support.cpp.o[0m
[9.317s] [ 25%] [32mBuilding CXX object CMakeFiles/geographic_msgs__rosidl_typesupport_cpp.dir/rosidl_typesupport_cpp/geographic_msgs/msg/geo_path__type_support.cpp.o[0m
[9.321s] [ 25%] [32mBuilding CXX object CMakeFiles/geographic_msgs__rosidl_typesupport_cpp.dir/rosidl_typesupport_cpp/geographic_msgs/msg/geographic_map__type_support.cpp.o[0m
[9.324s] [ 26%] [32mBuilding CXX object CMakeFiles/geographic_msgs__rosidl_typesupport_cpp.dir/rosidl_typesupport_cpp/geographic_msgs/msg/geographic_map_changes__type_support.cpp.o[0m
[9.324s] [ 27%] [32mBuilding CXX object CMakeFiles/geographic_msgs__rosidl_typesupport_fastrtps_cpp.dir/rosidl_typesupport_fastrtps_cpp/geographic_msgs/msg/detail/dds_fastrtps/geo_path__type_support.cpp.o[0m
[9.349s] [ 28%] [32mBuilding CXX object CMakeFiles/geographic_msgs__rosidl_typesupport_introspection_cpp.dir/rosidl_typesupport_introspection_cpp/geographic_msgs/msg/detail/map_feature__type_support.cpp.o[0m
[9.373s] [ 29%] [32mBuilding CXX object CMakeFiles/geographic_msgs__rosidl_typesupport_cpp.dir/rosidl_typesupport_cpp/geographic_msgs/msg/geo_point_stamped__type_support.cpp.o[0m
[9.373s] [ 29%] [32mBuilding CXX object CMakeFiles/geographic_msgs__rosidl_typesupport_introspection_cpp.dir/rosidl_typesupport_introspection_cpp/geographic_msgs/msg/detail/route_network__type_support.cpp.o[0m
[9.375s] [ 29%] [32mBuilding CXX object CMakeFiles/geographic_msgs__rosidl_typesupport_cpp.dir/rosidl_typesupport_cpp/geographic_msgs/msg/geo_point__type_support.cpp.o[0m
[9.391s] [ 30%] [32mBuilding CXX object CMakeFiles/geographic_msgs__rosidl_typesupport_fastrtps_cpp.dir/rosidl_typesupport_fastrtps_cpp/geographic_msgs/msg/detail/dds_fastrtps/geo_point__type_support.cpp.o[0m
[9.432s] [ 30%] [32mBuilding CXX object CMakeFiles/geographic_msgs__rosidl_typesupport_cpp.dir/rosidl_typesupport_cpp/geographic_msgs/msg/geo_pose__type_support.cpp.o[0m
[9.504s] [ 31%] [32mBuilding CXX object CMakeFiles/geographic_msgs__rosidl_typesupport_cpp.dir/rosidl_typesupport_cpp/geographic_msgs/msg/geo_pose_stamped__type_support.cpp.o[0m
[9.702s] [ 31%] [32mBuilding CXX object CMakeFiles/geographic_msgs__rosidl_typesupport_fastrtps_cpp.dir/rosidl_typesupport_fastrtps_cpp/geographic_msgs/msg/detail/dds_fastrtps/geo_point_stamped__type_support.cpp.o[0m
[9.749s] [ 31%] [32mBuilding CXX object CMakeFiles/geographic_msgs__rosidl_typesupport_cpp.dir/rosidl_typesupport_cpp/geographic_msgs/msg/geo_pose_with_covariance__type_support.cpp.o[0m
[9.780s] [ 32%] [32mBuilding CXX object CMakeFiles/geographic_msgs__rosidl_typesupport_introspection_cpp.dir/rosidl_typesupport_introspection_cpp/geographic_msgs/msg/detail/route_path__type_support.cpp.o[0m
[9.797s] [ 33%] [32mBuilding CXX object CMakeFiles/geographic_msgs__rosidl_typesupport_fastrtps_cpp.dir/rosidl_typesupport_fastrtps_cpp/geographic_msgs/msg/detail/dds_fastrtps/geo_pose__type_support.cpp.o[0m
[9.800s] [ 33%] [32mBuilding CXX object CMakeFiles/geographic_msgs__rosidl_typesupport_introspection_cpp.dir/rosidl_typesupport_introspection_cpp/geographic_msgs/msg/detail/route_segment__type_support.cpp.o[0m
[9.802s] [ 33%] [32mBuilding CXX object CMakeFiles/geographic_msgs__rosidl_typesupport_fastrtps_cpp.dir/rosidl_typesupport_fastrtps_cpp/geographic_msgs/msg/detail/dds_fastrtps/geo_pose_stamped__type_support.cpp.o[0m
[9.831s] [ 34%] [32mBuilding CXX object CMakeFiles/geographic_msgs__rosidl_typesupport_fastrtps_cpp.dir/rosidl_typesupport_fastrtps_cpp/geographic_msgs/msg/detail/dds_fastrtps/geo_pose_with_covariance__type_support.cpp.o[0m
[9.853s] [ 34%] [32mBuilding CXX object CMakeFiles/geographic_msgs__rosidl_typesupport_c.dir/rosidl_typesupport_c/geographic_msgs/msg/bounding_box__type_support.cpp.o[0m
[9.919s] [ 35%] [32mBuilding CXX object CMakeFiles/geographic_msgs__rosidl_typesupport_introspection_cpp.dir/rosidl_typesupport_introspection_cpp/geographic_msgs/msg/detail/way_point__type_support.cpp.o[0m
[9.924s] [ 35%] [32mBuilding CXX object CMakeFiles/geographic_msgs__rosidl_typesupport_introspection_cpp.dir/rosidl_typesupport_introspection_cpp/geographic_msgs/srv/detail/get_geographic_map__type_support.cpp.o[0m
[9.958s] [ 35%] [32mBuilding CXX object CMakeFiles/geographic_msgs__rosidl_typesupport_fastrtps_cpp.dir/rosidl_typesupport_fastrtps_cpp/geographic_msgs/msg/detail/dds_fastrtps/geo_pose_with_covariance_stamped__type_support.cpp.o[0m
[9.971s] [ 36%] [32mBuilding CXX object CMakeFiles/geographic_msgs__rosidl_typesupport_c.dir/rosidl_typesupport_c/geographic_msgs/msg/geographic_map_changes__type_support.cpp.o[0m
[9.978s] [ 36%] [32mBuilding CXX object CMakeFiles/geographic_msgs__rosidl_typesupport_c.dir/rosidl_typesupport_c/geographic_msgs/msg/geographic_map__type_support.cpp.o[0m
[10.036s] [ 37%] [32mBuilding CXX object CMakeFiles/geographic_msgs__rosidl_typesupport_c.dir/rosidl_typesupport_c/geographic_msgs/msg/geo_path__type_support.cpp.o[0m
[10.093s] [ 38%] [32mBuilding CXX object CMakeFiles/geographic_msgs__rosidl_typesupport_introspection_cpp.dir/rosidl_typesupport_introspection_cpp/geographic_msgs/srv/detail/get_geo_path__type_support.cpp.o[0m
[10.101s] [ 39%] [32mBuilding CXX object CMakeFiles/geographic_msgs__rosidl_typesupport_cpp.dir/rosidl_typesupport_cpp/geographic_msgs/msg/geo_pose_with_covariance_stamped__type_support.cpp.o[0m
[10.121s] [ 39%] [32mBuilding CXX object CMakeFiles/geographic_msgs__rosidl_typesupport_c.dir/rosidl_typesupport_c/geographic_msgs/msg/geo_point__type_support.cpp.o[0m
[10.133s] [ 39%] [32mBuilding CXX object CMakeFiles/geographic_msgs__rosidl_typesupport_introspection_cpp.dir/rosidl_typesupport_introspection_cpp/geographic_msgs/srv/detail/get_route_plan__type_support.cpp.o[0m
[10.152s] [ 40%] [32mBuilding CXX object CMakeFiles/geographic_msgs__rosidl_typesupport_fastrtps_cpp.dir/rosidl_typesupport_fastrtps_cpp/geographic_msgs/msg/detail/dds_fastrtps/key_value__type_support.cpp.o[0m
[10.240s] [ 41%] [32mBuilding CXX object CMakeFiles/geographic_msgs__rosidl_typesupport_c.dir/rosidl_typesupport_c/geographic_msgs/msg/geo_point_stamped__type_support.cpp.o[0m
[10.291s] [ 41%] [32mBuilding CXX object CMakeFiles/geographic_msgs__rosidl_typesupport_fastrtps_cpp.dir/rosidl_typesupport_fastrtps_cpp/geographic_msgs/msg/detail/dds_fastrtps/map_feature__type_support.cpp.o[0m
[10.317s] [ 42%] [32mBuilding CXX object CMakeFiles/geographic_msgs__rosidl_typesupport_c.dir/rosidl_typesupport_c/geographic_msgs/msg/geo_pose__type_support.cpp.o[0m
[10.332s] [ 42%] [32mBuilding CXX object CMakeFiles/geographic_msgs__rosidl_typesupport_c.dir/rosidl_typesupport_c/geographic_msgs/msg/geo_pose_stamped__type_support.cpp.o[0m
[10.341s] [ 43%] [32mBuilding CXX object CMakeFiles/geographic_msgs__rosidl_typesupport_fastrtps_cpp.dir/rosidl_typesupport_fastrtps_cpp/geographic_msgs/msg/detail/dds_fastrtps/route_network__type_support.cpp.o[0m
[10.379s] [ 44%] [32mBuilding CXX object CMakeFiles/geographic_msgs__rosidl_typesupport_c.dir/rosidl_typesupport_c/geographic_msgs/msg/geo_pose_with_covariance__type_support.cpp.o[0m
[10.389s] [ 45%] [32mBuilding CXX object CMakeFiles/geographic_msgs__rosidl_typesupport_introspection_cpp.dir/rosidl_typesupport_introspection_cpp/geographic_msgs/srv/detail/update_geographic_map__type_support.cpp.o[0m
[10.394s] [ 45%] [32mBuilding CXX object CMakeFiles/geographic_msgs__rosidl_typesupport_cpp.dir/rosidl_typesupport_cpp/geographic_msgs/msg/key_value__type_support.cpp.o[0m
[10.404s] [ 46%] [32mBuilding CXX object CMakeFiles/geographic_msgs__rosidl_typesupport_cpp.dir/rosidl_typesupport_cpp/geographic_msgs/msg/map_feature__type_support.cpp.o[0m
[10.424s] [ 46%] [32mBuilding CXX object CMakeFiles/geographic_msgs__rosidl_typesupport_cpp.dir/rosidl_typesupport_cpp/geographic_msgs/msg/route_network__type_support.cpp.o[0m
[10.466s] [ 46%] [32mBuilding C object CMakeFiles/geographic_msgs__rosidl_typesupport_introspection_c.dir/rosidl_typesupport_introspection_c/geographic_msgs/msg/detail/bounding_box__type_support.c.o[0m
[10.467s] [ 46%] [32mBuilding CXX object CMakeFiles/geographic_msgs__rosidl_typesupport_fastrtps_cpp.dir/rosidl_typesupport_fastrtps_cpp/geographic_msgs/msg/detail/dds_fastrtps/route_path__type_support.cpp.o[0m
[10.480s] [ 47%] [32mBuilding C object CMakeFiles/geographic_msgs__rosidl_typesupport_introspection_c.dir/rosidl_typesupport_introspection_c/geographic_msgs/msg/detail/geographic_map_changes__type_support.c.o[0m
[10.497s] [ 47%] [32mBuilding CXX object CMakeFiles/geographic_msgs__rosidl_typesupport_c.dir/rosidl_typesupport_c/geographic_msgs/msg/geo_pose_with_covariance_stamped__type_support.cpp.o[0m
[10.523s] [ 48%] [32mBuilding CXX object CMakeFiles/geographic_msgs__rosidl_typesupport_cpp.dir/rosidl_typesupport_cpp/geographic_msgs/msg/route_path__type_support.cpp.o[0m
[10.569s] [ 49%] [32mBuilding CXX object CMakeFiles/geographic_msgs__rosidl_typesupport_fastrtps_c.dir/rosidl_typesupport_fastrtps_c/geographic_msgs/msg/detail/bounding_box__type_support_c.cpp.o[0m
[10.586s] [ 50%] [32mBuilding CXX object CMakeFiles/geographic_msgs__rosidl_typesupport_c.dir/rosidl_typesupport_c/geographic_msgs/msg/key_value__type_support.cpp.o[0m
[10.605s] [ 50%] [32mBuilding CXX object CMakeFiles/geographic_msgs__rosidl_typesupport_c.dir/rosidl_typesupport_c/geographic_msgs/msg/map_feature__type_support.cpp.o[0m
[10.646s] [ 50%] [32mBuilding C object CMakeFiles/geographic_msgs__rosidl_typesupport_introspection_c.dir/rosidl_typesupport_introspection_c/geographic_msgs/msg/detail/geographic_map__type_support.c.o[0m
[10.662s] [ 50%] [32mBuilding CXX object CMakeFiles/geographic_msgs__rosidl_typesupport_fastrtps_c.dir/rosidl_typesupport_fastrtps_c/geographic_msgs/msg/detail/geographic_map_changes__type_support_c.cpp.o[0m
[10.680s] [ 51%] [32mBuilding CXX object CMakeFiles/geographic_msgs__rosidl_typesupport_fastrtps_c.dir/rosidl_typesupport_fastrtps_c/geographic_msgs/msg/detail/geographic_map__type_support_c.cpp.o[0m
[10.683s] [ 51%] [32mBuilding CXX object CMakeFiles/geographic_msgs__rosidl_typesupport_fastrtps_c.dir/rosidl_typesupport_fastrtps_c/geographic_msgs/msg/detail/geo_path__type_support_c.cpp.o[0m
[10.700s] [ 52%] [32mBuilding CXX object CMakeFiles/geographic_msgs__rosidl_typesupport_c.dir/rosidl_typesupport_c/geographic_msgs/msg/route_network__type_support.cpp.o[0m
[10.700s] [ 53%] [32mBuilding CXX object CMakeFiles/geographic_msgs__rosidl_typesupport_fastrtps_c.dir/rosidl_typesupport_fastrtps_c/geographic_msgs/msg/detail/geo_point__type_support_c.cpp.o[0m
[10.765s] [ 54%] [32mBuilding CXX object CMakeFiles/geographic_msgs__rosidl_typesupport_fastrtps_c.dir/rosidl_typesupport_fastrtps_c/geographic_msgs/msg/detail/geo_pose__type_support_c.cpp.o[0m
[10.766s] [ 54%] [32mBuilding CXX object CMakeFiles/geographic_msgs__rosidl_typesupport_fastrtps_c.dir/rosidl_typesupport_fastrtps_c/geographic_msgs/msg/detail/geo_point_stamped__type_support_c.cpp.o[0m
[10.808s] [ 55%] [32mBuilding C object CMakeFiles/geographic_msgs__rosidl_typesupport_introspection_c.dir/rosidl_typesupport_introspection_c/geographic_msgs/msg/detail/geo_path__type_support.c.o[0m
[10.808s] [ 55%] [32mBuilding CXX object CMakeFiles/geographic_msgs__rosidl_typesupport_c.dir/rosidl_typesupport_c/geographic_msgs/msg/route_path__type_support.cpp.o[0m
[10.852s] [ 55%] [32mBuilding CXX object CMakeFiles/geographic_msgs__rosidl_typesupport_c.dir/rosidl_typesupport_c/geographic_msgs/msg/way_point__type_support.cpp.o[0m
[10.861s] [ 56%] [32mBuilding CXX object CMakeFiles/geographic_msgs__rosidl_typesupport_c.dir/rosidl_typesupport_c/geographic_msgs/msg/route_segment__type_support.cpp.o[0m
[10.916s] [ 56%] [32mBuilding C object CMakeFiles/geographic_msgs__rosidl_typesupport_introspection_c.dir/rosidl_typesupport_introspection_c/geographic_msgs/msg/detail/geo_point__type_support.c.o[0m
[10.928s] [ 56%] [32mBuilding CXX object CMakeFiles/geographic_msgs__rosidl_typesupport_cpp.dir/rosidl_typesupport_cpp/geographic_msgs/msg/route_segment__type_support.cpp.o[0m
[10.935s] [ 57%] [32mBuilding C object CMakeFiles/geographic_msgs__rosidl_typesupport_introspection_c.dir/rosidl_typesupport_introspection_c/geographic_msgs/msg/detail/geo_point_stamped__type_support.c.o[0m
[10.948s] [ 58%] [32mBuilding CXX object CMakeFiles/geographic_msgs__rosidl_typesupport_c.dir/rosidl_typesupport_c/geographic_msgs/srv/get_geographic_map__type_support.cpp.o[0m
[10.951s] [ 59%] [32mBuilding CXX object CMakeFiles/geographic_msgs__rosidl_typesupport_cpp.dir/rosidl_typesupport_cpp/geographic_msgs/msg/way_point__type_support.cpp.o[0m
[10.988s] [ 59%] [32m[1mLinking CXX shared library libgeographic_msgs__rosidl_typesupport_introspection_cpp.so[0m
[10.998s] [ 60%] [32mBuilding CXX object CMakeFiles/geographic_msgs__rosidl_typesupport_fastrtps_cpp.dir/rosidl_typesupport_fastrtps_cpp/geographic_msgs/msg/detail/dds_fastrtps/route_segment__type_support.cpp.o[0m
[11.013s] [ 60%] [32mBuilding CXX object CMakeFiles/geographic_msgs__rosidl_typesupport_c.dir/rosidl_typesupport_c/geographic_msgs/srv/get_geo_path__type_support.cpp.o[0m
[11.032s] [ 60%] [32mBuilding CXX object CMakeFiles/geographic_msgs__rosidl_typesupport_fastrtps_c.dir/rosidl_typesupport_fastrtps_c/geographic_msgs/msg/detail/geo_pose_stamped__type_support_c.cpp.o[0m
[11.042s] [ 60%] [32mBuilding C object CMakeFiles/geographic_msgs__rosidl_typesupport_introspection_c.dir/rosidl_typesupport_introspection_c/geographic_msgs/msg/detail/geo_pose__type_support.c.o[0m
[11.059s] [ 60%] [32mBuilding CXX object CMakeFiles/geographic_msgs__rosidl_typesupport_cpp.dir/rosidl_typesupport_cpp/geographic_msgs/srv/get_geo_path__type_support.cpp.o[0m
[11.080s] [ 61%] [32mBuilding CXX object CMakeFiles/geographic_msgs__rosidl_typesupport_cpp.dir/rosidl_typesupport_cpp/geographic_msgs/srv/get_geographic_map__type_support.cpp.o[0m
[11.110s] [ 62%] [32mBuilding CXX object CMakeFiles/geographic_msgs__rosidl_typesupport_c.dir/rosidl_typesupport_c/geographic_msgs/srv/get_route_plan__type_support.cpp.o[0m
[11.138s] [ 62%] [32mBuilding CXX object CMakeFiles/geographic_msgs__rosidl_typesupport_fastrtps_cpp.dir/rosidl_typesupport_fastrtps_cpp/geographic_msgs/msg/detail/dds_fastrtps/way_point__type_support.cpp.o[0m
[11.143s] [ 62%] [32mBuilding CXX object CMakeFiles/geographic_msgs__rosidl_typesupport_c.dir/rosidl_typesupport_c/geographic_msgs/srv/update_geographic_map__type_support.cpp.o[0m
[11.167s] [ 63%] [32mBuilding C object CMakeFiles/geographic_msgs__rosidl_typesupport_introspection_c.dir/rosidl_typesupport_introspection_c/geographic_msgs/msg/detail/geo_pose_stamped__type_support.c.o[0m
[11.172s] [ 63%] [32mBuilding C object CMakeFiles/geographic_msgs__rosidl_typesupport_introspection_c.dir/rosidl_typesupport_introspection_c/geographic_msgs/msg/detail/geo_pose_with_covariance__type_support.c.o[0m
[11.185s] [ 64%] [32mBuilding C object CMakeFiles/geographic_msgs__rosidl_typesupport_introspection_c.dir/rosidl_typesupport_introspection_c/geographic_msgs/msg/detail/geo_pose_with_covariance_stamped__type_support.c.o[0m
[11.199s] [ 65%] [32mBuilding CXX object CMakeFiles/geographic_msgs__rosidl_typesupport_fastrtps_cpp.dir/rosidl_typesupport_fastrtps_cpp/geographic_msgs/srv/detail/dds_fastrtps/get_geographic_map__type_support.cpp.o[0m
[11.231s] [ 66%] [32mBuilding C object CMakeFiles/geographic_msgs__rosidl_typesupport_introspection_c.dir/rosidl_typesupport_introspection_c/geographic_msgs/msg/detail/map_feature__type_support.c.o[0m
[11.234s] [ 66%] [32mBuilding C object CMakeFiles/geographic_msgs__rosidl_typesupport_introspection_c.dir/rosidl_typesupport_introspection_c/geographic_msgs/msg/detail/key_value__type_support.c.o[0m
[11.260s] [ 66%] Built target geographic_msgs__rosidl_typesupport_introspection_cpp
[11.263s] [ 67%] [32m[1mLinking CXX shared library libgeographic_msgs__rosidl_typesupport_c.so[0m
[11.269s] [ 67%] [32mBuilding C object CMakeFiles/geographic_msgs__rosidl_typesupport_introspection_c.dir/rosidl_typesupport_introspection_c/geographic_msgs/msg/detail/route_network__type_support.c.o[0m
[11.290s] [ 68%] [32mBuilding CXX object CMakeFiles/geographic_msgs__rosidl_typesupport_fastrtps_c.dir/rosidl_typesupport_fastrtps_c/geographic_msgs/msg/detail/geo_pose_with_covariance__type_support_c.cpp.o[0m
[11.303s] [ 68%] [32mBuilding CXX object CMakeFiles/geographic_msgs__rosidl_typesupport_cpp.dir/rosidl_typesupport_cpp/geographic_msgs/srv/update_geographic_map__type_support.cpp.o[0m
[11.305s] [ 69%] [32mBuilding CXX object CMakeFiles/geographic_msgs__rosidl_typesupport_cpp.dir/rosidl_typesupport_cpp/geographic_msgs/srv/get_route_plan__type_support.cpp.o[0m
[11.317s] [ 69%] [32mBuilding CXX object CMakeFiles/geographic_msgs__rosidl_typesupport_fastrtps_cpp.dir/rosidl_typesupport_fastrtps_cpp/geographic_msgs/srv/detail/dds_fastrtps/get_geo_path__type_support.cpp.o[0m
[11.338s] [ 70%] [32mBuilding CXX object CMakeFiles/geographic_msgs__rosidl_typesupport_fastrtps_cpp.dir/rosidl_typesupport_fastrtps_cpp/geographic_msgs/srv/detail/dds_fastrtps/get_route_plan__type_support.cpp.o[0m
[11.339s] [ 70%] [32mBuilding CXX object CMakeFiles/geographic_msgs__rosidl_typesupport_fastrtps_cpp.dir/rosidl_typesupport_fastrtps_cpp/geographic_msgs/srv/detail/dds_fastrtps/update_geographic_map__type_support.cpp.o[0m
[11.351s] [ 71%] [32mBuilding C object CMakeFiles/geographic_msgs__rosidl_typesupport_introspection_c.dir/rosidl_typesupport_introspection_c/geographic_msgs/msg/detail/route_path__type_support.c.o[0m
[11.399s] [ 71%] [32mBuilding CXX object CMakeFiles/geographic_msgs__rosidl_typesupport_fastrtps_c.dir/rosidl_typesupport_fastrtps_c/geographic_msgs/msg/detail/geo_pose_with_covariance_stamped__type_support_c.cpp.o[0m
[11.406s] [ 71%] [32mBuilding C object CMakeFiles/geographic_msgs__rosidl_typesupport_introspection_c.dir/rosidl_typesupport_introspection_c/geographic_msgs/msg/detail/route_segment__type_support.c.o[0m
[11.419s] [ 71%] Built target geographic_msgs__rosidl_typesupport_c
[11.454s] [ 72%] [32mBuilding C object CMakeFiles/geographic_msgs__rosidl_typesupport_introspection_c.dir/rosidl_typesupport_introspection_c/geographic_msgs/msg/detail/way_point__type_support.c.o[0m
[11.470s] [ 73%] [32mBuilding CXX object CMakeFiles/geographic_msgs__rosidl_typesupport_fastrtps_c.dir/rosidl_typesupport_fastrtps_c/geographic_msgs/msg/detail/key_value__type_support_c.cpp.o[0m
[11.514s] [ 73%] [32mBuilding CXX object CMakeFiles/geographic_msgs__rosidl_typesupport_fastrtps_c.dir/rosidl_typesupport_fastrtps_c/geographic_msgs/msg/detail/route_network__type_support_c.cpp.o[0m
[11.534s] [ 74%] [32mBuilding CXX object CMakeFiles/geographic_msgs__rosidl_typesupport_fastrtps_c.dir/rosidl_typesupport_fastrtps_c/geographic_msgs/msg/detail/map_feature__type_support_c.cpp.o[0m
[11.546s] [ 75%] [32mBuilding CXX object CMakeFiles/geographic_msgs__rosidl_typesupport_fastrtps_c.dir/rosidl_typesupport_fastrtps_c/geographic_msgs/msg/detail/route_path__type_support_c.cpp.o[0m
[11.560s] [ 75%] [32mBuilding CXX object CMakeFiles/geographic_msgs__rosidl_typesupport_fastrtps_c.dir/rosidl_typesupport_fastrtps_c/geographic_msgs/msg/detail/route_segment__type_support_c.cpp.o[0m
[11.580s] [ 76%] [32mBuilding C object CMakeFiles/geographic_msgs__rosidl_typesupport_introspection_c.dir/rosidl_typesupport_introspection_c/geographic_msgs/srv/detail/get_geographic_map__type_support.c.o[0m
[11.586s] [ 77%] [32mBuilding CXX object CMakeFiles/geographic_msgs__rosidl_typesupport_fastrtps_c.dir/rosidl_typesupport_fastrtps_c/geographic_msgs/msg/detail/way_point__type_support_c.cpp.o[0m
[11.718s] [ 77%] [32mBuilding C object CMakeFiles/geographic_msgs__rosidl_typesupport_introspection_c.dir/rosidl_typesupport_introspection_c/geographic_msgs/srv/detail/get_geo_path__type_support.c.o[0m
[11.738s] [ 78%] [32mBuilding C object CMakeFiles/geographic_msgs__rosidl_typesupport_introspection_c.dir/rosidl_typesupport_introspection_c/geographic_msgs/srv/detail/get_route_plan__type_support.c.o[0m
[11.750s] [ 78%] [32mBuilding CXX object CMakeFiles/geographic_msgs__rosidl_typesupport_fastrtps_c.dir/rosidl_typesupport_fastrtps_c/geographic_msgs/srv/detail/get_geographic_map__type_support_c.cpp.o[0m
[11.789s] [ 79%] [32m[1mLinking CXX shared library libgeographic_msgs__rosidl_typesupport_cpp.so[0m
[11.811s] [ 79%] [32mBuilding C object CMakeFiles/geographic_msgs__rosidl_typesupport_introspection_c.dir/rosidl_typesupport_introspection_c/geographic_msgs/srv/detail/update_geographic_map__type_support.c.o[0m
[11.837s] [ 80%] [32mBuilding CXX object CMakeFiles/geographic_msgs__rosidl_typesupport_fastrtps_c.dir/rosidl_typesupport_fastrtps_c/geographic_msgs/srv/detail/get_geo_path__type_support_c.cpp.o[0m
[11.841s] [ 80%] [32mBuilding CXX object CMakeFiles/geographic_msgs__rosidl_typesupport_fastrtps_c.dir/rosidl_typesupport_fastrtps_c/geographic_msgs/srv/detail/get_route_plan__type_support_c.cpp.o[0m
[11.860s] [ 81%] [32mBuilding CXX object CMakeFiles/geographic_msgs__rosidl_typesupport_fastrtps_c.dir/rosidl_typesupport_fastrtps_c/geographic_msgs/srv/detail/update_geographic_map__type_support_c.cpp.o[0m
[11.903s] [ 82%] [32m[1mLinking C shared library libgeographic_msgs__rosidl_typesupport_introspection_c.so[0m
[11.929s] [ 82%] Built target geographic_msgs__rosidl_typesupport_cpp
[12.002s] [ 83%] [32mBuilding CXX object test/CMakeFiles/validation_test.dir/test_validation.cpp.o[0m
[12.003s] [ 83%] Built target geographic_msgs__rosidl_typesupport_introspection_c
[12.012s] [ 84%] [32m[1mLinking CXX shared library libgeographic_msgs__rosidl_typesupport_fastrtps_cpp.so[0m
[12.129s] [ 84%] Built target geographic_msgs__rosidl_typesupport_fastrtps_cpp
[12.198s] [ 84%] [32m[1mLinking CXX shared library libgeographic_msgs__rosidl_typesupport_fastrtps_c.so[0m
[12.293s] [ 84%] Built target geographic_msgs__rosidl_typesupport_fastrtps_c
[12.344s] [ 84%] Built target geographic_msgs
[12.397s] [ 85%] [34m[1mGenerating Python code for ROS interfaces[0m
[12.770s] [ 86%] [32m[1mLinking CXX executable validation_test[0m
[12.902s] [ 86%] Built target validation_test
[14.912s] [ 86%] Built target geographic_msgs__py
[14.966s] [ 88%] [32mBuilding C object CMakeFiles/geographic_msgs__rosidl_generator_py.dir/rosidl_generator_py/geographic_msgs/msg/_geographic_map_s.c.o[0m
[14.966s] [ 88%] [32mBuilding C object CMakeFiles/geographic_msgs__rosidl_generator_py.dir/rosidl_generator_py/geographic_msgs/msg/_geographic_map_changes_s.c.o[0m
[14.966s] [ 88%] [32mBuilding C object CMakeFiles/geographic_msgs__rosidl_generator_py.dir/rosidl_generator_py/geographic_msgs/msg/_geo_point_stamped_s.c.o[0m
[14.967s] [ 88%] [32mBuilding C object CMakeFiles/geographic_msgs__rosidl_generator_py.dir/rosidl_generator_py/geographic_msgs/msg/_geo_path_s.c.o[0m
[14.967s] [ 89%] [32mBuilding C object CMakeFiles/geographic_msgs__rosidl_generator_py.dir/rosidl_generator_py/geographic_msgs/msg/_geo_point_s.c.o[0m
[14.967s] [ 88%] [32mBuilding C object CMakeFiles/geographic_msgs__rosidl_generator_py.dir/rosidl_generator_py/geographic_msgs/msg/_bounding_box_s.c.o[0m
[14.967s] [ 89%] [32mBuilding C object CMakeFiles/geographic_msgs__rosidl_generator_py.dir/rosidl_generator_py/geographic_msgs/msg/_geo_pose_stamped_s.c.o[0m
[14.967s] [ 90%] [32mBuilding C object CMakeFiles/geographic_msgs__rosidl_generator_py.dir/rosidl_generator_py/geographic_msgs/msg/_geo_pose_s.c.o[0m
[14.967s] [ 90%] [32mBuilding C object CMakeFiles/geographic_msgs__rosidl_generator_py.dir/rosidl_generator_py/geographic_msgs/msg/_geo_pose_with_covariance_stamped_s.c.o[0m
[14.967s] [ 91%] [32mBuilding C object CMakeFiles/geographic_msgs__rosidl_generator_py.dir/rosidl_generator_py/geographic_msgs/msg/_key_value_s.c.o[0m
[14.967s] [ 92%] [32mBuilding C object CMakeFiles/geographic_msgs__rosidl_generator_py.dir/rosidl_generator_py/geographic_msgs/msg/_geo_pose_with_covariance_s.c.o[0m
[14.967s] [ 93%] [32mBuilding C object CMakeFiles/geographic_msgs__rosidl_generator_py.dir/rosidl_generator_py/geographic_msgs/msg/_map_feature_s.c.o[0m
[14.967s] [ 93%] [32mBuilding C object CMakeFiles/geographic_msgs__rosidl_generator_py.dir/rosidl_generator_py/geographic_msgs/msg/_route_network_s.c.o[0m
[14.967s] [ 94%] [32mBuilding C object CMakeFiles/geographic_msgs__rosidl_generator_py.dir/rosidl_generator_py/geographic_msgs/msg/_route_path_s.c.o[0m
[14.967s] [ 94%] [32mBuilding C object CMakeFiles/geographic_msgs__rosidl_generator_py.dir/rosidl_generator_py/geographic_msgs/msg/_route_segment_s.c.o[0m
[14.968s] [ 95%] [32mBuilding C object CMakeFiles/geographic_msgs__rosidl_generator_py.dir/rosidl_generator_py/geographic_msgs/msg/_way_point_s.c.o[0m
[15.123s] [ 95%] [32mBuilding C object CMakeFiles/geographic_msgs__rosidl_generator_py.dir/rosidl_generator_py/geographic_msgs/srv/_get_geographic_map_s.c.o[0m
[15.123s] [ 95%] [32mBuilding C object CMakeFiles/geographic_msgs__rosidl_generator_py.dir/rosidl_generator_py/geographic_msgs/srv/_get_route_plan_s.c.o[0m
[15.123s] [ 97%] [32mBuilding C object CMakeFiles/geographic_msgs__rosidl_generator_py.dir/rosidl_generator_py/geographic_msgs/srv/_get_geo_path_s.c.o[0m
[15.123s] [ 97%] [32mBuilding C object CMakeFiles/geographic_msgs__rosidl_generator_py.dir/rosidl_generator_py/geographic_msgs/srv/_update_geographic_map_s.c.o[0m
[15.223s] [ 97%] [32m[1mLinking C shared library rosidl_generator_py/geographic_msgs/libgeographic_msgs__rosidl_generator_py.so[0m
[15.291s] [ 97%] Built target geographic_msgs__rosidl_generator_py
[15.336s] [ 98%] [32mBuilding C object CMakeFiles/geographic_msgs__rosidl_typesupport_fastrtps_c__pyext.dir/rosidl_generator_py/geographic_msgs/_geographic_msgs_s.ep.rosidl_typesupport_fastrtps_c.c.o[0m
[15.336s] [ 98%] [32mBuilding C object CMakeFiles/geographic_msgs__rosidl_typesupport_introspection_c__pyext.dir/rosidl_generator_py/geographic_msgs/_geographic_msgs_s.ep.rosidl_typesupport_introspection_c.c.o[0m
[15.336s] [ 98%] [32mBuilding C object CMakeFiles/geographic_msgs__rosidl_typesupport_c__pyext.dir/rosidl_generator_py/geographic_msgs/_geographic_msgs_s.ep.rosidl_typesupport_c.c.o[0m
[15.477s] [100%] [32m[1mLinking C shared library rosidl_generator_py/geographic_msgs/geographic_msgs_s__rosidl_typesupport_introspection_c.cpython-310-x86_64-linux-gnu.so[0m
[15.477s] [100%] [32m[1mLinking C shared library rosidl_generator_py/geographic_msgs/geographic_msgs_s__rosidl_typesupport_fastrtps_c.cpython-310-x86_64-linux-gnu.so[0m
[15.477s] [100%] [32m[1mLinking C shared library rosidl_generator_py/geographic_msgs/geographic_msgs_s__rosidl_typesupport_c.cpython-310-x86_64-linux-gnu.so[0m
[15.542s] [100%] Built target geographic_msgs__rosidl_typesupport_introspection_c__pyext
[15.542s] [100%] Built target geographic_msgs__rosidl_typesupport_fastrtps_c__pyext
[15.542s] [100%] Built target geographic_msgs__rosidl_typesupport_c__pyext
