[0.454s] Invoking command in '/home/jose/TCC/src/wind_turbine': PYTHONPATH=/home/jose/TCC/build/wind_turbine/prefix_override:/usr/lib/python3/dist-packages/colcon_core/task/python/colcon_distutils_commands:/home/jose/TCC/install/wind_turbine/lib/python3.10/site-packages:${PYTHONPATH} /usr/bin/python3 -W ignore:setup.py install is deprecated -W ignore:easy_install command is deprecated setup.py egg_info --egg-base ../../build/wind_turbine build --build-base /home/jose/TCC/build/wind_turbine/build install --record /home/jose/TCC/build/wind_turbine/install.log --single-version-externally-managed install_data
[0.610s] running egg_info
[0.610s] writing ../../build/wind_turbine/wind_turbine.egg-info/PKG-INFO
[0.610s] writing dependency_links to ../../build/wind_turbine/wind_turbine.egg-info/dependency_links.txt
[0.611s] writing entry points to ../../build/wind_turbine/wind_turbine.egg-info/entry_points.txt
[0.611s] writing requirements to ../../build/wind_turbine/wind_turbine.egg-info/requires.txt
[0.611s] writing top-level names to ../../build/wind_turbine/wind_turbine.egg-info/top_level.txt
[0.613s] reading manifest file '../../build/wind_turbine/wind_turbine.egg-info/SOURCES.txt'
[0.614s] writing manifest file '../../build/wind_turbine/wind_turbine.egg-info/SOURCES.txt'
[0.614s] running build
[0.614s] running build_py
[0.615s] running install
[0.615s] running install_lib
[0.616s] running install_data
[0.616s] running install_egg_info
[0.618s] removing '/home/jose/TCC/install/wind_turbine/lib/python3.10/site-packages/wind_turbine-0.0.0-py3.10.egg-info' (and everything under it)
[0.618s] Copying ../../build/wind_turbine/wind_turbine.egg-info to /home/jose/TCC/install/wind_turbine/lib/python3.10/site-packages/wind_turbine-0.0.0-py3.10.egg-info
[0.619s] running install_scripts
[0.636s] writing list of installed files to '/home/jose/TCC/build/wind_turbine/install.log'
[0.655s] Invoked command in '/home/jose/TCC/src/wind_turbine' returned '0': PYTHONPATH=/home/jose/TCC/build/wind_turbine/prefix_override:/usr/lib/python3/dist-packages/colcon_core/task/python/colcon_distutils_commands:/home/jose/TCC/install/wind_turbine/lib/python3.10/site-packages:${PYTHONPATH} /usr/bin/python3 -W ignore:setup.py install is deprecated -W ignore:easy_install command is deprecated setup.py egg_info --egg-base ../../build/wind_turbine build --build-base /home/jose/TCC/build/wind_turbine/build install --record /home/jose/TCC/build/wind_turbine/install.log --single-version-externally-managed install_data
