[2.058s] Invoking command in '/home/jose/TCC/build/fastrtps': /usr/bin/cmake /home/jose/TCC/src/fastrtps -DCMAKE_INSTALL_PREFIX=/home/jose/TCC/install/fastrtps
[2.072s] -- Setting build type to 'Release' as none was specified.
[2.151s] -- The C compiler identification is GNU 11.4.0
[2.228s] -- The CXX compiler identification is GNU 11.4.0
[2.235s] -- Detecting C compiler ABI info
[2.361s] -- Detecting C compiler ABI info - done
[2.370s] -- Check for working C compiler: /usr/bin/cc - skipped
[2.370s] -- Detecting C compile features
[2.371s] -- Detecting C compile features - done
[2.374s] -- Detecting CXX compiler ABI info
[2.518s] -- Detecting CXX compiler ABI info - done
[2.527s] -- Check for working CXX compiler: /usr/bin/c++ - skipped
[2.527s] -- Detecting CXX compile features
[2.527s] -- Detecting CXX compile features - done
[2.528s] -- Version: 2.6.10
[2.530s] -- Performing Test SUPPORTS_CXX20
[2.659s] -- Performing Test SUPPORTS_CXX20 - Success
[2.660s] -- Performing Test SUPPORTS_CXX17
[2.786s] -- Performing Test SUPPORTS_CXX17 - Success
[2.787s] -- Performing Test SUPPORTS_CXX14
[2.912s] -- Performing Test SUPPORTS_CXX14 - Success
[2.912s] -- Performing Test SUPPORTS_CXX1Y
[3.036s] -- Performing Test SUPPORTS_CXX1Y - Success
[3.036s] -- Performing Test SUPPORTS_CXX11
[3.158s] -- Performing Test SUPPORTS_CXX11 - Success
[3.189s] -- Found fastcdr
[3.244s] -- Found Asio 1.18.1: /usr/include
[3.244s] -- Found Asio
[3.317s] -- Found TinyXML2
[3.346s] -- Found foonathan_memory: /home/jose/ros2_humble/install/foonathan_memory_vendor/lib/foonathan_memory/cmake
[3.347s] -- Looking for pthread.h
[3.464s] -- Looking for pthread.h - found
[3.464s] -- Looking for pthread_kill
[3.512s] -- Looking for pthread_kill - not found
[3.512s] -- Looking for pthread_create in pthreads
[3.616s] -- Looking for pthread_create in pthreads - not found
[3.616s] -- Looking for pthread_create in pthread
[3.723s] -- Looking for pthread_create in pthread - found
[3.723s] -- Found Threads: TRUE  
[4.695s] -- Thirdparty/boost compiled OK
[4.935s] -- Found OpenSSL: /usr/lib/x86_64-linux-gnu/libcrypto.so (found version "3.0.2")  
[4.935s] -- OpenSSL library 3.0.2 found...
[4.939s] -- Performing Test ATOMIC_WITHOUT_LIB
[5.149s] -- Performing Test ATOMIC_WITHOUT_LIB - Success
[5.149s] -- Looking for __atomic_load_8 in atomic
[5.273s] -- Looking for __atomic_load_8 in atomic - found
[5.273s] -- Performing Test ATOMIC_WITH_LIB
[5.461s] -- Performing Test ATOMIC_WITH_LIB - Success
[6.006s] -- Framework's shared_mutex is PTHREAD_RWLOCK_PREFER_READER_NP
[6.007s] -- Performing Test HAS_VERSION_SCRIPT_SUPPORT
[6.130s] -- Performing Test HAS_VERSION_SCRIPT_SUPPORT - Success
[6.130s] -- Using linker version script to select exported symbols
[6.155s] -- Configuring done
[6.192s] -- Generating done
[6.198s] -- Build files have been written to: /home/jose/TCC/build/fastrtps
[6.280s] Invoked command in '/home/jose/TCC/build/fastrtps' returned '0': /usr/bin/cmake /home/jose/TCC/src/fastrtps -DCMAKE_INSTALL_PREFIX=/home/jose/TCC/install/fastrtps
[6.282s] Invoking command in '/home/jose/TCC/build/fastrtps': /usr/bin/cmake --build /home/jose/TCC/build/fastrtps -- -j16 -l16
[6.419s] [  1%] [32mBuilding CXX object src/cpp/CMakeFiles/fastrtps.dir/fastdds/topic/DDSSQLFilter/DDSFilterExpressionParser.cpp.o[0m
[6.421s] [  2%] [32mBuilding CXX object src/cpp/CMakeFiles/fastrtps.dir/fastdds/topic/DDSSQLFilter/DDSFilterCompoundCondition.cpp.o[0m
[6.427s] [  2%] [32mBuilding CXX object src/cpp/CMakeFiles/fastrtps.dir/fastdds/topic/DDSSQLFilter/DDSFilterExpression.cpp.o[0m
[6.433s] [  2%] [32mBuilding CXX object src/cpp/CMakeFiles/fastrtps.dir/fastdds/topic/DDSSQLFilter/DDSFilterFactory.cpp.o[0m
[6.440s] [  3%] [32mBuilding CXX object src/cpp/CMakeFiles/fastrtps.dir/fastdds/topic/DDSSQLFilter/DDSFilterField.cpp.o[0m
[6.453s] [  3%] [32mBuilding CXX object src/cpp/CMakeFiles/fastrtps.dir/fastdds/log/StdoutErrConsumer.cpp.o[0m
[6.469s] [  4%] [32mBuilding CXX object src/cpp/CMakeFiles/fastrtps.dir/fastdds/log/Log.cpp.o[0m
[6.469s] [  4%] [32mBuilding CXX object src/cpp/CMakeFiles/fastrtps.dir/fastdds/topic/DDSSQLFilter/DDSFilterValue.cpp.o[0m
[6.469s] [  5%] [32mBuilding CXX object src/cpp/CMakeFiles/fastrtps.dir/fastdds/topic/DDSSQLFilter/DDSFilterPredicate.cpp.o[0m
[6.469s] [  5%] [32mBuilding CXX object src/cpp/CMakeFiles/fastrtps.dir/fastdds/log/FileConsumer.cpp.o[0m
[6.469s] [  5%] [32mBuilding CXX object src/cpp/CMakeFiles/fastrtps.dir/fastdds/log/OStreamConsumer.cpp.o[0m
[6.469s] [  5%] [32mBuilding CXX object src/cpp/CMakeFiles/fastrtps.dir/fastdds/topic/DDSSQLFilter/DDSFilterParameter.cpp.o[0m
[6.473s] [  6%] [32mBuilding CXX object src/cpp/CMakeFiles/fastrtps.dir/rtps/common/Time_t.cpp.o[0m
[6.479s] [  7%] [32mBuilding CXX object src/cpp/CMakeFiles/fastrtps.dir/fastdds/log/StdoutConsumer.cpp.o[0m
[6.480s] [  8%] [32mBuilding CXX object src/cpp/CMakeFiles/fastrtps.dir/rtps/resources/TimedEvent.cpp.o[0m
[6.489s] [  8%] [32mBuilding CXX object src/cpp/CMakeFiles/fastrtps.dir/rtps/resources/ResourceEvent.cpp.o[0m
[7.480s] [  8%] [32mBuilding CXX object src/cpp/CMakeFiles/fastrtps.dir/rtps/resources/TimedEventImpl.cpp.o[0m
[7.666s] [  9%] [32mBuilding CXX object src/cpp/CMakeFiles/fastrtps.dir/rtps/writer/LivelinessManager.cpp.o[0m
[8.087s] [  9%] [32mBuilding CXX object src/cpp/CMakeFiles/fastrtps.dir/rtps/writer/LocatorSelectorSender.cpp.o[0m
[8.339s] [ 10%] [32mBuilding CXX object src/cpp/CMakeFiles/fastrtps.dir/rtps/writer/RTPSWriter.cpp.o[0m
[8.650s] [ 10%] [32mBuilding CXX object src/cpp/CMakeFiles/fastrtps.dir/rtps/writer/StatefulWriter.cpp.o[0m
[8.696s] [ 11%] [32mBuilding CXX object src/cpp/CMakeFiles/fastrtps.dir/rtps/writer/ReaderProxy.cpp.o[0m
[8.711s] [ 11%] [32mBuilding CXX object src/cpp/CMakeFiles/fastrtps.dir/rtps/writer/StatelessWriter.cpp.o[0m
[8.851s] [ 11%] [32mBuilding CXX object src/cpp/CMakeFiles/fastrtps.dir/rtps/writer/ReaderLocator.cpp.o[0m
[9.116s] [ 12%] [32mBuilding CXX object src/cpp/CMakeFiles/fastrtps.dir/rtps/history/CacheChangePool.cpp.o[0m
[9.269s] [ 12%] [32mBuilding CXX object src/cpp/CMakeFiles/fastrtps.dir/rtps/history/History.cpp.o[0m
[9.365s] [ 13%] [32mBuilding CXX object src/cpp/CMakeFiles/fastrtps.dir/rtps/history/WriterHistory.cpp.o[0m
[9.723s] [ 13%] [32mBuilding CXX object src/cpp/CMakeFiles/fastrtps.dir/rtps/history/ReaderHistory.cpp.o[0m
[9.791s] [ 14%] [32mBuilding CXX object src/cpp/CMakeFiles/fastrtps.dir/rtps/history/TopicPayloadPool.cpp.o[0m
[12.752s] [ 14%] [32mBuilding CXX object src/cpp/CMakeFiles/fastrtps.dir/rtps/history/TopicPayloadPoolRegistry.cpp.o[0m
[12.971s] [ 15%] [32mBuilding CXX object src/cpp/CMakeFiles/fastrtps.dir/rtps/DataSharing/DataSharingPayloadPool.cpp.o[0m
[12.990s] [ 15%] [32mBuilding CXX object src/cpp/CMakeFiles/fastrtps.dir/rtps/DataSharing/DataSharingListener.cpp.o[0m
[14.043s] [ 16%] [32mBuilding CXX object src/cpp/CMakeFiles/fastrtps.dir/rtps/DataSharing/DataSharingNotification.cpp.o[0m
[14.499s] [ 16%] [32mBuilding CXX object src/cpp/CMakeFiles/fastrtps.dir/rtps/reader/WriterProxy.cpp.o[0m
[15.232s] [ 17%] [32mBuilding CXX object src/cpp/CMakeFiles/fastrtps.dir/rtps/reader/reader_utils.cpp.o[0m
[15.647s] [ 17%] [32mBuilding CXX object src/cpp/CMakeFiles/fastrtps.dir/rtps/reader/StatefulReader.cpp.o[0m
[15.802s] [ 17%] [32mBuilding CXX object src/cpp/CMakeFiles/fastrtps.dir/rtps/reader/StatelessReader.cpp.o[0m
[15.889s] [ 18%] [32mBuilding CXX object src/cpp/CMakeFiles/fastrtps.dir/rtps/reader/RTPSReader.cpp.o[0m
[16.686s] [ 18%] [32mBuilding CXX object src/cpp/CMakeFiles/fastrtps.dir/rtps/messages/RTPSMessageCreator.cpp.o[0m
[17.043s] [ 19%] [32mBuilding CXX object src/cpp/CMakeFiles/fastrtps.dir/rtps/messages/RTPSMessageGroup.cpp.o[0m
[17.089s] [ 19%] [32mBuilding CXX object src/cpp/CMakeFiles/fastrtps.dir/rtps/messages/RTPSGapBuilder.cpp.o[0m
[17.368s] [ 20%] [32mBuilding CXX object src/cpp/CMakeFiles/fastrtps.dir/rtps/messages/SendBuffersManager.cpp.o[0m
[17.876s] [ 20%] [32mBuilding CXX object src/cpp/CMakeFiles/fastrtps.dir/rtps/messages/MessageReceiver.cpp.o[0m
[18.737s] [ 21%] [32mBuilding CXX object src/cpp/CMakeFiles/fastrtps.dir/rtps/network/NetworkFactory.cpp.o[0m
[19.166s] [ 21%] [32mBuilding CXX object src/cpp/CMakeFiles/fastrtps.dir/rtps/network/ReceiverResource.cpp.o[0m
[19.592s] [ 22%] [32mBuilding CXX object src/cpp/CMakeFiles/fastrtps.dir/rtps/attributes/RTPSParticipantAttributes.cpp.o[0m
[20.089s] [ 22%] [32mBuilding CXX object src/cpp/CMakeFiles/fastrtps.dir/rtps/participant/RTPSParticipant.cpp.o[0m
[20.338s] [ 23%] [32mBuilding CXX object src/cpp/CMakeFiles/fastrtps.dir/rtps/participant/RTPSParticipantImpl.cpp.o[0m
[20.786s] [ 23%] [32mBuilding CXX object src/cpp/CMakeFiles/fastrtps.dir/rtps/RTPSDomain.cpp.o[0m
[21.430s] [ 23%] [32mBuilding CXX object src/cpp/CMakeFiles/fastrtps.dir/fastrtps_deprecated/Domain.cpp.o[0m
[21.481s] [ 24%] [32mBuilding CXX object src/cpp/CMakeFiles/fastrtps.dir/fastrtps_deprecated/participant/Participant.cpp.o[0m
[21.519s] [ 24%] [32mBuilding CXX object src/cpp/CMakeFiles/fastrtps.dir/fastrtps_deprecated/participant/ParticipantImpl.cpp.o[0m
[22.078s] [ 25%] [32mBuilding CXX object src/cpp/CMakeFiles/fastrtps.dir/fastrtps_deprecated/publisher/Publisher.cpp.o[0m
[22.141s] [ 25%] [32mBuilding CXX object src/cpp/CMakeFiles/fastrtps.dir/fastrtps_deprecated/publisher/PublisherImpl.cpp.o[0m
[22.352s] [ 26%] [32mBuilding CXX object src/cpp/CMakeFiles/fastrtps.dir/fastrtps_deprecated/publisher/PublisherHistory.cpp.o[0m
[22.354s] [ 26%] [32mBuilding CXX object src/cpp/CMakeFiles/fastrtps.dir/fastrtps_deprecated/subscriber/Subscriber.cpp.o[0m
[22.453s] [ 27%] [32mBuilding CXX object src/cpp/CMakeFiles/fastrtps.dir/fastrtps_deprecated/subscriber/SubscriberImpl.cpp.o[0m
[23.086s] [ 27%] [32mBuilding CXX object src/cpp/CMakeFiles/fastrtps.dir/fastrtps_deprecated/subscriber/SubscriberHistory.cpp.o[0m
[23.176s] [ 28%] [32mBuilding CXX object src/cpp/CMakeFiles/fastrtps.dir/fastdds/publisher/DataWriter.cpp.o[0m
[23.246s] [ 28%] [32mBuilding CXX object src/cpp/CMakeFiles/fastrtps.dir/fastdds/publisher/DataWriterImpl.cpp.o[0m
[23.381s] [ 29%] [32mBuilding CXX object src/cpp/CMakeFiles/fastrtps.dir/fastdds/publisher/DataWriterHistory.cpp.o[0m
[23.731s] [ 29%] [32mBuilding CXX object src/cpp/CMakeFiles/fastrtps.dir/fastdds/topic/ContentFilteredTopic.cpp.o[0m
[23.773s] [ 29%] [32mBuilding CXX object src/cpp/CMakeFiles/fastrtps.dir/fastdds/topic/ContentFilteredTopicImpl.cpp.o[0m
[23.992s] [ 30%] [32mBuilding CXX object src/cpp/CMakeFiles/fastrtps.dir/fastdds/topic/Topic.cpp.o[0m
[24.108s] [ 30%] [32mBuilding CXX object src/cpp/CMakeFiles/fastrtps.dir/fastdds/topic/TopicImpl.cpp.o[0m
[24.379s] [ 31%] [32mBuilding CXX object src/cpp/CMakeFiles/fastrtps.dir/fastdds/topic/TypeSupport.cpp.o[0m
[25.296s] [ 31%] [32mBuilding CXX object src/cpp/CMakeFiles/fastrtps.dir/fastdds/topic/qos/TopicQos.cpp.o[0m
[25.370s] [ 32%] [32mBuilding CXX object src/cpp/CMakeFiles/fastrtps.dir/fastdds/publisher/qos/DataWriterQos.cpp.o[0m
[25.760s] [ 32%] [32mBuilding CXX object src/cpp/CMakeFiles/fastrtps.dir/fastdds/subscriber/qos/DataReaderQos.cpp.o[0m
[25.837s] [ 33%] [32mBuilding CXX object src/cpp/CMakeFiles/fastrtps.dir/fastdds/publisher/PublisherImpl.cpp.o[0m
[25.868s] [ 33%] [32mBuilding CXX object src/cpp/CMakeFiles/fastrtps.dir/fastdds/publisher/qos/PublisherQos.cpp.o[0m
[25.902s] [ 34%] [32mBuilding CXX object src/cpp/CMakeFiles/fastrtps.dir/fastdds/publisher/Publisher.cpp.o[0m
[26.052s] [ 34%] [32mBuilding CXX object src/cpp/CMakeFiles/fastrtps.dir/fastdds/subscriber/SubscriberImpl.cpp.o[0m
[26.114s] [ 35%] [32mBuilding CXX object src/cpp/CMakeFiles/fastrtps.dir/fastdds/subscriber/qos/SubscriberQos.cpp.o[0m
[26.409s] [ 35%] [32mBuilding CXX object src/cpp/CMakeFiles/fastrtps.dir/fastdds/subscriber/Subscriber.cpp.o[0m
[26.644s] [ 35%] [32mBuilding CXX object src/cpp/CMakeFiles/fastrtps.dir/fastdds/subscriber/DataReader.cpp.o[0m
[26.713s] [ 36%] [32mBuilding CXX object src/cpp/CMakeFiles/fastrtps.dir/fastdds/subscriber/DataReaderImpl.cpp.o[0m
[26.938s] [ 36%] [32mBuilding CXX object src/cpp/CMakeFiles/fastrtps.dir/fastdds/subscriber/history/DataReaderHistory.cpp.o[0m
[27.092s] [ 37%] [32mBuilding CXX object src/cpp/CMakeFiles/fastrtps.dir/fastdds/domain/DomainParticipantFactory.cpp.o[0m
[27.218s] [ 37%] [32mBuilding CXX object src/cpp/CMakeFiles/fastrtps.dir/fastdds/domain/DomainParticipantImpl.cpp.o[0m
[27.524s] [ 38%] [32mBuilding CXX object src/cpp/CMakeFiles/fastrtps.dir/fastdds/domain/DomainParticipant.cpp.o[0m
[27.734s] [ 38%] [32mBuilding CXX object src/cpp/CMakeFiles/fastrtps.dir/fastdds/domain/qos/DomainParticipantQos.cpp.o[0m
[27.778s] [ 39%] [32mBuilding CXX object src/cpp/CMakeFiles/fastrtps.dir/fastdds/domain/qos/DomainParticipantFactoryQos.cpp.o[0m
[27.847s] [ 39%] [32mBuilding CXX object src/cpp/CMakeFiles/fastrtps.dir/fastdds/builtin/typelookup/common/TypeLookupTypes.cpp.o[0m
[28.055s] [ 40%] [32mBuilding CXX object src/cpp/CMakeFiles/fastrtps.dir/fastdds/builtin/common/RPCHeadersImpl.cpp.o[0m
[28.208s] [ 40%] [32mBuilding CXX object src/cpp/CMakeFiles/fastrtps.dir/fastdds/builtin/typelookup/TypeLookupManager.cpp.o[0m
[28.296s] [ 41%] [32mBuilding CXX object src/cpp/CMakeFiles/fastrtps.dir/fastdds/builtin/typelookup/TypeLookupRequestListener.cpp.o[0m
[28.700s] [ 41%] [32mBuilding CXX object src/cpp/CMakeFiles/fastrtps.dir/fastdds/builtin/typelookup/TypeLookupReplyListener.cpp.o[0m
[28.712s] [ 41%] [32mBuilding CXX object src/cpp/CMakeFiles/fastrtps.dir/rtps/transport/ChannelResource.cpp.o[0m
[29.083s] [ 42%] [32mBuilding CXX object src/cpp/CMakeFiles/fastrtps.dir/rtps/transport/UDPChannelResource.cpp.o[0m
[29.425s] [ 42%] [32mBuilding CXX object src/cpp/CMakeFiles/fastrtps.dir/rtps/transport/TCPChannelResource.cpp.o[0m
[30.123s] [ 43%] [32mBuilding CXX object src/cpp/CMakeFiles/fastrtps.dir/rtps/transport/TCPChannelResourceBasic.cpp.o[0m
[30.189s] [ 43%] [32mBuilding CXX object src/cpp/CMakeFiles/fastrtps.dir/rtps/transport/TCPAcceptor.cpp.o[0m
[30.229s] [ 44%] [32mBuilding CXX object src/cpp/CMakeFiles/fastrtps.dir/rtps/transport/TCPAcceptorBasic.cpp.o[0m
[30.920s] [ 44%] [32mBuilding CXX object src/cpp/CMakeFiles/fastrtps.dir/rtps/transport/UDPv4Transport.cpp.o[0m
[31.037s] [ 45%] [32mBuilding CXX object src/cpp/CMakeFiles/fastrtps.dir/rtps/transport/TCPTransportInterface.cpp.o[0m
[31.063s] [ 45%] [32mBuilding CXX object src/cpp/CMakeFiles/fastrtps.dir/rtps/transport/UDPTransportInterface.cpp.o[0m
[31.165s] [ 45%] [32mBuilding CXX object src/cpp/CMakeFiles/fastrtps.dir/rtps/transport/TCPv4Transport.cpp.o[0m
[31.166s] [ 46%] [32mBuilding CXX object src/cpp/CMakeFiles/fastrtps.dir/rtps/transport/shared_mem/SharedMemTransportDescriptor.cpp.o[0m
[31.249s] [ 47%] [32mBuilding CXX object src/cpp/CMakeFiles/fastrtps.dir/rtps/transport/UDPv6Transport.cpp.o[0m
[31.367s] [ 47%] [32mBuilding CXX object src/cpp/CMakeFiles/fastrtps.dir/rtps/transport/TCPv6Transport.cpp.o[0m
[31.441s] [ 47%] [32mBuilding CXX object src/cpp/CMakeFiles/fastrtps.dir/rtps/transport/test_UDPv4Transport.cpp.o[0m
[32.394s] [ 48%] [32mBuilding CXX object src/cpp/CMakeFiles/fastrtps.dir/rtps/transport/tcp/TCPControlMessage.cpp.o[0m
[32.554s] [ 48%] [32mBuilding CXX object src/cpp/CMakeFiles/fastrtps.dir/rtps/transport/tcp/RTCPMessageManager.cpp.o[0m
[33.851s] [ 49%] [32mBuilding CXX object src/cpp/CMakeFiles/fastrtps.dir/rtps/transport/ChainingTransport.cpp.o[0m
[33.952s] [ 49%] [32mBuilding CXX object src/cpp/CMakeFiles/fastrtps.dir/dynamic-types/AnnotationDescriptor.cpp.o[0m
[35.074s] [ 50%] [32mBuilding CXX object src/cpp/CMakeFiles/fastrtps.dir/dynamic-types/AnnotationParameterValue.cpp.o[0m
[36.052s] [ 50%] [32mBuilding CXX object src/cpp/CMakeFiles/fastrtps.dir/dynamic-types/DynamicData.cpp.o[0m
[36.445s] [ 51%] [32mBuilding CXX object src/cpp/CMakeFiles/fastrtps.dir/dynamic-types/DynamicDataFactory.cpp.o[0m
[36.751s] [ 51%] [32mBuilding CXX object src/cpp/CMakeFiles/fastrtps.dir/dynamic-types/DynamicType.cpp.o[0m
[37.106s] [ 52%] [32mBuilding CXX object src/cpp/CMakeFiles/fastrtps.dir/dynamic-types/DynamicPubSubType.cpp.o[0m
[37.231s] [ 52%] [32mBuilding CXX object src/cpp/CMakeFiles/fastrtps.dir/dynamic-types/DynamicTypePtr.cpp.o[0m
[37.957s] [ 52%] [32mBuilding CXX object src/cpp/CMakeFiles/fastrtps.dir/dynamic-types/DynamicDataPtr.cpp.o[0m
[38.176s] [ 53%] [32mBuilding CXX object src/cpp/CMakeFiles/fastrtps.dir/dynamic-types/DynamicTypeBuilder.cpp.o[0m
[38.177s] [ 53%] [32mBuilding CXX object src/cpp/CMakeFiles/fastrtps.dir/dynamic-types/DynamicTypeBuilderPtr.cpp.o[0m
[38.250s] [ 54%] [32mBuilding CXX object src/cpp/CMakeFiles/fastrtps.dir/dynamic-types/DynamicTypeBuilderFactory.cpp.o[0m
[38.470s] [ 54%] [32mBuilding CXX object src/cpp/CMakeFiles/fastrtps.dir/dynamic-types/DynamicTypeMember.cpp.o[0m
[38.667s] [ 54%] [32mBuilding CXX object src/cpp/CMakeFiles/fastrtps.dir/dynamic-types/TypeDescriptor.cpp.o[0m
[38.667s] [ 55%] [32mBuilding CXX object src/cpp/CMakeFiles/fastrtps.dir/dynamic-types/MemberDescriptor.cpp.o[0m
[38.711s] [ 56%] [32mBuilding CXX object src/cpp/CMakeFiles/fastrtps.dir/dynamic-types/TypeIdentifier.cpp.o[0m
[38.868s] [ 56%] [32mBuilding CXX object src/cpp/CMakeFiles/fastrtps.dir/dynamic-types/TypeIdentifierTypes.cpp.o[0m
[39.050s] [ 57%] [32mBuilding CXX object src/cpp/CMakeFiles/fastrtps.dir/dynamic-types/TypeObject.cpp.o[0m
[39.117s] [ 57%] [32mBuilding CXX object src/cpp/CMakeFiles/fastrtps.dir/dynamic-types/TypeObjectHashId.cpp.o[0m
[39.220s] [ 58%] [32mBuilding CXX object src/cpp/CMakeFiles/fastrtps.dir/dynamic-types/TypeObjectFactory.cpp.o[0m
[39.406s] [ 58%] [32mBuilding CXX object src/cpp/CMakeFiles/fastrtps.dir/dynamic-types/TypeNamesGenerator.cpp.o[0m
[39.431s] [ 58%] [32mBuilding CXX object src/cpp/CMakeFiles/fastrtps.dir/dynamic-types/TypesBase.cpp.o[0m
[39.496s] [ 59%] [32mBuilding CXX object src/cpp/CMakeFiles/fastrtps.dir/dynamic-types/BuiltinAnnotationsTypeObject.cpp.o[0m
[39.993s] [ 59%] [32mBuilding CXX object src/cpp/CMakeFiles/fastrtps.dir/dynamic-types/DynamicDataHelper.cpp.o[0m
[39.993s] [ 60%] [32mBuilding CXX object src/cpp/CMakeFiles/fastrtps.dir/fastrtps_deprecated/attributes/TopicAttributes.cpp.o[0m
[40.057s] [ 60%] [32mBuilding CXX object src/cpp/CMakeFiles/fastrtps.dir/fastdds/core/Entity.cpp.o[0m
[40.119s] [ 61%] [32mBuilding CXX object src/cpp/CMakeFiles/fastrtps.dir/fastdds/core/condition/Condition.cpp.o[0m
[40.337s] [ 61%] [32mBuilding CXX object src/cpp/CMakeFiles/fastrtps.dir/fastdds/core/condition/ConditionNotifier.cpp.o[0m
[40.370s] [ 62%] [32mBuilding CXX object src/cpp/CMakeFiles/fastrtps.dir/fastdds/core/condition/GuardCondition.cpp.o[0m
[40.424s] [ 62%] [32mBuilding CXX object src/cpp/CMakeFiles/fastrtps.dir/fastdds/core/condition/StatusCondition.cpp.o[0m
[40.591s] [ 63%] [32mBuilding CXX object src/cpp/CMakeFiles/fastrtps.dir/fastdds/core/condition/StatusConditionImpl.cpp.o[0m
[41.012s] [ 63%] [32mBuilding CXX object src/cpp/CMakeFiles/fastrtps.dir/fastdds/core/condition/WaitSet.cpp.o[0m
[41.033s] [ 63%] [32mBuilding CXX object src/cpp/CMakeFiles/fastrtps.dir/fastdds/core/policy/ParameterList.cpp.o[0m
[41.039s] [ 64%] [32mBuilding CXX object src/cpp/CMakeFiles/fastrtps.dir/fastdds/core/condition/WaitSetImpl.cpp.o[0m
[41.182s] [ 64%] [32mBuilding CXX object src/cpp/CMakeFiles/fastrtps.dir/fastdds/core/policy/QosPolicyUtils.cpp.o[0m
[41.216s] [ 65%] [32mBuilding CXX object src/cpp/CMakeFiles/fastrtps.dir/fastdds/publisher/qos/WriterQos.cpp.o[0m
[41.340s] [ 65%] [32mBuilding CXX object src/cpp/CMakeFiles/fastrtps.dir/fastdds/subscriber/qos/ReaderQos.cpp.o[0m
[41.424s] [ 66%] [32mBuilding CXX object src/cpp/CMakeFiles/fastrtps.dir/fastdds/utils/QosConverters.cpp.o[0m
[41.488s] [ 66%] [32mBuilding CXX object src/cpp/CMakeFiles/fastrtps.dir/rtps/builtin/BuiltinProtocols.cpp.o[0m
[41.906s] [ 67%] [32mBuilding CXX object src/cpp/CMakeFiles/fastrtps.dir/rtps/builtin/discovery/participant/DirectMessageSender.cpp.o[0m
[42.163s] [ 67%] [32mBuilding CXX object src/cpp/CMakeFiles/fastrtps.dir/rtps/builtin/discovery/participant/PDP.cpp.o[0m
[42.217s] [ 67%] [32mBuilding CXX object src/cpp/CMakeFiles/fastrtps.dir/rtps/builtin/discovery/participant/PDPSimple.cpp.o[0m
[42.227s] [ 68%] [32mBuilding CXX object src/cpp/CMakeFiles/fastrtps.dir/rtps/builtin/discovery/participant/ServerAttributes.cpp.o[0m
[42.442s] [ 69%] [32mBuilding CXX object src/cpp/CMakeFiles/fastrtps.dir/rtps/builtin/discovery/participant/PDPListener.cpp.o[0m
[42.464s] [ 69%] [32mBuilding CXX object src/cpp/CMakeFiles/fastrtps.dir/rtps/builtin/discovery/endpoint/EDP.cpp.o[0m
[43.395s] [ 70%] [32mBuilding CXX object src/cpp/CMakeFiles/fastrtps.dir/rtps/builtin/discovery/endpoint/EDPSimple.cpp.o[0m
[43.590s] [ 70%] [32mBuilding CXX object src/cpp/CMakeFiles/fastrtps.dir/rtps/builtin/discovery/endpoint/EDPSimpleListeners.cpp.o[0m
[43.669s] [ 70%] [32mBuilding CXX object src/cpp/CMakeFiles/fastrtps.dir/rtps/builtin/discovery/endpoint/EDPStatic.cpp.o[0m
[43.695s] [ 71%] [32mBuilding CXX object src/cpp/CMakeFiles/fastrtps.dir/rtps/builtin/liveliness/WLP.cpp.o[0m
[43.853s] [ 71%] [32mBuilding CXX object src/cpp/CMakeFiles/fastrtps.dir/rtps/builtin/liveliness/WLPListener.cpp.o[0m
[44.983s] [ 72%] [32mBuilding CXX object src/cpp/CMakeFiles/fastrtps.dir/rtps/builtin/data/ParticipantProxyData.cpp.o[0m
[45.206s] [ 72%] [32mBuilding CXX object src/cpp/CMakeFiles/fastrtps.dir/rtps/builtin/data/WriterProxyData.cpp.o[0m
[45.602s] [ 73%] [32mBuilding CXX object src/cpp/CMakeFiles/fastrtps.dir/rtps/builtin/data/ReaderProxyData.cpp.o[0m
[45.762s] [ 73%] [32mBuilding CXX object src/cpp/CMakeFiles/fastrtps.dir/rtps/flowcontrol/ThroughputControllerDescriptor.cpp.o[0m
[45.933s] [ 74%] [32mBuilding CXX object src/cpp/CMakeFiles/fastrtps.dir/rtps/flowcontrol/FlowControllerConsts.cpp.o[0m
[46.110s] [ 74%] [32mBuilding CXX object src/cpp/CMakeFiles/fastrtps.dir/rtps/flowcontrol/FlowControllerFactory.cpp.o[0m
[46.405s] [ 75%] [32mBuilding CXX object src/cpp/CMakeFiles/fastrtps.dir/rtps/exceptions/Exception.cpp.o[0m
[46.737s] [ 75%] [32mBuilding CXX object src/cpp/CMakeFiles/fastrtps.dir/rtps/attributes/PropertyPolicy.cpp.o[0m
[46.920s] [ 76%] [32mBuilding CXX object src/cpp/CMakeFiles/fastrtps.dir/rtps/common/Token.cpp.o[0m
[46.958s] [ 76%] [32mBuilding CXX object src/cpp/CMakeFiles/fastrtps.dir/rtps/xmlparser/XMLParserCommon.cpp.o[0m
[47.080s] [ 76%] [32mBuilding CXX object src/cpp/CMakeFiles/fastrtps.dir/rtps/xmlparser/XMLElementParser.cpp.o[0m
[47.309s] [ 77%] [32mBuilding CXX object src/cpp/CMakeFiles/fastrtps.dir/rtps/xmlparser/XMLDynamicParser.cpp.o[0m
[47.792s] [ 77%] [32mBuilding CXX object src/cpp/CMakeFiles/fastrtps.dir/rtps/xmlparser/XMLEndpointParser.cpp.o[0m
[47.904s] [ 78%] [32mBuilding CXX object src/cpp/CMakeFiles/fastrtps.dir/rtps/xmlparser/XMLParser.cpp.o[0m
[48.227s] [ 78%] [32mBuilding CXX object src/cpp/CMakeFiles/fastrtps.dir/rtps/xmlparser/XMLProfileManager.cpp.o[0m
[48.388s] [ 79%] [32mBuilding CXX object src/cpp/CMakeFiles/fastrtps.dir/rtps/writer/PersistentWriter.cpp.o[0m
[48.633s] [ 80%] [32mBuilding CXX object src/cpp/CMakeFiles/fastrtps.dir/rtps/writer/StatefulPersistentWriter.cpp.o[0m
[48.635s] [ 80%] [32mBuilding CXX object src/cpp/CMakeFiles/fastrtps.dir/rtps/writer/StatelessPersistentWriter.cpp.o[0m
[49.284s] [ 80%] [32mBuilding CXX object src/cpp/CMakeFiles/fastrtps.dir/rtps/reader/StatelessPersistentReader.cpp.o[0m
[49.634s] [ 81%] [32mBuilding CXX object src/cpp/CMakeFiles/fastrtps.dir/rtps/reader/StatefulPersistentReader.cpp.o[0m
[49.980s] [ 81%] [32mBuilding CXX object src/cpp/CMakeFiles/fastrtps.dir/rtps/persistence/PersistenceFactory.cpp.o[0m
[50.678s] [ 82%] [32mBuilding CXX object src/cpp/CMakeFiles/fastrtps.dir/rtps/builtin/discovery/database/backup/SharedBackupFunctions.cpp.o[0m
[50.957s] [ 82%] [32mBuilding CXX object src/cpp/CMakeFiles/fastrtps.dir/rtps/builtin/discovery/endpoint/EDPClient.cpp.o[0m
[50.957s] [ 82%] [32mBuilding CXX object src/cpp/CMakeFiles/fastrtps.dir/rtps/builtin/discovery/endpoint/EDPServer.cpp.o[0m
[51.279s] [ 83%] [32mBuilding CXX object src/cpp/CMakeFiles/fastrtps.dir/rtps/builtin/discovery/endpoint/EDPServerListeners.cpp.o[0m
[51.561s] [ 83%] [32mBuilding CXX object src/cpp/CMakeFiles/fastrtps.dir/rtps/builtin/discovery/database/DiscoveryDataBase.cpp.o[0m
[51.915s] [ 84%] [32mBuilding CXX object src/cpp/CMakeFiles/fastrtps.dir/rtps/builtin/discovery/database/DiscoveryParticipantInfo.cpp.o[0m
[52.104s] [ 84%] [32mBuilding CXX object src/cpp/CMakeFiles/fastrtps.dir/rtps/builtin/discovery/database/DiscoveryParticipantsAckStatus.cpp.o[0m
[52.588s] [ 85%] [32mBuilding CXX object src/cpp/CMakeFiles/fastrtps.dir/rtps/builtin/discovery/database/DiscoverySharedInfo.cpp.o[0m
[52.711s] [ 85%] [32mBuilding CXX object src/cpp/CMakeFiles/fastrtps.dir/rtps/builtin/discovery/participant/PDPClient.cpp.o[0m
[52.830s] [ 86%] [32mBuilding CXX object src/cpp/CMakeFiles/fastrtps.dir/rtps/builtin/discovery/participant/PDPServer.cpp.o[0m
[52.937s] [ 86%] [32mBuilding CXX object src/cpp/CMakeFiles/fastrtps.dir/rtps/builtin/discovery/participant/PDPServerListener.cpp.o[0m
[53.164s] [ 87%] [32mBuilding CXX object src/cpp/CMakeFiles/fastrtps.dir/rtps/builtin/discovery/participant/timedevent/DSClientEvent.cpp.o[0m
[53.393s] [ 87%] [32mBuilding CXX object src/cpp/CMakeFiles/fastrtps.dir/rtps/builtin/discovery/participant/timedevent/DServerEvent.cpp.o[0m
[59.049s] [ 88%] [32mBuilding CXX object src/cpp/CMakeFiles/fastrtps.dir/dds/pub/AnyDataWriter.cpp.o[0m
[59.049s] [ 88%] [32mBuilding CXX object src/cpp/CMakeFiles/fastrtps.dir/dds/pub/Publisher.cpp.o[0m
[59.781s] [ 89%] [32mBuilding CXX object src/cpp/CMakeFiles/fastrtps.dir/dds/pub/DataWriter.cpp.o[0m
[60.063s] [ 89%] [32mBuilding CXX object src/cpp/CMakeFiles/fastrtps.dir/dds/sub/Subscriber.cpp.o[0m
[60.428s] [ 89%] [32mBuilding CXX object src/cpp/CMakeFiles/fastrtps.dir/dds/sub/DataReader.cpp.o[0m
[60.477s] [ 90%] [32mBuilding CXX object src/cpp/CMakeFiles/fastrtps.dir/dds/topic/Topic.cpp.o[0m
[60.809s] [ 90%] [32mBuilding CXX object src/cpp/CMakeFiles/fastrtps.dir/statistics/fastdds/domain/DomainParticipant.cpp.o[0m
[61.511s] [ 91%] [32mBuilding CXX object src/cpp/CMakeFiles/fastrtps.dir/dds/domain/DomainParticipant.cpp.o[0m
[61.511s] [ 91%] [32mBuilding CXX object src/cpp/CMakeFiles/fastrtps.dir/statistics/fastdds/publisher/qos/DataWriterQos.cpp.o[0m
[61.603s] [ 91%] [32mBuilding CXX object src/cpp/CMakeFiles/fastrtps.dir/statistics/fastdds/subscriber/qos/DataReaderQos.cpp.o[0m
[61.687s] [ 92%] [32mBuilding CXX object src/cpp/CMakeFiles/fastrtps.dir/rtps/transport/shared_mem/test_SharedMemTransport.cpp.o[0m
[61.780s] [ 92%] [32mBuilding CXX object src/cpp/CMakeFiles/fastrtps.dir/rtps/transport/shared_mem/SharedMemTransport.cpp.o[0m
[62.812s] [ 93%] [32mBuilding CXX object src/cpp/CMakeFiles/fastrtps.dir/rtps/transport/TCPChannelResourceSecure.cpp.o[0m
[62.945s] [ 94%] [32mBuilding CXX object src/cpp/CMakeFiles/fastrtps.dir/dds/core/Exception.cpp.o[0m
[62.951s] [ 94%] [32mBuilding CXX object src/cpp/CMakeFiles/fastrtps.dir/dds/core/types.cpp.o[0m
[62.984s] [ 94%] [32mBuilding CXX object src/cpp/CMakeFiles/fastrtps.dir/rtps/transport/TCPAcceptorSecure.cpp.o[0m
[63.243s] [ 95%] [32mBuilding CXX object src/cpp/CMakeFiles/fastrtps.dir/rtps/persistence/SQLite3PersistenceService.cpp.o[0m
[63.350s] [ 95%] [32mBuilding C object src/cpp/CMakeFiles/fastrtps.dir/rtps/persistence/sqlite3.c.o[0m
[63.700s] [ 96%] [32mBuilding CXX object src/cpp/CMakeFiles/fastrtps.dir/utils/string_convert.cpp.o[0m
[64.069s] [ 97%] [32mBuilding CXX object src/cpp/CMakeFiles/fastrtps.dir/utils/SystemInfo.cpp.o[0m
[64.069s] [ 97%] [32mBuilding CXX object src/cpp/CMakeFiles/fastrtps.dir/utils/TimedConditionVariable.cpp.o[0m
[64.355s] [ 97%] [32mBuilding CXX object src/cpp/CMakeFiles/fastrtps.dir/utils/System.cpp.o[0m
[64.706s] [ 98%] [32mBuilding CXX object src/cpp/CMakeFiles/fastrtps.dir/utils/IPLocator.cpp.o[0m
[65.037s] [ 98%] [32mBuilding CXX object src/cpp/CMakeFiles/fastrtps.dir/utils/StringMatching.cpp.o[0m
[65.046s] [ 98%] [32mBuilding CXX object src/cpp/CMakeFiles/fastrtps.dir/utils/md5.cpp.o[0m
[65.212s] [ 99%] [32mBuilding CXX object src/cpp/CMakeFiles/fastrtps.dir/utils/IPFinder.cpp.o[0m
[83.500s] [100%] [32m[1mLinking CXX shared library libfastrtps.so[0m
[83.964s] [100%] Built target fastrtps
[84.009s] [100%] [32mBuilding CXX object tools/fds/CMakeFiles/fast-discovery-server.dir/server.cpp.o[0m
[86.049s] [100%] [32m[1mLinking CXX executable fast-discovery-server-1.0.0[0m
[86.197s] [100%] Built target fast-discovery-server
