[1.233s] Invoking command in '/home/jose/TCC/src/windwind': PYTHONPATH=/home/jose/TCC/build/WindTURBINE_description/prefix_override:/usr/lib/python3/dist-packages/colcon_core/task/python/colcon_distutils_commands:/home/jose/TCC/install/WindTURBINE_description/lib/python3.10/site-packages:${PYTHONPATH} /usr/bin/python3 -W ignore:setup.py install is deprecated -W ignore:easy_install command is deprecated setup.py egg_info --egg-base ../../build/WindTURBINE_description build --build-base /home/jose/TCC/build/WindTURBINE_description/build install --record /home/jose/TCC/build/WindTURBINE_description/install.log --install-scripts $base/lib/WindTURBINE_description --single-version-externally-managed install_data
[1.568s] /usr/lib/python3/dist-packages/setuptools/dist.py:723: UserWarning: Usage of dash-separated 'script-dir' will not be supported in future versions. Please use the underscore name 'script_dir' instead
[1.568s]   warnings.warn(
[1.575s] running egg_info
[1.575s] writing ../../build/WindTURBINE_description/WindTURBINE_description.egg-info/PKG-INFO
[1.575s] writing dependency_links to ../../build/WindTURBINE_description/WindTURBINE_description.egg-info/dependency_links.txt
[1.575s] writing entry points to ../../build/WindTURBINE_description/WindTURBINE_description.egg-info/entry_points.txt
[1.576s] writing requirements to ../../build/WindTURBINE_description/WindTURBINE_description.egg-info/requires.txt
[1.576s] writing top-level names to ../../build/WindTURBINE_description/WindTURBINE_description.egg-info/top_level.txt
[1.577s] reading manifest file '../../build/WindTURBINE_description/WindTURBINE_description.egg-info/SOURCES.txt'
[1.577s] writing manifest file '../../build/WindTURBINE_description/WindTURBINE_description.egg-info/SOURCES.txt'
[1.577s] running build
[1.577s] running build_py
[1.578s] running install
[1.578s] running install_lib
[1.580s] running install_data
[1.580s] running install_egg_info
[1.582s] removing '/home/jose/TCC/install/WindTURBINE_description/lib/python3.10/site-packages/WindTURBINE_description-0.0.0-py3.10.egg-info' (and everything under it)
[1.582s] Copying ../../build/WindTURBINE_description/WindTURBINE_description.egg-info to /home/jose/TCC/install/WindTURBINE_description/lib/python3.10/site-packages/WindTURBINE_description-0.0.0-py3.10.egg-info
[1.583s] running install_scripts
[1.610s] writing list of installed files to '/home/jose/TCC/build/WindTURBINE_description/install.log'
[1.635s] Invoked command in '/home/jose/TCC/src/windwind' returned '0': PYTHONPATH=/home/jose/TCC/build/WindTURBINE_description/prefix_override:/usr/lib/python3/dist-packages/colcon_core/task/python/colcon_distutils_commands:/home/jose/TCC/install/WindTURBINE_description/lib/python3.10/site-packages:${PYTHONPATH} /usr/bin/python3 -W ignore:setup.py install is deprecated -W ignore:easy_install command is deprecated setup.py egg_info --egg-base ../../build/WindTURBINE_description build --build-base /home/jose/TCC/build/WindTURBINE_description/build install --record /home/jose/TCC/build/WindTURBINE_description/install.log --install-scripts $base/lib/WindTURBINE_description --single-version-externally-managed install_data
