[0.854s] Invoking command in '/home/jose/TCC/src/wind_turbine': PYTHONPATH=/home/jose/TCC/build/wind_turbine/prefix_override:/usr/lib/python3/dist-packages/colcon_core/task/python/colcon_distutils_commands:/home/jose/TCC/install/wind_turbine/lib/python3.10/site-packages:${PYTHONPATH} /usr/bin/python3 -W ignore:setup.py install is deprecated -W ignore:easy_install command is deprecated setup.py egg_info --egg-base ../../build/wind_turbine build --build-base /home/jose/TCC/build/wind_turbine/build install --record /home/jose/TCC/build/wind_turbine/install.log --single-version-externally-managed install_data
[1.177s] running egg_info
[1.177s] creating ../../build/wind_turbine/wind_turbine.egg-info
[1.177s] writing ../../build/wind_turbine/wind_turbine.egg-info/PKG-INFO
[1.177s] writing dependency_links to ../../build/wind_turbine/wind_turbine.egg-info/dependency_links.txt
[1.177s] writing entry points to ../../build/wind_turbine/wind_turbine.egg-info/entry_points.txt
[1.177s] writing requirements to ../../build/wind_turbine/wind_turbine.egg-info/requires.txt
[1.177s] writing top-level names to ../../build/wind_turbine/wind_turbine.egg-info/top_level.txt
[1.177s] writing manifest file '../../build/wind_turbine/wind_turbine.egg-info/SOURCES.txt'
[1.178s] reading manifest file '../../build/wind_turbine/wind_turbine.egg-info/SOURCES.txt'
[1.179s] writing manifest file '../../build/wind_turbine/wind_turbine.egg-info/SOURCES.txt'
[1.179s] running build
[1.179s] running build_py
[1.179s] creating /home/jose/TCC/build/wind_turbine/build
[1.179s] creating /home/jose/TCC/build/wind_turbine/build/lib
[1.179s] creating /home/jose/TCC/build/wind_turbine/build/lib/wind_turbine
[1.179s] copying wind_turbine/__init__.py -> /home/jose/TCC/build/wind_turbine/build/lib/wind_turbine
[1.179s] running install
[1.179s] running install_lib
[1.180s] creating /home/jose/TCC/install/wind_turbine/lib/python3.10/site-packages/wind_turbine
[1.180s] copying /home/jose/TCC/build/wind_turbine/build/lib/wind_turbine/__init__.py -> /home/jose/TCC/install/wind_turbine/lib/python3.10/site-packages/wind_turbine
[1.182s] byte-compiling /home/jose/TCC/install/wind_turbine/lib/python3.10/site-packages/wind_turbine/__init__.py to __init__.cpython-310.pyc
[1.182s] running install_data
[1.182s] copying package.xml -> /home/jose/TCC/install/wind_turbine/share/wind_turbine
[1.182s] creating /home/jose/TCC/install/wind_turbine/share/wind_turbine/launch
[1.182s] copying launch/wind_launch.py -> /home/jose/TCC/install/wind_turbine/share/wind_turbine/launch
[1.182s] creating /home/jose/TCC/install/wind_turbine/share/wind_turbine/worlds
[1.182s] copying worlds/wind_world.sdf -> /home/jose/TCC/install/wind_turbine/share/wind_turbine/worlds
[1.182s] running install_egg_info
[1.184s] Copying ../../build/wind_turbine/wind_turbine.egg-info to /home/jose/TCC/install/wind_turbine/lib/python3.10/site-packages/wind_turbine-0.0.0-py3.10.egg-info
[1.185s] running install_scripts
[1.211s] writing list of installed files to '/home/jose/TCC/build/wind_turbine/install.log'
[1.225s] Invoked command in '/home/jose/TCC/src/wind_turbine' returned '0': PYTHONPATH=/home/jose/TCC/build/wind_turbine/prefix_override:/usr/lib/python3/dist-packages/colcon_core/task/python/colcon_distutils_commands:/home/jose/TCC/install/wind_turbine/lib/python3.10/site-packages:${PYTHONPATH} /usr/bin/python3 -W ignore:setup.py install is deprecated -W ignore:easy_install command is deprecated setup.py egg_info --egg-base ../../build/wind_turbine build --build-base /home/jose/TCC/build/wind_turbine/build install --record /home/jose/TCC/build/wind_turbine/install.log --single-version-externally-managed install_data
