[5.441s] Invoking command in '/home/jose/TCC/build/launch_xml': AMENT_PREFIX_PATH=/home/jose/TCC/install/launch:/home/jose/TCC/install/ament_index_python:/home/jose/TCC/install/ament_copyright:/home/jose/TCC/install/ament_pep257:/home/jose/TCC/install/ament_flake8:/home/jose/TCC/install/osrf_pycommon:/home/jose/TCC/install/ament_lint:${AMENT_PREFIX_PATH} PATH=/home/jose/TCC/install/ament_index_python/bin:/home/jose/TCC/install/ament_copyright/bin:/home/jose/TCC/install/ament_pep257/bin:/home/jose/TCC/install/ament_flake8/bin:${PATH} PYTHONPATH=/home/jose/TCC/build/launch_xml/prefix_override:/usr/lib/python3/dist-packages/colcon_core/task/python/colcon_distutils_commands:/home/jose/TCC/install/launch_xml/lib/python3.10/site-packages:/home/jose/TCC/build/launch:/home/jose/TCC/install/launch/lib/python3.10/site-packages:/home/jose/TCC/build/ament_index_python:/home/jose/TCC/install/ament_index_python/lib/python3.10/site-packages:/home/jose/TCC/build/ament_copyright:/home/jose/TCC/install/ament_copyright/lib/python3.10/site-packages:/home/jose/TCC/build/ament_pep257:/home/jose/TCC/install/ament_pep257/lib/python3.10/site-packages:/home/jose/TCC/build/ament_flake8:/home/jose/TCC/install/ament_flake8/lib/python3.10/site-packages:/home/jose/TCC/build/osrf_pycommon:/home/jose/TCC/install/osrf_pycommon/lib/python3.10/site-packages:/home/jose/TCC/build/ament_lint:/home/jose/TCC/install/ament_lint/lib/python3.10/site-packages:${PYTHONPATH} /usr/bin/python3 -W ignore:setup.py install is deprecated -W ignore:easy_install command is deprecated setup.py develop --editable --build-directory /home/jose/TCC/build/launch_xml/build --no-deps symlink_data
[7.102s] running develop
[7.855s] running egg_info
[7.855s] creating launch_xml.egg-info
[7.855s] writing launch_xml.egg-info/PKG-INFO
[7.856s] writing dependency_links to launch_xml.egg-info/dependency_links.txt
[7.856s] writing entry points to launch_xml.egg-info/entry_points.txt
[7.856s] writing requirements to launch_xml.egg-info/requires.txt
[7.856s] writing top-level names to launch_xml.egg-info/top_level.txt
[7.860s] writing manifest file 'launch_xml.egg-info/SOURCES.txt'
[7.862s] reading manifest file 'launch_xml.egg-info/SOURCES.txt'
[7.863s] writing manifest file 'launch_xml.egg-info/SOURCES.txt'
[7.871s] running build_ext
[7.872s] Creating /home/jose/TCC/install/launch_xml/lib/python3.10/site-packages/launch-xml.egg-link (link to .)
[7.872s] 
[7.873s] Installed /home/jose/TCC/build/launch_xml
[7.873s] running symlink_data
[7.873s] symbolically linking /home/jose/TCC/build/launch_xml/package.xml -> /home/jose/TCC/install/launch_xml/share/launch_xml
[7.874s] creating /home/jose/TCC/install/launch_xml/share/ament_index
[7.874s] creating /home/jose/TCC/install/launch_xml/share/ament_index/resource_index
[7.874s] creating /home/jose/TCC/install/launch_xml/share/ament_index/resource_index/packages
[7.874s] symbolically linking /home/jose/TCC/build/launch_xml/resource/launch_xml -> /home/jose/TCC/install/launch_xml/share/ament_index/resource_index/packages
[7.929s] Invoked command in '/home/jose/TCC/build/launch_xml' returned '0': AMENT_PREFIX_PATH=/home/jose/TCC/install/launch:/home/jose/TCC/install/ament_index_python:/home/jose/TCC/install/ament_copyright:/home/jose/TCC/install/ament_pep257:/home/jose/TCC/install/ament_flake8:/home/jose/TCC/install/osrf_pycommon:/home/jose/TCC/install/ament_lint:${AMENT_PREFIX_PATH} PATH=/home/jose/TCC/install/ament_index_python/bin:/home/jose/TCC/install/ament_copyright/bin:/home/jose/TCC/install/ament_pep257/bin:/home/jose/TCC/install/ament_flake8/bin:${PATH} PYTHONPATH=/home/jose/TCC/build/launch_xml/prefix_override:/usr/lib/python3/dist-packages/colcon_core/task/python/colcon_distutils_commands:/home/jose/TCC/install/launch_xml/lib/python3.10/site-packages:/home/jose/TCC/build/launch:/home/jose/TCC/install/launch/lib/python3.10/site-packages:/home/jose/TCC/build/ament_index_python:/home/jose/TCC/install/ament_index_python/lib/python3.10/site-packages:/home/jose/TCC/build/ament_copyright:/home/jose/TCC/install/ament_copyright/lib/python3.10/site-packages:/home/jose/TCC/build/ament_pep257:/home/jose/TCC/install/ament_pep257/lib/python3.10/site-packages:/home/jose/TCC/build/ament_flake8:/home/jose/TCC/install/ament_flake8/lib/python3.10/site-packages:/home/jose/TCC/build/osrf_pycommon:/home/jose/TCC/install/osrf_pycommon/lib/python3.10/site-packages:/home/jose/TCC/build/ament_lint:/home/jose/TCC/install/ament_lint/lib/python3.10/site-packages:${PYTHONPATH} /usr/bin/python3 -W ignore:setup.py install is deprecated -W ignore:easy_install command is deprecated setup.py develop --editable --build-directory /home/jose/TCC/build/launch_xml/build --no-deps symlink_data
